[ 2017-06-19T14:09:24+08:00 ] 127.0.0.1 /admin_duidui/admin_y.php/Login/index
INFO: [ route_check ] --START--
INFO: Run CheckRoute Behavior [ RunTime:0.002000s ]
INFO: [ route_check ] --END-- [ RunTime:0.002000s ]
INFO: [ app_begin ] --START--
INFO: Run ReadHtmlCache Behavior [ RunTime:0.001000s ]
INFO: [ app_begin ] --END-- [ RunTime:0.001000s ]
INFO: [ view_template ] --START--
INFO: Run LocationTemplate Behavior [ RunTime:0.015000s ]
INFO: [ view_template ] --END-- [ RunTime:0.015000s ]
INFO: [ view_parse ] --START--
INFO: Run ParseTemplate Behavior [ RunTime:0.058004s ]
INFO: [ view_parse ] --END-- [ RunTime:0.058004s ]
INFO: [ view_filter ] --START--
INFO: Run ContentReplace Behavior [ RunTime:0.014001s ]
INFO: Run TokenBuild Behavior [ RunTime:0.009000s ]
INFO: Run WriteHtmlCache Behavior [ RunTime:0.002000s ]
INFO: Run ShowRuntime Behavior [ RunTime:0.003000s ]
INFO: [ view_filter ] --END-- [ RunTime:0.028001s ]
INFO: [ view_end ] --START--
INFO: Run ShowPageTrace Behavior [ RunTime:0.004001s ]
INFO: [ view_end ] --END-- [ RunTime:0.004001s ]

[ 2017-06-19T14:09:29+08:00 ] 127.0.0.1 /admin_duidui/admin_y.php/Index/index/userxr/root
INFO: [ route_check ] --START--
INFO: Run CheckRoute Behavior [ RunTime:0.002000s ]
INFO: [ route_check ] --END-- [ RunTime:0.002000s ]
INFO: [ app_begin ] --START--
INFO: Run ReadHtmlCache Behavior [ RunTime:0.001000s ]
INFO: [ app_begin ] --END-- [ RunTime:0.001000s ]
INFO: [ view_template ] --START--
INFO: Run LocationTemplate Behavior [ RunTime:0.002000s ]
INFO: [ view_template ] --END-- [ RunTime:0.002000s ]
INFO: [ view_parse ] --START--
INFO: Run ParseTemplate Behavior [ RunTime:0.014001s ]
INFO: [ view_parse ] --END-- [ RunTime:0.014001s ]
INFO: [ view_filter ] --START--
INFO: Run ContentReplace Behavior [ RunTime:0.001000s ]
INFO: Run TokenBuild Behavior [ RunTime:0.000000s ]
INFO: Run WriteHtmlCache Behavior [ RunTime:0.001000s ]
INFO: Run ShowRuntime Behavior [ RunTime:0.001000s ]
INFO: [ view_filter ] --END-- [ RunTime:0.004000s ]
INFO: [ view_end ] --START--
INFO: Run ShowPageTrace Behavior [ RunTime:0.001001s ]
INFO: [ view_end ] --END-- [ RunTime:0.001001s ]

[ 2017-06-19T14:09:29+08:00 ] 127.0.0.1 /admin_duidui/admin_y.php/Header/index
INFO: [ route_check ] --START--
INFO: Run CheckRoute Behavior [ RunTime:0.002000s ]
INFO: [ route_check ] --END-- [ RunTime:0.002000s ]
INFO: [ app_begin ] --START--
INFO: Run ReadHtmlCache Behavior [ RunTime:0.002000s ]
INFO: [ app_begin ] --END-- [ RunTime:0.002000s ]
INFO: [ view_template ] --START--
INFO: Run LocationTemplate Behavior [ RunTime:0.002000s ]
INFO: [ view_template ] --END-- [ RunTime:0.002000s ]
INFO: [ view_parse ] --START--
NOTIC: [8] Undefined variable: tishi D:\www\www2\admin_duidui\Index\Runtime\Cache\e5ff1c65bdd157f7e2dcf878282a73c7.php 第 37 行.
NOTIC: [8] Undefined variable: spectrum D:\www\www2\admin_duidui\Index\Runtime\Cache\e5ff1c65bdd157f7e2dcf878282a73c7.php 第 40 行.
INFO: Run ParseTemplate Behavior [ RunTime:0.017001s ]
INFO: [ view_parse ] --END-- [ RunTime:0.017001s ]
INFO: [ view_filter ] --START--
INFO: Run ContentReplace Behavior [ RunTime:0.001000s ]
INFO: Run TokenBuild Behavior [ RunTime:0.001000s ]
INFO: Run WriteHtmlCache Behavior [ RunTime:0.001000s ]
INFO: Run ShowRuntime Behavior [ RunTime:0.001000s ]
INFO: [ view_filter ] --END-- [ RunTime:0.004000s ]
INFO: [ view_end ] --START--
INFO: Run ShowPageTrace Behavior [ RunTime:0.001000s ]
INFO: [ view_end ] --END-- [ RunTime:0.001000s ]

[ 2017-06-19T14:09:30+08:00 ] 127.0.0.1 /admin_duidui/admin_y.php/Menu/index
INFO: [ route_check ] --START--
INFO: Run CheckRoute Behavior [ RunTime:0.002000s ]
INFO: [ route_check ] --END-- [ RunTime:0.002000s ]
INFO: [ app_begin ] --START--
INFO: Run ReadHtmlCache Behavior [ RunTime:0.002000s ]
INFO: [ app_begin ] --END-- [ RunTime:0.002000s ]
INFO: [ view_template ] --START--
INFO: Run LocationTemplate Behavior [ RunTime:0.006000s ]
INFO: [ view_template ] --END-- [ RunTime:0.006000s ]
INFO: [ view_parse ] --START--
INFO: Run ParseTemplate Behavior [ RunTime:0.030002s ]
INFO: [ view_parse ] --END-- [ RunTime:0.030002s ]
INFO: [ view_filter ] --START--
INFO: Run ContentReplace Behavior [ RunTime:0.002000s ]
INFO: Run TokenBuild Behavior [ RunTime:0.003000s ]
INFO: Run WriteHtmlCache Behavior [ RunTime:0.002000s ]
INFO: Run ShowRuntime Behavior [ RunTime:0.002000s ]
INFO: [ view_filter ] --END-- [ RunTime:0.010000s ]
INFO: [ view_end ] --START--
INFO: Run ShowPageTrace Behavior [ RunTime:0.002001s ]
INFO: [ view_end ] --END-- [ RunTime:0.002001s ]

[ 2017-06-19T14:09:30+08:00 ] 127.0.0.1 /admin_duidui/admin_y.php/Main/index
INFO: [ route_check ] --START--
INFO: Run CheckRoute Behavior [ RunTime:0.001000s ]
INFO: [ route_check ] --END-- [ RunTime:0.002000s ]
INFO: [ app_begin ] --START--
INFO: Run ReadHtmlCache Behavior [ RunTime:0.002000s ]
INFO: [ app_begin ] --END-- [ RunTime:0.002000s ]
SQL: SELECT `lastLoginTime`,`lastLoginIp`,`qq` FROM `user_admin` WHERE ( username='root' ) LIMIT 1   [ RunTime:0.000000s ]
INFO: [ view_template ] --START--
INFO: Run LocationTemplate Behavior [ RunTime:0.002000s ]
INFO: [ view_template ] --END-- [ RunTime:0.002000s ]
INFO: [ view_parse ] --START--
INFO: Run ParseTemplate Behavior [ RunTime:0.025001s ]
INFO: [ view_parse ] --END-- [ RunTime:0.025001s ]
INFO: [ view_filter ] --START--
INFO: Run ContentReplace Behavior [ RunTime:0.002000s ]
INFO: Run TokenBuild Behavior [ RunTime:0.002000s ]
INFO: Run WriteHtmlCache Behavior [ RunTime:0.001000s ]
INFO: Run ShowRuntime Behavior [ RunTime:0.002000s ]
INFO: [ view_filter ] --END-- [ RunTime:0.007000s ]
INFO: [ view_end ] --START--
INFO: Run ShowPageTrace Behavior [ RunTime:0.002001s ]
INFO: [ view_end ] --END-- [ RunTime:0.002001s ]

[ 2017-06-19T14:09:42+08:00 ] 127.0.0.1 /admin_duidui/admin_y.php/Header/ajax
INFO: [ route_check ] --START--
INFO: Run CheckRoute Behavior [ RunTime:0.002000s ]
INFO: [ route_check ] --END-- [ RunTime:0.002000s ]
INFO: [ app_begin ] --START--
INFO: Run ReadHtmlCache Behavior [ RunTime:0.001000s ]
INFO: [ app_begin ] --END-- [ RunTime:0.001000s ]

[ 2017-06-19T14:09:42+08:00 ] 127.0.0.1 /admin_duidui/admin_y.php/Header/ajax
INFO: [ route_check ] --START--
INFO: Run CheckRoute Behavior [ RunTime:0.001000s ]
INFO: [ route_check ] --END-- [ RunTime:0.001000s ]
INFO: [ app_begin ] --START--
INFO: Run ReadHtmlCache Behavior [ RunTime:0.002001s ]
INFO: [ app_begin ] --END-- [ RunTime:0.002001s ]
SQL: UPDATE `user_admin` SET `lastLoginTime`='2017-06-19 14:09:42',`lastLoginIp`='127.0.0.1',`loginflag`=loginflag+1 WHERE ( username='root' ) [ RunTime:0.001000s ]

[ 2017-06-19T14:10:35+08:00 ] 127.0.0.1 /admin_duidui/admin_y.php/Shopadd/index?userxr=root
INFO: [ route_check ] --START--
INFO: Run CheckRoute Behavior [ RunTime:0.002000s ]
INFO: [ route_check ] --END-- [ RunTime:0.002000s ]
INFO: [ app_begin ] --START--
INFO: Run ReadHtmlCache Behavior [ RunTime:0.001000s ]
INFO: [ app_begin ] --END-- [ RunTime:0.001000s ]
SQL: select id,name,flag from shop_site where flag='1' [ RunTime:0.029001s ]
SQL: select * from shop_config where flag='1' order by typeid asc [ RunTime:0.003000s ]
SQL: select * from shop_type  [ RunTime:0.002001s ]
SQL: SELECT COUNT(*) AS tp_count FROM `shop_product` LIMIT 1   [ RunTime:0.003001s ]
SQL: SELECT * FROM `shop_product` ORDER BY  id desc  LIMIT 0,50   [ RunTime:0.001000s ]
NOTIC: [8] A non well formed numeric value encountered D:\www\www2\admin_duidui\Index\Lib\Action\ShopaddAction.class.php 第 220 行.
NOTIC: [8] A non well formed numeric value encountered D:\www\www2\admin_duidui\Index\Lib\Action\ShopaddAction.class.php 第 235 行.
NOTIC: [8] A non well formed numeric value encountered D:\www\www2\admin_duidui\Index\Lib\Action\ShopaddAction.class.php 第 220 行.
NOTIC: [8] A non well formed numeric value encountered D:\www\www2\admin_duidui\Index\Lib\Action\ShopaddAction.class.php 第 235 行.
NOTIC: [8] A non well formed numeric value encountered D:\www\www2\admin_duidui\Index\Lib\Action\ShopaddAction.class.php 第 220 行.
NOTIC: [8] A non well formed numeric value encountered D:\www\www2\admin_duidui\Index\Lib\Action\ShopaddAction.class.php 第 235 行.
NOTIC: [8] A non well formed numeric value encountered D:\www\www2\admin_duidui\Index\Lib\Action\ShopaddAction.class.php 第 220 行.
NOTIC: [8] A non well formed numeric value encountered D:\www\www2\admin_duidui\Index\Lib\Action\ShopaddAction.class.php 第 235 行.
NOTIC: [8] A non well formed numeric value encountered D:\www\www2\admin_duidui\Index\Lib\Action\ShopaddAction.class.php 第 220 行.
NOTIC: [8] A non well formed numeric value encountered D:\www\www2\admin_duidui\Index\Lib\Action\ShopaddAction.class.php 第 235 行.
NOTIC: [8] A non well formed numeric value encountered D:\www\www2\admin_duidui\Index\Lib\Action\ShopaddAction.class.php 第 220 行.
NOTIC: [8] A non well formed numeric value encountered D:\www\www2\admin_duidui\Index\Lib\Action\ShopaddAction.class.php 第 235 行.
NOTIC: [8] A non well formed numeric value encountered D:\www\www2\admin_duidui\Index\Lib\Action\ShopaddAction.class.php 第 220 行.
NOTIC: [8] A non well formed numeric value encountered D:\www\www2\admin_duidui\Index\Lib\Action\ShopaddAction.class.php 第 235 行.
NOTIC: [8] A non well formed numeric value encountered D:\www\www2\admin_duidui\Index\Lib\Action\ShopaddAction.class.php 第 220 行.
NOTIC: [8] A non well formed numeric value encountered D:\www\www2\admin_duidui\Index\Lib\Action\ShopaddAction.class.php 第 235 行.
NOTIC: [8] A non well formed numeric value encountered D:\www\www2\admin_duidui\Index\Lib\Action\ShopaddAction.class.php 第 220 行.
NOTIC: [8] A non well formed numeric value encountered D:\www\www2\admin_duidui\Index\Lib\Action\ShopaddAction.class.php 第 235 行.
NOTIC: [8] A non well formed numeric value encountered D:\www\www2\admin_duidui\Index\Lib\Action\ShopaddAction.class.php 第 220 行.
NOTIC: [8] A non well formed numeric value encountered D:\www\www2\admin_duidui\Index\Lib\Action\ShopaddAction.class.php 第 235 行.
NOTIC: [8] A non well formed numeric value encountered D:\www\www2\admin_duidui\Index\Lib\Action\ShopaddAction.class.php 第 220 行.
NOTIC: [8] A non well formed numeric value encountered D:\www\www2\admin_duidui\Index\Lib\Action\ShopaddAction.class.php 第 235 行.
NOTIC: [8] A non well formed numeric value encountered D:\www\www2\admin_duidui\Index\Lib\Action\ShopaddAction.class.php 第 220 行.
NOTIC: [8] A non well formed numeric value encountered D:\www\www2\admin_duidui\Index\Lib\Action\ShopaddAction.class.php 第 235 行.
NOTIC: [8] A non well formed numeric value encountered D:\www\www2\admin_duidui\Index\Lib\Action\ShopaddAction.class.php 第 220 行.
NOTIC: [8] A non well formed numeric value encountered D:\www\www2\admin_duidui\Index\Lib\Action\ShopaddAction.class.php 第 235 行.
NOTIC: [8] A non well formed numeric value encountered D:\www\www2\admin_duidui\Index\Lib\Action\ShopaddAction.class.php 第 220 行.
NOTIC: [8] A non well formed numeric value encountered D:\www\www2\admin_duidui\Index\Lib\Action\ShopaddAction.class.php 第 235 行.
NOTIC: [8] A non well formed numeric value encountered D:\www\www2\admin_duidui\Index\Lib\Action\ShopaddAction.class.php 第 220 行.
NOTIC: [8] A non well formed numeric value encountered D:\www\www2\admin_duidui\Index\Lib\Action\ShopaddAction.class.php 第 235 行.
INFO: [ view_template ] --START--
INFO: Run LocationTemplate Behavior [ RunTime:0.003000s ]
INFO: [ view_template ] --END-- [ RunTime:0.003000s ]
INFO: [ view_parse ] --START--
INFO: Run ParseTemplate Behavior [ RunTime:0.024001s ]
INFO: [ view_parse ] --END-- [ RunTime:0.024001s ]
INFO: [ view_filter ] --START--
INFO: Run ContentReplace Behavior [ RunTime:0.001000s ]
INFO: Run TokenBuild Behavior [ RunTime:0.001000s ]
INFO: Run WriteHtmlCache Behavior [ RunTime:0.001000s ]
INFO: Run ShowRuntime Behavior [ RunTime:0.001001s ]
INFO: [ view_filter ] --END-- [ RunTime:0.004001s ]
INFO: [ view_end ] --START--
INFO: Run ShowPageTrace Behavior [ RunTime:0.001000s ]
INFO: [ view_end ] --END-- [ RunTime:0.001000s ]

[ 2017-06-19T14:12:28+08:00 ] 127.0.0.1 /admin_duidui/admin_y.php/Shopadd/addshow?userxr=root
INFO: [ route_check ] --START--
INFO: Run CheckRoute Behavior [ RunTime:0.002001s ]
INFO: [ route_check ] --END-- [ RunTime:0.002001s ]
INFO: [ app_begin ] --START--
INFO: Run ReadHtmlCache Behavior [ RunTime:0.001000s ]
INFO: [ app_begin ] --END-- [ RunTime:0.001000s ]
NOTIC: [8] Undefined variable: flag_s D:\www\www2\admin_duidui\Index\Lib\Action\ShopaddAction.class.php 第 271 行.
NOTIC: [8] Undefined variable: flag_s D:\www\www2\admin_duidui\Index\Lib\Action\ShopaddAction.class.php 第 271 行.
SQL: select id,name,flag from shop_site where flag='1' [ RunTime:0.000000s ]
SQL: select typeid,name,flag from shop_config where flag=1 order by typeid asc [ RunTime:0.001000s ]
SQL: select childtype,xushi,name from shop_type order by id asc [ RunTime:0.000000s ]
INFO: [ view_template ] --START--
INFO: Run LocationTemplate Behavior [ RunTime:0.003000s ]
INFO: [ view_template ] --END-- [ RunTime:0.003000s ]
INFO: [ view_parse ] --START--
INFO: Run ParseTemplate Behavior [ RunTime:0.033002s ]
INFO: [ view_parse ] --END-- [ RunTime:0.033002s ]
INFO: [ view_filter ] --START--
INFO: Run ContentReplace Behavior [ RunTime:0.001000s ]
INFO: Run TokenBuild Behavior [ RunTime:0.002000s ]
INFO: Run WriteHtmlCache Behavior [ RunTime:0.001000s ]
INFO: Run ShowRuntime Behavior [ RunTime:0.002000s ]
INFO: [ view_filter ] --END-- [ RunTime:0.006000s ]
INFO: [ view_end ] --START--
INFO: Run ShowPageTrace Behavior [ RunTime:0.002000s ]
INFO: [ view_end ] --END-- [ RunTime:0.002000s ]

[ 2017-06-19T14:15:30+08:00 ] 127.0.0.1 /admin_duidui/admin_y.php/Header/ajax
INFO: [ route_check ] --START--
INFO: Run CheckRoute Behavior [ RunTime:0.002000s ]
INFO: [ route_check ] --END-- [ RunTime:0.002000s ]
INFO: [ app_begin ] --START--
INFO: Run ReadHtmlCache Behavior [ RunTime:0.002000s ]
INFO: [ app_begin ] --END-- [ RunTime:0.002000s ]

[ 2017-06-19T14:16:10+08:00 ] 127.0.0.1 /admin_duidui/admin_y.php/Shopadd/addshow?userxr=root
INFO: [ route_check ] --START--
INFO: Run CheckRoute Behavior [ RunTime:0.001000s ]
INFO: [ route_check ] --END-- [ RunTime:0.002000s ]
INFO: [ app_begin ] --START--
INFO: Run ReadHtmlCache Behavior [ RunTime:0.001000s ]
INFO: [ app_begin ] --END-- [ RunTime:0.001000s ]
NOTIC: [8] Undefined variable: flag_s D:\www\www2\admin_duidui\Index\Lib\Action\ShopaddAction.class.php 第 271 行.
NOTIC: [8] Undefined variable: flag_s D:\www\www2\admin_duidui\Index\Lib\Action\ShopaddAction.class.php 第 271 行.
SQL: select id,name,flag from shop_site where flag='1' [ RunTime:0.001000s ]
SQL: select typeid,name,flag from shop_config where flag=1 order by typeid asc [ RunTime:0.000000s ]
SQL: select childtype,xushi,name from shop_type order by id asc [ RunTime:0.001001s ]
INFO: [ view_template ] --START--
INFO: Run LocationTemplate Behavior [ RunTime:0.003000s ]
INFO: [ view_template ] --END-- [ RunTime:0.003000s ]
INFO: [ view_parse ] --START--
INFO: Run ParseTemplate Behavior [ RunTime:0.014000s ]
INFO: [ view_parse ] --END-- [ RunTime:0.014000s ]
INFO: [ view_filter ] --START--
INFO: Run ContentReplace Behavior [ RunTime:0.002001s ]
INFO: Run TokenBuild Behavior [ RunTime:0.001000s ]
INFO: Run WriteHtmlCache Behavior [ RunTime:0.002000s ]
INFO: Run ShowRuntime Behavior [ RunTime:0.001000s ]
INFO: [ view_filter ] --END-- [ RunTime:0.006001s ]
INFO: [ view_end ] --START--
INFO: Run ShowPageTrace Behavior [ RunTime:0.002000s ]
INFO: [ view_end ] --END-- [ RunTime:0.002000s ]

[ 2017-06-19T14:18:57+08:00 ] 127.0.0.1 /admin_duidui/admin_y.php/Shopadd/addshow?userxr=root
INFO: [ route_check ] --START--
INFO: Run CheckRoute Behavior [ RunTime:0.002000s ]
INFO: [ route_check ] --END-- [ RunTime:0.002000s ]
INFO: [ app_begin ] --START--
INFO: Run ReadHtmlCache Behavior [ RunTime:0.002000s ]
INFO: [ app_begin ] --END-- [ RunTime:0.002000s ]
NOTIC: [8] Undefined variable: flag_s D:\www\www2\admin_duidui\Index\Lib\Action\ShopaddAction.class.php 第 271 行.
NOTIC: [8] Undefined variable: flag_s D:\www\www2\admin_duidui\Index\Lib\Action\ShopaddAction.class.php 第 271 行.
SQL: select id,name,flag from shop_site where flag='1' [ RunTime:0.000000s ]
SQL: select typeid,name,flag from shop_config where flag=1 order by typeid asc [ RunTime:0.000000s ]
SQL: select childtype,xushi,name from shop_type order by id asc [ RunTime:0.001000s ]
INFO: [ view_template ] --START--
INFO: Run LocationTemplate Behavior [ RunTime:0.002001s ]
INFO: [ view_template ] --END-- [ RunTime:0.002001s ]
INFO: [ view_parse ] --START--
INFO: Run ParseTemplate Behavior [ RunTime:0.014000s ]
INFO: [ view_parse ] --END-- [ RunTime:0.014000s ]
INFO: [ view_filter ] --START--
INFO: Run ContentReplace Behavior [ RunTime:0.002001s ]
INFO: Run TokenBuild Behavior [ RunTime:0.001000s ]
INFO: Run WriteHtmlCache Behavior [ RunTime:0.002000s ]
INFO: Run ShowRuntime Behavior [ RunTime:0.001000s ]
INFO: [ view_filter ] --END-- [ RunTime:0.006001s ]
INFO: [ view_end ] --START--
INFO: Run ShowPageTrace Behavior [ RunTime:0.001000s ]
INFO: [ view_end ] --END-- [ RunTime:0.002000s ]

[ 2017-06-19T14:20:30+08:00 ] 127.0.0.1 /admin_duidui/admin_y.php/Header/ajax
INFO: [ route_check ] --START--
INFO: Run CheckRoute Behavior [ RunTime:0.001000s ]
INFO: [ route_check ] --END-- [ RunTime:0.001000s ]
INFO: [ app_begin ] --START--
INFO: Run ReadHtmlCache Behavior [ RunTime:0.001000s ]
INFO: [ app_begin ] --END-- [ RunTime:0.001000s ]
SQL: UPDATE `user_admin` SET `lastLoginTime`='2017-06-19 14:20:30',`lastLoginIp`='127.0.0.1',`loginflag`=loginflag+1 WHERE ( username='root' ) [ RunTime:0.001000s ]

[ 2017-06-19T14:21:30+08:00 ] 127.0.0.1 /admin_duidui/admin_y.php/Header/ajax
INFO: [ route_check ] --START--
INFO: Run CheckRoute Behavior [ RunTime:0.003000s ]
INFO: [ route_check ] --END-- [ RunTime:0.003000s ]
INFO: [ app_begin ] --START--
INFO: Run ReadHtmlCache Behavior [ RunTime:0.003000s ]
INFO: [ app_begin ] --END-- [ RunTime:0.003000s ]

[ 2017-06-19T14:21:46+08:00 ] 127.0.0.1 /admin_duidui/admin_y.php/Shopadd/index?userxr=root
INFO: [ route_check ] --START--
INFO: Run CheckRoute Behavior [ RunTime:0.004000s ]
INFO: [ route_check ] --END-- [ RunTime:0.004000s ]
INFO: [ app_begin ] --START--
INFO: Run ReadHtmlCache Behavior [ RunTime:0.003000s ]
INFO: [ app_begin ] --END-- [ RunTime:0.003000s ]
SQL: select id,name,flag from shop_site where flag='1' [ RunTime:0.000000s ]
SQL: select * from shop_config where flag='1' order by typeid asc [ RunTime:0.000000s ]
SQL: select * from shop_type  [ RunTime:0.000000s ]
SQL: SELECT COUNT(*) AS tp_count FROM `shop_product` LIMIT 1   [ RunTime:0.000000s ]
SQL: SELECT * FROM `shop_product` ORDER BY  id desc  LIMIT 0,50   [ RunTime:0.001000s ]
NOTIC: [8] A non well formed numeric value encountered D:\www\www2\admin_duidui\Index\Lib\Action\ShopaddAction.class.php 第 220 行.
NOTIC: [8] A non well formed numeric value encountered D:\www\www2\admin_duidui\Index\Lib\Action\ShopaddAction.class.php 第 235 行.
NOTIC: [8] A non well formed numeric value encountered D:\www\www2\admin_duidui\Index\Lib\Action\ShopaddAction.class.php 第 220 行.
NOTIC: [8] A non well formed numeric value encountered D:\www\www2\admin_duidui\Index\Lib\Action\ShopaddAction.class.php 第 235 行.
NOTIC: [8] A non well formed numeric value encountered D:\www\www2\admin_duidui\Index\Lib\Action\ShopaddAction.class.php 第 220 行.
NOTIC: [8] A non well formed numeric value encountered D:\www\www2\admin_duidui\Index\Lib\Action\ShopaddAction.class.php 第 235 行.
NOTIC: [8] A non well formed numeric value encountered D:\www\www2\admin_duidui\Index\Lib\Action\ShopaddAction.class.php 第 220 行.
NOTIC: [8] A non well formed numeric value encountered D:\www\www2\admin_duidui\Index\Lib\Action\ShopaddAction.class.php 第 235 行.
NOTIC: [8] A non well formed numeric value encountered D:\www\www2\admin_duidui\Index\Lib\Action\ShopaddAction.class.php 第 220 行.
NOTIC: [8] A non well formed numeric value encountered D:\www\www2\admin_duidui\Index\Lib\Action\ShopaddAction.class.php 第 235 行.
NOTIC: [8] A non well formed numeric value encountered D:\www\www2\admin_duidui\Index\Lib\Action\ShopaddAction.class.php 第 220 行.
NOTIC: [8] A non well formed numeric value encountered D:\www\www2\admin_duidui\Index\Lib\Action\ShopaddAction.class.php 第 235 行.
NOTIC: [8] A non well formed numeric value encountered D:\www\www2\admin_duidui\Index\Lib\Action\ShopaddAction.class.php 第 220 行.
NOTIC: [8] A non well formed numeric value encountered D:\www\www2\admin_duidui\Index\Lib\Action\ShopaddAction.class.php 第 235 行.
NOTIC: [8] A non well formed numeric value encountered D:\www\www2\admin_duidui\Index\Lib\Action\ShopaddAction.class.php 第 220 行.
NOTIC: [8] A non well formed numeric value encountered D:\www\www2\admin_duidui\Index\Lib\Action\ShopaddAction.class.php 第 235 行.
NOTIC: [8] A non well formed numeric value encountered D:\www\www2\admin_duidui\Index\Lib\Action\ShopaddAction.class.php 第 220 行.
NOTIC: [8] A non well formed numeric value encountered D:\www\www2\admin_duidui\Index\Lib\Action\ShopaddAction.class.php 第 235 行.
NOTIC: [8] A non well formed numeric value encountered D:\www\www2\admin_duidui\Index\Lib\Action\ShopaddAction.class.php 第 220 行.
NOTIC: [8] A non well formed numeric value encountered D:\www\www2\admin_duidui\Index\Lib\Action\ShopaddAction.class.php 第 235 行.
NOTIC: [8] A non well formed numeric value encountered D:\www\www2\admin_duidui\Index\Lib\Action\ShopaddAction.class.php 第 220 行.
NOTIC: [8] A non well formed numeric value encountered D:\www\www2\admin_duidui\Index\Lib\Action\ShopaddAction.class.php 第 235 行.
NOTIC: [8] A non well formed numeric value encountered D:\www\www2\admin_duidui\Index\Lib\Action\ShopaddAction.class.php 第 220 行.
NOTIC: [8] A non well formed numeric value encountered D:\www\www2\admin_duidui\Index\Lib\Action\ShopaddAction.class.php 第 235 行.
NOTIC: [8] A non well formed numeric value encountered D:\www\www2\admin_duidui\Index\Lib\Action\ShopaddAction.class.php 第 220 行.
NOTIC: [8] A non well formed numeric value encountered D:\www\www2\admin_duidui\Index\Lib\Action\ShopaddAction.class.php 第 235 行.
NOTIC: [8] A non well formed numeric value encountered D:\www\www2\admin_duidui\Index\Lib\Action\ShopaddAction.class.php 第 220 行.
NOTIC: [8] A non well formed numeric value encountered D:\www\www2\admin_duidui\Index\Lib\Action\ShopaddAction.class.php 第 235 行.
NOTIC: [8] A non well formed numeric value encountered D:\www\www2\admin_duidui\Index\Lib\Action\ShopaddAction.class.php 第 220 行.
NOTIC: [8] A non well formed numeric value encountered D:\www\www2\admin_duidui\Index\Lib\Action\ShopaddAction.class.php 第 235 行.
INFO: [ view_template ] --START--
INFO: Run LocationTemplate Behavior [ RunTime:0.004000s ]
INFO: [ view_template ] --END-- [ RunTime:0.004000s ]
INFO: [ view_parse ] --START--
INFO: Run ParseTemplate Behavior [ RunTime:0.026002s ]
INFO: [ view_parse ] --END-- [ RunTime:0.027002s ]
INFO: [ view_filter ] --START--
INFO: Run ContentReplace Behavior [ RunTime:0.003000s ]
INFO: Run TokenBuild Behavior [ RunTime:0.003000s ]
INFO: Run WriteHtmlCache Behavior [ RunTime:0.002000s ]
INFO: Run ShowRuntime Behavior [ RunTime:0.003000s ]
INFO: [ view_filter ] --END-- [ RunTime:0.011000s ]
INFO: [ view_end ] --START--
INFO: Run ShowPageTrace Behavior [ RunTime:0.003000s ]
INFO: [ view_end ] --END-- [ RunTime:0.003000s ]

[ 2017-06-19T14:21:48+08:00 ] 127.0.0.1 /admin_duidui/admin_y.php/Shopadd/updateshow?userxr=root
INFO: [ route_check ] --START--
INFO: Run CheckRoute Behavior [ RunTime:0.003000s ]
INFO: [ route_check ] --END-- [ RunTime:0.003000s ]
INFO: [ app_begin ] --START--
INFO: Run ReadHtmlCache Behavior [ RunTime:0.003001s ]
INFO: [ app_begin ] --END-- [ RunTime:0.003001s ]
SQL: select * from shop_product where id='28' [ RunTime:0.000000s ]
NOTIC: [8] Undefined variable: optionhottypeid D:\www\www2\admin_duidui\Index\Lib\Action\ShopaddAction.class.php 第 628 行.
SQL: select id,name,flag from shop_site where flag='1' [ RunTime:0.000000s ]
SQL: select typeid,name,flag from shop_config where flag=1 order by typeid asc [ RunTime:0.000000s ]
SQL: select type,childtype,xushi,name from shop_type order by id asc [ RunTime:0.001000s ]
INFO: [ view_template ] --START--
INFO: Run LocationTemplate Behavior [ RunTime:0.005000s ]
INFO: [ view_template ] --END-- [ RunTime:0.005000s ]
INFO: [ view_parse ] --START--
NOTIC: [8] Undefined index: start_datetime_his D:\www\www2\admin_duidui\Index\Runtime\Cache\d60c44a9d0d13295044c0055f44f3d86.php 第 102 行.
NOTIC: [8] Undefined index: stop_datetime_his D:\www\www2\admin_duidui\Index\Runtime\Cache\d60c44a9d0d13295044c0055f44f3d86.php 第 111 行.
INFO: Run ParseTemplate Behavior [ RunTime:0.024002s ]
INFO: [ view_parse ] --END-- [ RunTime:0.024002s ]
INFO: [ view_filter ] --START--
INFO: Run ContentReplace Behavior [ RunTime:0.003000s ]
INFO: Run TokenBuild Behavior [ RunTime:0.002000s ]
INFO: Run WriteHtmlCache Behavior [ RunTime:0.003000s ]
INFO: Run ShowRuntime Behavior [ RunTime:0.002000s ]
INFO: [ view_filter ] --END-- [ RunTime:0.011000s ]
INFO: [ view_end ] --START--
INFO: Run ShowPageTrace Behavior [ RunTime:0.003000s ]
INFO: [ view_end ] --END-- [ RunTime:0.003000s ]

[ 2017-06-19T14:23:38+08:00 ] 127.0.0.1 /admin_duidui/admin_y.php/Shopadd/updateshow?userxr=root
INFO: [ route_check ] --START--
INFO: Run CheckRoute Behavior [ RunTime:0.003000s ]
INFO: [ route_check ] --END-- [ RunTime:0.003000s ]
INFO: [ app_begin ] --START--
INFO: Run ReadHtmlCache Behavior [ RunTime:0.003000s ]
INFO: [ app_begin ] --END-- [ RunTime:0.003000s ]
SQL: select * from shop_product where id='28' [ RunTime:0.000000s ]
NOTIC: [8] Undefined variable: optionhottypeid D:\www\www2\admin_duidui\Index\Lib\Action\ShopaddAction.class.php 第 628 行.
SQL: select id,name,flag from shop_site where flag='1' [ RunTime:0.000000s ]
SQL: select typeid,name,flag from shop_config where flag=1 order by typeid asc [ RunTime:0.001001s ]
SQL: select type,childtype,xushi,name from shop_type order by id asc [ RunTime:0.000000s ]
INFO: [ view_template ] --START--
INFO: Run LocationTemplate Behavior [ RunTime:0.005000s ]
INFO: [ view_template ] --END-- [ RunTime:0.005000s ]
INFO: [ view_parse ] --START--
NOTIC: [8] Undefined index: start_datetime_his D:\www\www2\admin_duidui\Index\Runtime\Cache\d60c44a9d0d13295044c0055f44f3d86.php 第 102 行.
INFO: Run ParseTemplate Behavior [ RunTime:0.022001s ]
INFO: [ view_parse ] --END-- [ RunTime:0.022001s ]
INFO: [ view_filter ] --START--
INFO: Run ContentReplace Behavior [ RunTime:0.002000s ]
INFO: Run TokenBuild Behavior [ RunTime:0.003000s ]
INFO: Run WriteHtmlCache Behavior [ RunTime:0.003001s ]
INFO: Run ShowRuntime Behavior [ RunTime:0.002000s ]
INFO: [ view_filter ] --END-- [ RunTime:0.010001s ]
INFO: [ view_end ] --START--
INFO: Run ShowPageTrace Behavior [ RunTime:0.002000s ]
INFO: [ view_end ] --END-- [ RunTime:0.002000s ]

[ 2017-06-19T14:27:30+08:00 ] 127.0.0.1 /admin_duidui/admin_y.php/Header/ajax
INFO: [ route_check ] --START--
INFO: Run CheckRoute Behavior [ RunTime:0.005000s ]
INFO: [ route_check ] --END-- [ RunTime:0.006001s ]
INFO: [ app_begin ] --START--
INFO: Run ReadHtmlCache Behavior [ RunTime:0.004000s ]
INFO: [ app_begin ] --END-- [ RunTime:0.004000s ]

[ 2017-06-19T14:27:53+08:00 ] 127.0.0.1 /admin_duidui/admin_y.php/Index/index/userxr/root
INFO: [ route_check ] --START--
INFO: Run CheckRoute Behavior [ RunTime:0.003000s ]
INFO: [ route_check ] --END-- [ RunTime:0.003000s ]
INFO: [ app_begin ] --START--
INFO: Run ReadHtmlCache Behavior [ RunTime:0.002001s ]
INFO: [ app_begin ] --END-- [ RunTime:0.002001s ]
INFO: [ view_template ] --START--
INFO: Run LocationTemplate Behavior [ RunTime:0.005000s ]
INFO: [ view_template ] --END-- [ RunTime:0.005000s ]
INFO: [ view_parse ] --START--
INFO: Run ParseTemplate Behavior [ RunTime:0.018001s ]
INFO: [ view_parse ] --END-- [ RunTime:0.019001s ]
INFO: [ view_filter ] --START--
INFO: Run ContentReplace Behavior [ RunTime:0.002000s ]
INFO: Run TokenBuild Behavior [ RunTime:0.002000s ]
INFO: Run WriteHtmlCache Behavior [ RunTime:0.003001s ]
INFO: Run ShowRuntime Behavior [ RunTime:0.002000s ]
INFO: [ view_filter ] --END-- [ RunTime:0.009001s ]
INFO: [ view_end ] --START--
INFO: Run ShowPageTrace Behavior [ RunTime:0.003000s ]
INFO: [ view_end ] --END-- [ RunTime:0.003000s ]

[ 2017-06-19T14:27:53+08:00 ] 127.0.0.1 /admin_duidui/admin_y.php/Header/index
INFO: [ route_check ] --START--
INFO: Run CheckRoute Behavior [ RunTime:0.006001s ]
INFO: [ route_check ] --END-- [ RunTime:0.006001s ]
INFO: [ app_begin ] --START--
INFO: Run ReadHtmlCache Behavior [ RunTime:0.003000s ]
INFO: [ app_begin ] --END-- [ RunTime:0.003000s ]
INFO: [ view_template ] --START--
INFO: Run LocationTemplate Behavior [ RunTime:0.005001s ]
INFO: [ view_template ] --END-- [ RunTime:0.005001s ]
INFO: [ view_parse ] --START--
NOTIC: [8] Undefined variable: tishi D:\www\www2\admin_duidui\Index\Runtime\Cache\e5ff1c65bdd157f7e2dcf878282a73c7.php 第 37 行.
NOTIC: [8] Undefined variable: spectrum D:\www\www2\admin_duidui\Index\Runtime\Cache\e5ff1c65bdd157f7e2dcf878282a73c7.php 第 40 行.
INFO: Run ParseTemplate Behavior [ RunTime:0.022001s ]
INFO: [ view_parse ] --END-- [ RunTime:0.022001s ]
INFO: [ view_filter ] --START--
INFO: Run ContentReplace Behavior [ RunTime:0.004000s ]
INFO: Run TokenBuild Behavior [ RunTime:0.004000s ]
INFO: Run WriteHtmlCache Behavior [ RunTime:0.002000s ]
INFO: Run ShowRuntime Behavior [ RunTime:0.002000s ]
INFO: [ view_filter ] --END-- [ RunTime:0.012000s ]
INFO: [ view_end ] --START--
INFO: Run ShowPageTrace Behavior [ RunTime:0.003001s ]
INFO: [ view_end ] --END-- [ RunTime:0.003001s ]

[ 2017-06-19T14:27:53+08:00 ] 127.0.0.1 /admin_duidui/admin_y.php/Menu/index
INFO: [ route_check ] --START--
INFO: Run CheckRoute Behavior [ RunTime:0.003000s ]
INFO: [ route_check ] --END-- [ RunTime:0.003000s ]
INFO: [ app_begin ] --START--
INFO: Run ReadHtmlCache Behavior [ RunTime:0.003000s ]
INFO: [ app_begin ] --END-- [ RunTime:0.003000s ]
INFO: [ view_template ] --START--
INFO: Run LocationTemplate Behavior [ RunTime:0.004000s ]
INFO: [ view_template ] --END-- [ RunTime:0.005000s ]
INFO: [ view_parse ] --START--
INFO: Run ParseTemplate Behavior [ RunTime:0.065004s ]
INFO: [ view_parse ] --END-- [ RunTime:0.065004s ]
INFO: [ view_filter ] --START--
INFO: Run ContentReplace Behavior [ RunTime:0.002000s ]
INFO: Run TokenBuild Behavior [ RunTime:0.003000s ]
INFO: Run WriteHtmlCache Behavior [ RunTime:0.002000s ]
INFO: Run ShowRuntime Behavior [ RunTime:0.002001s ]
INFO: [ view_filter ] --END-- [ RunTime:0.009001s ]
INFO: [ view_end ] --START--
INFO: Run ShowPageTrace Behavior [ RunTime:0.003000s ]
INFO: [ view_end ] --END-- [ RunTime:0.003000s ]

[ 2017-06-19T14:27:54+08:00 ] 127.0.0.1 /admin_duidui/admin_y.php/Main/index
INFO: [ route_check ] --START--
INFO: Run CheckRoute Behavior [ RunTime:0.004001s ]
INFO: [ route_check ] --END-- [ RunTime:0.005001s ]
INFO: [ app_begin ] --START--
INFO: Run ReadHtmlCache Behavior [ RunTime:0.003000s ]
INFO: [ app_begin ] --END-- [ RunTime:0.003000s ]
SQL: SELECT `lastLoginTime`,`lastLoginIp`,`qq` FROM `user_admin` WHERE ( username='root' ) LIMIT 1   [ RunTime:0.015001s ]
INFO: [ view_template ] --START--
INFO: Run LocationTemplate Behavior [ RunTime:0.004000s ]
INFO: [ view_template ] --END-- [ RunTime:0.004000s ]
INFO: [ view_parse ] --START--
INFO: Run ParseTemplate Behavior [ RunTime:0.029002s ]
INFO: [ view_parse ] --END-- [ RunTime:0.029002s ]
INFO: [ view_filter ] --START--
INFO: Run ContentReplace Behavior [ RunTime:0.002000s ]
INFO: Run TokenBuild Behavior [ RunTime:0.003000s ]
INFO: Run WriteHtmlCache Behavior [ RunTime:0.002001s ]
INFO: Run ShowRuntime Behavior [ RunTime:0.002000s ]
INFO: [ view_filter ] --END-- [ RunTime:0.010001s ]
INFO: [ view_end ] --START--
INFO: Run ShowPageTrace Behavior [ RunTime:0.003000s ]
INFO: [ view_end ] --END-- [ RunTime:0.003000s ]

[ 2017-06-19T14:28:06+08:00 ] 127.0.0.1 /admin_duidui/admin_y.php/Header/ajax
INFO: [ route_check ] --START--
INFO: Run CheckRoute Behavior [ RunTime:0.002000s ]
INFO: [ route_check ] --END-- [ RunTime:0.002000s ]
INFO: [ app_begin ] --START--
INFO: Run ReadHtmlCache Behavior [ RunTime:0.001000s ]
INFO: [ app_begin ] --END-- [ RunTime:0.001000s ]

[ 2017-06-19T14:28:06+08:00 ] 127.0.0.1 /admin_duidui/admin_y.php/Header/ajax
INFO: [ route_check ] --START--
INFO: Run CheckRoute Behavior [ RunTime:0.003000s ]
INFO: [ route_check ] --END-- [ RunTime:0.003000s ]
INFO: [ app_begin ] --START--
INFO: Run ReadHtmlCache Behavior [ RunTime:0.002000s ]
INFO: [ app_begin ] --END-- [ RunTime:0.002000s ]
SQL: UPDATE `user_admin` SET `lastLoginTime`='2017-06-19 14:28:06',`lastLoginIp`='127.0.0.1',`loginflag`=loginflag+1 WHERE ( username='root' ) [ RunTime:0.000000s ]

[ 2017-06-19T14:33:54+08:00 ] 127.0.0.1 /admin_duidui/admin_y.php/Header/ajax
INFO: [ route_check ] --START--
INFO: Run CheckRoute Behavior [ RunTime:0.004000s ]
INFO: [ route_check ] --END-- [ RunTime:0.004000s ]
INFO: [ app_begin ] --START--
INFO: Run ReadHtmlCache Behavior [ RunTime:0.002000s ]
INFO: [ app_begin ] --END-- [ RunTime:0.002000s ]

[ 2017-06-19T14:38:54+08:00 ] 127.0.0.1 /admin_duidui/admin_y.php/Header/ajax
INFO: [ route_check ] --START--
INFO: Run CheckRoute Behavior [ RunTime:0.003000s ]
INFO: [ route_check ] --END-- [ RunTime:0.003000s ]
INFO: [ app_begin ] --START--
INFO: Run ReadHtmlCache Behavior [ RunTime:0.002000s ]
INFO: [ app_begin ] --END-- [ RunTime:0.002000s ]
SQL: UPDATE `user_admin` SET `lastLoginTime`='2017-06-19 14:38:54',`lastLoginIp`='127.0.0.1',`loginflag`=loginflag+1 WHERE ( username='root' ) [ RunTime:0.000000s ]

[ 2017-06-19T14:39:54+08:00 ] 127.0.0.1 /admin_duidui/admin_y.php/Header/ajax
INFO: [ route_check ] --START--
INFO: Run CheckRoute Behavior [ RunTime:0.003000s ]
INFO: [ route_check ] --END-- [ RunTime:0.003000s ]
INFO: [ app_begin ] --START--
INFO: Run ReadHtmlCache Behavior [ RunTime:0.002000s ]
INFO: [ app_begin ] --END-- [ RunTime:0.002000s ]

[ 2017-06-19T14:45:54+08:00 ] 127.0.0.1 /admin_duidui/admin_y.php/Header/ajax
INFO: [ route_check ] --START--
INFO: Run CheckRoute Behavior [ RunTime:0.003000s ]
INFO: [ route_check ] --END-- [ RunTime:0.003000s ]
INFO: [ app_begin ] --START--
INFO: Run ReadHtmlCache Behavior [ RunTime:0.002000s ]
INFO: [ app_begin ] --END-- [ RunTime:0.002000s ]

[ 2017-06-19T14:49:54+08:00 ] 127.0.0.1 /admin_duidui/admin_y.php/Header/ajax
INFO: [ route_check ] --START--
INFO: Run CheckRoute Behavior [ RunTime:0.005000s ]
INFO: [ route_check ] --END-- [ RunTime:0.005000s ]
INFO: [ app_begin ] --START--
INFO: Run ReadHtmlCache Behavior [ RunTime:0.003001s ]
INFO: [ app_begin ] --END-- [ RunTime:0.003001s ]
SQL: UPDATE `user_admin` SET `lastLoginTime`='2017-06-19 14:49:54',`lastLoginIp`='127.0.0.1',`loginflag`=loginflag+1 WHERE ( username='root' ) [ RunTime:0.001000s ]

[ 2017-06-19T14:51:54+08:00 ] 127.0.0.1 /admin_duidui/admin_y.php/Header/ajax
INFO: [ route_check ] --START--
INFO: Run CheckRoute Behavior [ RunTime:0.003000s ]
INFO: [ route_check ] --END-- [ RunTime:0.003000s ]
INFO: [ app_begin ] --START--
INFO: Run ReadHtmlCache Behavior [ RunTime:0.002000s ]
INFO: [ app_begin ] --END-- [ RunTime:0.002000s ]

[ 2017-06-19T14:57:54+08:00 ] 127.0.0.1 /admin_duidui/admin_y.php/Header/ajax
INFO: [ route_check ] --START--
INFO: Run CheckRoute Behavior [ RunTime:0.003000s ]
INFO: [ route_check ] --END-- [ RunTime:0.003000s ]
INFO: [ app_begin ] --START--
INFO: Run ReadHtmlCache Behavior [ RunTime:0.003000s ]
INFO: [ app_begin ] --END-- [ RunTime:0.003000s ]

[ 2017-06-19T15:00:54+08:00 ] 127.0.0.1 /admin_duidui/admin_y.php/Header/ajax
INFO: [ route_check ] --START--
INFO: Run CheckRoute Behavior [ RunTime:0.003000s ]
INFO: [ route_check ] --END-- [ RunTime:0.003000s ]
INFO: [ app_begin ] --START--
INFO: Run ReadHtmlCache Behavior [ RunTime:0.003001s ]
INFO: [ app_begin ] --END-- [ RunTime:0.003001s ]
SQL: UPDATE `user_admin` SET `lastLoginTime`='2017-06-19 15:00:54',`lastLoginIp`='127.0.0.1',`loginflag`=loginflag+1 WHERE ( username='root' ) [ RunTime:0.002000s ]

[ 2017-06-19T15:03:54+08:00 ] 127.0.0.1 /admin_duidui/admin_y.php/Header/ajax
INFO: [ route_check ] --START--
INFO: Run CheckRoute Behavior [ RunTime:0.004000s ]
INFO: [ route_check ] --END-- [ RunTime:0.004000s ]
INFO: [ app_begin ] --START--
INFO: Run ReadHtmlCache Behavior [ RunTime:0.003000s ]
INFO: [ app_begin ] --END-- [ RunTime:0.003000s ]

[ 2017-06-19T15:09:54+08:00 ] 127.0.0.1 /admin_duidui/admin_y.php/Header/ajax
INFO: [ route_check ] --START--
INFO: Run CheckRoute Behavior [ RunTime:0.002000s ]
INFO: [ route_check ] --END-- [ RunTime:0.003000s ]
INFO: [ app_begin ] --START--
INFO: Run ReadHtmlCache Behavior [ RunTime:0.002000s ]
INFO: [ app_begin ] --END-- [ RunTime:0.002000s ]

[ 2017-06-19T15:11:54+08:00 ] 127.0.0.1 /admin_duidui/admin_y.php/Header/ajax
INFO: [ route_check ] --START--
INFO: Run CheckRoute Behavior [ RunTime:0.003000s ]
INFO: [ route_check ] --END-- [ RunTime:0.003000s ]
INFO: [ app_begin ] --START--
INFO: Run ReadHtmlCache Behavior [ RunTime:0.002000s ]
INFO: [ app_begin ] --END-- [ RunTime:0.002000s ]
SQL: UPDATE `user_admin` SET `lastLoginTime`='2017-06-19 15:11:54',`lastLoginIp`='127.0.0.1',`loginflag`=loginflag+1 WHERE ( username='root' ) [ RunTime:0.000000s ]

[ 2017-06-19T15:15:54+08:00 ] 127.0.0.1 /admin_duidui/admin_y.php/Header/ajax
INFO: [ route_check ] --START--
INFO: Run CheckRoute Behavior [ RunTime:0.003000s ]
INFO: [ route_check ] --END-- [ RunTime:0.003000s ]
INFO: [ app_begin ] --START--
INFO: Run ReadHtmlCache Behavior [ RunTime:0.003000s ]
INFO: [ app_begin ] --END-- [ RunTime:0.003000s ]

[ 2017-06-19T15:21:54+08:00 ] 127.0.0.1 /admin_duidui/admin_y.php/Header/ajax
INFO: [ route_check ] --START--
INFO: Run CheckRoute Behavior [ RunTime:0.002001s ]
INFO: [ route_check ] --END-- [ RunTime:0.003001s ]
INFO: [ app_begin ] --START--
INFO: Run ReadHtmlCache Behavior [ RunTime:0.002000s ]
INFO: [ app_begin ] --END-- [ RunTime:0.003000s ]

[ 2017-06-19T15:22:54+08:00 ] 127.0.0.1 /admin_duidui/admin_y.php/Header/ajax
INFO: [ route_check ] --START--
INFO: Run CheckRoute Behavior [ RunTime:0.003000s ]
INFO: [ route_check ] --END-- [ RunTime:0.003000s ]
INFO: [ app_begin ] --START--
INFO: Run ReadHtmlCache Behavior [ RunTime:0.002000s ]
INFO: [ app_begin ] --END-- [ RunTime:0.002000s ]
SQL: UPDATE `user_admin` SET `lastLoginTime`='2017-06-19 15:22:54',`lastLoginIp`='127.0.0.1',`loginflag`=loginflag+1 WHERE ( username='root' ) [ RunTime:0.000000s ]

[ 2017-06-19T15:27:54+08:00 ] 127.0.0.1 /admin_duidui/admin_y.php/Header/ajax
INFO: [ route_check ] --START--
INFO: Run CheckRoute Behavior [ RunTime:0.003000s ]
INFO: [ route_check ] --END-- [ RunTime:0.003000s ]
INFO: [ app_begin ] --START--
INFO: Run ReadHtmlCache Behavior [ RunTime:0.002000s ]
INFO: [ app_begin ] --END-- [ RunTime:0.002000s ]

[ 2017-06-19T15:33:54+08:00 ] 127.0.0.1 /admin_duidui/admin_y.php/Header/ajax
INFO: [ route_check ] --START--
INFO: Run CheckRoute Behavior [ RunTime:0.003001s ]
INFO: [ route_check ] --END-- [ RunTime:0.003001s ]
INFO: [ app_begin ] --START--
INFO: Run ReadHtmlCache Behavior [ RunTime:0.002000s ]
INFO: [ app_begin ] --END-- [ RunTime:0.002000s ]
SQL: UPDATE `user_admin` SET `lastLoginTime`='2017-06-19 15:33:54',`lastLoginIp`='127.0.0.1',`loginflag`=loginflag+1 WHERE ( username='root' ) [ RunTime:0.001000s ]

[ 2017-06-19T15:33:54+08:00 ] 127.0.0.1 /admin_duidui/admin_y.php/Header/ajax
INFO: [ route_check ] --START--
INFO: Run CheckRoute Behavior [ RunTime:0.003000s ]
INFO: [ route_check ] --END-- [ RunTime:0.003000s ]
INFO: [ app_begin ] --START--
INFO: Run ReadHtmlCache Behavior [ RunTime:0.003000s ]
INFO: [ app_begin ] --END-- [ RunTime:0.003000s ]

[ 2017-06-19T15:39:54+08:00 ] 127.0.0.1 /admin_duidui/admin_y.php/Header/ajax
INFO: [ route_check ] --START--
INFO: Run CheckRoute Behavior [ RunTime:0.003000s ]
INFO: [ route_check ] --END-- [ RunTime:0.003000s ]
INFO: [ app_begin ] --START--
INFO: Run ReadHtmlCache Behavior [ RunTime:0.003000s ]
INFO: [ app_begin ] --END-- [ RunTime:0.003000s ]

[ 2017-06-19T15:44:54+08:00 ] 127.0.0.1 /admin_duidui/admin_y.php/Header/ajax
INFO: [ route_check ] --START--
INFO: Run CheckRoute Behavior [ RunTime:0.003001s ]
INFO: [ route_check ] --END-- [ RunTime:0.003001s ]
INFO: [ app_begin ] --START--
INFO: Run ReadHtmlCache Behavior [ RunTime:0.003000s ]
INFO: [ app_begin ] --END-- [ RunTime:0.003000s ]
SQL: UPDATE `user_admin` SET `lastLoginTime`='2017-06-19 15:44:54',`lastLoginIp`='127.0.0.1',`loginflag`=loginflag+1 WHERE ( username='root' ) [ RunTime:0.001000s ]

[ 2017-06-19T15:45:54+08:00 ] 127.0.0.1 /admin_duidui/admin_y.php/Header/ajax
INFO: [ route_check ] --START--
INFO: Run CheckRoute Behavior [ RunTime:0.003001s ]
INFO: [ route_check ] --END-- [ RunTime:0.003001s ]
INFO: [ app_begin ] --START--
INFO: Run ReadHtmlCache Behavior [ RunTime:0.002000s ]
INFO: [ app_begin ] --END-- [ RunTime:0.002000s ]

[ 2017-06-19T15:51:55+08:00 ] 127.0.0.1 /admin_duidui/admin_y.php/Header/ajax
INFO: [ route_check ] --START--
INFO: Run CheckRoute Behavior [ RunTime:0.003000s ]
INFO: [ route_check ] --END-- [ RunTime:0.003000s ]
INFO: [ app_begin ] --START--
INFO: Run ReadHtmlCache Behavior [ RunTime:0.002000s ]
INFO: [ app_begin ] --END-- [ RunTime:0.002000s ]

[ 2017-06-19T15:55:55+08:00 ] 127.0.0.1 /admin_duidui/admin_y.php/Header/ajax
INFO: [ route_check ] --START--
INFO: Run CheckRoute Behavior [ RunTime:0.003000s ]
INFO: [ route_check ] --END-- [ RunTime:0.003000s ]
INFO: [ app_begin ] --START--
INFO: Run ReadHtmlCache Behavior [ RunTime:0.002001s ]
INFO: [ app_begin ] --END-- [ RunTime:0.002001s ]
SQL: UPDATE `user_admin` SET `lastLoginTime`='2017-06-19 15:55:54',`lastLoginIp`='127.0.0.1',`loginflag`=loginflag+1 WHERE ( username='root' ) [ RunTime:0.002000s ]

[ 2017-06-19T15:57:54+08:00 ] 127.0.0.1 /admin_duidui/admin_y.php/Header/ajax
INFO: [ route_check ] --START--
INFO: Run CheckRoute Behavior [ RunTime:0.003000s ]
INFO: [ route_check ] --END-- [ RunTime:0.003000s ]
INFO: [ app_begin ] --START--
INFO: Run ReadHtmlCache Behavior [ RunTime:0.003000s ]
INFO: [ app_begin ] --END-- [ RunTime:0.003000s ]

[ 2017-06-19T16:03:55+08:00 ] 127.0.0.1 /admin_duidui/admin_y.php/Header/ajax
INFO: [ route_check ] --START--
INFO: Run CheckRoute Behavior [ RunTime:0.002000s ]
INFO: [ route_check ] --END-- [ RunTime:0.003000s ]
INFO: [ app_begin ] --START--
INFO: Run ReadHtmlCache Behavior [ RunTime:0.003000s ]
INFO: [ app_begin ] --END-- [ RunTime:0.003000s ]

[ 2017-06-19T16:06:55+08:00 ] 127.0.0.1 /admin_duidui/admin_y.php/Header/ajax
INFO: [ route_check ] --START--
INFO: Run CheckRoute Behavior [ RunTime:0.003000s ]
INFO: [ route_check ] --END-- [ RunTime:0.003000s ]
INFO: [ app_begin ] --START--
INFO: Run ReadHtmlCache Behavior [ RunTime:0.003000s ]
INFO: [ app_begin ] --END-- [ RunTime:0.003000s ]
SQL: UPDATE `user_admin` SET `lastLoginTime`='2017-06-19 16:06:55',`lastLoginIp`='127.0.0.1',`loginflag`=loginflag+1 WHERE ( username='root' ) [ RunTime:0.000000s ]

[ 2017-06-19T16:09:55+08:00 ] 127.0.0.1 /admin_duidui/admin_y.php/Header/ajax
INFO: [ route_check ] --START--
INFO: Run CheckRoute Behavior [ RunTime:0.002001s ]
INFO: [ route_check ] --END-- [ RunTime:0.003001s ]
INFO: [ app_begin ] --START--
INFO: Run ReadHtmlCache Behavior [ RunTime:0.003000s ]
INFO: [ app_begin ] --END-- [ RunTime:0.003000s ]

[ 2017-06-19T16:15:55+08:00 ] 127.0.0.1 /admin_duidui/admin_y.php/Header/ajax
INFO: [ route_check ] --START--
INFO: Run CheckRoute Behavior [ RunTime:0.003000s ]
INFO: [ route_check ] --END-- [ RunTime:0.003000s ]
INFO: [ app_begin ] --START--
INFO: Run ReadHtmlCache Behavior [ RunTime:0.002000s ]
INFO: [ app_begin ] --END-- [ RunTime:0.002000s ]

[ 2017-06-19T16:17:55+08:00 ] 127.0.0.1 /admin_duidui/admin_y.php/Header/ajax
INFO: [ route_check ] --START--
INFO: Run CheckRoute Behavior [ RunTime:0.003000s ]
INFO: [ route_check ] --END-- [ RunTime:0.003000s ]
INFO: [ app_begin ] --START--
INFO: Run ReadHtmlCache Behavior [ RunTime:0.003000s ]
INFO: [ app_begin ] --END-- [ RunTime:0.003000s ]
SQL: UPDATE `user_admin` SET `lastLoginTime`='2017-06-19 16:17:55',`lastLoginIp`='127.0.0.1',`loginflag`=loginflag+1 WHERE ( username='root' ) [ RunTime:0.000000s ]

[ 2017-06-19T16:21:55+08:00 ] 127.0.0.1 /admin_duidui/admin_y.php/Header/ajax
INFO: [ route_check ] --START--
INFO: Run CheckRoute Behavior [ RunTime:0.003000s ]
INFO: [ route_check ] --END-- [ RunTime:0.003000s ]
INFO: [ app_begin ] --START--
INFO: Run ReadHtmlCache Behavior [ RunTime:0.003000s ]
INFO: [ app_begin ] --END-- [ RunTime:0.003000s ]

[ 2017-06-19T16:27:55+08:00 ] 127.0.0.1 /admin_duidui/admin_y.php/Header/ajax
INFO: [ route_check ] --START--
INFO: Run CheckRoute Behavior [ RunTime:0.004000s ]
INFO: [ route_check ] --END-- [ RunTime:0.004000s ]
INFO: [ app_begin ] --START--
INFO: Run ReadHtmlCache Behavior [ RunTime:0.002000s ]
INFO: [ app_begin ] --END-- [ RunTime:0.002000s ]

[ 2017-06-19T16:28:55+08:00 ] 127.0.0.1 /admin_duidui/admin_y.php/Header/ajax
INFO: [ route_check ] --START--
INFO: Run CheckRoute Behavior [ RunTime:0.003000s ]
INFO: [ route_check ] --END-- [ RunTime:0.003000s ]
INFO: [ app_begin ] --START--
INFO: Run ReadHtmlCache Behavior [ RunTime:0.002000s ]
INFO: [ app_begin ] --END-- [ RunTime:0.002000s ]
SQL: UPDATE `user_admin` SET `lastLoginTime`='2017-06-19 16:28:55',`lastLoginIp`='127.0.0.1',`loginflag`=loginflag+1 WHERE ( username='root' ) [ RunTime:0.002001s ]

[ 2017-06-19T16:33:55+08:00 ] 127.0.0.1 /admin_duidui/admin_y.php/Header/ajax
INFO: [ route_check ] --START--
INFO: Run CheckRoute Behavior [ RunTime:0.003000s ]
INFO: [ route_check ] --END-- [ RunTime:0.003000s ]
INFO: [ app_begin ] --START--
INFO: Run ReadHtmlCache Behavior [ RunTime:0.003000s ]
INFO: [ app_begin ] --END-- [ RunTime:0.003000s ]

[ 2017-06-19T16:39:55+08:00 ] 127.0.0.1 /admin_duidui/admin_y.php/Header/ajax
INFO: [ route_check ] --START--
INFO: Run CheckRoute Behavior [ RunTime:0.004000s ]
INFO: [ route_check ] --END-- [ RunTime:0.004000s ]
INFO: [ app_begin ] --START--
INFO: Run ReadHtmlCache Behavior [ RunTime:0.004000s ]
INFO: [ app_begin ] --END-- [ RunTime:0.004000s ]

[ 2017-06-19T16:39:55+08:00 ] 127.0.0.1 /admin_duidui/admin_y.php/Header/ajax
INFO: [ route_check ] --START--
INFO: Run CheckRoute Behavior [ RunTime:0.003000s ]
INFO: [ route_check ] --END-- [ RunTime:0.003000s ]
INFO: [ app_begin ] --START--
INFO: Run ReadHtmlCache Behavior [ RunTime:0.003000s ]
INFO: [ app_begin ] --END-- [ RunTime:0.003000s ]
SQL: UPDATE `user_admin` SET `lastLoginTime`='2017-06-19 16:39:55',`lastLoginIp`='127.0.0.1',`loginflag`=loginflag+1 WHERE ( username='root' ) [ RunTime:0.000000s ]

[ 2017-06-19T16:45:55+08:00 ] 127.0.0.1 /admin_duidui/admin_y.php/Header/ajax
INFO: [ route_check ] --START--
INFO: Run CheckRoute Behavior [ RunTime:0.003000s ]
INFO: [ route_check ] --END-- [ RunTime:0.003000s ]
INFO: [ app_begin ] --START--
INFO: Run ReadHtmlCache Behavior [ RunTime:0.003001s ]
INFO: [ app_begin ] --END-- [ RunTime:0.003001s ]

[ 2017-06-19T16:50:55+08:00 ] 127.0.0.1 /admin_duidui/admin_y.php/Header/ajax
INFO: [ route_check ] --START--
INFO: Run CheckRoute Behavior [ RunTime:0.004000s ]
INFO: [ route_check ] --END-- [ RunTime:0.004000s ]
INFO: [ app_begin ] --START--
INFO: Run ReadHtmlCache Behavior [ RunTime:0.002000s ]
INFO: [ app_begin ] --END-- [ RunTime:0.002000s ]
SQL: UPDATE `user_admin` SET `lastLoginTime`='2017-06-19 16:50:55',`lastLoginIp`='127.0.0.1',`loginflag`=loginflag+1 WHERE ( username='root' ) [ RunTime:0.000000s ]

[ 2017-06-19T16:51:55+08:00 ] 127.0.0.1 /admin_duidui/admin_y.php/Header/ajax
INFO: [ route_check ] --START--
INFO: Run CheckRoute Behavior [ RunTime:0.002000s ]
INFO: [ route_check ] --END-- [ RunTime:0.002000s ]
INFO: [ app_begin ] --START--
INFO: Run ReadHtmlCache Behavior [ RunTime:0.002000s ]
INFO: [ app_begin ] --END-- [ RunTime:0.002000s ]

[ 2017-06-19T16:57:55+08:00 ] 127.0.0.1 /admin_duidui/admin_y.php/Header/ajax
INFO: [ route_check ] --START--
INFO: Run CheckRoute Behavior [ RunTime:0.003000s ]
INFO: [ route_check ] --END-- [ RunTime:0.003000s ]
INFO: [ app_begin ] --START--
INFO: Run ReadHtmlCache Behavior [ RunTime:0.003000s ]
INFO: [ app_begin ] --END-- [ RunTime:0.003000s ]

[ 2017-06-19T17:01:55+08:00 ] 127.0.0.1 /admin_duidui/admin_y.php/Header/ajax
INFO: [ route_check ] --START--
INFO: Run CheckRoute Behavior [ RunTime:0.003000s ]
INFO: [ route_check ] --END-- [ RunTime:0.003000s ]
INFO: [ app_begin ] --START--
INFO: Run ReadHtmlCache Behavior [ RunTime:0.003001s ]
INFO: [ app_begin ] --END-- [ RunTime:0.003001s ]
SQL: UPDATE `user_admin` SET `lastLoginTime`='2017-06-19 17:01:55',`lastLoginIp`='127.0.0.1',`loginflag`=loginflag+1 WHERE ( username='root' ) [ RunTime:0.001000s ]

[ 2017-06-19T17:03:55+08:00 ] 127.0.0.1 /admin_duidui/admin_y.php/Header/ajax
INFO: [ route_check ] --START--
INFO: Run CheckRoute Behavior [ RunTime:0.003000s ]
INFO: [ route_check ] --END-- [ RunTime:0.003000s ]
INFO: [ app_begin ] --START--
INFO: Run ReadHtmlCache Behavior [ RunTime:0.003001s ]
INFO: [ app_begin ] --END-- [ RunTime:0.003001s ]

[ 2017-06-19T17:09:55+08:00 ] 127.0.0.1 /admin_duidui/admin_y.php/Header/ajax
INFO: [ route_check ] --START--
INFO: Run CheckRoute Behavior [ RunTime:0.003000s ]
INFO: [ route_check ] --END-- [ RunTime:0.003000s ]
INFO: [ app_begin ] --START--
INFO: Run ReadHtmlCache Behavior [ RunTime:0.002000s ]
INFO: [ app_begin ] --END-- [ RunTime:0.002000s ]

[ 2017-06-19T17:12:55+08:00 ] 127.0.0.1 /admin_duidui/admin_y.php/Header/ajax
INFO: [ route_check ] --START--
INFO: Run CheckRoute Behavior [ RunTime:0.002000s ]
INFO: [ route_check ] --END-- [ RunTime:0.003000s ]
INFO: [ app_begin ] --START--
INFO: Run ReadHtmlCache Behavior [ RunTime:0.003000s ]
INFO: [ app_begin ] --END-- [ RunTime:0.003000s ]
SQL: UPDATE `user_admin` SET `lastLoginTime`='2017-06-19 17:12:55',`lastLoginIp`='127.0.0.1',`loginflag`=loginflag+1 WHERE ( username='root' ) [ RunTime:0.001000s ]

[ 2017-06-19T17:15:55+08:00 ] 127.0.0.1 /admin_duidui/admin_y.php/Header/ajax
INFO: [ route_check ] --START--
INFO: Run CheckRoute Behavior [ RunTime:0.003001s ]
INFO: [ route_check ] --END-- [ RunTime:0.003001s ]
INFO: [ app_begin ] --START--
INFO: Run ReadHtmlCache Behavior [ RunTime:0.002000s ]
INFO: [ app_begin ] --END-- [ RunTime:0.002000s ]

[ 2017-06-19T17:21:55+08:00 ] 127.0.0.1 /admin_duidui/admin_y.php/Header/ajax
INFO: [ route_check ] --START--
INFO: Run CheckRoute Behavior [ RunTime:0.003000s ]
INFO: [ route_check ] --END-- [ RunTime:0.003000s ]
INFO: [ app_begin ] --START--
INFO: Run ReadHtmlCache Behavior [ RunTime:0.002000s ]
INFO: [ app_begin ] --END-- [ RunTime:0.002000s ]

[ 2017-06-19T17:23:55+08:00 ] 127.0.0.1 /admin_duidui/admin_y.php/Header/ajax
INFO: [ route_check ] --START--
INFO: Run CheckRoute Behavior [ RunTime:0.003000s ]
INFO: [ route_check ] --END-- [ RunTime:0.004000s ]
INFO: [ app_begin ] --START--
INFO: Run ReadHtmlCache Behavior [ RunTime:0.002000s ]
INFO: [ app_begin ] --END-- [ RunTime:0.002000s ]
SQL: UPDATE `user_admin` SET `lastLoginTime`='2017-06-19 17:23:55',`lastLoginIp`='127.0.0.1',`loginflag`=loginflag+1 WHERE ( username='root' ) [ RunTime:0.000000s ]

[ 2017-06-19T17:27:55+08:00 ] 127.0.0.1 /admin_duidui/admin_y.php/Header/ajax
INFO: [ route_check ] --START--
INFO: Run CheckRoute Behavior [ RunTime:0.003000s ]
INFO: [ route_check ] --END-- [ RunTime:0.003000s ]
INFO: [ app_begin ] --START--
INFO: Run ReadHtmlCache Behavior [ RunTime:0.004000s ]
INFO: [ app_begin ] --END-- [ RunTime:0.004000s ]

[ 2017-06-19T17:33:55+08:00 ] 127.0.0.1 /admin_duidui/admin_y.php/Header/ajax
INFO: [ route_check ] --START--
INFO: Run CheckRoute Behavior [ RunTime:0.002000s ]
INFO: [ route_check ] --END-- [ RunTime:0.002000s ]
INFO: [ app_begin ] --START--
INFO: Run ReadHtmlCache Behavior [ RunTime:0.003001s ]
INFO: [ app_begin ] --END-- [ RunTime:0.003001s ]

[ 2017-06-19T17:34:55+08:00 ] 127.0.0.1 /admin_duidui/admin_y.php/Header/ajax
INFO: [ route_check ] --START--
INFO: Run CheckRoute Behavior [ RunTime:0.002000s ]
INFO: [ route_check ] --END-- [ RunTime:0.003000s ]
INFO: [ app_begin ] --START--
INFO: Run ReadHtmlCache Behavior [ RunTime:0.002000s ]
INFO: [ app_begin ] --END-- [ RunTime:0.002000s ]
SQL: UPDATE `user_admin` SET `lastLoginTime`='2017-06-19 17:34:55',`lastLoginIp`='127.0.0.1',`loginflag`=loginflag+1 WHERE ( username='root' ) [ RunTime:0.002001s ]

[ 2017-06-19T17:39:55+08:00 ] 127.0.0.1 /admin_duidui/admin_y.php/Header/ajax
INFO: [ route_check ] --START--
INFO: Run CheckRoute Behavior [ RunTime:0.003000s ]
INFO: [ route_check ] --END-- [ RunTime:0.003000s ]
INFO: [ app_begin ] --START--
INFO: Run ReadHtmlCache Behavior [ RunTime:0.003001s ]
INFO: [ app_begin ] --END-- [ RunTime:0.003001s ]

[ 2017-06-19T17:45:55+08:00 ] 127.0.0.1 /admin_duidui/admin_y.php/Header/ajax
INFO: [ route_check ] --START--
INFO: Run CheckRoute Behavior [ RunTime:0.003000s ]
INFO: [ route_check ] --END-- [ RunTime:0.003000s ]
INFO: [ app_begin ] --START--
INFO: Run ReadHtmlCache Behavior [ RunTime:0.002000s ]
INFO: [ app_begin ] --END-- [ RunTime:0.002000s ]
SQL: UPDATE `user_admin` SET `lastLoginTime`='2017-06-19 17:45:55',`lastLoginIp`='127.0.0.1',`loginflag`=loginflag+1 WHERE ( username='root' ) [ RunTime:0.000000s ]

[ 2017-06-19T17:45:55+08:00 ] 127.0.0.1 /admin_duidui/admin_y.php/Header/ajax
INFO: [ route_check ] --START--
INFO: Run CheckRoute Behavior [ RunTime:0.005000s ]
INFO: [ route_check ] --END-- [ RunTime:0.005000s ]
INFO: [ app_begin ] --START--
INFO: Run ReadHtmlCache Behavior [ RunTime:0.003001s ]
INFO: [ app_begin ] --END-- [ RunTime:0.003001s ]

[ 2017-06-19T17:51:55+08:00 ] 127.0.0.1 /admin_duidui/admin_y.php/Header/ajax
INFO: [ route_check ] --START--
INFO: Run CheckRoute Behavior [ RunTime:0.003000s ]
INFO: [ route_check ] --END-- [ RunTime:0.003000s ]
INFO: [ app_begin ] --START--
INFO: Run ReadHtmlCache Behavior [ RunTime:0.003000s ]
INFO: [ app_begin ] --END-- [ RunTime:0.003000s ]

[ 2017-06-19T17:56:55+08:00 ] 127.0.0.1 /admin_duidui/admin_y.php/Header/ajax
INFO: [ route_check ] --START--
INFO: Run CheckRoute Behavior [ RunTime:0.003000s ]
INFO: [ route_check ] --END-- [ RunTime:0.003000s ]
INFO: [ app_begin ] --START--
INFO: Run ReadHtmlCache Behavior [ RunTime:0.002000s ]
INFO: [ app_begin ] --END-- [ RunTime:0.002000s ]
SQL: UPDATE `user_admin` SET `lastLoginTime`='2017-06-19 17:56:55',`lastLoginIp`='127.0.0.1',`loginflag`=loginflag+1 WHERE ( username='root' ) [ RunTime:0.002000s ]

[ 2017-06-19T17:57:55+08:00 ] 127.0.0.1 /admin_duidui/admin_y.php/Header/ajax
INFO: [ route_check ] --START--
INFO: Run CheckRoute Behavior [ RunTime:0.003000s ]
INFO: [ route_check ] --END-- [ RunTime:0.003000s ]
INFO: [ app_begin ] --START--
INFO: Run ReadHtmlCache Behavior [ RunTime:0.002000s ]
INFO: [ app_begin ] --END-- [ RunTime:0.003000s ]

[ 2017-06-19T18:03:55+08:00 ] 127.0.0.1 /admin_duidui/admin_y.php/Header/ajax
INFO: [ route_check ] --START--
INFO: Run CheckRoute Behavior [ RunTime:0.003000s ]
INFO: [ route_check ] --END-- [ RunTime:0.003000s ]
INFO: [ app_begin ] --START--
INFO: Run ReadHtmlCache Behavior [ RunTime:0.003000s ]
INFO: [ app_begin ] --END-- [ RunTime:0.004000s ]

[ 2017-06-19T18:07:55+08:00 ] 127.0.0.1 /admin_duidui/admin_y.php/Header/ajax
INFO: [ route_check ] --START--
INFO: Run CheckRoute Behavior [ RunTime:0.003000s ]
INFO: [ route_check ] --END-- [ RunTime:0.003000s ]
INFO: [ app_begin ] --START--
INFO: Run ReadHtmlCache Behavior [ RunTime:0.003001s ]
INFO: [ app_begin ] --END-- [ RunTime:0.003001s ]
SQL: UPDATE `user_admin` SET `lastLoginTime`='2017-06-19 18:07:55',`lastLoginIp`='127.0.0.1',`loginflag`=loginflag+1 WHERE ( username='root' ) [ RunTime:0.000000s ]

[ 2017-06-19T18:09:55+08:00 ] 127.0.0.1 /admin_duidui/admin_y.php/Header/ajax
INFO: [ route_check ] --START--
INFO: Run CheckRoute Behavior [ RunTime:0.003000s ]
INFO: [ route_check ] --END-- [ RunTime:0.003000s ]
INFO: [ app_begin ] --START--
INFO: Run ReadHtmlCache Behavior [ RunTime:0.003000s ]
INFO: [ app_begin ] --END-- [ RunTime:0.003000s ]

[ 2017-06-19T18:15:55+08:00 ] 127.0.0.1 /admin_duidui/admin_y.php/Header/ajax
INFO: [ route_check ] --START--
INFO: Run CheckRoute Behavior [ RunTime:0.003001s ]
INFO: [ route_check ] --END-- [ RunTime:0.003001s ]
INFO: [ app_begin ] --START--
INFO: Run ReadHtmlCache Behavior [ RunTime:0.003000s ]
INFO: [ app_begin ] --END-- [ RunTime:0.003000s ]

[ 2017-06-19T18:18:55+08:00 ] 127.0.0.1 /admin_duidui/admin_y.php/Header/ajax
INFO: [ route_check ] --START--
INFO: Run CheckRoute Behavior [ RunTime:0.027001s ]
INFO: [ route_check ] --END-- [ RunTime:0.027001s ]
INFO: [ app_begin ] --START--
INFO: Run ReadHtmlCache Behavior [ RunTime:0.009001s ]
INFO: [ app_begin ] --END-- [ RunTime:0.009001s ]
SQL: UPDATE `user_admin` SET `lastLoginTime`='2017-06-19 18:18:55',`lastLoginIp`='127.0.0.1',`loginflag`=loginflag+1 WHERE ( username='root' ) [ RunTime:0.001000s ]

[ 2017-06-19T18:21:55+08:00 ] 127.0.0.1 /admin_duidui/admin_y.php/Header/ajax
INFO: [ route_check ] --START--
INFO: Run CheckRoute Behavior [ RunTime:0.004000s ]
INFO: [ route_check ] --END-- [ RunTime:0.004000s ]
INFO: [ app_begin ] --START--
INFO: Run ReadHtmlCache Behavior [ RunTime:0.002000s ]
INFO: [ app_begin ] --END-- [ RunTime:0.002000s ]

[ 2017-06-19T18:27:55+08:00 ] 127.0.0.1 /admin_duidui/admin_y.php/Header/ajax
INFO: [ route_check ] --START--
INFO: Run CheckRoute Behavior [ RunTime:0.003000s ]
INFO: [ route_check ] --END-- [ RunTime:0.003000s ]
INFO: [ app_begin ] --START--
INFO: Run ReadHtmlCache Behavior [ RunTime:0.002000s ]
INFO: [ app_begin ] --END-- [ RunTime:0.002000s ]

[ 2017-06-19T18:29:55+08:00 ] 127.0.0.1 /admin_duidui/admin_y.php/Header/ajax
INFO: [ route_check ] --START--
INFO: Run CheckRoute Behavior [ RunTime:0.002000s ]
INFO: [ route_check ] --END-- [ RunTime:0.002000s ]
INFO: [ app_begin ] --START--
INFO: Run ReadHtmlCache Behavior [ RunTime:0.002000s ]
INFO: [ app_begin ] --END-- [ RunTime:0.002000s ]
SQL: UPDATE `user_admin` SET `lastLoginTime`='2017-06-19 18:29:55',`lastLoginIp`='127.0.0.1',`loginflag`=loginflag+1 WHERE ( username='root' ) [ RunTime:0.002000s ]

[ 2017-06-19T18:33:55+08:00 ] 127.0.0.1 /admin_duidui/admin_y.php/Header/ajax
INFO: [ route_check ] --START--
INFO: Run CheckRoute Behavior [ RunTime:0.002000s ]
INFO: [ route_check ] --END-- [ RunTime:0.003000s ]
INFO: [ app_begin ] --START--
INFO: Run ReadHtmlCache Behavior [ RunTime:0.002000s ]
INFO: [ app_begin ] --END-- [ RunTime:0.002000s ]

[ 2017-06-19T18:39:55+08:00 ] 127.0.0.1 /admin_duidui/admin_y.php/Header/ajax
INFO: [ route_check ] --START--
INFO: Run CheckRoute Behavior [ RunTime:0.003001s ]
INFO: [ route_check ] --END-- [ RunTime:0.003001s ]
INFO: [ app_begin ] --START--
INFO: Run ReadHtmlCache Behavior [ RunTime:0.003000s ]
INFO: [ app_begin ] --END-- [ RunTime:0.003000s ]

[ 2017-06-19T18:40:55+08:00 ] 127.0.0.1 /admin_duidui/admin_y.php/Header/ajax
INFO: [ route_check ] --START--
INFO: Run CheckRoute Behavior [ RunTime:0.003000s ]
INFO: [ route_check ] --END-- [ RunTime:0.003000s ]
INFO: [ app_begin ] --START--
INFO: Run ReadHtmlCache Behavior [ RunTime:0.003000s ]
INFO: [ app_begin ] --END-- [ RunTime:0.003000s ]
SQL: UPDATE `user_admin` SET `lastLoginTime`='2017-06-19 18:40:55',`lastLoginIp`='127.0.0.1',`loginflag`=loginflag+1 WHERE ( username='root' ) [ RunTime:0.000000s ]

[ 2017-06-19T18:45:55+08:00 ] 127.0.0.1 /admin_duidui/admin_y.php/Header/ajax
INFO: [ route_check ] --START--
INFO: Run CheckRoute Behavior [ RunTime:0.003000s ]
INFO: [ route_check ] --END-- [ RunTime:0.003000s ]
INFO: [ app_begin ] --START--
INFO: Run ReadHtmlCache Behavior [ RunTime:0.003000s ]
INFO: [ app_begin ] --END-- [ RunTime:0.003000s ]

[ 2017-06-19T18:51:55+08:00 ] 127.0.0.1 /admin_duidui/admin_y.php/Header/ajax
INFO: [ route_check ] --START--
INFO: Run CheckRoute Behavior [ RunTime:0.003000s ]
INFO: [ route_check ] --END-- [ RunTime:0.003000s ]
INFO: [ app_begin ] --START--
INFO: Run ReadHtmlCache Behavior [ RunTime:0.002000s ]
INFO: [ app_begin ] --END-- [ RunTime:0.002000s ]

[ 2017-06-19T18:51:55+08:00 ] 127.0.0.1 /admin_duidui/admin_y.php/Header/ajax
INFO: [ route_check ] --START--
INFO: Run CheckRoute Behavior [ RunTime:0.003000s ]
INFO: [ route_check ] --END-- [ RunTime:0.003000s ]
INFO: [ app_begin ] --START--
INFO: Run ReadHtmlCache Behavior [ RunTime:0.003001s ]
INFO: [ app_begin ] --END-- [ RunTime:0.003001s ]
SQL: UPDATE `user_admin` SET `lastLoginTime`='2017-06-19 18:51:55',`lastLoginIp`='127.0.0.1',`loginflag`=loginflag+1 WHERE ( username='root' ) [ RunTime:0.001000s ]

[ 2017-06-19T18:57:55+08:00 ] 127.0.0.1 /admin_duidui/admin_y.php/Header/ajax
INFO: [ route_check ] --START--
INFO: Run CheckRoute Behavior [ RunTime:0.004000s ]
INFO: [ route_check ] --END-- [ RunTime:0.004000s ]
INFO: [ app_begin ] --START--
INFO: Run ReadHtmlCache Behavior [ RunTime:0.006000s ]
INFO: [ app_begin ] --END-- [ RunTime:0.006000s ]

[ 2017-06-19T19:02:55+08:00 ] 127.0.0.1 /admin_duidui/admin_y.php/Header/ajax
INFO: [ route_check ] --START--
INFO: Run CheckRoute Behavior [ RunTime:0.004001s ]
INFO: [ route_check ] --END-- [ RunTime:0.004001s ]
INFO: [ app_begin ] --START--
INFO: Run ReadHtmlCache Behavior [ RunTime:0.002000s ]
INFO: [ app_begin ] --END-- [ RunTime:0.002000s ]
SQL: UPDATE `user_admin` SET `lastLoginTime`='2017-06-19 19:02:55',`lastLoginIp`='127.0.0.1',`loginflag`=loginflag+1 WHERE ( username='root' ) [ RunTime:0.002000s ]

[ 2017-06-19T19:03:55+08:00 ] 127.0.0.1 /admin_duidui/admin_y.php/Header/ajax
INFO: [ route_check ] --START--
INFO: Run CheckRoute Behavior [ RunTime:0.003001s ]
INFO: [ route_check ] --END-- [ RunTime:0.003001s ]
INFO: [ app_begin ] --START--
INFO: Run ReadHtmlCache Behavior [ RunTime:0.004000s ]
INFO: [ app_begin ] --END-- [ RunTime:0.004000s ]

[ 2017-06-19T19:09:55+08:00 ] 127.0.0.1 /admin_duidui/admin_y.php/Header/ajax
INFO: [ route_check ] --START--
INFO: Run CheckRoute Behavior [ RunTime:0.003000s ]
INFO: [ route_check ] --END-- [ RunTime:0.003000s ]
INFO: [ app_begin ] --START--
INFO: Run ReadHtmlCache Behavior [ RunTime:0.003000s ]
INFO: [ app_begin ] --END-- [ RunTime:0.003000s ]

[ 2017-06-19T19:13:55+08:00 ] 127.0.0.1 /admin_duidui/admin_y.php/Header/ajax
INFO: [ route_check ] --START--
INFO: Run CheckRoute Behavior [ RunTime:0.003000s ]
INFO: [ route_check ] --END-- [ RunTime:0.003000s ]
INFO: [ app_begin ] --START--
INFO: Run ReadHtmlCache Behavior [ RunTime:0.002000s ]
INFO: [ app_begin ] --END-- [ RunTime:0.002000s ]
SQL: UPDATE `user_admin` SET `lastLoginTime`='2017-06-19 19:13:55',`lastLoginIp`='127.0.0.1',`loginflag`=loginflag+1 WHERE ( username='root' ) [ RunTime:0.001000s ]

[ 2017-06-19T19:15:55+08:00 ] 127.0.0.1 /admin_duidui/admin_y.php/Header/ajax
INFO: [ route_check ] --START--
INFO: Run CheckRoute Behavior [ RunTime:0.002000s ]
INFO: [ route_check ] --END-- [ RunTime:0.003000s ]
INFO: [ app_begin ] --START--
INFO: Run ReadHtmlCache Behavior [ RunTime:0.003000s ]
INFO: [ app_begin ] --END-- [ RunTime:0.003000s ]

[ 2017-06-19T19:21:55+08:00 ] 127.0.0.1 /admin_duidui/admin_y.php/Header/ajax
INFO: [ route_check ] --START--
INFO: Run CheckRoute Behavior [ RunTime:0.003000s ]
INFO: [ route_check ] --END-- [ RunTime:0.003000s ]
INFO: [ app_begin ] --START--
INFO: Run ReadHtmlCache Behavior [ RunTime:0.002000s ]
INFO: [ app_begin ] --END-- [ RunTime:0.003000s ]

[ 2017-06-19T19:24:55+08:00 ] 127.0.0.1 /admin_duidui/admin_y.php/Header/ajax
INFO: [ route_check ] --START--
INFO: Run CheckRoute Behavior [ RunTime:0.003000s ]
INFO: [ route_check ] --END-- [ RunTime:0.003000s ]
INFO: [ app_begin ] --START--
INFO: Run ReadHtmlCache Behavior [ RunTime:0.002000s ]
INFO: [ app_begin ] --END-- [ RunTime:0.003000s ]
SQL: UPDATE `user_admin` SET `lastLoginTime`='2017-06-19 19:24:55',`lastLoginIp`='127.0.0.1',`loginflag`=loginflag+1 WHERE ( username='root' ) [ RunTime:0.001000s ]

[ 2017-06-19T19:27:55+08:00 ] 127.0.0.1 /admin_duidui/admin_y.php/Header/ajax
INFO: [ route_check ] --START--
INFO: Run CheckRoute Behavior [ RunTime:0.003001s ]
INFO: [ route_check ] --END-- [ RunTime:0.003001s ]
INFO: [ app_begin ] --START--
INFO: Run ReadHtmlCache Behavior [ RunTime:0.002000s ]
INFO: [ app_begin ] --END-- [ RunTime:0.002000s ]

[ 2017-06-19T19:33:55+08:00 ] 127.0.0.1 /admin_duidui/admin_y.php/Header/ajax
INFO: [ route_check ] --START--
INFO: Run CheckRoute Behavior [ RunTime:0.003000s ]
INFO: [ route_check ] --END-- [ RunTime:0.003000s ]
INFO: [ app_begin ] --START--
INFO: Run ReadHtmlCache Behavior [ RunTime:0.002000s ]
INFO: [ app_begin ] --END-- [ RunTime:0.002000s ]

[ 2017-06-19T19:35:55+08:00 ] 127.0.0.1 /admin_duidui/admin_y.php/Header/ajax
INFO: [ route_check ] --START--
INFO: Run CheckRoute Behavior [ RunTime:0.002000s ]
INFO: [ route_check ] --END-- [ RunTime:0.002000s ]
INFO: [ app_begin ] --START--
INFO: Run ReadHtmlCache Behavior [ RunTime:0.002001s ]
INFO: [ app_begin ] --END-- [ RunTime:0.003001s ]
SQL: UPDATE `user_admin` SET `lastLoginTime`='2017-06-19 19:35:55',`lastLoginIp`='127.0.0.1',`loginflag`=loginflag+1 WHERE ( username='root' ) [ RunTime:0.002000s ]

[ 2017-06-19T19:39:55+08:00 ] 127.0.0.1 /admin_duidui/admin_y.php/Header/ajax
INFO: [ route_check ] --START--
INFO: Run CheckRoute Behavior [ RunTime:0.003001s ]
INFO: [ route_check ] --END-- [ RunTime:0.003001s ]
INFO: [ app_begin ] --START--
INFO: Run ReadHtmlCache Behavior [ RunTime:0.003000s ]
INFO: [ app_begin ] --END-- [ RunTime:0.003000s ]

[ 2017-06-19T19:45:55+08:00 ] 127.0.0.1 /admin_duidui/admin_y.php/Header/ajax
INFO: [ route_check ] --START--
INFO: Run CheckRoute Behavior [ RunTime:0.002000s ]
INFO: [ route_check ] --END-- [ RunTime:0.002000s ]
INFO: [ app_begin ] --START--
INFO: Run ReadHtmlCache Behavior [ RunTime:0.003000s ]
INFO: [ app_begin ] --END-- [ RunTime:0.003000s ]

[ 2017-06-19T19:46:55+08:00 ] 127.0.0.1 /admin_duidui/admin_y.php/Header/ajax
INFO: [ route_check ] --START--
INFO: Run CheckRoute Behavior [ RunTime:0.002000s ]
INFO: [ route_check ] --END-- [ RunTime:0.002000s ]
INFO: [ app_begin ] --START--
INFO: Run ReadHtmlCache Behavior [ RunTime:0.003000s ]
INFO: [ app_begin ] --END-- [ RunTime:0.003000s ]
SQL: UPDATE `user_admin` SET `lastLoginTime`='2017-06-19 19:46:55',`lastLoginIp`='127.0.0.1',`loginflag`=loginflag+1 WHERE ( username='root' ) [ RunTime:0.001000s ]

[ 2017-06-19T19:51:55+08:00 ] 127.0.0.1 /admin_duidui/admin_y.php/Header/ajax
INFO: [ route_check ] --START--
INFO: Run CheckRoute Behavior [ RunTime:0.003000s ]
INFO: [ route_check ] --END-- [ RunTime:0.003000s ]
INFO: [ app_begin ] --START--
INFO: Run ReadHtmlCache Behavior [ RunTime:0.003000s ]
INFO: [ app_begin ] --END-- [ RunTime:0.003000s ]

