[ 2017-07-03T17:46:40+08:00 ] 127.0.0.1 /admin_duidui/admin_y.php/Login/index
INFO: [ route_check ] --START--
INFO: Run CheckRoute Behavior [ RunTime:0.003000s ]
INFO: [ route_check ] --END-- [ RunTime:0.003000s ]
INFO: [ app_begin ] --START--
INFO: Run ReadHtmlCache Behavior [ RunTime:0.003000s ]
INFO: [ app_begin ] --END-- [ RunTime:0.003000s ]
INFO: [ view_template ] --START--
INFO: Run LocationTemplate Behavior [ RunTime:0.057003s ]
INFO: [ view_template ] --END-- [ RunTime:0.057003s ]
INFO: [ view_parse ] --START--
INFO: Run ParseTemplate Behavior [ RunTime:0.097006s ]
INFO: [ view_parse ] --END-- [ RunTime:0.097006s ]
INFO: [ view_filter ] --START--
INFO: Run ContentReplace Behavior [ RunTime:0.009000s ]
INFO: Run TokenBuild Behavior [ RunTime:0.009001s ]
INFO: Run WriteHtmlCache Behavior [ RunTime:0.004000s ]
INFO: Run ShowRuntime Behavior [ RunTime:0.003000s ]
INFO: [ view_filter ] --END-- [ RunTime:0.025001s ]
INFO: [ view_end ] --START--
INFO: Run ShowPageTrace Behavior [ RunTime:0.011001s ]
INFO: [ view_end ] --END-- [ RunTime:0.011001s ]

[ 2017-07-03T17:46:46+08:00 ] 127.0.0.1 /admin_duidui/admin_y.php/Index/index/userxr/root
INFO: [ route_check ] --START--
INFO: Run CheckRoute Behavior [ RunTime:0.003000s ]
INFO: [ route_check ] --END-- [ RunTime:0.003000s ]
INFO: [ app_begin ] --START--
INFO: Run ReadHtmlCache Behavior [ RunTime:0.002001s ]
INFO: [ app_begin ] --END-- [ RunTime:0.002001s ]
INFO: [ view_template ] --START--
INFO: Run LocationTemplate Behavior [ RunTime:0.004000s ]
INFO: [ view_template ] --END-- [ RunTime:0.004000s ]
INFO: [ view_parse ] --START--
INFO: Run ParseTemplate Behavior [ RunTime:0.044003s ]
INFO: [ view_parse ] --END-- [ RunTime:0.044003s ]
INFO: [ view_filter ] --START--
INFO: Run ContentReplace Behavior [ RunTime:0.002000s ]
INFO: Run TokenBuild Behavior [ RunTime:0.003000s ]
INFO: Run WriteHtmlCache Behavior [ RunTime:0.003000s ]
INFO: Run ShowRuntime Behavior [ RunTime:0.003000s ]
INFO: [ view_filter ] --END-- [ RunTime:0.012000s ]
INFO: [ view_end ] --START--
INFO: Run ShowPageTrace Behavior [ RunTime:0.002000s ]
INFO: [ view_end ] --END-- [ RunTime:0.002000s ]

[ 2017-07-03T17:46:46+08:00 ] 127.0.0.1 /admin_duidui/admin_y.php/Header/index
INFO: [ route_check ] --START--
INFO: Run CheckRoute Behavior [ RunTime:0.003001s ]
INFO: [ route_check ] --END-- [ RunTime:0.003001s ]
INFO: [ app_begin ] --START--
INFO: Run ReadHtmlCache Behavior [ RunTime:0.003000s ]
INFO: [ app_begin ] --END-- [ RunTime:0.003000s ]
INFO: [ view_template ] --START--
INFO: Run LocationTemplate Behavior [ RunTime:0.018001s ]
INFO: [ view_template ] --END-- [ RunTime:0.018001s ]
INFO: [ view_parse ] --START--
NOTIC: [8] Undefined variable: tishi D:\www\www2\admin_duidui\Index\Runtime\Cache\e5ff1c65bdd157f7e2dcf878282a73c7.php 第 37 行.
NOTIC: [8] Undefined variable: spectrum D:\www\www2\admin_duidui\Index\Runtime\Cache\e5ff1c65bdd157f7e2dcf878282a73c7.php 第 40 行.
INFO: Run ParseTemplate Behavior [ RunTime:0.020001s ]
INFO: [ view_parse ] --END-- [ RunTime:0.021001s ]
INFO: [ view_filter ] --START--
INFO: Run ContentReplace Behavior [ RunTime:0.002000s ]
INFO: Run TokenBuild Behavior [ RunTime:0.002001s ]
INFO: Run WriteHtmlCache Behavior [ RunTime:0.002000s ]
INFO: Run ShowRuntime Behavior [ RunTime:0.002000s ]
INFO: [ view_filter ] --END-- [ RunTime:0.008001s ]
INFO: [ view_end ] --START--
INFO: Run ShowPageTrace Behavior [ RunTime:0.003000s ]
INFO: [ view_end ] --END-- [ RunTime:0.003000s ]

[ 2017-07-03T17:46:46+08:00 ] 127.0.0.1 /admin_duidui/admin_y.php/Menu/index
INFO: [ route_check ] --START--
INFO: Run CheckRoute Behavior [ RunTime:0.004000s ]
INFO: [ route_check ] --END-- [ RunTime:0.005000s ]
INFO: [ app_begin ] --START--
INFO: Run ReadHtmlCache Behavior [ RunTime:0.003000s ]
INFO: [ app_begin ] --END-- [ RunTime:0.004000s ]
INFO: [ view_template ] --START--
INFO: Run LocationTemplate Behavior [ RunTime:0.005000s ]
INFO: [ view_template ] --END-- [ RunTime:0.005000s ]
INFO: [ view_parse ] --START--
INFO: Run ParseTemplate Behavior [ RunTime:0.030002s ]
INFO: [ view_parse ] --END-- [ RunTime:0.030002s ]
INFO: [ view_filter ] --START--
INFO: Run ContentReplace Behavior [ RunTime:0.002000s ]
INFO: Run TokenBuild Behavior [ RunTime:0.014000s ]
INFO: Run WriteHtmlCache Behavior [ RunTime:0.002001s ]
INFO: Run ShowRuntime Behavior [ RunTime:0.003000s ]
INFO: [ view_filter ] --END-- [ RunTime:0.021001s ]
INFO: [ view_end ] --START--
INFO: Run ShowPageTrace Behavior [ RunTime:0.003000s ]
INFO: [ view_end ] --END-- [ RunTime:0.003000s ]

[ 2017-07-03T17:46:46+08:00 ] 127.0.0.1 /admin_duidui/admin_y.php/Main/index
INFO: [ route_check ] --START--
INFO: Run CheckRoute Behavior [ RunTime:0.002000s ]
INFO: [ route_check ] --END-- [ RunTime:0.002000s ]
INFO: [ app_begin ] --START--
INFO: Run ReadHtmlCache Behavior [ RunTime:0.002000s ]
INFO: [ app_begin ] --END-- [ RunTime:0.002000s ]
SQL: SELECT `lastLoginTime`,`lastLoginIp`,`qq` FROM `user_admin` WHERE ( username='root' ) LIMIT 1   [ RunTime:0.000000s ]
INFO: [ view_template ] --START--
INFO: Run LocationTemplate Behavior [ RunTime:0.005000s ]
INFO: [ view_template ] --END-- [ RunTime:0.005000s ]
INFO: [ view_parse ] --START--
INFO: Run ParseTemplate Behavior [ RunTime:0.055003s ]
INFO: [ view_parse ] --END-- [ RunTime:0.055003s ]
INFO: [ view_filter ] --START--
INFO: Run ContentReplace Behavior [ RunTime:0.002001s ]
INFO: Run TokenBuild Behavior [ RunTime:0.002000s ]
INFO: Run WriteHtmlCache Behavior [ RunTime:0.002000s ]
INFO: Run ShowRuntime Behavior [ RunTime:0.003000s ]
INFO: [ view_filter ] --END-- [ RunTime:0.009001s ]
INFO: [ view_end ] --START--
INFO: Run ShowPageTrace Behavior [ RunTime:0.002000s ]
INFO: [ view_end ] --END-- [ RunTime:0.002000s ]

[ 2017-07-03T17:46:50+08:00 ] 127.0.0.1 /admin_duidui/admin_y.php/Userlist/normaluser?userxr=root
INFO: [ route_check ] --START--
INFO: Run CheckRoute Behavior [ RunTime:0.002000s ]
INFO: [ route_check ] --END-- [ RunTime:0.003000s ]
INFO: [ app_begin ] --START--
INFO: Run ReadHtmlCache Behavior [ RunTime:0.002000s ]
INFO: [ app_begin ] --END-- [ RunTime:0.002000s ]
SQL: SELECT COUNT(*) AS tp_count FROM `xb_user` LIMIT 1   [ RunTime:0.037002s ]
SQL: SELECT * FROM `xb_user` ORDER BY  create_datetime desc  LIMIT 0,50   [ RunTime:0.003000s ]
INFO: [ view_template ] --START--
INFO: Run LocationTemplate Behavior [ RunTime:0.542031s ]
INFO: [ view_template ] --END-- [ RunTime:0.542031s ]
INFO: [ view_parse ] --START--
INFO: Run ParseTemplate Behavior [ RunTime:0.125007s ]
INFO: [ view_parse ] --END-- [ RunTime:0.125007s ]
INFO: [ view_filter ] --START--
INFO: Run ContentReplace Behavior [ RunTime:0.004000s ]
INFO: Run TokenBuild Behavior [ RunTime:0.003001s ]
INFO: Run WriteHtmlCache Behavior [ RunTime:0.003000s ]
INFO: Run ShowRuntime Behavior [ RunTime:0.003000s ]
INFO: [ view_filter ] --END-- [ RunTime:0.013001s ]
INFO: [ view_end ] --START--
INFO: Run ShowPageTrace Behavior [ RunTime:0.005000s ]
INFO: [ view_end ] --END-- [ RunTime:0.005000s ]

[ 2017-07-03T17:46:52+08:00 ] 127.0.0.1 /admin_duidui/admin_y.php/Tasklist/index?userxr=root
INFO: [ route_check ] --START--
INFO: Run CheckRoute Behavior [ RunTime:0.003000s ]
INFO: [ route_check ] --END-- [ RunTime:0.003000s ]
INFO: [ app_begin ] --START--
INFO: Run ReadHtmlCache Behavior [ RunTime:0.003000s ]
INFO: [ app_begin ] --END-- [ RunTime:0.003000s ]
SQL: SELECT COUNT(*) AS tp_count FROM `xb_task` LIMIT 1   [ RunTime:0.110007s ]
SQL: SELECT * FROM `xb_task` ORDER BY  id desc  LIMIT 0,50   [ RunTime:0.002000s ]
INFO: [ view_template ] --START--
INFO: Run LocationTemplate Behavior [ RunTime:0.012001s ]
INFO: [ view_template ] --END-- [ RunTime:0.012001s ]
INFO: [ view_parse ] --START--
INFO: Run ParseTemplate Behavior [ RunTime:0.029001s ]
INFO: [ view_parse ] --END-- [ RunTime:0.029001s ]
INFO: [ view_filter ] --START--
INFO: Run ContentReplace Behavior [ RunTime:0.003000s ]
INFO: Run TokenBuild Behavior [ RunTime:0.002001s ]
INFO: Run WriteHtmlCache Behavior [ RunTime:0.004000s ]
INFO: Run ShowRuntime Behavior [ RunTime:0.003000s ]
INFO: [ view_filter ] --END-- [ RunTime:0.012001s ]
INFO: [ view_end ] --START--
INFO: Run ShowPageTrace Behavior [ RunTime:0.003000s ]
INFO: [ view_end ] --END-- [ RunTime:0.004000s ]

[ 2017-07-03T17:46:58+08:00 ] 127.0.0.1 /admin_duidui/admin_y.php/Header/ajax
INFO: [ route_check ] --START--
INFO: Run CheckRoute Behavior [ RunTime:0.002000s ]
INFO: [ route_check ] --END-- [ RunTime:0.002000s ]
INFO: [ app_begin ] --START--
INFO: Run ReadHtmlCache Behavior [ RunTime:0.001000s ]
INFO: [ app_begin ] --END-- [ RunTime:0.001000s ]
SQL: UPDATE `user_admin` SET `lastLoginTime`='2017-07-03 17:46:58',`lastLoginIp`='127.0.0.1',`loginflag`=loginflag+1 WHERE ( username='root' ) [ RunTime:0.000000s ]

[ 2017-07-03T17:46:58+08:00 ] 127.0.0.1 /admin_duidui/admin_y.php/Header/ajax
INFO: [ route_check ] --START--
INFO: Run CheckRoute Behavior [ RunTime:0.003000s ]
INFO: [ route_check ] --END-- [ RunTime:0.003000s ]
INFO: [ app_begin ] --START--
INFO: Run ReadHtmlCache Behavior [ RunTime:0.003001s ]
INFO: [ app_begin ] --END-- [ RunTime:0.003001s ]

[ 2017-07-03T17:46:59+08:00 ] 127.0.0.1 /admin_duidui/admin_y.php/Tasklist/index?userxr=root
INFO: [ route_check ] --START--
INFO: Run CheckRoute Behavior [ RunTime:0.003000s ]
INFO: [ route_check ] --END-- [ RunTime:0.003000s ]
INFO: [ app_begin ] --START--
INFO: Run ReadHtmlCache Behavior [ RunTime:0.002000s ]
INFO: [ app_begin ] --END-- [ RunTime:0.002000s ]
SQL: SELECT COUNT(*) AS tp_count FROM `xb_task` LIMIT 1   [ RunTime:0.000000s ]
SQL: SELECT * FROM `xb_task` ORDER BY  id desc  LIMIT 0,50   [ RunTime:0.001000s ]
INFO: [ view_template ] --START--
INFO: Run LocationTemplate Behavior [ RunTime:0.004000s ]
INFO: [ view_template ] --END-- [ RunTime:0.004000s ]
INFO: [ view_parse ] --START--
INFO: Run ParseTemplate Behavior [ RunTime:0.023002s ]
INFO: [ view_parse ] --END-- [ RunTime:0.023002s ]
INFO: [ view_filter ] --START--
INFO: Run ContentReplace Behavior [ RunTime:0.003000s ]
INFO: Run TokenBuild Behavior [ RunTime:0.004000s ]
INFO: Run WriteHtmlCache Behavior [ RunTime:0.003000s ]
INFO: Run ShowRuntime Behavior [ RunTime:0.002000s ]
INFO: [ view_filter ] --END-- [ RunTime:0.012000s ]
INFO: [ view_end ] --START--
INFO: Run ShowPageTrace Behavior [ RunTime:0.002000s ]
INFO: [ view_end ] --END-- [ RunTime:0.002000s ]

[ 2017-07-03T17:47:07+08:00 ] 127.0.0.1 /admin_duidui/admin_y.php/Tasklist/index?userxr=root
INFO: [ route_check ] --START--
INFO: Run CheckRoute Behavior [ RunTime:0.003000s ]
INFO: [ route_check ] --END-- [ RunTime:0.003000s ]
INFO: [ app_begin ] --START--
INFO: Run ReadHtmlCache Behavior [ RunTime:0.002001s ]
INFO: [ app_begin ] --END-- [ RunTime:0.002001s ]
SQL: SELECT COUNT(*) AS tp_count FROM `xb_task` LIMIT 1   [ RunTime:0.001000s ]
SQL: SELECT * FROM `xb_task` ORDER BY  id desc  LIMIT 0,50   [ RunTime:0.002000s ]
INFO: [ view_template ] --START--
INFO: Run LocationTemplate Behavior [ RunTime:0.004000s ]
INFO: [ view_template ] --END-- [ RunTime:0.004000s ]
INFO: [ view_parse ] --START--
INFO: Run ParseTemplate Behavior [ RunTime:0.027001s ]
INFO: [ view_parse ] --END-- [ RunTime:0.027001s ]
INFO: [ view_filter ] --START--
INFO: Run ContentReplace Behavior [ RunTime:0.003001s ]
INFO: Run TokenBuild Behavior [ RunTime:0.003000s ]
INFO: Run WriteHtmlCache Behavior [ RunTime:0.002000s ]
INFO: Run ShowRuntime Behavior [ RunTime:0.002000s ]
INFO: [ view_filter ] --END-- [ RunTime:0.010001s ]
INFO: [ view_end ] --START--
INFO: Run ShowPageTrace Behavior [ RunTime:0.002000s ]
INFO: [ view_end ] --END-- [ RunTime:0.002000s ]

[ 2017-07-03T17:47:11+08:00 ] 127.0.0.1 /admin_duidui/admin_y.php/Maintype/index?userxr=root
INFO: [ route_check ] --START--
INFO: Run CheckRoute Behavior [ RunTime:0.005000s ]
INFO: [ route_check ] --END-- [ RunTime:0.005000s ]
INFO: [ app_begin ] --START--
INFO: Run ReadHtmlCache Behavior [ RunTime:0.004000s ]
INFO: [ app_begin ] --END-- [ RunTime:0.004000s ]
SQL: SELECT z FROM `z_quanmainlist` group by z [ RunTime:0.099006s ]
NOTIC: [8] Undefined variable: wtype D:\www\www2\admin_duidui\Index\Lib\Action\MaintypeAction.class.php 第 84 行.
NOTIC: [8] Undefined variable: wtype D:\www\www2\admin_duidui\Index\Lib\Action\MaintypeAction.class.php 第 84 行.
SQL: select * from maintype [ RunTime:0.037002s ]
SQL: select * from shouye_config [ RunTime:0.017001s ]
INFO: [ view_template ] --START--
INFO: Run LocationTemplate Behavior [ RunTime:0.015001s ]
INFO: [ view_template ] --END-- [ RunTime:0.015001s ]
INFO: [ view_parse ] --START--
NOTIC: [8] Undefined variable: page D:\www\www2\admin_duidui\Index\Runtime\Cache\af1176c1d0bf31fbcec32c2b87273594.php 第 200 行.
NOTIC: [8] Undefined variable: page D:\www\www2\admin_duidui\Index\Runtime\Cache\af1176c1d0bf31fbcec32c2b87273594.php 第 204 行.
INFO: Run ParseTemplate Behavior [ RunTime:0.040002s ]
INFO: [ view_parse ] --END-- [ RunTime:0.040002s ]
INFO: [ view_filter ] --START--
INFO: Run ContentReplace Behavior [ RunTime:0.002000s ]
INFO: Run TokenBuild Behavior [ RunTime:0.002000s ]
INFO: Run WriteHtmlCache Behavior [ RunTime:0.002001s ]
INFO: Run ShowRuntime Behavior [ RunTime:0.003000s ]
INFO: [ view_filter ] --END-- [ RunTime:0.009001s ]
INFO: [ view_end ] --START--
INFO: Run ShowPageTrace Behavior [ RunTime:0.004000s ]
INFO: [ view_end ] --END-- [ RunTime:0.004000s ]

[ 2017-07-03T17:47:14+08:00 ] 127.0.0.1 /admin_duidui/admin_y.php/Maintype/index?userxr=root
INFO: [ route_check ] --START--
INFO: Run CheckRoute Behavior [ RunTime:0.003000s ]
INFO: [ route_check ] --END-- [ RunTime:0.003000s ]
INFO: [ app_begin ] --START--
INFO: Run ReadHtmlCache Behavior [ RunTime:0.004001s ]
INFO: [ app_begin ] --END-- [ RunTime:0.004001s ]
SQL: SELECT z FROM `z_quanmainlist` group by z [ RunTime:0.003000s ]
NOTIC: [8] Undefined variable: wtype D:\www\www2\admin_duidui\Index\Lib\Action\MaintypeAction.class.php 第 84 行.
NOTIC: [8] Undefined variable: wtype D:\www\www2\admin_duidui\Index\Lib\Action\MaintypeAction.class.php 第 84 行.
SQL: select * from maintype [ RunTime:0.000000s ]
SQL: select * from shouye_config [ RunTime:0.000000s ]
INFO: [ view_template ] --START--
INFO: Run LocationTemplate Behavior [ RunTime:0.003000s ]
INFO: [ view_template ] --END-- [ RunTime:0.004000s ]
INFO: [ view_parse ] --START--
NOTIC: [8] Undefined variable: page D:\www\www2\admin_duidui\Index\Runtime\Cache\af1176c1d0bf31fbcec32c2b87273594.php 第 200 行.
NOTIC: [8] Undefined variable: page D:\www\www2\admin_duidui\Index\Runtime\Cache\af1176c1d0bf31fbcec32c2b87273594.php 第 204 行.
INFO: Run ParseTemplate Behavior [ RunTime:0.021001s ]
INFO: [ view_parse ] --END-- [ RunTime:0.021001s ]
INFO: [ view_filter ] --START--
INFO: Run ContentReplace Behavior [ RunTime:0.002001s ]
INFO: Run TokenBuild Behavior [ RunTime:0.002000s ]
INFO: Run WriteHtmlCache Behavior [ RunTime:0.002000s ]
INFO: Run ShowRuntime Behavior [ RunTime:0.003000s ]
INFO: [ view_filter ] --END-- [ RunTime:0.010001s ]
INFO: [ view_end ] --START--
INFO: Run ShowPageTrace Behavior [ RunTime:0.002000s ]
INFO: [ view_end ] --END-- [ RunTime:0.002000s ]

[ 2017-07-03T17:47:16+08:00 ] 127.0.0.1 /admin_duidui/admin_y.php/Quantype/index?userxr=root
INFO: [ route_check ] --START--
INFO: Run CheckRoute Behavior [ RunTime:0.003000s ]
INFO: [ route_check ] --END-- [ RunTime:0.003000s ]
INFO: [ app_begin ] --START--
INFO: Run ReadHtmlCache Behavior [ RunTime:0.002000s ]
INFO: [ app_begin ] --END-- [ RunTime:0.002000s ]
SQL: select * from xb_kind [ RunTime:0.026001s ]
INFO: [ view_template ] --START--
INFO: Run LocationTemplate Behavior [ RunTime:0.016001s ]
INFO: [ view_template ] --END-- [ RunTime:0.016001s ]
INFO: [ view_parse ] --START--
NOTIC: [8] Undefined variable: page D:\www\www2\admin_duidui\Index\Runtime\Cache\22d1c1c18f650531cac0cdf533beaf2f.php 第 89 行.
INFO: Run ParseTemplate Behavior [ RunTime:0.036002s ]
INFO: [ view_parse ] --END-- [ RunTime:0.036002s ]
INFO: [ view_filter ] --START--
INFO: Run ContentReplace Behavior [ RunTime:0.002000s ]
INFO: Run TokenBuild Behavior [ RunTime:0.002000s ]
INFO: Run WriteHtmlCache Behavior [ RunTime:0.003000s ]
INFO: Run ShowRuntime Behavior [ RunTime:0.002001s ]
INFO: [ view_filter ] --END-- [ RunTime:0.009001s ]
INFO: [ view_end ] --START--
INFO: Run ShowPageTrace Behavior [ RunTime:0.003000s ]
INFO: [ view_end ] --END-- [ RunTime:0.003000s ]

[ 2017-07-03T17:47:17+08:00 ] 127.0.0.1 /admin_duidui/admin_y.php/Firsttype/index?userxr=root
INFO: [ route_check ] --START--
INFO: Run CheckRoute Behavior [ RunTime:0.002000s ]
INFO: [ route_check ] --END-- [ RunTime:0.002000s ]
INFO: [ app_begin ] --START--
INFO: Run ReadHtmlCache Behavior [ RunTime:0.002000s ]
INFO: [ app_begin ] --END-- [ RunTime:0.002000s ]
SQL: SELECT COUNT(*) AS tp_count FROM `bigstore` ORDER BY  id desc  LIMIT 1   [ RunTime:0.032002s ]
SQL: SELECT * FROM `bigstore` ORDER BY  id desc  LIMIT 0,30   [ RunTime:0.000000s ]
NOTIC: [2] Invalid argument supplied for foreach() D:\www\www2\admin_duidui\Index\Lib\Action\FirsttypeAction.class.php 第 133 行.
INFO: [ view_template ] --START--
INFO: Run LocationTemplate Behavior [ RunTime:0.014001s ]
INFO: [ view_template ] --END-- [ RunTime:0.014001s ]
INFO: [ view_parse ] --START--
INFO: Run ParseTemplate Behavior [ RunTime:0.033001s ]
INFO: [ view_parse ] --END-- [ RunTime:0.034002s ]
INFO: [ view_filter ] --START--
INFO: Run ContentReplace Behavior [ RunTime:0.002000s ]
INFO: Run TokenBuild Behavior [ RunTime:0.002000s ]
INFO: Run WriteHtmlCache Behavior [ RunTime:0.003000s ]
INFO: Run ShowRuntime Behavior [ RunTime:0.002000s ]
INFO: [ view_filter ] --END-- [ RunTime:0.009000s ]
INFO: [ view_end ] --START--
INFO: Run ShowPageTrace Behavior [ RunTime:0.002000s ]
INFO: [ view_end ] --END-- [ RunTime:0.002000s ]

[ 2017-07-03T17:47:20+08:00 ] 127.0.0.1 /admin_duidui/admin_y.php/Shanghu/index?userxr=root
INFO: [ route_check ] --START--
INFO: Run CheckRoute Behavior [ RunTime:0.002000s ]
INFO: [ route_check ] --END-- [ RunTime:0.002000s ]
INFO: [ app_begin ] --START--
INFO: Run ReadHtmlCache Behavior [ RunTime:0.002000s ]
INFO: [ app_begin ] --END-- [ RunTime:0.002000s ]
SQL: SELECT COUNT(*) AS tp_count FROM `shop_site` LIMIT 1   [ RunTime:0.043002s ]
SQL: SELECT * FROM `shop_site` ORDER BY  id desc  LIMIT 0,30   [ RunTime:0.002000s ]
INFO: [ view_template ] --START--
INFO: Run LocationTemplate Behavior [ RunTime:0.011001s ]
INFO: [ view_template ] --END-- [ RunTime:0.011001s ]
INFO: [ view_parse ] --START--
NOTIC: [8] Undefined index: userid D:\www\www2\admin_duidui\Index\Runtime\Cache\d8485090e2c63e1b755caafae41431dd.php 第 154 行.
NOTIC: [8] Undefined index: reamrk D:\www\www2\admin_duidui\Index\Runtime\Cache\d8485090e2c63e1b755caafae41431dd.php 第 155 行.
NOTIC: [8] Undefined index: userid D:\www\www2\admin_duidui\Index\Runtime\Cache\d8485090e2c63e1b755caafae41431dd.php 第 163 行.
NOTIC: [8] Undefined index: reamrk D:\www\www2\admin_duidui\Index\Runtime\Cache\d8485090e2c63e1b755caafae41431dd.php 第 164 行.
NOTIC: [8] Undefined index: userid D:\www\www2\admin_duidui\Index\Runtime\Cache\d8485090e2c63e1b755caafae41431dd.php 第 154 行.
NOTIC: [8] Undefined index: reamrk D:\www\www2\admin_duidui\Index\Runtime\Cache\d8485090e2c63e1b755caafae41431dd.php 第 155 行.
NOTIC: [8] Undefined index: userid D:\www\www2\admin_duidui\Index\Runtime\Cache\d8485090e2c63e1b755caafae41431dd.php 第 163 行.
NOTIC: [8] Undefined index: reamrk D:\www\www2\admin_duidui\Index\Runtime\Cache\d8485090e2c63e1b755caafae41431dd.php 第 164 行.
NOTIC: [8] Undefined index: userid D:\www\www2\admin_duidui\Index\Runtime\Cache\d8485090e2c63e1b755caafae41431dd.php 第 154 行.
NOTIC: [8] Undefined index: reamrk D:\www\www2\admin_duidui\Index\Runtime\Cache\d8485090e2c63e1b755caafae41431dd.php 第 155 行.
NOTIC: [8] Undefined index: userid D:\www\www2\admin_duidui\Index\Runtime\Cache\d8485090e2c63e1b755caafae41431dd.php 第 163 行.
NOTIC: [8] Undefined index: reamrk D:\www\www2\admin_duidui\Index\Runtime\Cache\d8485090e2c63e1b755caafae41431dd.php 第 164 行.
NOTIC: [8] Undefined index: userid D:\www\www2\admin_duidui\Index\Runtime\Cache\d8485090e2c63e1b755caafae41431dd.php 第 154 行.
NOTIC: [8] Undefined index: reamrk D:\www\www2\admin_duidui\Index\Runtime\Cache\d8485090e2c63e1b755caafae41431dd.php 第 155 行.
NOTIC: [8] Undefined index: userid D:\www\www2\admin_duidui\Index\Runtime\Cache\d8485090e2c63e1b755caafae41431dd.php 第 163 行.
NOTIC: [8] Undefined index: reamrk D:\www\www2\admin_duidui\Index\Runtime\Cache\d8485090e2c63e1b755caafae41431dd.php 第 164 行.
NOTIC: [8] Undefined index: userid D:\www\www2\admin_duidui\Index\Runtime\Cache\d8485090e2c63e1b755caafae41431dd.php 第 154 行.
NOTIC: [8] Undefined index: reamrk D:\www\www2\admin_duidui\Index\Runtime\Cache\d8485090e2c63e1b755caafae41431dd.php 第 155 行.
NOTIC: [8] Undefined index: userid D:\www\www2\admin_duidui\Index\Runtime\Cache\d8485090e2c63e1b755caafae41431dd.php 第 163 行.
NOTIC: [8] Undefined index: reamrk D:\www\www2\admin_duidui\Index\Runtime\Cache\d8485090e2c63e1b755caafae41431dd.php 第 164 行.
NOTIC: [8] Undefined index: userid D:\www\www2\admin_duidui\Index\Runtime\Cache\d8485090e2c63e1b755caafae41431dd.php 第 154 行.
NOTIC: [8] Undefined index: reamrk D:\www\www2\admin_duidui\Index\Runtime\Cache\d8485090e2c63e1b755caafae41431dd.php 第 155 行.
NOTIC: [8] Undefined index: userid D:\www\www2\admin_duidui\Index\Runtime\Cache\d8485090e2c63e1b755caafae41431dd.php 第 163 行.
NOTIC: [8] Undefined index: reamrk D:\www\www2\admin_duidui\Index\Runtime\Cache\d8485090e2c63e1b755caafae41431dd.php 第 164 行.
NOTIC: [8] Undefined index: userid D:\www\www2\admin_duidui\Index\Runtime\Cache\d8485090e2c63e1b755caafae41431dd.php 第 154 行.
NOTIC: [8] Undefined index: reamrk D:\www\www2\admin_duidui\Index\Runtime\Cache\d8485090e2c63e1b755caafae41431dd.php 第 155 行.
NOTIC: [8] Undefined index: userid D:\www\www2\admin_duidui\Index\Runtime\Cache\d8485090e2c63e1b755caafae41431dd.php 第 163 行.
NOTIC: [8] Undefined index: reamrk D:\www\www2\admin_duidui\Index\Runtime\Cache\d8485090e2c63e1b755caafae41431dd.php 第 164 行.
INFO: Run ParseTemplate Behavior [ RunTime:0.033002s ]
INFO: [ view_parse ] --END-- [ RunTime:0.033002s ]
INFO: [ view_filter ] --START--
INFO: Run ContentReplace Behavior [ RunTime:0.003000s ]
INFO: Run TokenBuild Behavior [ RunTime:0.002000s ]
INFO: Run WriteHtmlCache Behavior [ RunTime:0.002000s ]
INFO: Run ShowRuntime Behavior [ RunTime:0.002001s ]
INFO: [ view_filter ] --END-- [ RunTime:0.009001s ]
INFO: [ view_end ] --START--
INFO: Run ShowPageTrace Behavior [ RunTime:0.002000s ]
INFO: [ view_end ] --END-- [ RunTime:0.002000s ]

[ 2017-07-03T17:52:47+08:00 ] 127.0.0.1 /admin_duidui/admin_y.php/Header/ajax
INFO: [ route_check ] --START--
INFO: Run CheckRoute Behavior [ RunTime:0.005001s ]
INFO: [ route_check ] --END-- [ RunTime:0.005001s ]
INFO: [ app_begin ] --START--
INFO: Run ReadHtmlCache Behavior [ RunTime:0.002000s ]
INFO: [ app_begin ] --END-- [ RunTime:0.002000s ]

[ 2017-07-03T17:57:47+08:00 ] 127.0.0.1 /admin_duidui/admin_y.php/Header/ajax
INFO: [ route_check ] --START--
INFO: Run CheckRoute Behavior [ RunTime:0.003000s ]
INFO: [ route_check ] --END-- [ RunTime:0.003000s ]
INFO: [ app_begin ] --START--
INFO: Run ReadHtmlCache Behavior [ RunTime:0.003000s ]
INFO: [ app_begin ] --END-- [ RunTime:0.003000s ]
SQL: UPDATE `user_admin` SET `lastLoginTime`='2017-07-03 17:57:47',`lastLoginIp`='127.0.0.1',`loginflag`=loginflag+1 WHERE ( username='root' ) [ RunTime:0.001000s ]

[ 2017-07-03T17:58:47+08:00 ] 127.0.0.1 /admin_duidui/admin_y.php/Header/ajax
INFO: [ route_check ] --START--
INFO: Run CheckRoute Behavior [ RunTime:0.002000s ]
INFO: [ route_check ] --END-- [ RunTime:0.003000s ]
INFO: [ app_begin ] --START--
INFO: Run ReadHtmlCache Behavior [ RunTime:0.003000s ]
INFO: [ app_begin ] --END-- [ RunTime:0.003000s ]

[ 2017-07-03T18:04:47+08:00 ] 127.0.0.1 /admin_duidui/admin_y.php/Header/ajax
INFO: [ route_check ] --START--
INFO: Run CheckRoute Behavior [ RunTime:0.002000s ]
INFO: [ route_check ] --END-- [ RunTime:0.002000s ]
INFO: [ app_begin ] --START--
INFO: Run ReadHtmlCache Behavior [ RunTime:0.003001s ]
INFO: [ app_begin ] --END-- [ RunTime:0.003001s ]

[ 2017-07-03T18:08:47+08:00 ] 127.0.0.1 /admin_duidui/admin_y.php/Header/ajax
INFO: [ route_check ] --START--
INFO: Run CheckRoute Behavior [ RunTime:0.003001s ]
INFO: [ route_check ] --END-- [ RunTime:0.003001s ]
INFO: [ app_begin ] --START--
INFO: Run ReadHtmlCache Behavior [ RunTime:0.002000s ]
INFO: [ app_begin ] --END-- [ RunTime:0.002000s ]
SQL: UPDATE `user_admin` SET `lastLoginTime`='2017-07-03 18:08:47',`lastLoginIp`='127.0.0.1',`loginflag`=loginflag+1 WHERE ( username='root' ) [ RunTime:0.002000s ]

[ 2017-07-03T18:10:47+08:00 ] 127.0.0.1 /admin_duidui/admin_y.php/Header/ajax
INFO: [ route_check ] --START--
INFO: Run CheckRoute Behavior [ RunTime:0.002000s ]
INFO: [ route_check ] --END-- [ RunTime:0.002000s ]
INFO: [ app_begin ] --START--
INFO: Run ReadHtmlCache Behavior [ RunTime:0.002000s ]
INFO: [ app_begin ] --END-- [ RunTime:0.002000s ]

[ 2017-07-03T18:16:47+08:00 ] 127.0.0.1 /admin_duidui/admin_y.php/Header/ajax
INFO: [ route_check ] --START--
INFO: Run CheckRoute Behavior [ RunTime:0.003000s ]
INFO: [ route_check ] --END-- [ RunTime:0.003000s ]
INFO: [ app_begin ] --START--
INFO: Run ReadHtmlCache Behavior [ RunTime:0.003000s ]
INFO: [ app_begin ] --END-- [ RunTime:0.003000s ]

[ 2017-07-03T18:19:47+08:00 ] 127.0.0.1 /admin_duidui/admin_y.php/Header/ajax
INFO: [ route_check ] --START--
INFO: Run CheckRoute Behavior [ RunTime:0.003000s ]
INFO: [ route_check ] --END-- [ RunTime:0.003000s ]
INFO: [ app_begin ] --START--
INFO: Run ReadHtmlCache Behavior [ RunTime:0.003000s ]
INFO: [ app_begin ] --END-- [ RunTime:0.003000s ]
SQL: UPDATE `user_admin` SET `lastLoginTime`='2017-07-03 18:19:47',`lastLoginIp`='127.0.0.1',`loginflag`=loginflag+1 WHERE ( username='root' ) [ RunTime:0.001000s ]

[ 2017-07-03T18:22:47+08:00 ] 127.0.0.1 /admin_duidui/admin_y.php/Header/ajax
INFO: [ route_check ] --START--
INFO: Run CheckRoute Behavior [ RunTime:0.003000s ]
INFO: [ route_check ] --END-- [ RunTime:0.003000s ]
INFO: [ app_begin ] --START--
INFO: Run ReadHtmlCache Behavior [ RunTime:0.004001s ]
INFO: [ app_begin ] --END-- [ RunTime:0.004001s ]

[ 2017-07-03T18:28:47+08:00 ] 127.0.0.1 /admin_duidui/admin_y.php/Header/ajax
INFO: [ route_check ] --START--
INFO: Run CheckRoute Behavior [ RunTime:0.004000s ]
INFO: [ route_check ] --END-- [ RunTime:0.005001s ]
INFO: [ app_begin ] --START--
INFO: Run ReadHtmlCache Behavior [ RunTime:0.003000s ]
INFO: [ app_begin ] --END-- [ RunTime:0.003000s ]

[ 2017-07-03T18:30:47+08:00 ] 127.0.0.1 /admin_duidui/admin_y.php/Header/ajax
INFO: [ route_check ] --START--
INFO: Run CheckRoute Behavior [ RunTime:0.003000s ]
INFO: [ route_check ] --END-- [ RunTime:0.003000s ]
INFO: [ app_begin ] --START--
INFO: Run ReadHtmlCache Behavior [ RunTime:0.002000s ]
INFO: [ app_begin ] --END-- [ RunTime:0.002000s ]
SQL: UPDATE `user_admin` SET `lastLoginTime`='2017-07-03 18:30:47',`lastLoginIp`='127.0.0.1',`loginflag`=loginflag+1 WHERE ( username='root' ) [ RunTime:0.000000s ]

[ 2017-07-03T18:34:47+08:00 ] 127.0.0.1 /admin_duidui/admin_y.php/Header/ajax
INFO: [ route_check ] --START--
INFO: Run CheckRoute Behavior [ RunTime:0.003000s ]
INFO: [ route_check ] --END-- [ RunTime:0.003000s ]
INFO: [ app_begin ] --START--
INFO: Run ReadHtmlCache Behavior [ RunTime:0.004001s ]
INFO: [ app_begin ] --END-- [ RunTime:0.004001s ]

[ 2017-07-03T18:40:47+08:00 ] 127.0.0.1 /admin_duidui/admin_y.php/Header/ajax
INFO: [ route_check ] --START--
INFO: Run CheckRoute Behavior [ RunTime:0.003000s ]
INFO: [ route_check ] --END-- [ RunTime:0.003000s ]
INFO: [ app_begin ] --START--
INFO: Run ReadHtmlCache Behavior [ RunTime:0.004001s ]
INFO: [ app_begin ] --END-- [ RunTime:0.004001s ]

[ 2017-07-03T18:41:47+08:00 ] 127.0.0.1 /admin_duidui/admin_y.php/Header/ajax
INFO: [ route_check ] --START--
INFO: Run CheckRoute Behavior [ RunTime:0.003000s ]
INFO: [ route_check ] --END-- [ RunTime:0.003000s ]
INFO: [ app_begin ] --START--
INFO: Run ReadHtmlCache Behavior [ RunTime:0.007000s ]
INFO: [ app_begin ] --END-- [ RunTime:0.007000s ]
SQL: UPDATE `user_admin` SET `lastLoginTime`='2017-07-03 18:41:47',`lastLoginIp`='127.0.0.1',`loginflag`=loginflag+1 WHERE ( username='root' ) [ RunTime:0.001000s ]

[ 2017-07-03T18:46:47+08:00 ] 127.0.0.1 /admin_duidui/admin_y.php/Header/ajax
INFO: [ route_check ] --START--
INFO: Run CheckRoute Behavior [ RunTime:0.003000s ]
INFO: [ route_check ] --END-- [ RunTime:0.003000s ]
INFO: [ app_begin ] --START--
INFO: Run ReadHtmlCache Behavior [ RunTime:0.003000s ]
INFO: [ app_begin ] --END-- [ RunTime:0.003000s ]

[ 2017-07-03T18:52:47+08:00 ] 127.0.0.1 /admin_duidui/admin_y.php/Header/ajax
INFO: [ route_check ] --START--
INFO: Run CheckRoute Behavior [ RunTime:0.003000s ]
INFO: [ route_check ] --END-- [ RunTime:0.003000s ]
INFO: [ app_begin ] --START--
INFO: Run ReadHtmlCache Behavior [ RunTime:0.002000s ]
INFO: [ app_begin ] --END-- [ RunTime:0.002000s ]
SQL: UPDATE `user_admin` SET `lastLoginTime`='2017-07-03 18:52:47',`lastLoginIp`='127.0.0.1',`loginflag`=loginflag+1 WHERE ( username='root' ) [ RunTime:0.000000s ]

[ 2017-07-03T18:52:47+08:00 ] 127.0.0.1 /admin_duidui/admin_y.php/Header/ajax
INFO: [ route_check ] --START--
INFO: Run CheckRoute Behavior [ RunTime:0.008000s ]
INFO: [ route_check ] --END-- [ RunTime:0.008000s ]
INFO: [ app_begin ] --START--
INFO: Run ReadHtmlCache Behavior [ RunTime:0.003000s ]
INFO: [ app_begin ] --END-- [ RunTime:0.003000s ]

[ 2017-07-03T18:58:47+08:00 ] 127.0.0.1 /admin_duidui/admin_y.php/Header/ajax
INFO: [ route_check ] --START--
INFO: Run CheckRoute Behavior [ RunTime:0.003000s ]
INFO: [ route_check ] --END-- [ RunTime:0.003000s ]
INFO: [ app_begin ] --START--
INFO: Run ReadHtmlCache Behavior [ RunTime:0.002000s ]
INFO: [ app_begin ] --END-- [ RunTime:0.002000s ]

[ 2017-07-03T19:03:47+08:00 ] 127.0.0.1 /admin_duidui/admin_y.php/Header/ajax
INFO: [ route_check ] --START--
INFO: Run CheckRoute Behavior [ RunTime:0.004000s ]
INFO: [ route_check ] --END-- [ RunTime:0.004000s ]
INFO: [ app_begin ] --START--
INFO: Run ReadHtmlCache Behavior [ RunTime:0.003000s ]
INFO: [ app_begin ] --END-- [ RunTime:0.003000s ]
SQL: UPDATE `user_admin` SET `lastLoginTime`='2017-07-03 19:03:47',`lastLoginIp`='127.0.0.1',`loginflag`=loginflag+1 WHERE ( username='root' ) [ RunTime:0.002000s ]

[ 2017-07-03T19:04:47+08:00 ] 127.0.0.1 /admin_duidui/admin_y.php/Header/ajax
INFO: [ route_check ] --START--
INFO: Run CheckRoute Behavior [ RunTime:0.003000s ]
INFO: [ route_check ] --END-- [ RunTime:0.003000s ]
INFO: [ app_begin ] --START--
INFO: Run ReadHtmlCache Behavior [ RunTime:0.002000s ]
INFO: [ app_begin ] --END-- [ RunTime:0.002000s ]

[ 2017-07-03T19:10:47+08:00 ] 127.0.0.1 /admin_duidui/admin_y.php/Header/ajax
INFO: [ route_check ] --START--
INFO: Run CheckRoute Behavior [ RunTime:0.005001s ]
INFO: [ route_check ] --END-- [ RunTime:0.005001s ]
INFO: [ app_begin ] --START--
INFO: Run ReadHtmlCache Behavior [ RunTime:0.003000s ]
INFO: [ app_begin ] --END-- [ RunTime:0.003000s ]

[ 2017-07-03T19:14:47+08:00 ] 127.0.0.1 /admin_duidui/admin_y.php/Header/ajax
INFO: [ route_check ] --START--
INFO: Run CheckRoute Behavior [ RunTime:0.003000s ]
INFO: [ route_check ] --END-- [ RunTime:0.004000s ]
INFO: [ app_begin ] --START--
INFO: Run ReadHtmlCache Behavior [ RunTime:0.003000s ]
INFO: [ app_begin ] --END-- [ RunTime:0.003000s ]
SQL: UPDATE `user_admin` SET `lastLoginTime`='2017-07-03 19:14:47',`lastLoginIp`='127.0.0.1',`loginflag`=loginflag+1 WHERE ( username='root' ) [ RunTime:0.000000s ]

[ 2017-07-03T19:16:47+08:00 ] 127.0.0.1 /admin_duidui/admin_y.php/Header/ajax
INFO: [ route_check ] --START--
INFO: Run CheckRoute Behavior [ RunTime:0.004001s ]
INFO: [ route_check ] --END-- [ RunTime:0.004001s ]
INFO: [ app_begin ] --START--
INFO: Run ReadHtmlCache Behavior [ RunTime:0.002000s ]
INFO: [ app_begin ] --END-- [ RunTime:0.002000s ]

[ 2017-07-03T19:22:47+08:00 ] 127.0.0.1 /admin_duidui/admin_y.php/Header/ajax
INFO: [ route_check ] --START--
INFO: Run CheckRoute Behavior [ RunTime:0.003001s ]
INFO: [ route_check ] --END-- [ RunTime:0.003001s ]
INFO: [ app_begin ] --START--
INFO: Run ReadHtmlCache Behavior [ RunTime:0.003000s ]
INFO: [ app_begin ] --END-- [ RunTime:0.003000s ]

[ 2017-07-03T19:25:47+08:00 ] 127.0.0.1 /admin_duidui/admin_y.php/Header/ajax
INFO: [ route_check ] --START--
INFO: Run CheckRoute Behavior [ RunTime:0.003000s ]
INFO: [ route_check ] --END-- [ RunTime:0.005000s ]
INFO: [ app_begin ] --START--
INFO: Run ReadHtmlCache Behavior [ RunTime:0.005000s ]
INFO: [ app_begin ] --END-- [ RunTime:0.005000s ]
SQL: UPDATE `user_admin` SET `lastLoginTime`='2017-07-03 19:25:47',`lastLoginIp`='127.0.0.1',`loginflag`=loginflag+1 WHERE ( username='root' ) [ RunTime:0.000000s ]

[ 2017-07-03T19:28:47+08:00 ] 127.0.0.1 /admin_duidui/admin_y.php/Header/ajax
INFO: [ route_check ] --START--
INFO: Run CheckRoute Behavior [ RunTime:0.004001s ]
INFO: [ route_check ] --END-- [ RunTime:0.004001s ]
INFO: [ app_begin ] --START--
INFO: Run ReadHtmlCache Behavior [ RunTime:0.002000s ]
INFO: [ app_begin ] --END-- [ RunTime:0.002000s ]

[ 2017-07-03T19:34:47+08:00 ] 127.0.0.1 /admin_duidui/admin_y.php/Header/ajax
INFO: [ route_check ] --START--
INFO: Run CheckRoute Behavior [ RunTime:0.002000s ]
INFO: [ route_check ] --END-- [ RunTime:0.002000s ]
INFO: [ app_begin ] --START--
INFO: Run ReadHtmlCache Behavior [ RunTime:0.003000s ]
INFO: [ app_begin ] --END-- [ RunTime:0.003000s ]

[ 2017-07-03T19:36:47+08:00 ] 127.0.0.1 /admin_duidui/admin_y.php/Header/ajax
INFO: [ route_check ] --START--
INFO: Run CheckRoute Behavior [ RunTime:0.003000s ]
INFO: [ route_check ] --END-- [ RunTime:0.003000s ]
INFO: [ app_begin ] --START--
INFO: Run ReadHtmlCache Behavior [ RunTime:0.002000s ]
INFO: [ app_begin ] --END-- [ RunTime:0.002000s ]
SQL: UPDATE `user_admin` SET `lastLoginTime`='2017-07-03 19:36:47',`lastLoginIp`='127.0.0.1',`loginflag`=loginflag+1 WHERE ( username='root' ) [ RunTime:0.001000s ]

[ 2017-07-03T19:40:47+08:00 ] 127.0.0.1 /admin_duidui/admin_y.php/Header/ajax
INFO: [ route_check ] --START--
INFO: Run CheckRoute Behavior [ RunTime:0.003000s ]
INFO: [ route_check ] --END-- [ RunTime:0.003000s ]
INFO: [ app_begin ] --START--
INFO: Run ReadHtmlCache Behavior [ RunTime:0.002000s ]
INFO: [ app_begin ] --END-- [ RunTime:0.002000s ]

[ 2017-07-03T19:46:47+08:00 ] 127.0.0.1 /admin_duidui/admin_y.php/Header/ajax
INFO: [ route_check ] --START--
INFO: Run CheckRoute Behavior [ RunTime:0.003000s ]
INFO: [ route_check ] --END-- [ RunTime:0.003000s ]
INFO: [ app_begin ] --START--
INFO: Run ReadHtmlCache Behavior [ RunTime:0.003000s ]
INFO: [ app_begin ] --END-- [ RunTime:0.003000s ]

[ 2017-07-03T19:47:47+08:00 ] 127.0.0.1 /admin_duidui/admin_y.php/Header/ajax
INFO: [ route_check ] --START--
INFO: Run CheckRoute Behavior [ RunTime:0.003000s ]
INFO: [ route_check ] --END-- [ RunTime:0.003000s ]
INFO: [ app_begin ] --START--
INFO: Run ReadHtmlCache Behavior [ RunTime:0.002000s ]
INFO: [ app_begin ] --END-- [ RunTime:0.002000s ]
SQL: UPDATE `user_admin` SET `lastLoginTime`='2017-07-03 19:47:47',`lastLoginIp`='127.0.0.1',`loginflag`=loginflag+1 WHERE ( username='root' ) [ RunTime:0.000000s ]

[ 2017-07-03T19:52:47+08:00 ] 127.0.0.1 /admin_duidui/admin_y.php/Header/ajax
INFO: [ route_check ] --START--
INFO: Run CheckRoute Behavior [ RunTime:0.002000s ]
INFO: [ route_check ] --END-- [ RunTime:0.003000s ]
INFO: [ app_begin ] --START--
INFO: Run ReadHtmlCache Behavior [ RunTime:0.003000s ]
INFO: [ app_begin ] --END-- [ RunTime:0.003000s ]

[ 2017-07-03T19:58:47+08:00 ] 127.0.0.1 /admin_duidui/admin_y.php/Header/ajax
INFO: [ route_check ] --START--
INFO: Run CheckRoute Behavior [ RunTime:0.003000s ]
INFO: [ route_check ] --END-- [ RunTime:0.003000s ]
INFO: [ app_begin ] --START--
INFO: Run ReadHtmlCache Behavior [ RunTime:0.003000s ]
INFO: [ app_begin ] --END-- [ RunTime:0.003000s ]

[ 2017-07-03T19:58:47+08:00 ] 127.0.0.1 /admin_duidui/admin_y.php/Header/ajax
INFO: [ route_check ] --START--
INFO: Run CheckRoute Behavior [ RunTime:0.002000s ]
INFO: [ route_check ] --END-- [ RunTime:0.002000s ]
INFO: [ app_begin ] --START--
INFO: Run ReadHtmlCache Behavior [ RunTime:0.003000s ]
INFO: [ app_begin ] --END-- [ RunTime:0.003000s ]
SQL: UPDATE `user_admin` SET `lastLoginTime`='2017-07-03 19:58:47',`lastLoginIp`='127.0.0.1',`loginflag`=loginflag+1 WHERE ( username='root' ) [ RunTime:0.000000s ]

[ 2017-07-03T20:04:47+08:00 ] 127.0.0.1 /admin_duidui/admin_y.php/Header/ajax
INFO: [ route_check ] --START--
INFO: Run CheckRoute Behavior [ RunTime:0.004000s ]
INFO: [ route_check ] --END-- [ RunTime:0.004000s ]
INFO: [ app_begin ] --START--
INFO: Run ReadHtmlCache Behavior [ RunTime:0.004000s ]
INFO: [ app_begin ] --END-- [ RunTime:0.004000s ]

[ 2017-07-03T20:09:47+08:00 ] 127.0.0.1 /admin_duidui/admin_y.php/Header/ajax
INFO: [ route_check ] --START--
INFO: Run CheckRoute Behavior [ RunTime:0.003000s ]
INFO: [ route_check ] --END-- [ RunTime:0.003000s ]
INFO: [ app_begin ] --START--
INFO: Run ReadHtmlCache Behavior [ RunTime:0.002000s ]
INFO: [ app_begin ] --END-- [ RunTime:0.002000s ]
SQL: UPDATE `user_admin` SET `lastLoginTime`='2017-07-03 20:09:47',`lastLoginIp`='127.0.0.1',`loginflag`=loginflag+1 WHERE ( username='root' ) [ RunTime:0.002000s ]

[ 2017-07-03T20:10:47+08:00 ] 127.0.0.1 /admin_duidui/admin_y.php/Header/ajax
INFO: [ route_check ] --START--
INFO: Run CheckRoute Behavior [ RunTime:0.003000s ]
INFO: [ route_check ] --END-- [ RunTime:0.003000s ]
INFO: [ app_begin ] --START--
INFO: Run ReadHtmlCache Behavior [ RunTime:0.002000s ]
INFO: [ app_begin ] --END-- [ RunTime:0.002000s ]

[ 2017-07-03T20:16:47+08:00 ] 127.0.0.1 /admin_duidui/admin_y.php/Header/ajax
INFO: [ route_check ] --START--
INFO: Run CheckRoute Behavior [ RunTime:0.003001s ]
INFO: [ route_check ] --END-- [ RunTime:0.003001s ]
INFO: [ app_begin ] --START--
INFO: Run ReadHtmlCache Behavior [ RunTime:0.002000s ]
INFO: [ app_begin ] --END-- [ RunTime:0.002000s ]

[ 2017-07-03T20:20:47+08:00 ] 127.0.0.1 /admin_duidui/admin_y.php/Header/ajax
INFO: [ route_check ] --START--
INFO: Run CheckRoute Behavior [ RunTime:0.002000s ]
INFO: [ route_check ] --END-- [ RunTime:0.002000s ]
INFO: [ app_begin ] --START--
INFO: Run ReadHtmlCache Behavior [ RunTime:0.002000s ]
INFO: [ app_begin ] --END-- [ RunTime:0.002000s ]
SQL: UPDATE `user_admin` SET `lastLoginTime`='2017-07-03 20:20:47',`lastLoginIp`='127.0.0.1',`loginflag`=loginflag+1 WHERE ( username='root' ) [ RunTime:0.000000s ]

[ 2017-07-03T20:22:47+08:00 ] 127.0.0.1 /admin_duidui/admin_y.php/Header/ajax
INFO: [ route_check ] --START--
INFO: Run CheckRoute Behavior [ RunTime:0.002000s ]
INFO: [ route_check ] --END-- [ RunTime:0.003000s ]
INFO: [ app_begin ] --START--
INFO: Run ReadHtmlCache Behavior [ RunTime:0.003000s ]
INFO: [ app_begin ] --END-- [ RunTime:0.003000s ]

[ 2017-07-03T20:28:47+08:00 ] 127.0.0.1 /admin_duidui/admin_y.php/Header/ajax
INFO: [ route_check ] --START--
INFO: Run CheckRoute Behavior [ RunTime:0.002000s ]
INFO: [ route_check ] --END-- [ RunTime:0.002000s ]
INFO: [ app_begin ] --START--
INFO: Run ReadHtmlCache Behavior [ RunTime:0.004001s ]
INFO: [ app_begin ] --END-- [ RunTime:0.004001s ]

[ 2017-07-03T20:31:47+08:00 ] 127.0.0.1 /admin_duidui/admin_y.php/Header/ajax
INFO: [ route_check ] --START--
INFO: Run CheckRoute Behavior [ RunTime:0.004000s ]
INFO: [ route_check ] --END-- [ RunTime:0.004000s ]
INFO: [ app_begin ] --START--
INFO: Run ReadHtmlCache Behavior [ RunTime:0.002000s ]
INFO: [ app_begin ] --END-- [ RunTime:0.003000s ]
SQL: UPDATE `user_admin` SET `lastLoginTime`='2017-07-03 20:31:47',`lastLoginIp`='127.0.0.1',`loginflag`=loginflag+1 WHERE ( username='root' ) [ RunTime:0.001000s ]

[ 2017-07-03T20:34:47+08:00 ] 127.0.0.1 /admin_duidui/admin_y.php/Header/ajax
INFO: [ route_check ] --START--
INFO: Run CheckRoute Behavior [ RunTime:0.003000s ]
INFO: [ route_check ] --END-- [ RunTime:0.003000s ]
INFO: [ app_begin ] --START--
INFO: Run ReadHtmlCache Behavior [ RunTime:0.002000s ]
INFO: [ app_begin ] --END-- [ RunTime:0.002000s ]

[ 2017-07-03T20:40:47+08:00 ] 127.0.0.1 /admin_duidui/admin_y.php/Header/ajax
INFO: [ route_check ] --START--
INFO: Run CheckRoute Behavior [ RunTime:0.002001s ]
INFO: [ route_check ] --END-- [ RunTime:0.002001s ]
INFO: [ app_begin ] --START--
INFO: Run ReadHtmlCache Behavior [ RunTime:0.003000s ]
INFO: [ app_begin ] --END-- [ RunTime:0.003000s ]

[ 2017-07-03T20:42:47+08:00 ] 127.0.0.1 /admin_duidui/admin_y.php/Header/ajax
INFO: [ route_check ] --START--
INFO: Run CheckRoute Behavior [ RunTime:0.003000s ]
INFO: [ route_check ] --END-- [ RunTime:0.003000s ]
INFO: [ app_begin ] --START--
INFO: Run ReadHtmlCache Behavior [ RunTime:0.003001s ]
INFO: [ app_begin ] --END-- [ RunTime:0.004001s ]
SQL: UPDATE `user_admin` SET `lastLoginTime`='2017-07-03 20:42:47',`lastLoginIp`='127.0.0.1',`loginflag`=loginflag+1 WHERE ( username='root' ) [ RunTime:0.001000s ]

[ 2017-07-03T20:46:47+08:00 ] 127.0.0.1 /admin_duidui/admin_y.php/Header/ajax
INFO: [ route_check ] --START--
INFO: Run CheckRoute Behavior [ RunTime:0.003000s ]
INFO: [ route_check ] --END-- [ RunTime:0.003000s ]
INFO: [ app_begin ] --START--
INFO: Run ReadHtmlCache Behavior [ RunTime:0.003000s ]
INFO: [ app_begin ] --END-- [ RunTime:0.003000s ]

[ 2017-07-03T20:52:47+08:00 ] 127.0.0.1 /admin_duidui/admin_y.php/Header/ajax
INFO: [ route_check ] --START--
INFO: Run CheckRoute Behavior [ RunTime:0.003000s ]
INFO: [ route_check ] --END-- [ RunTime:0.003000s ]
INFO: [ app_begin ] --START--
INFO: Run ReadHtmlCache Behavior [ RunTime:0.002000s ]
INFO: [ app_begin ] --END-- [ RunTime:0.002000s ]

[ 2017-07-03T20:53:47+08:00 ] 127.0.0.1 /admin_duidui/admin_y.php/Header/ajax
INFO: [ route_check ] --START--
INFO: Run CheckRoute Behavior [ RunTime:0.003001s ]
INFO: [ route_check ] --END-- [ RunTime:0.003001s ]
INFO: [ app_begin ] --START--
INFO: Run ReadHtmlCache Behavior [ RunTime:0.002000s ]
INFO: [ app_begin ] --END-- [ RunTime:0.003000s ]
SQL: UPDATE `user_admin` SET `lastLoginTime`='2017-07-03 20:53:47',`lastLoginIp`='127.0.0.1',`loginflag`=loginflag+1 WHERE ( username='root' ) [ RunTime:0.000000s ]

[ 2017-07-03T20:58:47+08:00 ] 127.0.0.1 /admin_duidui/admin_y.php/Header/ajax
INFO: [ route_check ] --START--
INFO: Run CheckRoute Behavior [ RunTime:0.003000s ]
INFO: [ route_check ] --END-- [ RunTime:0.003000s ]
INFO: [ app_begin ] --START--
INFO: Run ReadHtmlCache Behavior [ RunTime:0.002000s ]
INFO: [ app_begin ] --END-- [ RunTime:0.002000s ]

[ 2017-07-03T21:04:47+08:00 ] 127.0.0.1 /admin_duidui/admin_y.php/Header/ajax
INFO: [ route_check ] --START--
INFO: Run CheckRoute Behavior [ RunTime:0.002000s ]
INFO: [ route_check ] --END-- [ RunTime:0.002000s ]
INFO: [ app_begin ] --START--
INFO: Run ReadHtmlCache Behavior [ RunTime:0.002000s ]
INFO: [ app_begin ] --END-- [ RunTime:0.002000s ]

[ 2017-07-03T21:04:47+08:00 ] 127.0.0.1 /admin_duidui/admin_y.php/Header/ajax
INFO: [ route_check ] --START--
INFO: Run CheckRoute Behavior [ RunTime:0.003000s ]
INFO: [ route_check ] --END-- [ RunTime:0.003000s ]
INFO: [ app_begin ] --START--
INFO: Run ReadHtmlCache Behavior [ RunTime:0.002000s ]
INFO: [ app_begin ] --END-- [ RunTime:0.002000s ]
SQL: UPDATE `user_admin` SET `lastLoginTime`='2017-07-03 21:04:47',`lastLoginIp`='127.0.0.1',`loginflag`=loginflag+1 WHERE ( username='root' ) [ RunTime:0.002000s ]

[ 2017-07-03T21:10:47+08:00 ] 127.0.0.1 /admin_duidui/admin_y.php/Header/ajax
INFO: [ route_check ] --START--
INFO: Run CheckRoute Behavior [ RunTime:0.003001s ]
INFO: [ route_check ] --END-- [ RunTime:0.003001s ]
INFO: [ app_begin ] --START--
INFO: Run ReadHtmlCache Behavior [ RunTime:0.003000s ]
INFO: [ app_begin ] --END-- [ RunTime:0.003000s ]

[ 2017-07-03T21:15:47+08:00 ] 127.0.0.1 /admin_duidui/admin_y.php/Header/ajax
INFO: [ route_check ] --START--
INFO: Run CheckRoute Behavior [ RunTime:0.003001s ]
INFO: [ route_check ] --END-- [ RunTime:0.003001s ]
INFO: [ app_begin ] --START--
INFO: Run ReadHtmlCache Behavior [ RunTime:0.002000s ]
INFO: [ app_begin ] --END-- [ RunTime:0.002000s ]
SQL: UPDATE `user_admin` SET `lastLoginTime`='2017-07-03 21:15:47',`lastLoginIp`='127.0.0.1',`loginflag`=loginflag+1 WHERE ( username='root' ) [ RunTime:0.001000s ]

[ 2017-07-03T21:16:47+08:00 ] 127.0.0.1 /admin_duidui/admin_y.php/Header/ajax
INFO: [ route_check ] --START--
INFO: Run CheckRoute Behavior [ RunTime:0.003000s ]
INFO: [ route_check ] --END-- [ RunTime:0.003000s ]
INFO: [ app_begin ] --START--
INFO: Run ReadHtmlCache Behavior [ RunTime:0.002000s ]
INFO: [ app_begin ] --END-- [ RunTime:0.002000s ]

[ 2017-07-03T21:22:47+08:00 ] 127.0.0.1 /admin_duidui/admin_y.php/Header/ajax
INFO: [ route_check ] --START--
INFO: Run CheckRoute Behavior [ RunTime:0.003000s ]
INFO: [ route_check ] --END-- [ RunTime:0.003000s ]
INFO: [ app_begin ] --START--
INFO: Run ReadHtmlCache Behavior [ RunTime:0.002000s ]
INFO: [ app_begin ] --END-- [ RunTime:0.002000s ]

[ 2017-07-03T21:26:47+08:00 ] 127.0.0.1 /admin_duidui/admin_y.php/Header/ajax
INFO: [ route_check ] --START--
INFO: Run CheckRoute Behavior [ RunTime:0.003000s ]
INFO: [ route_check ] --END-- [ RunTime:0.003000s ]
INFO: [ app_begin ] --START--
INFO: Run ReadHtmlCache Behavior [ RunTime:0.002000s ]
INFO: [ app_begin ] --END-- [ RunTime:0.002000s ]
SQL: UPDATE `user_admin` SET `lastLoginTime`='2017-07-03 21:26:47',`lastLoginIp`='127.0.0.1',`loginflag`=loginflag+1 WHERE ( username='root' ) [ RunTime:0.000000s ]

[ 2017-07-03T21:28:47+08:00 ] 127.0.0.1 /admin_duidui/admin_y.php/Header/ajax
INFO: [ route_check ] --START--
INFO: Run CheckRoute Behavior [ RunTime:0.003000s ]
INFO: [ route_check ] --END-- [ RunTime:0.003000s ]
INFO: [ app_begin ] --START--
INFO: Run ReadHtmlCache Behavior [ RunTime:0.003000s ]
INFO: [ app_begin ] --END-- [ RunTime:0.003000s ]

