
BEGINXB--------------------BEGIN--------------------BEGIN
2017-06-27 16:26:36    request_uri:    /duidui/interface/xbinit.php
thetype=>2206|nowtime=>1463384184|md5key=>527aa50704b8e9e2529e1a03e6ccd912|usertype=>1|userid=>1|userkey=>c22fdaf088d8f1369c3f4c8ec80c96a3|phone=>|vcode=>|yijian=>|keyong_jifen=>|dongjie_jifen=>|sex=>|birthday=>|userlevel=>|nickname=>|mobile=>|shouhuoren=>|province=>|city=>|address=>|zipcode=>|is_default=>|address_id=>|count=>|page=>|taskid=>|tid=>|geturl=>/duidui/interface/xbinit.php|posturl=>thetype=2206&nowtime=1463384184&md5key=527aa50704b8e9e2529e1a03e6ccd912&usertype=1&userid=1&userkey=c22fdaf088d8f1369c3f4c8ec80c96a3&sharequan=888|tasktype=>|houzhui=>|imgdata=>|jiguangid=>|openid=>|quantype=>|quanshow=>|quanid=>|collect=>|kindtype=>|libao=>|typeid=>|proname=>|type=>|productid=>|keyong_money=>|shoptype=>|shopchildtype=>|sharequan=>888|sharefriend=>|lat=>|lng=>|yuanprice=>|nowprice=>|discount=>|over_datetime=>|keystr=>|
error-----操作类型错误

BEGINXB--------------------BEGIN--------------------BEGIN
2017-06-27 16:27:27    request_uri:    /duidui/interface/xbinit.php
thetype=>2206|nowtime=>1463384184|md5key=>527aa50704b8e9e2529e1a03e6ccd912|usertype=>1|userid=>1|userkey=>c22fdaf088d8f1369c3f4c8ec80c96a3|phone=>|vcode=>|yijian=>|keyong_jifen=>|dongjie_jifen=>|sex=>|birthday=>|userlevel=>|nickname=>|mobile=>|shouhuoren=>|province=>|city=>|address=>|zipcode=>|is_default=>|address_id=>|count=>|page=>|taskid=>|tid=>|geturl=>/duidui/interface/xbinit.php|posturl=>thetype=2206&nowtime=1463384184&md5key=527aa50704b8e9e2529e1a03e6ccd912&usertype=1&userid=1&userkey=c22fdaf088d8f1369c3f4c8ec80c96a3&sharequan=888|tasktype=>|houzhui=>|imgdata=>|jiguangid=>|openid=>|quantype=>|quanshow=>|quanid=>|collect=>|kindtype=>|libao=>|typeid=>|proname=>|type=>|productid=>|keyong_money=>|shoptype=>|shopchildtype=>|sharequan=>888|sharefriend=>|lat=>|lng=>|yuanprice=>|nowprice=>|discount=>|over_datetime=>|keystr=>|
error-----操作类型错误

BEGINXB--------------------BEGIN--------------------BEGIN
2017-06-27 16:28:59    request_uri:    /duidui/interface/xbinit.php
thetype=>2206|nowtime=>1463384184|md5key=>527aa50704b8e9e2529e1a03e6ccd912|usertype=>1|userid=>1|userkey=>c22fdaf088d8f1369c3f4c8ec80c96a3|phone=>|vcode=>|yijian=>|keyong_jifen=>|dongjie_jifen=>|sex=>|birthday=>|userlevel=>|nickname=>|mobile=>|shouhuoren=>|province=>|city=>|address=>|zipcode=>|is_default=>|address_id=>|count=>|page=>|taskid=>|tid=>|geturl=>/duidui/interface/xbinit.php|posturl=>thetype=2206&nowtime=1463384184&md5key=527aa50704b8e9e2529e1a03e6ccd912&usertype=1&userid=1&userkey=c22fdaf088d8f1369c3f4c8ec80c96a3&sharequan=888|tasktype=>|houzhui=>|imgdata=>|jiguangid=>|openid=>|quantype=>|quanshow=>|quanid=>|collect=>|kindtype=>|libao=>|typeid=>|proname=>|type=>|productid=>|keyong_money=>|shoptype=>|shopchildtype=>|sharequan=>888|sharefriend=>|lat=>|lng=>|yuanprice=>|nowprice=>|discount=>|over_datetime=>|keystr=>|
error-----该用户已领取过礼包

BEGINXB--------------------BEGIN--------------------BEGIN
2017-06-27 16:30:18    request_uri:    /duidui/interface/xbinit.php
thetype=>2206|nowtime=>1463384184|md5key=>527aa50704b8e9e2529e1a03e6ccd912|usertype=>1|userid=>1|userkey=>c22fdaf088d8f1369c3f4c8ec80c96a3|phone=>|vcode=>|yijian=>|keyong_jifen=>|dongjie_jifen=>|sex=>|birthday=>|userlevel=>|nickname=>|mobile=>|shouhuoren=>|province=>|city=>|address=>|zipcode=>|is_default=>|address_id=>|count=>|page=>|taskid=>|tid=>|geturl=>/duidui/interface/xbinit.php|posturl=>thetype=2206&nowtime=1463384184&md5key=527aa50704b8e9e2529e1a03e6ccd912&usertype=1&userid=1&userkey=c22fdaf088d8f1369c3f4c8ec80c96a3&sharequan=888|tasktype=>|houzhui=>|imgdata=>|jiguangid=>|openid=>|quantype=>|quanshow=>|quanid=>|collect=>|kindtype=>|libao=>|typeid=>|proname=>|type=>|productid=>|keyong_money=>|shoptype=>|shopchildtype=>|sharequan=>888|sharefriend=>|lat=>|lng=>|yuanprice=>|nowprice=>|discount=>|over_datetime=>|keystr=>|
success-----新手好礼领取成功

BEGINXB--------------------BEGIN--------------------BEGIN
2017-06-27 16:34:43    request_uri:    /duidui/interface/xbinit.php
thetype=>2206|nowtime=>1463384184|md5key=>527aa50704b8e9e2529e1a03e6ccd912|usertype=>1|userid=>1|userkey=>c22fdaf088d8f1369c3f4c8ec80c96a3|phone=>|vcode=>|yijian=>|keyong_jifen=>|dongjie_jifen=>|sex=>|birthday=>|userlevel=>|nickname=>|mobile=>|shouhuoren=>|province=>|city=>|address=>|zipcode=>|is_default=>|address_id=>|count=>|page=>|taskid=>|tid=>|geturl=>/duidui/interface/xbinit.php|posturl=>thetype=2206&nowtime=1463384184&md5key=527aa50704b8e9e2529e1a03e6ccd912&usertype=1&userid=1&userkey=c22fdaf088d8f1369c3f4c8ec80c96a3&sharequan=888|tasktype=>|houzhui=>|imgdata=>|jiguangid=>|openid=>|quantype=>|quanshow=>|quanid=>|collect=>|kindtype=>|libao=>|typeid=>|proname=>|type=>|productid=>|keyong_money=>|shoptype=>|shopchildtype=>|sharequan=>888|sharefriend=>|lat=>|lng=>|yuanprice=>|nowprice=>|discount=>|over_datetime=>|keystr=>|
error-----该用户已领取过礼包

BEGINXB--------------------BEGIN--------------------BEGIN
2017-06-27 16:34:59    request_uri:    /duidui/interface/xbinit.php
thetype=>2206|nowtime=>1463384184|md5key=>527aa50704b8e9e2529e1a03e6ccd912|usertype=>1|userid=>1|userkey=>c22fdaf088d8f1369c3f4c8ec80c96a3|phone=>|vcode=>|yijian=>|keyong_jifen=>|dongjie_jifen=>|sex=>|birthday=>|userlevel=>|nickname=>|mobile=>|shouhuoren=>|province=>|city=>|address=>|zipcode=>|is_default=>|address_id=>|count=>|page=>|taskid=>|tid=>|geturl=>/duidui/interface/xbinit.php|posturl=>thetype=2206&nowtime=1463384184&md5key=527aa50704b8e9e2529e1a03e6ccd912&usertype=1&userid=1&userkey=c22fdaf088d8f1369c3f4c8ec80c96a3&sharequan=666|tasktype=>|houzhui=>|imgdata=>|jiguangid=>|openid=>|quantype=>|quanshow=>|quanid=>|collect=>|kindtype=>|libao=>|typeid=>|proname=>|type=>|productid=>|keyong_money=>|shoptype=>|shopchildtype=>|sharequan=>666|sharefriend=>|lat=>|lng=>|yuanprice=>|nowprice=>|discount=>|over_datetime=>|keystr=>|
success-----新手好礼分享成功

BEGINXB--------------------BEGIN--------------------BEGIN
2017-06-27 16:42:03    request_uri:    /duidui/interface/xbinit.php
thetype=>2206|nowtime=>1498552918000|md5key=>527aa50704b8e9e2529e1a03e6ccd912|usertype=>1|userid=>28|userkey=>daf080e8785209245290bcfed6fdf2bb|phone=>|vcode=>|yijian=>|keyong_jifen=>|dongjie_jifen=>|sex=>|birthday=>|userlevel=>|nickname=>|mobile=>|shouhuoren=>|province=>|city=>|address=>|zipcode=>|is_default=>|address_id=>|count=>|page=>|taskid=>|tid=>|geturl=>/duidui/interface/xbinit.php|posturl=>thetype=2206&sharequan=5646513654&md5key=527aa50704b8e9e2529e1a03e6ccd912&nowtime=1498552918000&usertype=1&userid=28&userkey=daf080e8785209245290bcfed6fdf2bb|tasktype=>|houzhui=>|imgdata=>|jiguangid=>|openid=>|quantype=>|quanshow=>|quanid=>|collect=>|kindtype=>|libao=>|typeid=>|proname=>|type=>|productid=>|keyong_money=>|shoptype=>|shopchildtype=>|sharequan=>5646513654|sharefriend=>|lat=>|lng=>|yuanprice=>|nowprice=>|discount=>|over_datetime=>|keystr=>|

BEGINXB--------------------BEGIN--------------------BEGIN
2017-06-27 16:42:07    request_uri:    /duidui/interface/xbinit.php
thetype=>2206|nowtime=>1498552922000|md5key=>527aa50704b8e9e2529e1a03e6ccd912|usertype=>1|userid=>28|userkey=>daf080e8785209245290bcfed6fdf2bb|phone=>|vcode=>|yijian=>|keyong_jifen=>|dongjie_jifen=>|sex=>|birthday=>|userlevel=>|nickname=>|mobile=>|shouhuoren=>|province=>|city=>|address=>|zipcode=>|is_default=>|address_id=>|count=>|page=>|taskid=>|tid=>|geturl=>/duidui/interface/xbinit.php|posturl=>thetype=2206&sharequan=5646513654&md5key=527aa50704b8e9e2529e1a03e6ccd912&nowtime=1498552922000&usertype=1&userid=28&userkey=daf080e8785209245290bcfed6fdf2bb|tasktype=>|houzhui=>|imgdata=>|jiguangid=>|openid=>|quantype=>|quanshow=>|quanid=>|collect=>|kindtype=>|libao=>|typeid=>|proname=>|type=>|productid=>|keyong_money=>|shoptype=>|shopchildtype=>|sharequan=>5646513654|sharefriend=>|lat=>|lng=>|yuanprice=>|nowprice=>|discount=>|over_datetime=>|keystr=>|

BEGINXB--------------------BEGIN--------------------BEGIN
2017-06-27 16:42:31    request_uri:    /duidui/interface/xbinit.php
thetype=>2206|nowtime=>1463384184|md5key=>527aa50704b8e9e2529e1a03e6ccd912|usertype=>1|userid=>1|userkey=>c22fdaf088d8f1369c3f4c8ec80c96a3|phone=>|vcode=>|yijian=>|keyong_jifen=>|dongjie_jifen=>|sex=>|birthday=>|userlevel=>|nickname=>|mobile=>|shouhuoren=>|province=>|city=>|address=>|zipcode=>|is_default=>|address_id=>|count=>|page=>|taskid=>|tid=>|geturl=>/duidui/interface/xbinit.php|posturl=>thetype=2206&nowtime=1463384184&md5key=527aa50704b8e9e2529e1a03e6ccd912&usertype=1&userid=1&userkey=c22fdaf088d8f1369c3f4c8ec80c96a3&sharequan=666|tasktype=>|houzhui=>|imgdata=>|jiguangid=>|openid=>|quantype=>|quanshow=>|quanid=>|collect=>|kindtype=>|libao=>|typeid=>|proname=>|type=>|productid=>|keyong_money=>|shoptype=>|shopchildtype=>|sharequan=>666|sharefriend=>|lat=>|lng=>|yuanprice=>|nowprice=>|discount=>|over_datetime=>|keystr=>|
error-----该用户已分享过

BEGINXB--------------------BEGIN--------------------BEGIN
2017-06-27 16:43:14    request_uri:    /duidui/interface/xbinit.php
thetype=>2206|nowtime=>1463384184|md5key=>527aa50704b8e9e2529e1a03e6ccd912|usertype=>1|userid=>1|userkey=>c22fdaf088d8f1369c3f4c8ec80c96a3|phone=>|vcode=>|yijian=>|keyong_jifen=>|dongjie_jifen=>|sex=>|birthday=>|userlevel=>|nickname=>|mobile=>|shouhuoren=>|province=>|city=>|address=>|zipcode=>|is_default=>|address_id=>|count=>|page=>|taskid=>|tid=>|geturl=>/duidui/interface/xbinit.php|posturl=>thetype=2206&nowtime=1463384184&md5key=527aa50704b8e9e2529e1a03e6ccd912&usertype=1&userid=1&userkey=c22fdaf088d8f1369c3f4c8ec80c96a3&sharequan=888|tasktype=>|houzhui=>|imgdata=>|jiguangid=>|openid=>|quantype=>|quanshow=>|quanid=>|collect=>|kindtype=>|libao=>|typeid=>|proname=>|type=>|productid=>|keyong_money=>|shoptype=>|shopchildtype=>|sharequan=>888|sharefriend=>|lat=>|lng=>|yuanprice=>|nowprice=>|discount=>|over_datetime=>|keystr=>|
success-----新手好礼领取成功

BEGINXB--------------------BEGIN--------------------BEGIN
2017-06-27 16:53:17    request_uri:    /duidui/interface/xbinit.php
thetype=>2206|nowtime=>1498553553000|md5key=>527aa50704b8e9e2529e1a03e6ccd912|usertype=>1|userid=>28|userkey=>daf080e8785209245290bcfed6fdf2bb|phone=>|vcode=>|yijian=>|keyong_jifen=>|dongjie_jifen=>|sex=>|birthday=>|userlevel=>|nickname=>|mobile=>|shouhuoren=>|province=>|city=>|address=>|zipcode=>|is_default=>|address_id=>|count=>|page=>|taskid=>|tid=>|geturl=>/duidui/interface/xbinit.php|posturl=>thetype=2206&sharequan=888&md5key=527aa50704b8e9e2529e1a03e6ccd912&nowtime=1498553553000&usertype=1&userid=28&userkey=daf080e8785209245290bcfed6fdf2bb|tasktype=>|houzhui=>|imgdata=>|jiguangid=>|openid=>|quantype=>|quanshow=>|quanid=>|collect=>|kindtype=>|libao=>|typeid=>|proname=>|type=>|productid=>|keyong_money=>|shoptype=>|shopchildtype=>|sharequan=>888|sharefriend=>|lat=>|lng=>|yuanprice=>|nowprice=>|discount=>|over_datetime=>|keystr=>|
error-----该用户已领取过礼包

BEGINXB--------------------BEGIN--------------------BEGIN
2017-06-27 16:53:21    request_uri:    /duidui/interface/xbinit.php
thetype=>2206|nowtime=>1498553557000|md5key=>527aa50704b8e9e2529e1a03e6ccd912|usertype=>1|userid=>28|userkey=>daf080e8785209245290bcfed6fdf2bb|phone=>|vcode=>|yijian=>|keyong_jifen=>|dongjie_jifen=>|sex=>|birthday=>|userlevel=>|nickname=>|mobile=>|shouhuoren=>|province=>|city=>|address=>|zipcode=>|is_default=>|address_id=>|count=>|page=>|taskid=>|tid=>|geturl=>/duidui/interface/xbinit.php|posturl=>thetype=2206&sharequan=888&md5key=527aa50704b8e9e2529e1a03e6ccd912&nowtime=1498553557000&usertype=1&userid=28&userkey=daf080e8785209245290bcfed6fdf2bb|tasktype=>|houzhui=>|imgdata=>|jiguangid=>|openid=>|quantype=>|quanshow=>|quanid=>|collect=>|kindtype=>|libao=>|typeid=>|proname=>|type=>|productid=>|keyong_money=>|shoptype=>|shopchildtype=>|sharequan=>888|sharefriend=>|lat=>|lng=>|yuanprice=>|nowprice=>|discount=>|over_datetime=>|keystr=>|
error-----该用户已领取过礼包

BEGINXB--------------------BEGIN--------------------BEGIN
2017-06-27 17:35:23    request_uri:    /duidui/interface/xbinit.php
thetype=>2206|nowtime=>1498556075000|md5key=>527aa50704b8e9e2529e1a03e6ccd912|usertype=>1|userid=>28|userkey=>daf080e8785209245290bcfed6fdf2bb|phone=>|vcode=>|yijian=>|keyong_jifen=>|dongjie_jifen=>|sex=>|birthday=>|userlevel=>|nickname=>|mobile=>|shouhuoren=>|province=>|city=>|address=>|zipcode=>|is_default=>|address_id=>|count=>|page=>|taskid=>|tid=>|geturl=>/duidui/interface/xbinit.php|posturl=>thetype=2206&sharequan=888&md5key=527aa50704b8e9e2529e1a03e6ccd912&nowtime=1498556075000&usertype=1&userid=28&userkey=daf080e8785209245290bcfed6fdf2bb|tasktype=>|houzhui=>|imgdata=>|jiguangid=>|openid=>|quantype=>|quanshow=>|quanid=>|collect=>|kindtype=>|libao=>|typeid=>|proname=>|type=>|productid=>|keyong_money=>|shoptype=>|shopchildtype=>|sharequan=>888|sharefriend=>|lat=>|lng=>|yuanprice=>|nowprice=>|discount=>|over_datetime=>|keystr=>|
success-----新手好礼领取成功

BEGINXB--------------------BEGIN--------------------BEGIN
2017-06-27 17:35:24    request_uri:    /duidui/interface/xbinit.php
thetype=>2206|nowtime=>1498556081000|md5key=>527aa50704b8e9e2529e1a03e6ccd912|usertype=>1|userid=>28|userkey=>daf080e8785209245290bcfed6fdf2bb|phone=>|vcode=>|yijian=>|keyong_jifen=>|dongjie_jifen=>|sex=>|birthday=>|userlevel=>|nickname=>|mobile=>|shouhuoren=>|province=>|city=>|address=>|zipcode=>|is_default=>|address_id=>|count=>|page=>|taskid=>|tid=>|geturl=>/duidui/interface/xbinit.php|posturl=>thetype=2206&sharequan=888&md5key=527aa50704b8e9e2529e1a03e6ccd912&nowtime=1498556081000&usertype=1&userid=28&userkey=daf080e8785209245290bcfed6fdf2bb|tasktype=>|houzhui=>|imgdata=>|jiguangid=>|openid=>|quantype=>|quanshow=>|quanid=>|collect=>|kindtype=>|libao=>|typeid=>|proname=>|type=>|productid=>|keyong_money=>|shoptype=>|shopchildtype=>|sharequan=>888|sharefriend=>|lat=>|lng=>|yuanprice=>|nowprice=>|discount=>|over_datetime=>|keystr=>|
error-----该用户已领取过礼包

BEGINXB--------------------BEGIN--------------------BEGIN
2017-06-27 17:36:40    request_uri:    /duidui/interface/xbinit.php
thetype=>2206|nowtime=>1498556156000|md5key=>527aa50704b8e9e2529e1a03e6ccd912|usertype=>1|userid=>28|userkey=>daf080e8785209245290bcfed6fdf2bb|phone=>|vcode=>|yijian=>|keyong_jifen=>|dongjie_jifen=>|sex=>|birthday=>|userlevel=>|nickname=>|mobile=>|shouhuoren=>|province=>|city=>|address=>|zipcode=>|is_default=>|address_id=>|count=>|page=>|taskid=>|tid=>|geturl=>/duidui/interface/xbinit.php|posturl=>thetype=2206&sharequan=888&md5key=527aa50704b8e9e2529e1a03e6ccd912&nowtime=1498556156000&usertype=1&userid=28&userkey=daf080e8785209245290bcfed6fdf2bb|tasktype=>|houzhui=>|imgdata=>|jiguangid=>|openid=>|quantype=>|quanshow=>|quanid=>|collect=>|kindtype=>|libao=>|typeid=>|proname=>|type=>|productid=>|keyong_money=>|shoptype=>|shopchildtype=>|sharequan=>888|sharefriend=>|lat=>|lng=>|yuanprice=>|nowprice=>|discount=>|over_datetime=>|keystr=>|
error-----该用户已领取过礼包

BEGINXB--------------------BEGIN--------------------BEGIN
2017-06-27 17:37:10    request_uri:    /duidui/interface/xbinit.php
thetype=>2206|nowtime=>1498556186000|md5key=>527aa50704b8e9e2529e1a03e6ccd912|usertype=>1|userid=>28|userkey=>daf080e8785209245290bcfed6fdf2bb|phone=>|vcode=>|yijian=>|keyong_jifen=>|dongjie_jifen=>|sex=>|birthday=>|userlevel=>|nickname=>|mobile=>|shouhuoren=>|province=>|city=>|address=>|zipcode=>|is_default=>|address_id=>|count=>|page=>|taskid=>|tid=>|geturl=>/duidui/interface/xbinit.php|posturl=>thetype=2206&sharequan=888&md5key=527aa50704b8e9e2529e1a03e6ccd912&nowtime=1498556186000&usertype=1&userid=28&userkey=daf080e8785209245290bcfed6fdf2bb|tasktype=>|houzhui=>|imgdata=>|jiguangid=>|openid=>|quantype=>|quanshow=>|quanid=>|collect=>|kindtype=>|libao=>|typeid=>|proname=>|type=>|productid=>|keyong_money=>|shoptype=>|shopchildtype=>|sharequan=>888|sharefriend=>|lat=>|lng=>|yuanprice=>|nowprice=>|discount=>|over_datetime=>|keystr=>|
error-----该用户已领取过礼包

BEGINXB--------------------BEGIN--------------------BEGIN
2017-06-27 17:37:20    request_uri:    /duidui/interface/xbinit.php
thetype=>2206|nowtime=>1498556196000|md5key=>527aa50704b8e9e2529e1a03e6ccd912|usertype=>1|userid=>28|userkey=>daf080e8785209245290bcfed6fdf2bb|phone=>|vcode=>|yijian=>|keyong_jifen=>|dongjie_jifen=>|sex=>|birthday=>|userlevel=>|nickname=>|mobile=>|shouhuoren=>|province=>|city=>|address=>|zipcode=>|is_default=>|address_id=>|count=>|page=>|taskid=>|tid=>|geturl=>/duidui/interface/xbinit.php|posturl=>thetype=2206&sharequan=888&md5key=527aa50704b8e9e2529e1a03e6ccd912&nowtime=1498556196000&usertype=1&userid=28&userkey=daf080e8785209245290bcfed6fdf2bb|tasktype=>|houzhui=>|imgdata=>|jiguangid=>|openid=>|quantype=>|quanshow=>|quanid=>|collect=>|kindtype=>|libao=>|typeid=>|proname=>|type=>|productid=>|keyong_money=>|shoptype=>|shopchildtype=>|sharequan=>888|sharefriend=>|lat=>|lng=>|yuanprice=>|nowprice=>|discount=>|over_datetime=>|keystr=>|
error-----该用户已领取过礼包

BEGINXB--------------------BEGIN--------------------BEGIN
2017-06-27 17:38:33    request_uri:    /duidui/interface/xbinit.php
thetype=>2206|nowtime=>1498556269000|md5key=>527aa50704b8e9e2529e1a03e6ccd912|usertype=>1|userid=>28|userkey=>daf080e8785209245290bcfed6fdf2bb|phone=>|vcode=>|yijian=>|keyong_jifen=>|dongjie_jifen=>|sex=>|birthday=>|userlevel=>|nickname=>|mobile=>|shouhuoren=>|province=>|city=>|address=>|zipcode=>|is_default=>|address_id=>|count=>|page=>|taskid=>|tid=>|geturl=>/duidui/interface/xbinit.php|posturl=>thetype=2206&sharequan=888&md5key=527aa50704b8e9e2529e1a03e6ccd912&nowtime=1498556269000&usertype=1&userid=28&userkey=daf080e8785209245290bcfed6fdf2bb|tasktype=>|houzhui=>|imgdata=>|jiguangid=>|openid=>|quantype=>|quanshow=>|quanid=>|collect=>|kindtype=>|libao=>|typeid=>|proname=>|type=>|productid=>|keyong_money=>|shoptype=>|shopchildtype=>|sharequan=>888|sharefriend=>|lat=>|lng=>|yuanprice=>|nowprice=>|discount=>|over_datetime=>|keystr=>|
success-----新手好礼领取成功

BEGINXB--------------------BEGIN--------------------BEGIN
2017-06-27 17:39:00    request_uri:    /duidui/interface/xbinit.php?thetype=2206&sharequan=888&md5key=527aa50704b8e9e2529e1a03e6ccd912&nowtime=1498556269000&usertype=1&userid=28&userkey=daf080e8785209245290bcfed6fdf2bb
thetype=>2206|nowtime=>1498556269000|md5key=>527aa50704b8e9e2529e1a03e6ccd912|usertype=>1|userid=>28|userkey=>daf080e8785209245290bcfed6fdf2bb|phone=>|vcode=>|yijian=>|keyong_jifen=>|dongjie_jifen=>|sex=>|birthday=>|userlevel=>|nickname=>|mobile=>|shouhuoren=>|province=>|city=>|address=>|zipcode=>|is_default=>|address_id=>|count=>|page=>|taskid=>|tid=>|geturl=>/duidui/interface/xbinit.php?thetype=2206&sharequan=888&md5key=527aa50704b8e9e2529e1a03e6ccd912&nowtime=1498556269000&usertype=1&userid=28&userkey=daf080e8785209245290bcfed6fdf2bb|posturl=>|tasktype=>|houzhui=>|imgdata=>|jiguangid=>|openid=>|quantype=>|quanshow=>|quanid=>|collect=>|kindtype=>|libao=>|typeid=>|proname=>|type=>|productid=>|keyong_money=>|shoptype=>|shopchildtype=>|sharequan=>888|sharefriend=>|lat=>|lng=>|yuanprice=>|nowprice=>|discount=>|over_datetime=>|keystr=>|
error-----该用户已领取过礼包

BEGINXB--------------------BEGIN--------------------BEGIN
2017-06-27 17:48:49    request_uri:    /duidui/interface/xbinit.php?thetype=2206&sharequan=888&md5key=527aa50704b8e9e2529e1a03e6ccd912&nowtime=1498556269000&usertype=1&userid=28&userkey=daf080e8785209245290bcfed6fdf2bb
thetype=>2206|nowtime=>1498556269000|md5key=>527aa50704b8e9e2529e1a03e6ccd912|usertype=>1|userid=>28|userkey=>daf080e8785209245290bcfed6fdf2bb|phone=>|vcode=>|yijian=>|keyong_jifen=>|dongjie_jifen=>|sex=>|birthday=>|userlevel=>|nickname=>|mobile=>|shouhuoren=>|province=>|city=>|address=>|zipcode=>|is_default=>|address_id=>|count=>|page=>|taskid=>|tid=>|geturl=>/duidui/interface/xbinit.php?thetype=2206&sharequan=888&md5key=527aa50704b8e9e2529e1a03e6ccd912&nowtime=1498556269000&usertype=1&userid=28&userkey=daf080e8785209245290bcfed6fdf2bb|posturl=>|tasktype=>|houzhui=>|imgdata=>|jiguangid=>|openid=>|quantype=>|quanshow=>|quanid=>|collect=>|kindtype=>|libao=>|typeid=>|proname=>|type=>|productid=>|keyong_money=>|shoptype=>|shopchildtype=>|sharequan=>888|sharefriend=>|lat=>|lng=>|yuanprice=>|nowprice=>|discount=>|over_datetime=>|keystr=>|
error-----该用户已领取过礼包

BEGINXB--------------------BEGIN--------------------BEGIN
2017-06-27 17:48:49    request_uri:    /duidui/interface/xbinit.php?thetype=2206&sharequan=888&md5key=527aa50704b8e9e2529e1a03e6ccd912&nowtime=1498556269000&usertype=1&userid=28&userkey=daf080e8785209245290bcfed6fdf2bb
thetype=>2206|nowtime=>1498556269000|md5key=>527aa50704b8e9e2529e1a03e6ccd912|usertype=>1|userid=>28|userkey=>daf080e8785209245290bcfed6fdf2bb|phone=>|vcode=>|yijian=>|keyong_jifen=>|dongjie_jifen=>|sex=>|birthday=>|userlevel=>|nickname=>|mobile=>|shouhuoren=>|province=>|city=>|address=>|zipcode=>|is_default=>|address_id=>|count=>|page=>|taskid=>|tid=>|geturl=>/duidui/interface/xbinit.php?thetype=2206&sharequan=888&md5key=527aa50704b8e9e2529e1a03e6ccd912&nowtime=1498556269000&usertype=1&userid=28&userkey=daf080e8785209245290bcfed6fdf2bb|posturl=>|tasktype=>|houzhui=>|imgdata=>|jiguangid=>|openid=>|quantype=>|quanshow=>|quanid=>|collect=>|kindtype=>|libao=>|typeid=>|proname=>|type=>|productid=>|keyong_money=>|shoptype=>|shopchildtype=>|sharequan=>888|sharefriend=>|lat=>|lng=>|yuanprice=>|nowprice=>|discount=>|over_datetime=>|keystr=>|
error-----该用户已领取过礼包

BEGINXB--------------------BEGIN--------------------BEGIN
2017-06-27 17:49:35    request_uri:    /duidui/interface/xbinit.php
thetype=>2206|nowtime=>1498556269000|md5key=>527aa50704b8e9e2529e1a03e6ccd912|usertype=>1|userid=>1|userkey=>c22fdaf088d8f1369c3f4c8ec80c96a3|phone=>|vcode=>|yijian=>|keyong_jifen=>|dongjie_jifen=>|sex=>|birthday=>|userlevel=>|nickname=>|mobile=>|shouhuoren=>|province=>|city=>|address=>|zipcode=>|is_default=>|address_id=>|count=>|page=>|taskid=>|tid=>|geturl=>/duidui/interface/xbinit.php|posturl=>thetype=2206&sharequan=888&md5key=527aa50704b8e9e2529e1a03e6ccd912&nowtime=1498556269000&usertype=1&userid=28&userkey=daf080e8785209245290bcfed6fdf2bb4b8e9e2529e1a03e6ccd912&usertype=1&userid=1&userkey=c22fdaf088d8f1369c3f4c8ec80c96a3&type=1|tasktype=>|houzhui=>|imgdata=>|jiguangid=>|openid=>|quantype=>|quanshow=>|quanid=>|collect=>|kindtype=>|libao=>|typeid=>|proname=>|type=>1|productid=>|keyong_money=>|shoptype=>|shopchildtype=>|sharequan=>888|sharefriend=>|lat=>|lng=>|yuanprice=>|nowprice=>|discount=>|over_datetime=>|keystr=>|
error-----该用户已领取过礼包

BEGINXB--------------------BEGIN--------------------BEGIN
2017-06-27 17:49:37    request_uri:    /duidui/interface/xbinit.php?thetype=2206&sharequan=888&md5key=527aa50704b8e9e2529e1a03e6ccd912&nowtime=1498556269000&usertype=1&userid=28&userkey=daf080e8785209245290bcfed6fdf2bb
thetype=>2206|nowtime=>1498556269000|md5key=>527aa50704b8e9e2529e1a03e6ccd912|usertype=>1|userid=>28|userkey=>daf080e8785209245290bcfed6fdf2bb|phone=>|vcode=>|yijian=>|keyong_jifen=>|dongjie_jifen=>|sex=>|birthday=>|userlevel=>|nickname=>|mobile=>|shouhuoren=>|province=>|city=>|address=>|zipcode=>|is_default=>|address_id=>|count=>|page=>|taskid=>|tid=>|geturl=>/duidui/interface/xbinit.php?thetype=2206&sharequan=888&md5key=527aa50704b8e9e2529e1a03e6ccd912&nowtime=1498556269000&usertype=1&userid=28&userkey=daf080e8785209245290bcfed6fdf2bb|posturl=>|tasktype=>|houzhui=>|imgdata=>|jiguangid=>|openid=>|quantype=>|quanshow=>|quanid=>|collect=>|kindtype=>|libao=>|typeid=>|proname=>|type=>|productid=>|keyong_money=>|shoptype=>|shopchildtype=>|sharequan=>888|sharefriend=>|lat=>|lng=>|yuanprice=>|nowprice=>|discount=>|over_datetime=>|keystr=>|
error-----该用户已领取过礼包

BEGINXB--------------------BEGIN--------------------BEGIN
2017-06-27 17:50:16    request_uri:    /duidui/interface/xbinit.php
thetype=>2206|nowtime=>1498556269000|md5key=>527aa50704b8e9e2529e1a03e6ccd912|usertype=>1|userid=>1|userkey=>c22fdaf088d8f1369c3f4c8ec80c96a3|phone=>|vcode=>|yijian=>|keyong_jifen=>|dongjie_jifen=>|sex=>|birthday=>|userlevel=>|nickname=>|mobile=>|shouhuoren=>|province=>|city=>|address=>|zipcode=>|is_default=>|address_id=>|count=>|page=>|taskid=>|tid=>|geturl=>/duidui/interface/xbinit.php|posturl=>thetype=2206&sharequan=888&md5key=527aa50704b8e9e2529e1a03e6ccd912&nowtime=1498556269000&usertype=1&userid=28&userkey=daf080e8785209245290bcfed6fdf2bb4b8e9e2529e1a03e6ccd912&usertype=1&userid=1&userkey=c22fdaf088d8f1369c3f4c8ec80c96a3&type=1|tasktype=>|houzhui=>|imgdata=>|jiguangid=>|openid=>|quantype=>|quanshow=>|quanid=>|collect=>|kindtype=>|libao=>|typeid=>|proname=>|type=>1|productid=>|keyong_money=>|shoptype=>|shopchildtype=>|sharequan=>888|sharefriend=>|lat=>|lng=>|yuanprice=>|nowprice=>|discount=>|over_datetime=>|keystr=>|
error-----该用户已领取过礼包

BEGINXB--------------------BEGIN--------------------BEGIN
2017-06-27 17:50:26    request_uri:    /duidui/interface/xbinit.php
thetype=>2206|nowtime=>1498556978000|md5key=>527aa50704b8e9e2529e1a03e6ccd912|usertype=>1|userid=>28|userkey=>daf080e8785209245290bcfed6fdf2bb|phone=>|vcode=>|yijian=>|keyong_jifen=>|dongjie_jifen=>|sex=>|birthday=>|userlevel=>|nickname=>|mobile=>|shouhuoren=>|province=>|city=>|address=>|zipcode=>|is_default=>|address_id=>|count=>|page=>|taskid=>|tid=>|geturl=>/duidui/interface/xbinit.php|posturl=>thetype=2206&sharequan=888&md5key=527aa50704b8e9e2529e1a03e6ccd912&nowtime=1498556978000&usertype=1&userid=28&userkey=daf080e8785209245290bcfed6fdf2bb|tasktype=>|houzhui=>|imgdata=>|jiguangid=>|openid=>|quantype=>|quanshow=>|quanid=>|collect=>|kindtype=>|libao=>|typeid=>|proname=>|type=>|productid=>|keyong_money=>|shoptype=>|shopchildtype=>|sharequan=>888|sharefriend=>|lat=>|lng=>|yuanprice=>|nowprice=>|discount=>|over_datetime=>|keystr=>|
success-----新手好礼领取成功

BEGINXB--------------------BEGIN--------------------BEGIN
2017-06-27 17:50:48    request_uri:    /duidui/interface/xbinit.php
thetype=>2206|nowtime=>1498556269000|md5key=>527aa50704b8e9e2529e1a03e6ccd912|usertype=>1|userid=>1|userkey=>c22fdaf088d8f1369c3f4c8ec80c96a3|phone=>|vcode=>|yijian=>|keyong_jifen=>|dongjie_jifen=>|sex=>|birthday=>|userlevel=>|nickname=>|mobile=>|shouhuoren=>|province=>|city=>|address=>|zipcode=>|is_default=>|address_id=>|count=>|page=>|taskid=>|tid=>|geturl=>/duidui/interface/xbinit.php|posturl=>thetype=2206&sharequan=888&md5key=527aa50704b8e9e2529e1a03e6ccd912&nowtime=1498556269000&usertype=1&userid=28&userkey=daf080e8785209245290bcfed6fdf2bb4b8e9e2529e1a03e6ccd912&usertype=1&userid=1&userkey=c22fdaf088d8f1369c3f4c8ec80c96a3&type=1|tasktype=>|houzhui=>|imgdata=>|jiguangid=>|openid=>|quantype=>|quanshow=>|quanid=>|collect=>|kindtype=>|libao=>|typeid=>|proname=>|type=>1|productid=>|keyong_money=>|shoptype=>|shopchildtype=>|sharequan=>888|sharefriend=>|lat=>|lng=>|yuanprice=>|nowprice=>|discount=>|over_datetime=>|keystr=>|
error-----该用户已领取过礼包

BEGINXB--------------------BEGIN--------------------BEGIN
2017-06-27 17:51:33    request_uri:    /duidui/interface/xbinit.php
thetype=>2206|nowtime=>1498556269000|md5key=>527aa50704b8e9e2529e1a03e6ccd912|usertype=>1|userid=>1|userkey=>c22fdaf088d8f1369c3f4c8ec80c96a3|phone=>|vcode=>|yijian=>|keyong_jifen=>|dongjie_jifen=>|sex=>|birthday=>|userlevel=>|nickname=>|mobile=>|shouhuoren=>|province=>|city=>|address=>|zipcode=>|is_default=>|address_id=>|count=>|page=>|taskid=>|tid=>|geturl=>/duidui/interface/xbinit.php|posturl=>thetype=2206&sharequan=888&md5key=527aa50704b8e9e2529e1a03e6ccd912&nowtime=1498556269000&usertype=1&userid=28&userkey=daf080e8785209245290bcfed6fdf2bb4b8e9e2529e1a03e6ccd912&usertype=1&userid=1&userkey=c22fdaf088d8f1369c3f4c8ec80c96a3&type=1|tasktype=>|houzhui=>|imgdata=>|jiguangid=>|openid=>|quantype=>|quanshow=>|quanid=>|collect=>|kindtype=>|libao=>|typeid=>|proname=>|type=>1|productid=>|keyong_money=>|shoptype=>|shopchildtype=>|sharequan=>888|sharefriend=>|lat=>|lng=>|yuanprice=>|nowprice=>|discount=>|over_datetime=>|keystr=>|
error-----该用户已领取过礼包

BEGINXB--------------------BEGIN--------------------BEGIN
2017-06-27 17:53:13    request_uri:    /duidui/interface/xbinit.php
thetype=>2206|nowtime=>1498557149000|md5key=>527aa50704b8e9e2529e1a03e6ccd912|usertype=>1|userid=>28|userkey=>daf080e8785209245290bcfed6fdf2bb|phone=>|vcode=>|yijian=>|keyong_jifen=>|dongjie_jifen=>|sex=>|birthday=>|userlevel=>|nickname=>|mobile=>|shouhuoren=>|province=>|city=>|address=>|zipcode=>|is_default=>|address_id=>|count=>|page=>|taskid=>|tid=>|geturl=>/duidui/interface/xbinit.php|posturl=>thetype=2206&sharequan=888&md5key=527aa50704b8e9e2529e1a03e6ccd912&nowtime=1498557149000&usertype=1&userid=28&userkey=daf080e8785209245290bcfed6fdf2bb|tasktype=>|houzhui=>|imgdata=>|jiguangid=>|openid=>|quantype=>|quanshow=>|quanid=>|collect=>|kindtype=>|libao=>|typeid=>|proname=>|type=>|productid=>|keyong_money=>|shoptype=>|shopchildtype=>|sharequan=>888|sharefriend=>|lat=>|lng=>|yuanprice=>|nowprice=>|discount=>|over_datetime=>|keystr=>|
success-----新手好礼领取成功

BEGINXB--------------------BEGIN--------------------BEGIN
2017-06-27 17:53:40    request_uri:    /duidui/interface/xbinit.php
thetype=>2206|nowtime=>1498557177000|md5key=>527aa50704b8e9e2529e1a03e6ccd912|usertype=>1|userid=>28|userkey=>daf080e8785209245290bcfed6fdf2bb|phone=>|vcode=>|yijian=>|keyong_jifen=>|dongjie_jifen=>|sex=>|birthday=>|userlevel=>|nickname=>|mobile=>|shouhuoren=>|province=>|city=>|address=>|zipcode=>|is_default=>|address_id=>|count=>|page=>|taskid=>|tid=>|geturl=>/duidui/interface/xbinit.php|posturl=>thetype=2206&sharequan=888&md5key=527aa50704b8e9e2529e1a03e6ccd912&nowtime=1498557177000&usertype=1&userid=28&userkey=daf080e8785209245290bcfed6fdf2bb|tasktype=>|houzhui=>|imgdata=>|jiguangid=>|openid=>|quantype=>|quanshow=>|quanid=>|collect=>|kindtype=>|libao=>|typeid=>|proname=>|type=>|productid=>|keyong_money=>|shoptype=>|shopchildtype=>|sharequan=>888|sharefriend=>|lat=>|lng=>|yuanprice=>|nowprice=>|discount=>|over_datetime=>|keystr=>|
error-----该用户已领取过礼包

BEGINXB--------------------BEGIN--------------------BEGIN
2017-06-27 17:56:30    request_uri:    /duidui/interface/xbinit.php?thetype=2206&sharequan=888&md5key=527aa50704b8e9e2529e1a03e6ccd912&nowtime=1498556269000&usertype=1&userid=28&userkey=daf080e8785209245290bcfed6fdf2bb
thetype=>2206|nowtime=>1498556269000|md5key=>527aa50704b8e9e2529e1a03e6ccd912|usertype=>1|userid=>28|userkey=>daf080e8785209245290bcfed6fdf2bb|phone=>|vcode=>|yijian=>|keyong_jifen=>|dongjie_jifen=>|sex=>|birthday=>|userlevel=>|nickname=>|mobile=>|shouhuoren=>|province=>|city=>|address=>|zipcode=>|is_default=>|address_id=>|count=>|page=>|taskid=>|tid=>|geturl=>/duidui/interface/xbinit.php?thetype=2206&sharequan=888&md5key=527aa50704b8e9e2529e1a03e6ccd912&nowtime=1498556269000&usertype=1&userid=28&userkey=daf080e8785209245290bcfed6fdf2bb|posturl=>|tasktype=>|houzhui=>|imgdata=>|jiguangid=>|openid=>|quantype=>|quanshow=>|quanid=>|collect=>|kindtype=>|libao=>|typeid=>|proname=>|type=>|productid=>|keyong_money=>|shoptype=>|shopchildtype=>|sharequan=>888|sharefriend=>|lat=>|lng=>|yuanprice=>|nowprice=>|discount=>|over_datetime=>|keystr=>|
error-----该用户已领取过礼包

BEGINXB--------------------BEGIN--------------------BEGIN
2017-06-27 18:13:13    request_uri:    /duidui/interface/xbinit.php
thetype=>2206|nowtime=>1498558393000|md5key=>527aa50704b8e9e2529e1a03e6ccd912|usertype=>1|userid=>28|userkey=>daf080e8785209245290bcfed6fdf2bb|phone=>|vcode=>|yijian=>|keyong_jifen=>|dongjie_jifen=>|sex=>|birthday=>|userlevel=>|nickname=>|mobile=>|shouhuoren=>|province=>|city=>|address=>|zipcode=>|is_default=>|address_id=>|count=>|page=>|taskid=>|tid=>|geturl=>/duidui/interface/xbinit.php|posturl=>thetype=2206&sharequan=888&md5key=527aa50704b8e9e2529e1a03e6ccd912&nowtime=1498558393000&usertype=1&userid=28&userkey=daf080e8785209245290bcfed6fdf2bb|tasktype=>|houzhui=>|imgdata=>|jiguangid=>|openid=>|quantype=>|quanshow=>|quanid=>|collect=>|kindtype=>|libao=>|typeid=>|proname=>|type=>|productid=>|keyong_money=>|shoptype=>|shopchildtype=>|sharequan=>888|sharefriend=>|lat=>|lng=>|yuanprice=>|nowprice=>|discount=>|over_datetime=>|keystr=>|
error-----该用户已领取过礼包

BEGINXB--------------------BEGIN--------------------BEGIN
2017-06-27 18:26:02    request_uri:    /duidui/interface/xbinit.php
thetype=>2206|nowtime=>1498559161000|md5key=>527aa50704b8e9e2529e1a03e6ccd912|usertype=>1|userid=>28|userkey=>daf080e8785209245290bcfed6fdf2bb|phone=>|vcode=>|yijian=>|keyong_jifen=>|dongjie_jifen=>|sex=>|birthday=>|userlevel=>|nickname=>|mobile=>|shouhuoren=>|province=>|city=>|address=>|zipcode=>|is_default=>|address_id=>|count=>|page=>|taskid=>|tid=>|geturl=>/duidui/interface/xbinit.php|posturl=>thetype=2206&sharequan=888&md5key=527aa50704b8e9e2529e1a03e6ccd912&nowtime=1498559161000&usertype=1&userid=28&userkey=daf080e8785209245290bcfed6fdf2bb|tasktype=>|houzhui=>|imgdata=>|jiguangid=>|openid=>|quantype=>|quanshow=>|quanid=>|collect=>|kindtype=>|libao=>|typeid=>|proname=>|type=>|productid=>|keyong_money=>|shoptype=>|shopchildtype=>|sharequan=>888|sharefriend=>|lat=>|lng=>|yuanprice=>|nowprice=>|discount=>|over_datetime=>|keystr=>|
error-----该用户已领取过礼包

BEGINXB--------------------BEGIN--------------------BEGIN
2017-06-27 18:26:27    request_uri:    /duidui/interface/xbinit.php
thetype=>2206|nowtime=>1498559186000|md5key=>527aa50704b8e9e2529e1a03e6ccd912|usertype=>1|userid=>28|userkey=>daf080e8785209245290bcfed6fdf2bb|phone=>|vcode=>|yijian=>|keyong_jifen=>|dongjie_jifen=>|sex=>|birthday=>|userlevel=>|nickname=>|mobile=>|shouhuoren=>|province=>|city=>|address=>|zipcode=>|is_default=>|address_id=>|count=>|page=>|taskid=>|tid=>|geturl=>/duidui/interface/xbinit.php|posturl=>thetype=2206&sharequan=888&md5key=527aa50704b8e9e2529e1a03e6ccd912&nowtime=1498559186000&usertype=1&userid=28&userkey=daf080e8785209245290bcfed6fdf2bb|tasktype=>|houzhui=>|imgdata=>|jiguangid=>|openid=>|quantype=>|quanshow=>|quanid=>|collect=>|kindtype=>|libao=>|typeid=>|proname=>|type=>|productid=>|keyong_money=>|shoptype=>|shopchildtype=>|sharequan=>888|sharefriend=>|lat=>|lng=>|yuanprice=>|nowprice=>|discount=>|over_datetime=>|keystr=>|
error-----该用户已领取过礼包

BEGINXB--------------------BEGIN--------------------BEGIN
2017-06-27 18:27:08    request_uri:    /duidui/interface/xbinit.php
thetype=>2206|nowtime=>1498559227000|md5key=>527aa50704b8e9e2529e1a03e6ccd912|usertype=>1|userid=>28|userkey=>daf080e8785209245290bcfed6fdf2bb|phone=>|vcode=>|yijian=>|keyong_jifen=>|dongjie_jifen=>|sex=>|birthday=>|userlevel=>|nickname=>|mobile=>|shouhuoren=>|province=>|city=>|address=>|zipcode=>|is_default=>|address_id=>|count=>|page=>|taskid=>|tid=>|geturl=>/duidui/interface/xbinit.php|posturl=>thetype=2206&sharequan=888&md5key=527aa50704b8e9e2529e1a03e6ccd912&nowtime=1498559227000&usertype=1&userid=28&userkey=daf080e8785209245290bcfed6fdf2bb|tasktype=>|houzhui=>|imgdata=>|jiguangid=>|openid=>|quantype=>|quanshow=>|quanid=>|collect=>|kindtype=>|libao=>|typeid=>|proname=>|type=>|productid=>|keyong_money=>|shoptype=>|shopchildtype=>|sharequan=>888|sharefriend=>|lat=>|lng=>|yuanprice=>|nowprice=>|discount=>|over_datetime=>|keystr=>|
success-----新手好礼领取成功

BEGINXB--------------------BEGIN--------------------BEGIN
2017-06-27 18:27:13    request_uri:    /duidui/interface/xbinit.php
thetype=>2206|nowtime=>1498559233000|md5key=>527aa50704b8e9e2529e1a03e6ccd912|usertype=>1|userid=>28|userkey=>daf080e8785209245290bcfed6fdf2bb|phone=>|vcode=>|yijian=>|keyong_jifen=>|dongjie_jifen=>|sex=>|birthday=>|userlevel=>|nickname=>|mobile=>|shouhuoren=>|province=>|city=>|address=>|zipcode=>|is_default=>|address_id=>|count=>|page=>|taskid=>|tid=>|geturl=>/duidui/interface/xbinit.php|posturl=>thetype=2206&sharequan=666&md5key=527aa50704b8e9e2529e1a03e6ccd912&nowtime=1498559233000&usertype=1&userid=28&userkey=daf080e8785209245290bcfed6fdf2bb|tasktype=>|houzhui=>|imgdata=>|jiguangid=>|openid=>|quantype=>|quanshow=>|quanid=>|collect=>|kindtype=>|libao=>|typeid=>|proname=>|type=>|productid=>|keyong_money=>|shoptype=>|shopchildtype=>|sharequan=>666|sharefriend=>|lat=>|lng=>|yuanprice=>|nowprice=>|discount=>|over_datetime=>|keystr=>|
success-----新手好礼分享成功

BEGINXB--------------------BEGIN--------------------BEGIN
2017-06-27 18:27:57    request_uri:    /duidui/interface/xbinit.php
thetype=>2206|nowtime=>1498559277000|md5key=>527aa50704b8e9e2529e1a03e6ccd912|usertype=>1|userid=>28|userkey=>daf080e8785209245290bcfed6fdf2bb|phone=>|vcode=>|yijian=>|keyong_jifen=>|dongjie_jifen=>|sex=>|birthday=>|userlevel=>|nickname=>|mobile=>|shouhuoren=>|province=>|city=>|address=>|zipcode=>|is_default=>|address_id=>|count=>|page=>|taskid=>|tid=>|geturl=>/duidui/interface/xbinit.php|posturl=>thetype=2206&sharequan=666&md5key=527aa50704b8e9e2529e1a03e6ccd912&nowtime=1498559277000&usertype=1&userid=28&userkey=daf080e8785209245290bcfed6fdf2bb|tasktype=>|houzhui=>|imgdata=>|jiguangid=>|openid=>|quantype=>|quanshow=>|quanid=>|collect=>|kindtype=>|libao=>|typeid=>|proname=>|type=>|productid=>|keyong_money=>|shoptype=>|shopchildtype=>|sharequan=>666|sharefriend=>|lat=>|lng=>|yuanprice=>|nowprice=>|discount=>|over_datetime=>|keystr=>|
error-----该用户已分享过

BEGINXB--------------------BEGIN--------------------BEGIN
2017-06-27 18:27:59    request_uri:    /duidui/interface/xbinit.php
thetype=>2206|nowtime=>1498559279000|md5key=>527aa50704b8e9e2529e1a03e6ccd912|usertype=>1|userid=>28|userkey=>daf080e8785209245290bcfed6fdf2bb|phone=>|vcode=>|yijian=>|keyong_jifen=>|dongjie_jifen=>|sex=>|birthday=>|userlevel=>|nickname=>|mobile=>|shouhuoren=>|province=>|city=>|address=>|zipcode=>|is_default=>|address_id=>|count=>|page=>|taskid=>|tid=>|geturl=>/duidui/interface/xbinit.php|posturl=>thetype=2206&sharequan=666&md5key=527aa50704b8e9e2529e1a03e6ccd912&nowtime=1498559279000&usertype=1&userid=28&userkey=daf080e8785209245290bcfed6fdf2bb|tasktype=>|houzhui=>|imgdata=>|jiguangid=>|openid=>|quantype=>|quanshow=>|quanid=>|collect=>|kindtype=>|libao=>|typeid=>|proname=>|type=>|productid=>|keyong_money=>|shoptype=>|shopchildtype=>|sharequan=>666|sharefriend=>|lat=>|lng=>|yuanprice=>|nowprice=>|discount=>|over_datetime=>|keystr=>|
error-----该用户已分享过

BEGINXB--------------------BEGIN--------------------BEGIN
2017-06-27 18:28:02    request_uri:    /duidui/interface/xbinit.php
thetype=>2206|nowtime=>1498559281000|md5key=>527aa50704b8e9e2529e1a03e6ccd912|usertype=>1|userid=>28|userkey=>daf080e8785209245290bcfed6fdf2bb|phone=>|vcode=>|yijian=>|keyong_jifen=>|dongjie_jifen=>|sex=>|birthday=>|userlevel=>|nickname=>|mobile=>|shouhuoren=>|province=>|city=>|address=>|zipcode=>|is_default=>|address_id=>|count=>|page=>|taskid=>|tid=>|geturl=>/duidui/interface/xbinit.php|posturl=>thetype=2206&sharequan=666&md5key=527aa50704b8e9e2529e1a03e6ccd912&nowtime=1498559281000&usertype=1&userid=28&userkey=daf080e8785209245290bcfed6fdf2bb|tasktype=>|houzhui=>|imgdata=>|jiguangid=>|openid=>|quantype=>|quanshow=>|quanid=>|collect=>|kindtype=>|libao=>|typeid=>|proname=>|type=>|productid=>|keyong_money=>|shoptype=>|shopchildtype=>|sharequan=>666|sharefriend=>|lat=>|lng=>|yuanprice=>|nowprice=>|discount=>|over_datetime=>|keystr=>|
error-----该用户已分享过

BEGINXB--------------------BEGIN--------------------BEGIN
2017-06-27 18:28:04    request_uri:    /duidui/interface/xbinit.php
thetype=>2206|nowtime=>1498559283000|md5key=>527aa50704b8e9e2529e1a03e6ccd912|usertype=>1|userid=>28|userkey=>daf080e8785209245290bcfed6fdf2bb|phone=>|vcode=>|yijian=>|keyong_jifen=>|dongjie_jifen=>|sex=>|birthday=>|userlevel=>|nickname=>|mobile=>|shouhuoren=>|province=>|city=>|address=>|zipcode=>|is_default=>|address_id=>|count=>|page=>|taskid=>|tid=>|geturl=>/duidui/interface/xbinit.php|posturl=>thetype=2206&sharequan=666&md5key=527aa50704b8e9e2529e1a03e6ccd912&nowtime=1498559283000&usertype=1&userid=28&userkey=daf080e8785209245290bcfed6fdf2bb|tasktype=>|houzhui=>|imgdata=>|jiguangid=>|openid=>|quantype=>|quanshow=>|quanid=>|collect=>|kindtype=>|libao=>|typeid=>|proname=>|type=>|productid=>|keyong_money=>|shoptype=>|shopchildtype=>|sharequan=>666|sharefriend=>|lat=>|lng=>|yuanprice=>|nowprice=>|discount=>|over_datetime=>|keystr=>|
error-----该用户已分享过

BEGINXB--------------------BEGIN--------------------BEGIN
2017-06-27 18:28:21    request_uri:    /duidui/interface/xbinit.php
thetype=>2206|nowtime=>1498559299000|md5key=>527aa50704b8e9e2529e1a03e6ccd912|usertype=>1|userid=>28|userkey=>daf080e8785209245290bcfed6fdf2bb|phone=>|vcode=>|yijian=>|keyong_jifen=>|dongjie_jifen=>|sex=>|birthday=>|userlevel=>|nickname=>|mobile=>|shouhuoren=>|province=>|city=>|address=>|zipcode=>|is_default=>|address_id=>|count=>|page=>|taskid=>|tid=>|geturl=>/duidui/interface/xbinit.php|posturl=>thetype=2206&sharequan=666&md5key=527aa50704b8e9e2529e1a03e6ccd912&nowtime=1498559299000&usertype=1&userid=28&userkey=daf080e8785209245290bcfed6fdf2bb|tasktype=>|houzhui=>|imgdata=>|jiguangid=>|openid=>|quantype=>|quanshow=>|quanid=>|collect=>|kindtype=>|libao=>|typeid=>|proname=>|type=>|productid=>|keyong_money=>|shoptype=>|shopchildtype=>|sharequan=>666|sharefriend=>|lat=>|lng=>|yuanprice=>|nowprice=>|discount=>|over_datetime=>|keystr=>|
error-----该用户已分享过

BEGINXB--------------------BEGIN--------------------BEGIN
2017-06-27 18:28:21    request_uri:    /duidui/interface/xbinit.php
thetype=>2206|nowtime=>1498559301000|md5key=>527aa50704b8e9e2529e1a03e6ccd912|usertype=>1|userid=>28|userkey=>daf080e8785209245290bcfed6fdf2bb|phone=>|vcode=>|yijian=>|keyong_jifen=>|dongjie_jifen=>|sex=>|birthday=>|userlevel=>|nickname=>|mobile=>|shouhuoren=>|province=>|city=>|address=>|zipcode=>|is_default=>|address_id=>|count=>|page=>|taskid=>|tid=>|geturl=>/duidui/interface/xbinit.php|posturl=>thetype=2206&sharequan=666&md5key=527aa50704b8e9e2529e1a03e6ccd912&nowtime=1498559301000&usertype=1&userid=28&userkey=daf080e8785209245290bcfed6fdf2bb|tasktype=>|houzhui=>|imgdata=>|jiguangid=>|openid=>|quantype=>|quanshow=>|quanid=>|collect=>|kindtype=>|libao=>|typeid=>|proname=>|type=>|productid=>|keyong_money=>|shoptype=>|shopchildtype=>|sharequan=>666|sharefriend=>|lat=>|lng=>|yuanprice=>|nowprice=>|discount=>|over_datetime=>|keystr=>|
error-----该用户已分享过

BEGINXB--------------------BEGIN--------------------BEGIN
2017-06-27 18:29:26    request_uri:    /duidui/interface/xbinit.php
thetype=>2206|nowtime=>1498559365000|md5key=>527aa50704b8e9e2529e1a03e6ccd912|usertype=>1|userid=>28|userkey=>daf080e8785209245290bcfed6fdf2bb|phone=>|vcode=>|yijian=>|keyong_jifen=>|dongjie_jifen=>|sex=>|birthday=>|userlevel=>|nickname=>|mobile=>|shouhuoren=>|province=>|city=>|address=>|zipcode=>|is_default=>|address_id=>|count=>|page=>|taskid=>|tid=>|geturl=>/duidui/interface/xbinit.php|posturl=>thetype=2206&sharequan=666&md5key=527aa50704b8e9e2529e1a03e6ccd912&nowtime=1498559365000&usertype=1&userid=28&userkey=daf080e8785209245290bcfed6fdf2bb|tasktype=>|houzhui=>|imgdata=>|jiguangid=>|openid=>|quantype=>|quanshow=>|quanid=>|collect=>|kindtype=>|libao=>|typeid=>|proname=>|type=>|productid=>|keyong_money=>|shoptype=>|shopchildtype=>|sharequan=>666|sharefriend=>|lat=>|lng=>|yuanprice=>|nowprice=>|discount=>|over_datetime=>|keystr=>|
success-----新手好礼分享成功

BEGINXB--------------------BEGIN--------------------BEGIN
2017-06-27 18:29:36    request_uri:    /duidui/interface/xbinit.php
thetype=>2206|nowtime=>1498559375000|md5key=>527aa50704b8e9e2529e1a03e6ccd912|usertype=>1|userid=>28|userkey=>daf080e8785209245290bcfed6fdf2bb|phone=>|vcode=>|yijian=>|keyong_jifen=>|dongjie_jifen=>|sex=>|birthday=>|userlevel=>|nickname=>|mobile=>|shouhuoren=>|province=>|city=>|address=>|zipcode=>|is_default=>|address_id=>|count=>|page=>|taskid=>|tid=>|geturl=>/duidui/interface/xbinit.php|posturl=>thetype=2206&sharequan=666&md5key=527aa50704b8e9e2529e1a03e6ccd912&nowtime=1498559375000&usertype=1&userid=28&userkey=daf080e8785209245290bcfed6fdf2bb|tasktype=>|houzhui=>|imgdata=>|jiguangid=>|openid=>|quantype=>|quanshow=>|quanid=>|collect=>|kindtype=>|libao=>|typeid=>|proname=>|type=>|productid=>|keyong_money=>|shoptype=>|shopchildtype=>|sharequan=>666|sharefriend=>|lat=>|lng=>|yuanprice=>|nowprice=>|discount=>|over_datetime=>|keystr=>|
success-----新手好礼分享成功

BEGINXB--------------------BEGIN--------------------BEGIN
2017-06-27 18:29:39    request_uri:    /duidui/interface/xbinit.php
thetype=>2206|nowtime=>1498559379000|md5key=>527aa50704b8e9e2529e1a03e6ccd912|usertype=>1|userid=>28|userkey=>daf080e8785209245290bcfed6fdf2bb|phone=>|vcode=>|yijian=>|keyong_jifen=>|dongjie_jifen=>|sex=>|birthday=>|userlevel=>|nickname=>|mobile=>|shouhuoren=>|province=>|city=>|address=>|zipcode=>|is_default=>|address_id=>|count=>|page=>|taskid=>|tid=>|geturl=>/duidui/interface/xbinit.php|posturl=>thetype=2206&sharequan=666&md5key=527aa50704b8e9e2529e1a03e6ccd912&nowtime=1498559379000&usertype=1&userid=28&userkey=daf080e8785209245290bcfed6fdf2bb|tasktype=>|houzhui=>|imgdata=>|jiguangid=>|openid=>|quantype=>|quanshow=>|quanid=>|collect=>|kindtype=>|libao=>|typeid=>|proname=>|type=>|productid=>|keyong_money=>|shoptype=>|shopchildtype=>|sharequan=>666|sharefriend=>|lat=>|lng=>|yuanprice=>|nowprice=>|discount=>|over_datetime=>|keystr=>|
success-----新手好礼分享成功

BEGINXB--------------------BEGIN--------------------BEGIN
2017-06-27 18:29:41    request_uri:    /duidui/interface/xbinit.php
thetype=>2206|nowtime=>1498559380000|md5key=>527aa50704b8e9e2529e1a03e6ccd912|usertype=>1|userid=>28|userkey=>daf080e8785209245290bcfed6fdf2bb|phone=>|vcode=>|yijian=>|keyong_jifen=>|dongjie_jifen=>|sex=>|birthday=>|userlevel=>|nickname=>|mobile=>|shouhuoren=>|province=>|city=>|address=>|zipcode=>|is_default=>|address_id=>|count=>|page=>|taskid=>|tid=>|geturl=>/duidui/interface/xbinit.php|posturl=>thetype=2206&sharequan=666&md5key=527aa50704b8e9e2529e1a03e6ccd912&nowtime=1498559380000&usertype=1&userid=28&userkey=daf080e8785209245290bcfed6fdf2bb|tasktype=>|houzhui=>|imgdata=>|jiguangid=>|openid=>|quantype=>|quanshow=>|quanid=>|collect=>|kindtype=>|libao=>|typeid=>|proname=>|type=>|productid=>|keyong_money=>|shoptype=>|shopchildtype=>|sharequan=>666|sharefriend=>|lat=>|lng=>|yuanprice=>|nowprice=>|discount=>|over_datetime=>|keystr=>|
success-----新手好礼分享成功

BEGINXB--------------------BEGIN--------------------BEGIN
2017-06-27 18:29:50    request_uri:    /duidui/interface/xbinit.php
thetype=>2206|nowtime=>1498559389000|md5key=>527aa50704b8e9e2529e1a03e6ccd912|usertype=>1|userid=>28|userkey=>daf080e8785209245290bcfed6fdf2bb|phone=>|vcode=>|yijian=>|keyong_jifen=>|dongjie_jifen=>|sex=>|birthday=>|userlevel=>|nickname=>|mobile=>|shouhuoren=>|province=>|city=>|address=>|zipcode=>|is_default=>|address_id=>|count=>|page=>|taskid=>|tid=>|geturl=>/duidui/interface/xbinit.php|posturl=>thetype=2206&sharequan=666&md5key=527aa50704b8e9e2529e1a03e6ccd912&nowtime=1498559389000&usertype=1&userid=28&userkey=daf080e8785209245290bcfed6fdf2bb|tasktype=>|houzhui=>|imgdata=>|jiguangid=>|openid=>|quantype=>|quanshow=>|quanid=>|collect=>|kindtype=>|libao=>|typeid=>|proname=>|type=>|productid=>|keyong_money=>|shoptype=>|shopchildtype=>|sharequan=>666|sharefriend=>|lat=>|lng=>|yuanprice=>|nowprice=>|discount=>|over_datetime=>|keystr=>|
success-----新手好礼分享成功

BEGINXB--------------------BEGIN--------------------BEGIN
2017-06-27 18:29:54    request_uri:    /duidui/interface/xbinit.php
thetype=>2206|nowtime=>1498559393000|md5key=>527aa50704b8e9e2529e1a03e6ccd912|usertype=>1|userid=>28|userkey=>daf080e8785209245290bcfed6fdf2bb|phone=>|vcode=>|yijian=>|keyong_jifen=>|dongjie_jifen=>|sex=>|birthday=>|userlevel=>|nickname=>|mobile=>|shouhuoren=>|province=>|city=>|address=>|zipcode=>|is_default=>|address_id=>|count=>|page=>|taskid=>|tid=>|geturl=>/duidui/interface/xbinit.php|posturl=>thetype=2206&sharequan=666&md5key=527aa50704b8e9e2529e1a03e6ccd912&nowtime=1498559393000&usertype=1&userid=28&userkey=daf080e8785209245290bcfed6fdf2bb|tasktype=>|houzhui=>|imgdata=>|jiguangid=>|openid=>|quantype=>|quanshow=>|quanid=>|collect=>|kindtype=>|libao=>|typeid=>|proname=>|type=>|productid=>|keyong_money=>|shoptype=>|shopchildtype=>|sharequan=>666|sharefriend=>|lat=>|lng=>|yuanprice=>|nowprice=>|discount=>|over_datetime=>|keystr=>|
success-----新手好礼分享成功

BEGINXB--------------------BEGIN--------------------BEGIN
2017-06-27 18:30:03    request_uri:    /duidui/interface/xbinit.php
thetype=>2206|nowtime=>1498559401000|md5key=>527aa50704b8e9e2529e1a03e6ccd912|usertype=>1|userid=>28|userkey=>daf080e8785209245290bcfed6fdf2bb|phone=>|vcode=>|yijian=>|keyong_jifen=>|dongjie_jifen=>|sex=>|birthday=>|userlevel=>|nickname=>|mobile=>|shouhuoren=>|province=>|city=>|address=>|zipcode=>|is_default=>|address_id=>|count=>|page=>|taskid=>|tid=>|geturl=>/duidui/interface/xbinit.php|posturl=>thetype=2206&sharequan=666&md5key=527aa50704b8e9e2529e1a03e6ccd912&nowtime=1498559401000&usertype=1&userid=28&userkey=daf080e8785209245290bcfed6fdf2bb|tasktype=>|houzhui=>|imgdata=>|jiguangid=>|openid=>|quantype=>|quanshow=>|quanid=>|collect=>|kindtype=>|libao=>|typeid=>|proname=>|type=>|productid=>|keyong_money=>|shoptype=>|shopchildtype=>|sharequan=>666|sharefriend=>|lat=>|lng=>|yuanprice=>|nowprice=>|discount=>|over_datetime=>|keystr=>|
success-----新手好礼分享成功

BEGINXB--------------------BEGIN--------------------BEGIN
2017-06-27 18:30:13    request_uri:    /duidui/interface/xbinit.php
thetype=>2206|nowtime=>1498559409000|md5key=>527aa50704b8e9e2529e1a03e6ccd912|usertype=>1|userid=>28|userkey=>daf080e8785209245290bcfed6fdf2bb|phone=>|vcode=>|yijian=>|keyong_jifen=>|dongjie_jifen=>|sex=>|birthday=>|userlevel=>|nickname=>|mobile=>|shouhuoren=>|province=>|city=>|address=>|zipcode=>|is_default=>|address_id=>|count=>|page=>|taskid=>|tid=>|geturl=>/duidui/interface/xbinit.php|posturl=>thetype=2206&sharequan=666&md5key=527aa50704b8e9e2529e1a03e6ccd912&nowtime=1498559409000&usertype=1&userid=28&userkey=daf080e8785209245290bcfed6fdf2bb|tasktype=>|houzhui=>|imgdata=>|jiguangid=>|openid=>|quantype=>|quanshow=>|quanid=>|collect=>|kindtype=>|libao=>|typeid=>|proname=>|type=>|productid=>|keyong_money=>|shoptype=>|shopchildtype=>|sharequan=>666|sharefriend=>|lat=>|lng=>|yuanprice=>|nowprice=>|discount=>|over_datetime=>|keystr=>|
success-----新手好礼分享成功

BEGINXB--------------------BEGIN--------------------BEGIN
2017-06-27 18:30:19    request_uri:    /duidui/interface/xbinit.php
thetype=>2206|nowtime=>1498559419000|md5key=>527aa50704b8e9e2529e1a03e6ccd912|usertype=>1|userid=>28|userkey=>daf080e8785209245290bcfed6fdf2bb|phone=>|vcode=>|yijian=>|keyong_jifen=>|dongjie_jifen=>|sex=>|birthday=>|userlevel=>|nickname=>|mobile=>|shouhuoren=>|province=>|city=>|address=>|zipcode=>|is_default=>|address_id=>|count=>|page=>|taskid=>|tid=>|geturl=>/duidui/interface/xbinit.php|posturl=>thetype=2206&sharequan=666&md5key=527aa50704b8e9e2529e1a03e6ccd912&nowtime=1498559419000&usertype=1&userid=28&userkey=daf080e8785209245290bcfed6fdf2bb|tasktype=>|houzhui=>|imgdata=>|jiguangid=>|openid=>|quantype=>|quanshow=>|quanid=>|collect=>|kindtype=>|libao=>|typeid=>|proname=>|type=>|productid=>|keyong_money=>|shoptype=>|shopchildtype=>|sharequan=>666|sharefriend=>|lat=>|lng=>|yuanprice=>|nowprice=>|discount=>|over_datetime=>|keystr=>|
success-----新手好礼分享成功

BEGINXB--------------------BEGIN--------------------BEGIN
2017-06-27 18:30:37    request_uri:    /duidui/interface/xbinit.php
thetype=>2206|nowtime=>1498559436000|md5key=>527aa50704b8e9e2529e1a03e6ccd912|usertype=>1|userid=>28|userkey=>daf080e8785209245290bcfed6fdf2bb|phone=>|vcode=>|yijian=>|keyong_jifen=>|dongjie_jifen=>|sex=>|birthday=>|userlevel=>|nickname=>|mobile=>|shouhuoren=>|province=>|city=>|address=>|zipcode=>|is_default=>|address_id=>|count=>|page=>|taskid=>|tid=>|geturl=>/duidui/interface/xbinit.php|posturl=>thetype=2206&sharequan=666&md5key=527aa50704b8e9e2529e1a03e6ccd912&nowtime=1498559436000&usertype=1&userid=28&userkey=daf080e8785209245290bcfed6fdf2bb|tasktype=>|houzhui=>|imgdata=>|jiguangid=>|openid=>|quantype=>|quanshow=>|quanid=>|collect=>|kindtype=>|libao=>|typeid=>|proname=>|type=>|productid=>|keyong_money=>|shoptype=>|shopchildtype=>|sharequan=>666|sharefriend=>|lat=>|lng=>|yuanprice=>|nowprice=>|discount=>|over_datetime=>|keystr=>|
success-----新手好礼分享成功

BEGINXB--------------------BEGIN--------------------BEGIN
2017-06-27 18:30:41    request_uri:    /duidui/interface/xbinit.php
thetype=>2206|nowtime=>1498559440000|md5key=>527aa50704b8e9e2529e1a03e6ccd912|usertype=>1|userid=>28|userkey=>daf080e8785209245290bcfed6fdf2bb|phone=>|vcode=>|yijian=>|keyong_jifen=>|dongjie_jifen=>|sex=>|birthday=>|userlevel=>|nickname=>|mobile=>|shouhuoren=>|province=>|city=>|address=>|zipcode=>|is_default=>|address_id=>|count=>|page=>|taskid=>|tid=>|geturl=>/duidui/interface/xbinit.php|posturl=>thetype=2206&sharequan=666&md5key=527aa50704b8e9e2529e1a03e6ccd912&nowtime=1498559440000&usertype=1&userid=28&userkey=daf080e8785209245290bcfed6fdf2bb|tasktype=>|houzhui=>|imgdata=>|jiguangid=>|openid=>|quantype=>|quanshow=>|quanid=>|collect=>|kindtype=>|libao=>|typeid=>|proname=>|type=>|productid=>|keyong_money=>|shoptype=>|shopchildtype=>|sharequan=>666|sharefriend=>|lat=>|lng=>|yuanprice=>|nowprice=>|discount=>|over_datetime=>|keystr=>|
success-----新手好礼分享成功

BEGINXB--------------------BEGIN--------------------BEGIN
2017-06-27 18:30:51    request_uri:    /duidui/interface/xbinit.php
thetype=>2206|nowtime=>1498559450000|md5key=>527aa50704b8e9e2529e1a03e6ccd912|usertype=>1|userid=>28|userkey=>daf080e8785209245290bcfed6fdf2bb|phone=>|vcode=>|yijian=>|keyong_jifen=>|dongjie_jifen=>|sex=>|birthday=>|userlevel=>|nickname=>|mobile=>|shouhuoren=>|province=>|city=>|address=>|zipcode=>|is_default=>|address_id=>|count=>|page=>|taskid=>|tid=>|geturl=>/duidui/interface/xbinit.php|posturl=>thetype=2206&sharequan=666&md5key=527aa50704b8e9e2529e1a03e6ccd912&nowtime=1498559450000&usertype=1&userid=28&userkey=daf080e8785209245290bcfed6fdf2bb|tasktype=>|houzhui=>|imgdata=>|jiguangid=>|openid=>|quantype=>|quanshow=>|quanid=>|collect=>|kindtype=>|libao=>|typeid=>|proname=>|type=>|productid=>|keyong_money=>|shoptype=>|shopchildtype=>|sharequan=>666|sharefriend=>|lat=>|lng=>|yuanprice=>|nowprice=>|discount=>|over_datetime=>|keystr=>|
success-----新手好礼分享成功

BEGINXB--------------------BEGIN--------------------BEGIN
2017-06-27 18:31:09    request_uri:    /duidui/interface/xbinit.php
thetype=>2206|nowtime=>1498559468000|md5key=>527aa50704b8e9e2529e1a03e6ccd912|usertype=>1|userid=>28|userkey=>daf080e8785209245290bcfed6fdf2bb|phone=>|vcode=>|yijian=>|keyong_jifen=>|dongjie_jifen=>|sex=>|birthday=>|userlevel=>|nickname=>|mobile=>|shouhuoren=>|province=>|city=>|address=>|zipcode=>|is_default=>|address_id=>|count=>|page=>|taskid=>|tid=>|geturl=>/duidui/interface/xbinit.php|posturl=>thetype=2206&sharequan=666&md5key=527aa50704b8e9e2529e1a03e6ccd912&nowtime=1498559468000&usertype=1&userid=28&userkey=daf080e8785209245290bcfed6fdf2bb|tasktype=>|houzhui=>|imgdata=>|jiguangid=>|openid=>|quantype=>|quanshow=>|quanid=>|collect=>|kindtype=>|libao=>|typeid=>|proname=>|type=>|productid=>|keyong_money=>|shoptype=>|shopchildtype=>|sharequan=>666|sharefriend=>|lat=>|lng=>|yuanprice=>|nowprice=>|discount=>|over_datetime=>|keystr=>|
success-----新手好礼分享成功

BEGINXB--------------------BEGIN--------------------BEGIN
2017-06-27 18:31:10    request_uri:    /duidui/interface/xbinit.php
thetype=>2206|nowtime=>1498559470000|md5key=>527aa50704b8e9e2529e1a03e6ccd912|usertype=>1|userid=>28|userkey=>daf080e8785209245290bcfed6fdf2bb|phone=>|vcode=>|yijian=>|keyong_jifen=>|dongjie_jifen=>|sex=>|birthday=>|userlevel=>|nickname=>|mobile=>|shouhuoren=>|province=>|city=>|address=>|zipcode=>|is_default=>|address_id=>|count=>|page=>|taskid=>|tid=>|geturl=>/duidui/interface/xbinit.php|posturl=>thetype=2206&sharequan=666&md5key=527aa50704b8e9e2529e1a03e6ccd912&nowtime=1498559470000&usertype=1&userid=28&userkey=daf080e8785209245290bcfed6fdf2bb|tasktype=>|houzhui=>|imgdata=>|jiguangid=>|openid=>|quantype=>|quanshow=>|quanid=>|collect=>|kindtype=>|libao=>|typeid=>|proname=>|type=>|productid=>|keyong_money=>|shoptype=>|shopchildtype=>|sharequan=>666|sharefriend=>|lat=>|lng=>|yuanprice=>|nowprice=>|discount=>|over_datetime=>|keystr=>|
success-----新手好礼分享成功

BEGINXB--------------------BEGIN--------------------BEGIN
2017-06-27 18:31:11    request_uri:    /duidui/interface/xbinit.php
thetype=>2206|nowtime=>1498559471000|md5key=>527aa50704b8e9e2529e1a03e6ccd912|usertype=>1|userid=>28|userkey=>daf080e8785209245290bcfed6fdf2bb|phone=>|vcode=>|yijian=>|keyong_jifen=>|dongjie_jifen=>|sex=>|birthday=>|userlevel=>|nickname=>|mobile=>|shouhuoren=>|province=>|city=>|address=>|zipcode=>|is_default=>|address_id=>|count=>|page=>|taskid=>|tid=>|geturl=>/duidui/interface/xbinit.php|posturl=>thetype=2206&sharequan=666&md5key=527aa50704b8e9e2529e1a03e6ccd912&nowtime=1498559471000&usertype=1&userid=28&userkey=daf080e8785209245290bcfed6fdf2bb|tasktype=>|houzhui=>|imgdata=>|jiguangid=>|openid=>|quantype=>|quanshow=>|quanid=>|collect=>|kindtype=>|libao=>|typeid=>|proname=>|type=>|productid=>|keyong_money=>|shoptype=>|shopchildtype=>|sharequan=>666|sharefriend=>|lat=>|lng=>|yuanprice=>|nowprice=>|discount=>|over_datetime=>|keystr=>|
success-----新手好礼分享成功

BEGINXB--------------------BEGIN--------------------BEGIN
2017-06-27 18:31:34    request_uri:    /duidui/interface/xbinit.php
thetype=>2206|nowtime=>1498559492000|md5key=>527aa50704b8e9e2529e1a03e6ccd912|usertype=>1|userid=>28|userkey=>daf080e8785209245290bcfed6fdf2bb|phone=>|vcode=>|yijian=>|keyong_jifen=>|dongjie_jifen=>|sex=>|birthday=>|userlevel=>|nickname=>|mobile=>|shouhuoren=>|province=>|city=>|address=>|zipcode=>|is_default=>|address_id=>|count=>|page=>|taskid=>|tid=>|geturl=>/duidui/interface/xbinit.php|posturl=>thetype=2206&sharequan=666&md5key=527aa50704b8e9e2529e1a03e6ccd912&nowtime=1498559492000&usertype=1&userid=28&userkey=daf080e8785209245290bcfed6fdf2bb|tasktype=>|houzhui=>|imgdata=>|jiguangid=>|openid=>|quantype=>|quanshow=>|quanid=>|collect=>|kindtype=>|libao=>|typeid=>|proname=>|type=>|productid=>|keyong_money=>|shoptype=>|shopchildtype=>|sharequan=>666|sharefriend=>|lat=>|lng=>|yuanprice=>|nowprice=>|discount=>|over_datetime=>|keystr=>|
success-----新手好礼分享成功

BEGINXB--------------------BEGIN--------------------BEGIN
2017-06-27 18:32:17    request_uri:    /duidui/interface/xbinit.php
thetype=>2206|nowtime=>1498559537000|md5key=>527aa50704b8e9e2529e1a03e6ccd912|usertype=>1|userid=>28|userkey=>daf080e8785209245290bcfed6fdf2bb|phone=>|vcode=>|yijian=>|keyong_jifen=>|dongjie_jifen=>|sex=>|birthday=>|userlevel=>|nickname=>|mobile=>|shouhuoren=>|province=>|city=>|address=>|zipcode=>|is_default=>|address_id=>|count=>|page=>|taskid=>|tid=>|geturl=>/duidui/interface/xbinit.php|posturl=>thetype=2206&sharequan=666&md5key=527aa50704b8e9e2529e1a03e6ccd912&nowtime=1498559537000&usertype=1&userid=28&userkey=daf080e8785209245290bcfed6fdf2bb|tasktype=>|houzhui=>|imgdata=>|jiguangid=>|openid=>|quantype=>|quanshow=>|quanid=>|collect=>|kindtype=>|libao=>|typeid=>|proname=>|type=>|productid=>|keyong_money=>|shoptype=>|shopchildtype=>|sharequan=>666|sharefriend=>|lat=>|lng=>|yuanprice=>|nowprice=>|discount=>|over_datetime=>|keystr=>|
success-----新手好礼分享成功

BEGINXB--------------------BEGIN--------------------BEGIN
2017-06-27 18:32:21    request_uri:    /duidui/interface/xbinit.php
thetype=>2206|nowtime=>1498559541000|md5key=>527aa50704b8e9e2529e1a03e6ccd912|usertype=>1|userid=>28|userkey=>daf080e8785209245290bcfed6fdf2bb|phone=>|vcode=>|yijian=>|keyong_jifen=>|dongjie_jifen=>|sex=>|birthday=>|userlevel=>|nickname=>|mobile=>|shouhuoren=>|province=>|city=>|address=>|zipcode=>|is_default=>|address_id=>|count=>|page=>|taskid=>|tid=>|geturl=>/duidui/interface/xbinit.php|posturl=>thetype=2206&sharequan=666&md5key=527aa50704b8e9e2529e1a03e6ccd912&nowtime=1498559541000&usertype=1&userid=28&userkey=daf080e8785209245290bcfed6fdf2bb|tasktype=>|houzhui=>|imgdata=>|jiguangid=>|openid=>|quantype=>|quanshow=>|quanid=>|collect=>|kindtype=>|libao=>|typeid=>|proname=>|type=>|productid=>|keyong_money=>|shoptype=>|shopchildtype=>|sharequan=>666|sharefriend=>|lat=>|lng=>|yuanprice=>|nowprice=>|discount=>|over_datetime=>|keystr=>|
success-----新手好礼分享成功

BEGINXB--------------------BEGIN--------------------BEGIN
2017-06-27 18:32:52    request_uri:    /duidui/interface/xbinit.php
thetype=>2206|nowtime=>1498559572000|md5key=>527aa50704b8e9e2529e1a03e6ccd912|usertype=>1|userid=>28|userkey=>daf080e8785209245290bcfed6fdf2bb|phone=>|vcode=>|yijian=>|keyong_jifen=>|dongjie_jifen=>|sex=>|birthday=>|userlevel=>|nickname=>|mobile=>|shouhuoren=>|province=>|city=>|address=>|zipcode=>|is_default=>|address_id=>|count=>|page=>|taskid=>|tid=>|geturl=>/duidui/interface/xbinit.php|posturl=>thetype=2206&sharequan=666&md5key=527aa50704b8e9e2529e1a03e6ccd912&nowtime=1498559572000&usertype=1&userid=28&userkey=daf080e8785209245290bcfed6fdf2bb|tasktype=>|houzhui=>|imgdata=>|jiguangid=>|openid=>|quantype=>|quanshow=>|quanid=>|collect=>|kindtype=>|libao=>|typeid=>|proname=>|type=>|productid=>|keyong_money=>|shoptype=>|shopchildtype=>|sharequan=>666|sharefriend=>|lat=>|lng=>|yuanprice=>|nowprice=>|discount=>|over_datetime=>|keystr=>|
success-----新手好礼分享成功
