[ 2017-06-16T11:28:17+08:00 ] 127.0.0.1 /admin_duidui/admin_y.php/Login/index
INFO: [ route_check ] --START--
INFO: Run CheckRoute Behavior [ RunTime:0.218013s ]
INFO: [ route_check ] --END-- [ RunTime:0.218013s ]
INFO: [ app_begin ] --START--
INFO: Run ReadHtmlCache Behavior [ RunTime:0.005000s ]
INFO: [ app_begin ] --END-- [ RunTime:0.006000s ]
INFO: [ view_template ] --START--
INFO: Run LocationTemplate Behavior [ RunTime:0.050003s ]
INFO: [ view_template ] --END-- [ RunTime:0.050003s ]
INFO: [ view_parse ] --START--
INFO: Run ParseTemplate Behavior [ RunTime:0.057003s ]
INFO: [ view_parse ] --END-- [ RunTime:0.057003s ]
INFO: [ view_filter ] --START--
INFO: Run ContentReplace Behavior [ RunTime:0.014001s ]
INFO: Run TokenBuild Behavior [ RunTime:0.009001s ]
INFO: Run WriteHtmlCache Behavior [ RunTime:0.002000s ]
INFO: Run ShowRuntime Behavior [ RunTime:0.003000s ]
INFO: [ view_filter ] --END-- [ RunTime:0.028002s ]
INFO: [ view_end ] --START--
INFO: Run ShowPageTrace Behavior [ RunTime:0.011001s ]
INFO: [ view_end ] --END-- [ RunTime:0.011001s ]

[ 2017-06-16T11:28:23+08:00 ] 127.0.0.1 /admin_duidui/admin_y.php/Index/index/userxr/root
INFO: [ route_check ] --START--
INFO: Run CheckRoute Behavior [ RunTime:0.002000s ]
INFO: [ route_check ] --END-- [ RunTime:0.002000s ]
INFO: [ app_begin ] --START--
INFO: Run ReadHtmlCache Behavior [ RunTime:0.003000s ]
INFO: [ app_begin ] --END-- [ RunTime:0.003000s ]
INFO: [ view_template ] --START--
INFO: Run LocationTemplate Behavior [ RunTime:0.004000s ]
INFO: [ view_template ] --END-- [ RunTime:0.004000s ]
INFO: [ view_parse ] --START--
INFO: Run ParseTemplate Behavior [ RunTime:0.032002s ]
INFO: [ view_parse ] --END-- [ RunTime:0.032002s ]
INFO: [ view_filter ] --START--
INFO: Run ContentReplace Behavior [ RunTime:0.002000s ]
INFO: Run TokenBuild Behavior [ RunTime:0.002000s ]
INFO: Run WriteHtmlCache Behavior [ RunTime:0.002000s ]
INFO: Run ShowRuntime Behavior [ RunTime:0.003001s ]
INFO: [ view_filter ] --END-- [ RunTime:0.009001s ]
INFO: [ view_end ] --START--
INFO: Run ShowPageTrace Behavior [ RunTime:0.002000s ]
INFO: [ view_end ] --END-- [ RunTime:0.002000s ]

[ 2017-06-16T11:28:23+08:00 ] 127.0.0.1 /admin_duidui/admin_y.php/Menu/index
INFO: [ route_check ] --START--
INFO: Run CheckRoute Behavior [ RunTime:0.002000s ]
INFO: [ route_check ] --END-- [ RunTime:0.002000s ]
INFO: [ app_begin ] --START--
INFO: Run ReadHtmlCache Behavior [ RunTime:0.001000s ]
INFO: [ app_begin ] --END-- [ RunTime:0.001000s ]
INFO: [ view_template ] --START--
INFO: Run LocationTemplate Behavior [ RunTime:0.003000s ]
INFO: [ view_template ] --END-- [ RunTime:0.003000s ]
INFO: [ view_parse ] --START--
INFO: Run ParseTemplate Behavior [ RunTime:0.036002s ]
INFO: [ view_parse ] --END-- [ RunTime:0.036002s ]
INFO: [ view_filter ] --START--
INFO: Run ContentReplace Behavior [ RunTime:0.001000s ]
INFO: Run TokenBuild Behavior [ RunTime:0.001000s ]
INFO: Run WriteHtmlCache Behavior [ RunTime:0.002001s ]
INFO: Run ShowRuntime Behavior [ RunTime:0.001000s ]
INFO: [ view_filter ] --END-- [ RunTime:0.005001s ]
INFO: [ view_end ] --START--
INFO: Run ShowPageTrace Behavior [ RunTime:0.001000s ]
INFO: [ view_end ] --END-- [ RunTime:0.001000s ]

[ 2017-06-16T11:28:23+08:00 ] 127.0.0.1 /admin_duidui/admin_y.php/Header/index
INFO: [ route_check ] --START--
INFO: Run CheckRoute Behavior [ RunTime:0.043003s ]
INFO: [ route_check ] --END-- [ RunTime:0.043003s ]
INFO: [ app_begin ] --START--
INFO: Run ReadHtmlCache Behavior [ RunTime:0.002000s ]
INFO: [ app_begin ] --END-- [ RunTime:0.002000s ]
INFO: [ view_template ] --START--
INFO: Run LocationTemplate Behavior [ RunTime:0.004000s ]
INFO: [ view_template ] --END-- [ RunTime:0.004000s ]
INFO: [ view_parse ] --START--
NOTIC: [8] Undefined variable: tishi D:\www\www2\admin_duidui\Index\Runtime\Cache\e5ff1c65bdd157f7e2dcf878282a73c7.php 第 37 行.
NOTIC: [8] Undefined variable: spectrum D:\www\www2\admin_duidui\Index\Runtime\Cache\e5ff1c65bdd157f7e2dcf878282a73c7.php 第 40 行.
INFO: Run ParseTemplate Behavior [ RunTime:0.022002s ]
INFO: [ view_parse ] --END-- [ RunTime:0.022002s ]
INFO: [ view_filter ] --START--
INFO: Run ContentReplace Behavior [ RunTime:0.003000s ]
INFO: Run TokenBuild Behavior [ RunTime:0.003000s ]
INFO: Run WriteHtmlCache Behavior [ RunTime:0.007000s ]
INFO: Run ShowRuntime Behavior [ RunTime:0.003001s ]
INFO: [ view_filter ] --END-- [ RunTime:0.018001s ]
INFO: [ view_end ] --START--
INFO: Run ShowPageTrace Behavior [ RunTime:0.002000s ]
INFO: [ view_end ] --END-- [ RunTime:0.002000s ]

[ 2017-06-16T11:28:23+08:00 ] 127.0.0.1 /admin_duidui/admin_y.php/Main/index
INFO: [ route_check ] --START--
INFO: Run CheckRoute Behavior [ RunTime:0.007001s ]
INFO: [ route_check ] --END-- [ RunTime:0.007001s ]
INFO: [ app_begin ] --START--
INFO: Run ReadHtmlCache Behavior [ RunTime:0.003000s ]
INFO: [ app_begin ] --END-- [ RunTime:0.003000s ]
SQL: SELECT `lastLoginTime`,`lastLoginIp`,`qq` FROM `user_admin` WHERE ( username='root' ) LIMIT 1   [ RunTime:0.001000s ]
INFO: [ view_template ] --START--
INFO: Run LocationTemplate Behavior [ RunTime:0.004000s ]
INFO: [ view_template ] --END-- [ RunTime:0.004000s ]
INFO: [ view_parse ] --START--
INFO: Run ParseTemplate Behavior [ RunTime:0.035002s ]
INFO: [ view_parse ] --END-- [ RunTime:0.035002s ]
INFO: [ view_filter ] --START--
INFO: Run ContentReplace Behavior [ RunTime:0.002000s ]
INFO: Run TokenBuild Behavior [ RunTime:0.002000s ]
INFO: Run WriteHtmlCache Behavior [ RunTime:0.002000s ]
INFO: Run ShowRuntime Behavior [ RunTime:0.003000s ]
INFO: [ view_filter ] --END-- [ RunTime:0.009000s ]
INFO: [ view_end ] --START--
INFO: Run ShowPageTrace Behavior [ RunTime:0.003001s ]
INFO: [ view_end ] --END-- [ RunTime:0.003001s ]

[ 2017-06-16T11:28:28+08:00 ] 127.0.0.1 /admin_duidui/admin_y.php/Shopadd/index?userxr=root
INFO: [ route_check ] --START--
INFO: Run CheckRoute Behavior [ RunTime:0.003001s ]
INFO: [ route_check ] --END-- [ RunTime:0.003001s ]
INFO: [ app_begin ] --START--
INFO: Run ReadHtmlCache Behavior [ RunTime:0.003000s ]
INFO: [ app_begin ] --END-- [ RunTime:0.003000s ]
SQL: select id,name,flag from shop_site where flag='1' [ RunTime:0.016001s ]
SQL: select * from shop_config where flag='1' order by typeid asc [ RunTime:0.020001s ]
SQL: select * from shop_type  [ RunTime:0.023002s ]
SQL: SELECT COUNT(*) AS tp_count FROM `shop_product` LIMIT 1   [ RunTime:0.002001s ]
SQL: SELECT * FROM `shop_product` ORDER BY  id desc  LIMIT 0,50   [ RunTime:0.001000s ]
NOTIC: [8] A non well formed numeric value encountered D:\www\www2\admin_duidui\Index\Lib\Action\ShopaddAction.class.php 第 220 行.
NOTIC: [8] A non well formed numeric value encountered D:\www\www2\admin_duidui\Index\Lib\Action\ShopaddAction.class.php 第 235 行.
NOTIC: [8] A non well formed numeric value encountered D:\www\www2\admin_duidui\Index\Lib\Action\ShopaddAction.class.php 第 220 行.
NOTIC: [8] A non well formed numeric value encountered D:\www\www2\admin_duidui\Index\Lib\Action\ShopaddAction.class.php 第 235 行.
NOTIC: [8] A non well formed numeric value encountered D:\www\www2\admin_duidui\Index\Lib\Action\ShopaddAction.class.php 第 220 行.
NOTIC: [8] A non well formed numeric value encountered D:\www\www2\admin_duidui\Index\Lib\Action\ShopaddAction.class.php 第 235 行.
NOTIC: [8] A non well formed numeric value encountered D:\www\www2\admin_duidui\Index\Lib\Action\ShopaddAction.class.php 第 220 行.
NOTIC: [8] A non well formed numeric value encountered D:\www\www2\admin_duidui\Index\Lib\Action\ShopaddAction.class.php 第 235 行.
INFO: [ view_template ] --START--
INFO: Run LocationTemplate Behavior [ RunTime:0.007000s ]
INFO: [ view_template ] --END-- [ RunTime:0.007000s ]
INFO: [ view_parse ] --START--
INFO: Run ParseTemplate Behavior [ RunTime:0.044003s ]
INFO: [ view_parse ] --END-- [ RunTime:0.044003s ]
INFO: [ view_filter ] --START--
INFO: Run ContentReplace Behavior [ RunTime:0.003000s ]
INFO: Run TokenBuild Behavior [ RunTime:0.002000s ]
INFO: Run WriteHtmlCache Behavior [ RunTime:0.004000s ]
INFO: Run ShowRuntime Behavior [ RunTime:0.003001s ]
INFO: [ view_filter ] --END-- [ RunTime:0.012001s ]
INFO: [ view_end ] --START--
INFO: Run ShowPageTrace Behavior [ RunTime:0.004000s ]
INFO: [ view_end ] --END-- [ RunTime:0.004000s ]

[ 2017-06-16T11:28:28+08:00 ] ERR: (ThinkException) 非法操作:upload
[ 2017-06-16T11:28:31+08:00 ] 127.0.0.1 /admin_duidui/admin_y.php/Shopadd/updateshow?userxr=root
INFO: [ route_check ] --START--
INFO: Run CheckRoute Behavior [ RunTime:0.002000s ]
INFO: [ route_check ] --END-- [ RunTime:0.002000s ]
INFO: [ app_begin ] --START--
INFO: Run ReadHtmlCache Behavior [ RunTime:0.002000s ]
INFO: [ app_begin ] --END-- [ RunTime:0.002000s ]
SQL: select * from shop_product where id='7' [ RunTime:0.000000s ]
NOTIC: [8] Undefined variable: optionhottypeid D:\www\www2\admin_duidui\Index\Lib\Action\ShopaddAction.class.php 第 623 行.
SQL: select id,name,flag from shop_site where flag='1' [ RunTime:0.000000s ]
SQL: select typeid,name,flag from shop_config where flag=1 order by typeid asc [ RunTime:0.001000s ]
SQL: select type,childtype,xushi,name from shop_type order by id asc [ RunTime:0.000000s ]
INFO: [ view_template ] --START--
INFO: Run LocationTemplate Behavior [ RunTime:0.004000s ]
INFO: [ view_template ] --END-- [ RunTime:0.004000s ]
INFO: [ view_parse ] --START--
NOTIC: [8] Undefined index: start_datetime_his D:\www\www2\admin_duidui\Index\Runtime\Cache\d60c44a9d0d13295044c0055f44f3d86.php 第 102 行.
NOTIC: [8] Undefined index: stop_datetime_his D:\www\www2\admin_duidui\Index\Runtime\Cache\d60c44a9d0d13295044c0055f44f3d86.php 第 111 行.
NOTIC: [8] Undefined index: xiangqing D:\www\www2\admin_duidui\Index\Runtime\Cache\d60c44a9d0d13295044c0055f44f3d86.php 第 320 行.
INFO: Run ParseTemplate Behavior [ RunTime:0.020002s ]
INFO: [ view_parse ] --END-- [ RunTime:0.020002s ]
INFO: [ view_filter ] --START--
INFO: Run ContentReplace Behavior [ RunTime:0.003000s ]
INFO: Run TokenBuild Behavior [ RunTime:0.002000s ]
INFO: Run WriteHtmlCache Behavior [ RunTime:0.002000s ]
INFO: Run ShowRuntime Behavior [ RunTime:0.002000s ]
INFO: [ view_filter ] --END-- [ RunTime:0.009000s ]
INFO: [ view_end ] --START--
INFO: Run ShowPageTrace Behavior [ RunTime:0.003000s ]
INFO: [ view_end ] --END-- [ RunTime:0.003000s ]

[ 2017-06-16T11:28:35+08:00 ] 127.0.0.1 /admin_duidui/admin_y.php/Header/ajax
INFO: [ route_check ] --START--
INFO: Run CheckRoute Behavior [ RunTime:0.003000s ]
INFO: [ route_check ] --END-- [ RunTime:0.003000s ]
INFO: [ app_begin ] --START--
INFO: Run ReadHtmlCache Behavior [ RunTime:0.002000s ]
INFO: [ app_begin ] --END-- [ RunTime:0.002000s ]
SQL: UPDATE `user_admin` SET `lastLoginTime`='2017-06-16 11:28:35',`lastLoginIp`='127.0.0.1',`loginflag`=loginflag+1 WHERE ( username='root' ) [ RunTime:0.000000s ]

[ 2017-06-16T11:28:35+08:00 ] 127.0.0.1 /admin_duidui/admin_y.php/Header/ajax
INFO: [ route_check ] --START--
INFO: Run CheckRoute Behavior [ RunTime:0.002000s ]
INFO: [ route_check ] --END-- [ RunTime:0.002000s ]
INFO: [ app_begin ] --START--
INFO: Run ReadHtmlCache Behavior [ RunTime:0.002000s ]
INFO: [ app_begin ] --END-- [ RunTime:0.002000s ]

[ 2017-06-16T11:34:23+08:00 ] 127.0.0.1 /admin_duidui/admin_y.php/Header/ajax
INFO: [ route_check ] --START--
INFO: Run CheckRoute Behavior [ RunTime:0.003000s ]
INFO: [ route_check ] --END-- [ RunTime:0.003000s ]
INFO: [ app_begin ] --START--
INFO: Run ReadHtmlCache Behavior [ RunTime:0.002000s ]
INFO: [ app_begin ] --END-- [ RunTime:0.003000s ]

[ 2017-06-16T11:39:23+08:00 ] 127.0.0.1 /admin_duidui/admin_y.php/Header/ajax
INFO: [ route_check ] --START--
INFO: Run CheckRoute Behavior [ RunTime:0.003000s ]
INFO: [ route_check ] --END-- [ RunTime:0.003000s ]
INFO: [ app_begin ] --START--
INFO: Run ReadHtmlCache Behavior [ RunTime:0.002000s ]
INFO: [ app_begin ] --END-- [ RunTime:0.002000s ]
SQL: UPDATE `user_admin` SET `lastLoginTime`='2017-06-16 11:39:23',`lastLoginIp`='127.0.0.1',`loginflag`=loginflag+1 WHERE ( username='root' ) [ RunTime:0.001000s ]

[ 2017-06-16T11:40:23+08:00 ] 127.0.0.1 /admin_duidui/admin_y.php/Header/ajax
INFO: [ route_check ] --START--
INFO: Run CheckRoute Behavior [ RunTime:0.003001s ]
INFO: [ route_check ] --END-- [ RunTime:0.003001s ]
INFO: [ app_begin ] --START--
INFO: Run ReadHtmlCache Behavior [ RunTime:0.002000s ]
INFO: [ app_begin ] --END-- [ RunTime:0.002000s ]

[ 2017-06-16T11:46:23+08:00 ] 127.0.0.1 /admin_duidui/admin_y.php/Header/ajax
INFO: [ route_check ] --START--
INFO: Run CheckRoute Behavior [ RunTime:0.004001s ]
INFO: [ route_check ] --END-- [ RunTime:0.004001s ]
INFO: [ app_begin ] --START--
INFO: Run ReadHtmlCache Behavior [ RunTime:0.002000s ]
INFO: [ app_begin ] --END-- [ RunTime:0.002000s ]

[ 2017-06-16T11:50:23+08:00 ] 127.0.0.1 /admin_duidui/admin_y.php/Header/ajax
INFO: [ route_check ] --START--
INFO: Run CheckRoute Behavior [ RunTime:0.002000s ]
INFO: [ route_check ] --END-- [ RunTime:0.003000s ]
INFO: [ app_begin ] --START--
INFO: Run ReadHtmlCache Behavior [ RunTime:0.002000s ]
INFO: [ app_begin ] --END-- [ RunTime:0.003001s ]
SQL: UPDATE `user_admin` SET `lastLoginTime`='2017-06-16 11:50:23',`lastLoginIp`='127.0.0.1',`loginflag`=loginflag+1 WHERE ( username='root' ) [ RunTime:0.000000s ]

[ 2017-06-16T11:52:23+08:00 ] 127.0.0.1 /admin_duidui/admin_y.php/Header/ajax
INFO: [ route_check ] --START--
INFO: Run CheckRoute Behavior [ RunTime:0.002000s ]
INFO: [ route_check ] --END-- [ RunTime:0.002000s ]
INFO: [ app_begin ] --START--
INFO: Run ReadHtmlCache Behavior [ RunTime:0.002000s ]
INFO: [ app_begin ] --END-- [ RunTime:0.003000s ]

[ 2017-06-16T11:58:23+08:00 ] 127.0.0.1 /admin_duidui/admin_y.php/Header/ajax
INFO: [ route_check ] --START--
INFO: Run CheckRoute Behavior [ RunTime:0.003000s ]
INFO: [ route_check ] --END-- [ RunTime:0.003000s ]
INFO: [ app_begin ] --START--
INFO: Run ReadHtmlCache Behavior [ RunTime:0.002001s ]
INFO: [ app_begin ] --END-- [ RunTime:0.002001s ]

[ 2017-06-16T12:01:23+08:00 ] 127.0.0.1 /admin_duidui/admin_y.php/Header/ajax
INFO: [ route_check ] --START--
INFO: Run CheckRoute Behavior [ RunTime:0.003000s ]
INFO: [ route_check ] --END-- [ RunTime:0.003000s ]
INFO: [ app_begin ] --START--
INFO: Run ReadHtmlCache Behavior [ RunTime:0.002000s ]
INFO: [ app_begin ] --END-- [ RunTime:0.002000s ]
SQL: UPDATE `user_admin` SET `lastLoginTime`='2017-06-16 12:01:23',`lastLoginIp`='127.0.0.1',`loginflag`=loginflag+1 WHERE ( username='root' ) [ RunTime:0.001000s ]

[ 2017-06-16T12:04:23+08:00 ] 127.0.0.1 /admin_duidui/admin_y.php/Header/ajax
INFO: [ route_check ] --START--
INFO: Run CheckRoute Behavior [ RunTime:0.002000s ]
INFO: [ route_check ] --END-- [ RunTime:0.002000s ]
INFO: [ app_begin ] --START--
INFO: Run ReadHtmlCache Behavior [ RunTime:0.002000s ]
INFO: [ app_begin ] --END-- [ RunTime:0.002000s ]

[ 2017-06-16T12:10:23+08:00 ] 127.0.0.1 /admin_duidui/admin_y.php/Header/ajax
INFO: [ route_check ] --START--
INFO: Run CheckRoute Behavior [ RunTime:0.003001s ]
INFO: [ route_check ] --END-- [ RunTime:0.003001s ]
INFO: [ app_begin ] --START--
INFO: Run ReadHtmlCache Behavior [ RunTime:0.003000s ]
INFO: [ app_begin ] --END-- [ RunTime:0.003000s ]

[ 2017-06-16T12:12:23+08:00 ] 127.0.0.1 /admin_duidui/admin_y.php/Header/ajax
INFO: [ route_check ] --START--
INFO: Run CheckRoute Behavior [ RunTime:0.002000s ]
INFO: [ route_check ] --END-- [ RunTime:0.002000s ]
INFO: [ app_begin ] --START--
INFO: Run ReadHtmlCache Behavior [ RunTime:0.002000s ]
INFO: [ app_begin ] --END-- [ RunTime:0.002000s ]
SQL: UPDATE `user_admin` SET `lastLoginTime`='2017-06-16 12:12:23',`lastLoginIp`='127.0.0.1',`loginflag`=loginflag+1 WHERE ( username='root' ) [ RunTime:0.001000s ]

[ 2017-06-16T12:16:23+08:00 ] 127.0.0.1 /admin_duidui/admin_y.php/Header/ajax
INFO: [ route_check ] --START--
INFO: Run CheckRoute Behavior [ RunTime:0.002001s ]
INFO: [ route_check ] --END-- [ RunTime:0.002001s ]
INFO: [ app_begin ] --START--
INFO: Run ReadHtmlCache Behavior [ RunTime:0.002000s ]
INFO: [ app_begin ] --END-- [ RunTime:0.002000s ]

[ 2017-06-16T12:22:23+08:00 ] 127.0.0.1 /admin_duidui/admin_y.php/Header/ajax
INFO: [ route_check ] --START--
INFO: Run CheckRoute Behavior [ RunTime:0.002000s ]
INFO: [ route_check ] --END-- [ RunTime:0.002000s ]
INFO: [ app_begin ] --START--
INFO: Run ReadHtmlCache Behavior [ RunTime:0.002000s ]
INFO: [ app_begin ] --END-- [ RunTime:0.002000s ]

[ 2017-06-16T12:23:23+08:00 ] 127.0.0.1 /admin_duidui/admin_y.php/Header/ajax
INFO: [ route_check ] --START--
INFO: Run CheckRoute Behavior [ RunTime:0.002000s ]
INFO: [ route_check ] --END-- [ RunTime:0.002000s ]
INFO: [ app_begin ] --START--
INFO: Run ReadHtmlCache Behavior [ RunTime:0.002000s ]
INFO: [ app_begin ] --END-- [ RunTime:0.002000s ]
SQL: UPDATE `user_admin` SET `lastLoginTime`='2017-06-16 12:23:23',`lastLoginIp`='127.0.0.1',`loginflag`=loginflag+1 WHERE ( username='root' ) [ RunTime:0.001000s ]

[ 2017-06-16T12:28:23+08:00 ] 127.0.0.1 /admin_duidui/admin_y.php/Header/ajax
INFO: [ route_check ] --START--
INFO: Run CheckRoute Behavior [ RunTime:0.003000s ]
INFO: [ route_check ] --END-- [ RunTime:0.003000s ]
INFO: [ app_begin ] --START--
INFO: Run ReadHtmlCache Behavior [ RunTime:0.002000s ]
INFO: [ app_begin ] --END-- [ RunTime:0.002000s ]

[ 2017-06-16T12:34:23+08:00 ] 127.0.0.1 /admin_duidui/admin_y.php/Header/ajax
INFO: [ route_check ] --START--
INFO: Run CheckRoute Behavior [ RunTime:0.002000s ]
INFO: [ route_check ] --END-- [ RunTime:0.002000s ]
INFO: [ app_begin ] --START--
INFO: Run ReadHtmlCache Behavior [ RunTime:0.002000s ]
INFO: [ app_begin ] --END-- [ RunTime:0.002000s ]
SQL: UPDATE `user_admin` SET `lastLoginTime`='2017-06-16 12:34:23',`lastLoginIp`='127.0.0.1',`loginflag`=loginflag+1 WHERE ( username='root' ) [ RunTime:0.002000s ]

[ 2017-06-16T12:34:23+08:00 ] 127.0.0.1 /admin_duidui/admin_y.php/Header/ajax
INFO: [ route_check ] --START--
INFO: Run CheckRoute Behavior [ RunTime:0.003000s ]
INFO: [ route_check ] --END-- [ RunTime:0.003000s ]
INFO: [ app_begin ] --START--
INFO: Run ReadHtmlCache Behavior [ RunTime:0.002000s ]
INFO: [ app_begin ] --END-- [ RunTime:0.002000s ]

[ 2017-06-16T12:40:23+08:00 ] 127.0.0.1 /admin_duidui/admin_y.php/Header/ajax
INFO: [ route_check ] --START--
INFO: Run CheckRoute Behavior [ RunTime:0.003000s ]
INFO: [ route_check ] --END-- [ RunTime:0.003000s ]
INFO: [ app_begin ] --START--
INFO: Run ReadHtmlCache Behavior [ RunTime:0.002001s ]
INFO: [ app_begin ] --END-- [ RunTime:0.002001s ]

[ 2017-06-16T12:45:23+08:00 ] 127.0.0.1 /admin_duidui/admin_y.php/Header/ajax
INFO: [ route_check ] --START--
INFO: Run CheckRoute Behavior [ RunTime:0.002000s ]
INFO: [ route_check ] --END-- [ RunTime:0.003000s ]
INFO: [ app_begin ] --START--
INFO: Run ReadHtmlCache Behavior [ RunTime:0.002001s ]
INFO: [ app_begin ] --END-- [ RunTime:0.002001s ]
SQL: UPDATE `user_admin` SET `lastLoginTime`='2017-06-16 12:45:23',`lastLoginIp`='127.0.0.1',`loginflag`=loginflag+1 WHERE ( username='root' ) [ RunTime:0.000000s ]

[ 2017-06-16T12:46:23+08:00 ] 127.0.0.1 /admin_duidui/admin_y.php/Header/ajax
INFO: [ route_check ] --START--
INFO: Run CheckRoute Behavior [ RunTime:0.002000s ]
INFO: [ route_check ] --END-- [ RunTime:0.002000s ]
INFO: [ app_begin ] --START--
INFO: Run ReadHtmlCache Behavior [ RunTime:0.002000s ]
INFO: [ app_begin ] --END-- [ RunTime:0.002000s ]

[ 2017-06-16T12:52:24+08:00 ] 127.0.0.1 /admin_duidui/admin_y.php/Header/ajax
INFO: [ route_check ] --START--
INFO: Run CheckRoute Behavior [ RunTime:0.002000s ]
INFO: [ route_check ] --END-- [ RunTime:0.003000s ]
INFO: [ app_begin ] --START--
INFO: Run ReadHtmlCache Behavior [ RunTime:0.003000s ]
INFO: [ app_begin ] --END-- [ RunTime:0.003000s ]

[ 2017-06-16T12:56:24+08:00 ] 127.0.0.1 /admin_duidui/admin_y.php/Header/ajax
INFO: [ route_check ] --START--
INFO: Run CheckRoute Behavior [ RunTime:0.003000s ]
INFO: [ route_check ] --END-- [ RunTime:0.003000s ]
INFO: [ app_begin ] --START--
INFO: Run ReadHtmlCache Behavior [ RunTime:0.003000s ]
INFO: [ app_begin ] --END-- [ RunTime:0.003000s ]
SQL: UPDATE `user_admin` SET `lastLoginTime`='2017-06-16 12:56:24',`lastLoginIp`='127.0.0.1',`loginflag`=loginflag+1 WHERE ( username='root' ) [ RunTime:0.002001s ]

[ 2017-06-16T12:58:24+08:00 ] 127.0.0.1 /admin_duidui/admin_y.php/Header/ajax
INFO: [ route_check ] --START--
INFO: Run CheckRoute Behavior [ RunTime:0.003001s ]
INFO: [ route_check ] --END-- [ RunTime:0.003001s ]
INFO: [ app_begin ] --START--
INFO: Run ReadHtmlCache Behavior [ RunTime:0.002000s ]
INFO: [ app_begin ] --END-- [ RunTime:0.002000s ]

[ 2017-06-16T13:04:24+08:00 ] 127.0.0.1 /admin_duidui/admin_y.php/Header/ajax
INFO: [ route_check ] --START--
INFO: Run CheckRoute Behavior [ RunTime:0.002000s ]
INFO: [ route_check ] --END-- [ RunTime:0.003000s ]
INFO: [ app_begin ] --START--
INFO: Run ReadHtmlCache Behavior [ RunTime:0.002000s ]
INFO: [ app_begin ] --END-- [ RunTime:0.002000s ]

[ 2017-06-16T13:07:24+08:00 ] 127.0.0.1 /admin_duidui/admin_y.php/Header/ajax
INFO: [ route_check ] --START--
INFO: Run CheckRoute Behavior [ RunTime:0.003001s ]
INFO: [ route_check ] --END-- [ RunTime:0.003001s ]
INFO: [ app_begin ] --START--
INFO: Run ReadHtmlCache Behavior [ RunTime:0.003000s ]
INFO: [ app_begin ] --END-- [ RunTime:0.003000s ]
SQL: UPDATE `user_admin` SET `lastLoginTime`='2017-06-16 13:07:24',`lastLoginIp`='127.0.0.1',`loginflag`=loginflag+1 WHERE ( username='root' ) [ RunTime:0.000000s ]

[ 2017-06-16T13:10:24+08:00 ] 127.0.0.1 /admin_duidui/admin_y.php/Header/ajax
INFO: [ route_check ] --START--
INFO: Run CheckRoute Behavior [ RunTime:0.003000s ]
INFO: [ route_check ] --END-- [ RunTime:0.003000s ]
INFO: [ app_begin ] --START--
INFO: Run ReadHtmlCache Behavior [ RunTime:0.002000s ]
INFO: [ app_begin ] --END-- [ RunTime:0.002000s ]

[ 2017-06-16T13:16:24+08:00 ] 127.0.0.1 /admin_duidui/admin_y.php/Header/ajax
INFO: [ route_check ] --START--
INFO: Run CheckRoute Behavior [ RunTime:0.003001s ]
INFO: [ route_check ] --END-- [ RunTime:0.003001s ]
INFO: [ app_begin ] --START--
INFO: Run ReadHtmlCache Behavior [ RunTime:0.002000s ]
INFO: [ app_begin ] --END-- [ RunTime:0.003000s ]

[ 2017-06-16T13:18:24+08:00 ] 127.0.0.1 /admin_duidui/admin_y.php/Header/ajax
INFO: [ route_check ] --START--
INFO: Run CheckRoute Behavior [ RunTime:0.003001s ]
INFO: [ route_check ] --END-- [ RunTime:0.003001s ]
INFO: [ app_begin ] --START--
INFO: Run ReadHtmlCache Behavior [ RunTime:0.002000s ]
INFO: [ app_begin ] --END-- [ RunTime:0.002000s ]
SQL: UPDATE `user_admin` SET `lastLoginTime`='2017-06-16 13:18:24',`lastLoginIp`='127.0.0.1',`loginflag`=loginflag+1 WHERE ( username='root' ) [ RunTime:0.000000s ]

[ 2017-06-16T13:22:24+08:00 ] 127.0.0.1 /admin_duidui/admin_y.php/Header/ajax
INFO: [ route_check ] --START--
INFO: Run CheckRoute Behavior [ RunTime:0.003000s ]
INFO: [ route_check ] --END-- [ RunTime:0.003000s ]
INFO: [ app_begin ] --START--
INFO: Run ReadHtmlCache Behavior [ RunTime:0.002000s ]
INFO: [ app_begin ] --END-- [ RunTime:0.002000s ]

[ 2017-06-16T13:28:24+08:00 ] 127.0.0.1 /admin_duidui/admin_y.php/Header/ajax
INFO: [ route_check ] --START--
INFO: Run CheckRoute Behavior [ RunTime:0.003001s ]
INFO: [ route_check ] --END-- [ RunTime:0.003001s ]
INFO: [ app_begin ] --START--
INFO: Run ReadHtmlCache Behavior [ RunTime:0.002000s ]
INFO: [ app_begin ] --END-- [ RunTime:0.002000s ]

[ 2017-06-16T13:29:24+08:00 ] 127.0.0.1 /admin_duidui/admin_y.php/Header/ajax
INFO: [ route_check ] --START--
INFO: Run CheckRoute Behavior [ RunTime:0.002000s ]
INFO: [ route_check ] --END-- [ RunTime:0.002000s ]
INFO: [ app_begin ] --START--
INFO: Run ReadHtmlCache Behavior [ RunTime:0.003000s ]
INFO: [ app_begin ] --END-- [ RunTime:0.003000s ]
SQL: UPDATE `user_admin` SET `lastLoginTime`='2017-06-16 13:29:24',`lastLoginIp`='127.0.0.1',`loginflag`=loginflag+1 WHERE ( username='root' ) [ RunTime:0.002000s ]

[ 2017-06-16T13:34:24+08:00 ] 127.0.0.1 /admin_duidui/admin_y.php/Header/ajax
INFO: [ route_check ] --START--
INFO: Run CheckRoute Behavior [ RunTime:0.003001s ]
INFO: [ route_check ] --END-- [ RunTime:0.003001s ]
INFO: [ app_begin ] --START--
INFO: Run ReadHtmlCache Behavior [ RunTime:0.003000s ]
INFO: [ app_begin ] --END-- [ RunTime:0.004000s ]

[ 2017-06-16T13:40:24+08:00 ] 127.0.0.1 /admin_duidui/admin_y.php/Header/ajax
INFO: [ route_check ] --START--
INFO: Run CheckRoute Behavior [ RunTime:0.002000s ]
INFO: [ route_check ] --END-- [ RunTime:0.002000s ]
INFO: [ app_begin ] --START--
INFO: Run ReadHtmlCache Behavior [ RunTime:0.008001s ]
INFO: [ app_begin ] --END-- [ RunTime:0.008001s ]

[ 2017-06-16T13:40:24+08:00 ] 127.0.0.1 /admin_duidui/admin_y.php/Header/ajax
INFO: [ route_check ] --START--
INFO: Run CheckRoute Behavior [ RunTime:0.003001s ]
INFO: [ route_check ] --END-- [ RunTime:0.003001s ]
INFO: [ app_begin ] --START--
INFO: Run ReadHtmlCache Behavior [ RunTime:0.002000s ]
INFO: [ app_begin ] --END-- [ RunTime:0.002000s ]
SQL: UPDATE `user_admin` SET `lastLoginTime`='2017-06-16 13:40:24',`lastLoginIp`='127.0.0.1',`loginflag`=loginflag+1 WHERE ( username='root' ) [ RunTime:0.001000s ]

[ 2017-06-16T13:46:24+08:00 ] 127.0.0.1 /admin_duidui/admin_y.php/Header/ajax
INFO: [ route_check ] --START--
INFO: Run CheckRoute Behavior [ RunTime:0.003001s ]
INFO: [ route_check ] --END-- [ RunTime:0.003001s ]
INFO: [ app_begin ] --START--
INFO: Run ReadHtmlCache Behavior [ RunTime:0.003000s ]
INFO: [ app_begin ] --END-- [ RunTime:0.003000s ]

[ 2017-06-16T13:51:24+08:00 ] 127.0.0.1 /admin_duidui/admin_y.php/Header/ajax
INFO: [ route_check ] --START--
INFO: Run CheckRoute Behavior [ RunTime:0.003000s ]
INFO: [ route_check ] --END-- [ RunTime:0.003000s ]
INFO: [ app_begin ] --START--
INFO: Run ReadHtmlCache Behavior [ RunTime:0.002000s ]
INFO: [ app_begin ] --END-- [ RunTime:0.002000s ]
SQL: UPDATE `user_admin` SET `lastLoginTime`='2017-06-16 13:51:24',`lastLoginIp`='127.0.0.1',`loginflag`=loginflag+1 WHERE ( username='root' ) [ RunTime:0.000000s ]

[ 2017-06-16T13:52:24+08:00 ] 127.0.0.1 /admin_duidui/admin_y.php/Header/ajax
INFO: [ route_check ] --START--
INFO: Run CheckRoute Behavior [ RunTime:0.003000s ]
INFO: [ route_check ] --END-- [ RunTime:0.003000s ]
INFO: [ app_begin ] --START--
INFO: Run ReadHtmlCache Behavior [ RunTime:0.002000s ]
INFO: [ app_begin ] --END-- [ RunTime:0.002000s ]

[ 2017-06-16T13:58:24+08:00 ] 127.0.0.1 /admin_duidui/admin_y.php/Header/ajax
INFO: [ route_check ] --START--
INFO: Run CheckRoute Behavior [ RunTime:0.003000s ]
INFO: [ route_check ] --END-- [ RunTime:0.003000s ]
INFO: [ app_begin ] --START--
INFO: Run ReadHtmlCache Behavior [ RunTime:0.003000s ]
INFO: [ app_begin ] --END-- [ RunTime:0.003000s ]

[ 2017-06-16T14:02:24+08:00 ] 127.0.0.1 /admin_duidui/admin_y.php/Header/ajax
INFO: [ route_check ] --START--
INFO: Run CheckRoute Behavior [ RunTime:0.003001s ]
INFO: [ route_check ] --END-- [ RunTime:0.003001s ]
INFO: [ app_begin ] --START--
INFO: Run ReadHtmlCache Behavior [ RunTime:0.002000s ]
INFO: [ app_begin ] --END-- [ RunTime:0.002000s ]
SQL: UPDATE `user_admin` SET `lastLoginTime`='2017-06-16 14:02:24',`lastLoginIp`='127.0.0.1',`loginflag`=loginflag+1 WHERE ( username='root' ) [ RunTime:0.001000s ]

[ 2017-06-16T14:04:23+08:00 ] 127.0.0.1 /admin_duidui/admin_y.php/Header/ajax
INFO: [ route_check ] --START--
INFO: Run CheckRoute Behavior [ RunTime:0.003001s ]
INFO: [ route_check ] --END-- [ RunTime:0.003001s ]
INFO: [ app_begin ] --START--
INFO: Run ReadHtmlCache Behavior [ RunTime:0.003000s ]
INFO: [ app_begin ] --END-- [ RunTime:0.003000s ]

[ 2017-06-16T14:10:24+08:00 ] 127.0.0.1 /admin_duidui/admin_y.php/Header/ajax
INFO: [ route_check ] --START--
INFO: Run CheckRoute Behavior [ RunTime:0.002000s ]
INFO: [ route_check ] --END-- [ RunTime:0.002000s ]
INFO: [ app_begin ] --START--
INFO: Run ReadHtmlCache Behavior [ RunTime:0.003000s ]
INFO: [ app_begin ] --END-- [ RunTime:0.003000s ]

[ 2017-06-16T14:13:24+08:00 ] 127.0.0.1 /admin_duidui/admin_y.php/Header/ajax
INFO: [ route_check ] --START--
INFO: Run CheckRoute Behavior [ RunTime:0.002000s ]
INFO: [ route_check ] --END-- [ RunTime:0.002000s ]
INFO: [ app_begin ] --START--
INFO: Run ReadHtmlCache Behavior [ RunTime:0.002000s ]
INFO: [ app_begin ] --END-- [ RunTime:0.002000s ]
SQL: UPDATE `user_admin` SET `lastLoginTime`='2017-06-16 14:13:24',`lastLoginIp`='127.0.0.1',`loginflag`=loginflag+1 WHERE ( username='root' ) [ RunTime:0.001000s ]

[ 2017-06-16T14:16:24+08:00 ] 127.0.0.1 /admin_duidui/admin_y.php/Header/ajax
INFO: [ route_check ] --START--
INFO: Run CheckRoute Behavior [ RunTime:0.002001s ]
INFO: [ route_check ] --END-- [ RunTime:0.002001s ]
INFO: [ app_begin ] --START--
INFO: Run ReadHtmlCache Behavior [ RunTime:0.001000s ]
INFO: [ app_begin ] --END-- [ RunTime:0.001000s ]

[ 2017-06-16T14:22:24+08:00 ] 127.0.0.1 /admin_duidui/admin_y.php/Header/ajax
INFO: [ route_check ] --START--
INFO: Run CheckRoute Behavior [ RunTime:0.002000s ]
INFO: [ route_check ] --END-- [ RunTime:0.002000s ]
INFO: [ app_begin ] --START--
INFO: Run ReadHtmlCache Behavior [ RunTime:0.001000s ]
INFO: [ app_begin ] --END-- [ RunTime:0.001000s ]

[ 2017-06-16T14:24:24+08:00 ] 127.0.0.1 /admin_duidui/admin_y.php/Header/ajax
INFO: [ route_check ] --START--
INFO: Run CheckRoute Behavior [ RunTime:0.001000s ]
INFO: [ route_check ] --END-- [ RunTime:0.001000s ]
INFO: [ app_begin ] --START--
INFO: Run ReadHtmlCache Behavior [ RunTime:0.001000s ]
INFO: [ app_begin ] --END-- [ RunTime:0.001000s ]
SQL: UPDATE `user_admin` SET `lastLoginTime`='2017-06-16 14:24:24',`lastLoginIp`='127.0.0.1',`loginflag`=loginflag+1 WHERE ( username='root' ) [ RunTime:0.000000s ]

[ 2017-06-16T14:28:24+08:00 ] 127.0.0.1 /admin_duidui/admin_y.php/Header/ajax
INFO: [ route_check ] --START--
INFO: Run CheckRoute Behavior [ RunTime:0.002000s ]
INFO: [ route_check ] --END-- [ RunTime:0.002000s ]
INFO: [ app_begin ] --START--
INFO: Run ReadHtmlCache Behavior [ RunTime:0.002000s ]
INFO: [ app_begin ] --END-- [ RunTime:0.002000s ]

[ 2017-06-16T14:34:24+08:00 ] 127.0.0.1 /admin_duidui/admin_y.php/Header/ajax
INFO: [ route_check ] --START--
INFO: Run CheckRoute Behavior [ RunTime:0.002000s ]
INFO: [ route_check ] --END-- [ RunTime:0.002000s ]
INFO: [ app_begin ] --START--
INFO: Run ReadHtmlCache Behavior [ RunTime:0.002000s ]
INFO: [ app_begin ] --END-- [ RunTime:0.002000s ]

[ 2017-06-16T14:35:24+08:00 ] 127.0.0.1 /admin_duidui/admin_y.php/Header/ajax
INFO: [ route_check ] --START--
INFO: Run CheckRoute Behavior [ RunTime:0.001000s ]
INFO: [ route_check ] --END-- [ RunTime:0.001000s ]
INFO: [ app_begin ] --START--
INFO: Run ReadHtmlCache Behavior [ RunTime:0.001000s ]
INFO: [ app_begin ] --END-- [ RunTime:0.002000s ]
SQL: UPDATE `user_admin` SET `lastLoginTime`='2017-06-16 14:35:24',`lastLoginIp`='127.0.0.1',`loginflag`=loginflag+1 WHERE ( username='root' ) [ RunTime:0.001000s ]

[ 2017-06-16T14:40:24+08:00 ] 127.0.0.1 /admin_duidui/admin_y.php/Header/ajax
INFO: [ route_check ] --START--
INFO: Run CheckRoute Behavior [ RunTime:0.003000s ]
INFO: [ route_check ] --END-- [ RunTime:0.003000s ]
INFO: [ app_begin ] --START--
INFO: Run ReadHtmlCache Behavior [ RunTime:0.002000s ]
INFO: [ app_begin ] --END-- [ RunTime:0.002000s ]

[ 2017-06-16T14:46:24+08:00 ] 127.0.0.1 /admin_duidui/admin_y.php/Header/ajax
INFO: [ route_check ] --START--
INFO: Run CheckRoute Behavior [ RunTime:0.002000s ]
INFO: [ route_check ] --END-- [ RunTime:0.002000s ]
INFO: [ app_begin ] --START--
INFO: Run ReadHtmlCache Behavior [ RunTime:0.002000s ]
INFO: [ app_begin ] --END-- [ RunTime:0.002000s ]

[ 2017-06-16T14:46:24+08:00 ] 127.0.0.1 /admin_duidui/admin_y.php/Header/ajax
INFO: [ route_check ] --START--
INFO: Run CheckRoute Behavior [ RunTime:0.003000s ]
INFO: [ route_check ] --END-- [ RunTime:0.003000s ]
INFO: [ app_begin ] --START--
INFO: Run ReadHtmlCache Behavior [ RunTime:0.002000s ]
INFO: [ app_begin ] --END-- [ RunTime:0.002000s ]
SQL: UPDATE `user_admin` SET `lastLoginTime`='2017-06-16 14:46:24',`lastLoginIp`='127.0.0.1',`loginflag`=loginflag+1 WHERE ( username='root' ) [ RunTime:0.000000s ]

[ 2017-06-16T14:52:24+08:00 ] 127.0.0.1 /admin_duidui/admin_y.php/Header/ajax
INFO: [ route_check ] --START--
INFO: Run CheckRoute Behavior [ RunTime:0.004000s ]
INFO: [ route_check ] --END-- [ RunTime:0.004000s ]
INFO: [ app_begin ] --START--
INFO: Run ReadHtmlCache Behavior [ RunTime:0.002000s ]
INFO: [ app_begin ] --END-- [ RunTime:0.002000s ]

[ 2017-06-16T14:57:24+08:00 ] 127.0.0.1 /admin_duidui/admin_y.php/Header/ajax
INFO: [ route_check ] --START--
INFO: Run CheckRoute Behavior [ RunTime:0.003000s ]
INFO: [ route_check ] --END-- [ RunTime:0.003000s ]
INFO: [ app_begin ] --START--
INFO: Run ReadHtmlCache Behavior [ RunTime:0.002000s ]
INFO: [ app_begin ] --END-- [ RunTime:0.002000s ]
SQL: UPDATE `user_admin` SET `lastLoginTime`='2017-06-16 14:57:24',`lastLoginIp`='127.0.0.1',`loginflag`=loginflag+1 WHERE ( username='root' ) [ RunTime:0.002000s ]

[ 2017-06-16T14:58:24+08:00 ] 127.0.0.1 /admin_duidui/admin_y.php/Header/ajax
INFO: [ route_check ] --START--
INFO: Run CheckRoute Behavior [ RunTime:0.002000s ]
INFO: [ route_check ] --END-- [ RunTime:0.002000s ]
INFO: [ app_begin ] --START--
INFO: Run ReadHtmlCache Behavior [ RunTime:0.002000s ]
INFO: [ app_begin ] --END-- [ RunTime:0.002000s ]

[ 2017-06-16T15:04:24+08:00 ] 127.0.0.1 /admin_duidui/admin_y.php/Header/ajax
INFO: [ route_check ] --START--
INFO: Run CheckRoute Behavior [ RunTime:0.003001s ]
INFO: [ route_check ] --END-- [ RunTime:0.003001s ]
INFO: [ app_begin ] --START--
INFO: Run ReadHtmlCache Behavior [ RunTime:0.003000s ]
INFO: [ app_begin ] --END-- [ RunTime:0.003000s ]

[ 2017-06-16T15:08:24+08:00 ] 127.0.0.1 /admin_duidui/admin_y.php/Header/ajax
INFO: [ route_check ] --START--
INFO: Run CheckRoute Behavior [ RunTime:0.003000s ]
INFO: [ route_check ] --END-- [ RunTime:0.003000s ]
INFO: [ app_begin ] --START--
INFO: Run ReadHtmlCache Behavior [ RunTime:0.002000s ]
INFO: [ app_begin ] --END-- [ RunTime:0.002000s ]
SQL: UPDATE `user_admin` SET `lastLoginTime`='2017-06-16 15:08:24',`lastLoginIp`='127.0.0.1',`loginflag`=loginflag+1 WHERE ( username='root' ) [ RunTime:0.001000s ]

