[ 2017-06-05T18:49:37+08:00 ] 127.0.0.1 /admin_duidui/admin_y.php/Login/index
INFO: [ route_check ] --START--
INFO: Run CheckRoute Behavior [ RunTime:0.129008s ]
INFO: [ route_check ] --END-- [ RunTime:0.129008s ]
INFO: [ app_begin ] --START--
INFO: Run ReadHtmlCache Behavior [ RunTime:0.003000s ]
INFO: [ app_begin ] --END-- [ RunTime:0.003000s ]
INFO: [ view_template ] --START--
INFO: Run LocationTemplate Behavior [ RunTime:0.050003s ]
INFO: [ view_template ] --END-- [ RunTime:0.050003s ]
INFO: [ view_parse ] --START--
INFO: Run ParseTemplate Behavior [ RunTime:0.092006s ]
INFO: [ view_parse ] --END-- [ RunTime:0.092006s ]
INFO: [ view_filter ] --START--
INFO: Run ContentReplace Behavior [ RunTime:0.004000s ]
INFO: Run TokenBuild Behavior [ RunTime:0.009000s ]
INFO: Run WriteHtmlCache Behavior [ RunTime:0.005001s ]
INFO: Run ShowRuntime Behavior [ RunTime:0.004000s ]
INFO: [ view_filter ] --END-- [ RunTime:0.022001s ]
INFO: [ view_end ] --START--
INFO: Run ShowPageTrace Behavior [ RunTime:0.008000s ]
INFO: [ view_end ] --END-- [ RunTime:0.008000s ]

[ 2017-06-05T18:49:43+08:00 ] 127.0.0.1 /admin_duidui/admin_y.php/Index/index/userxr/root
INFO: [ route_check ] --START--
INFO: Run CheckRoute Behavior [ RunTime:0.003000s ]
INFO: [ route_check ] --END-- [ RunTime:0.003000s ]
INFO: [ app_begin ] --START--
INFO: Run ReadHtmlCache Behavior [ RunTime:0.004000s ]
INFO: [ app_begin ] --END-- [ RunTime:0.004000s ]
INFO: [ view_template ] --START--
INFO: Run LocationTemplate Behavior [ RunTime:0.004001s ]
INFO: [ view_template ] --END-- [ RunTime:0.004001s ]
INFO: [ view_parse ] --START--
INFO: Run ParseTemplate Behavior [ RunTime:0.022001s ]
INFO: [ view_parse ] --END-- [ RunTime:0.022001s ]
INFO: [ view_filter ] --START--
INFO: Run ContentReplace Behavior [ RunTime:0.002000s ]
INFO: Run TokenBuild Behavior [ RunTime:0.003000s ]
INFO: Run WriteHtmlCache Behavior [ RunTime:0.002000s ]
INFO: Run ShowRuntime Behavior [ RunTime:0.002000s ]
INFO: [ view_filter ] --END-- [ RunTime:0.009000s ]
INFO: [ view_end ] --START--
INFO: Run ShowPageTrace Behavior [ RunTime:0.003001s ]
INFO: [ view_end ] --END-- [ RunTime:0.003001s ]

[ 2017-06-05T18:49:43+08:00 ] 127.0.0.1 /admin_duidui/admin_y.php/Header/index
INFO: [ route_check ] --START--
INFO: Run CheckRoute Behavior [ RunTime:0.005001s ]
INFO: [ route_check ] --END-- [ RunTime:0.005001s ]
INFO: [ app_begin ] --START--
INFO: Run ReadHtmlCache Behavior [ RunTime:0.004000s ]
INFO: [ app_begin ] --END-- [ RunTime:0.004000s ]
INFO: [ view_template ] --START--
INFO: Run LocationTemplate Behavior [ RunTime:0.007001s ]
INFO: [ view_template ] --END-- [ RunTime:0.007001s ]
INFO: [ view_parse ] --START--
NOTIC: [8] Undefined variable: tishi D:\www\www2\admin_duidui\Index\Runtime\Cache\e5ff1c65bdd157f7e2dcf878282a73c7.php 第 37 行.
NOTIC: [8] Undefined variable: spectrum D:\www\www2\admin_duidui\Index\Runtime\Cache\e5ff1c65bdd157f7e2dcf878282a73c7.php 第 40 行.
INFO: Run ParseTemplate Behavior [ RunTime:0.064003s ]
INFO: [ view_parse ] --END-- [ RunTime:0.064003s ]
INFO: [ view_filter ] --START--
INFO: Run ContentReplace Behavior [ RunTime:0.003001s ]
INFO: Run TokenBuild Behavior [ RunTime:0.008000s ]
INFO: Run WriteHtmlCache Behavior [ RunTime:0.002000s ]
INFO: Run ShowRuntime Behavior [ RunTime:0.002000s ]
INFO: [ view_filter ] --END-- [ RunTime:0.015001s ]
INFO: [ view_end ] --START--
INFO: Run ShowPageTrace Behavior [ RunTime:0.004000s ]
INFO: [ view_end ] --END-- [ RunTime:0.004000s ]

[ 2017-06-05T18:49:43+08:00 ] 127.0.0.1 /admin_duidui/admin_y.php/Main/index
INFO: [ route_check ] --START--
INFO: Run CheckRoute Behavior [ RunTime:0.004000s ]
INFO: [ route_check ] --END-- [ RunTime:0.004000s ]
INFO: [ app_begin ] --START--
INFO: Run ReadHtmlCache Behavior [ RunTime:0.003000s ]
INFO: [ app_begin ] --END-- [ RunTime:0.003000s ]
SQL: SELECT `lastLoginTime`,`lastLoginIp`,`qq` FROM `user_admin` WHERE ( username='root' ) LIMIT 1   [ RunTime:0.000000s ]
INFO: [ view_template ] --START--
INFO: Run LocationTemplate Behavior [ RunTime:0.031002s ]
INFO: [ view_template ] --END-- [ RunTime:0.031002s ]
INFO: [ view_parse ] --START--
INFO: Run ParseTemplate Behavior [ RunTime:0.045002s ]
INFO: [ view_parse ] --END-- [ RunTime:0.045002s ]
INFO: [ view_filter ] --START--
INFO: Run ContentReplace Behavior [ RunTime:0.003001s ]
INFO: Run TokenBuild Behavior [ RunTime:0.002000s ]
INFO: Run WriteHtmlCache Behavior [ RunTime:0.002000s ]
INFO: Run ShowRuntime Behavior [ RunTime:0.002000s ]
INFO: [ view_filter ] --END-- [ RunTime:0.009001s ]
INFO: [ view_end ] --START--
INFO: Run ShowPageTrace Behavior [ RunTime:0.002000s ]
INFO: [ view_end ] --END-- [ RunTime:0.002000s ]

[ 2017-06-05T18:49:43+08:00 ] 127.0.0.1 /admin_duidui/admin_y.php/Menu/index
INFO: [ route_check ] --START--
INFO: Run CheckRoute Behavior [ RunTime:0.004000s ]
INFO: [ route_check ] --END-- [ RunTime:0.004000s ]
INFO: [ app_begin ] --START--
INFO: Run ReadHtmlCache Behavior [ RunTime:0.003000s ]
INFO: [ app_begin ] --END-- [ RunTime:0.003000s ]
INFO: [ view_template ] --START--
INFO: Run LocationTemplate Behavior [ RunTime:0.033001s ]
INFO: [ view_template ] --END-- [ RunTime:0.033001s ]
INFO: [ view_parse ] --START--
INFO: Run ParseTemplate Behavior [ RunTime:0.044003s ]
INFO: [ view_parse ] --END-- [ RunTime:0.044003s ]
INFO: [ view_filter ] --START--
INFO: Run ContentReplace Behavior [ RunTime:0.005000s ]
INFO: Run TokenBuild Behavior [ RunTime:0.007001s ]
INFO: Run WriteHtmlCache Behavior [ RunTime:0.005000s ]
INFO: Run ShowRuntime Behavior [ RunTime:0.003000s ]
INFO: [ view_filter ] --END-- [ RunTime:0.020001s ]
INFO: [ view_end ] --START--
INFO: Run ShowPageTrace Behavior [ RunTime:0.013001s ]
INFO: [ view_end ] --END-- [ RunTime:0.014001s ]

[ 2017-06-05T18:49:56+08:00 ] 127.0.0.1 /admin_duidui/admin_y.php/Header/ajax
INFO: [ route_check ] --START--
INFO: Run CheckRoute Behavior [ RunTime:0.002000s ]
INFO: [ route_check ] --END-- [ RunTime:0.002000s ]
INFO: [ app_begin ] --START--
INFO: Run ReadHtmlCache Behavior [ RunTime:0.002000s ]
INFO: [ app_begin ] --END-- [ RunTime:0.002000s ]

[ 2017-06-05T18:49:56+08:00 ] 127.0.0.1 /admin_duidui/admin_y.php/Header/ajax
INFO: [ route_check ] --START--
INFO: Run CheckRoute Behavior [ RunTime:0.002000s ]
INFO: [ route_check ] --END-- [ RunTime:0.002000s ]
INFO: [ app_begin ] --START--
INFO: Run ReadHtmlCache Behavior [ RunTime:0.002000s ]
INFO: [ app_begin ] --END-- [ RunTime:0.002000s ]
SQL: UPDATE `user_admin` SET `lastLoginTime`='2017-06-05 18:49:56',`lastLoginIp`='127.0.0.1',`loginflag`=loginflag+1 WHERE ( username='root' ) [ RunTime:0.001000s ]

[ 2017-06-05T18:50:08+08:00 ] 127.0.0.1 /admin_duidui/admin_y.php/Menu/index
INFO: [ route_check ] --START--
INFO: Run CheckRoute Behavior [ RunTime:0.002000s ]
INFO: [ route_check ] --END-- [ RunTime:0.002000s ]
INFO: [ app_begin ] --START--
INFO: Run ReadHtmlCache Behavior [ RunTime:0.007000s ]
INFO: [ app_begin ] --END-- [ RunTime:0.007000s ]
INFO: [ view_template ] --START--
INFO: Run LocationTemplate Behavior [ RunTime:0.004001s ]
INFO: [ view_template ] --END-- [ RunTime:0.004001s ]
INFO: [ view_parse ] --START--
INFO: Run ParseTemplate Behavior [ RunTime:0.027001s ]
INFO: [ view_parse ] --END-- [ RunTime:0.027001s ]
INFO: [ view_filter ] --START--
INFO: Run ContentReplace Behavior [ RunTime:0.002000s ]
INFO: Run TokenBuild Behavior [ RunTime:0.002001s ]
INFO: Run WriteHtmlCache Behavior [ RunTime:0.002000s ]
INFO: Run ShowRuntime Behavior [ RunTime:0.005000s ]
INFO: [ view_filter ] --END-- [ RunTime:0.012001s ]
INFO: [ view_end ] --START--
INFO: Run ShowPageTrace Behavior [ RunTime:0.002000s ]
INFO: [ view_end ] --END-- [ RunTime:0.002000s ]

[ 2017-06-05T18:55:43+08:00 ] 127.0.0.1 /admin_duidui/admin_y.php/Header/ajax
INFO: [ route_check ] --START--
INFO: Run CheckRoute Behavior [ RunTime:0.002000s ]
INFO: [ route_check ] --END-- [ RunTime:0.002000s ]
INFO: [ app_begin ] --START--
INFO: Run ReadHtmlCache Behavior [ RunTime:0.003000s ]
INFO: [ app_begin ] --END-- [ RunTime:0.003000s ]

[ 2017-06-05T18:55:47+08:00 ] 127.0.0.1 /admin_duidui/admin_y.php/Codelist/index?userxr=root
INFO: [ route_check ] --START--
INFO: Run CheckRoute Behavior [ RunTime:0.002001s ]
INFO: [ route_check ] --END-- [ RunTime:0.002001s ]
INFO: [ app_begin ] --START--
INFO: Run ReadHtmlCache Behavior [ RunTime:0.002000s ]
INFO: [ app_begin ] --END-- [ RunTime:0.002000s ]
SQL: SELECT COUNT(*) AS tp_count FROM `dh_codelist` LIMIT 1   [ RunTime:0.000000s ]
ERR: Table 'duidui.dh_codelist' doesn't exist
 [ SQL语句 ] : SELECT COUNT(*) AS tp_count FROM `dh_codelist` LIMIT 1  
SQL: SELECT * FROM `dh_codelist` ORDER BY  id asc  LIMIT 0,50   [ RunTime:0.001001s ]
ERR: Table 'duidui.dh_codelist' doesn't exist
 [ SQL语句 ] : SELECT * FROM `dh_codelist` ORDER BY  id asc  LIMIT 0,50  
NOTIC: [2] Invalid argument supplied for foreach() D:\www\www2\admin_duidui\Index\Lib\Action\CodelistAction.class.php 第 177 行.
INFO: [ view_template ] --START--
INFO: Run LocationTemplate Behavior [ RunTime:0.014000s ]
INFO: [ view_template ] --END-- [ RunTime:0.014000s ]
INFO: [ view_parse ] --START--
INFO: Run ParseTemplate Behavior [ RunTime:0.041003s ]
INFO: [ view_parse ] --END-- [ RunTime:0.041003s ]
INFO: [ view_filter ] --START--
INFO: Run ContentReplace Behavior [ RunTime:0.003000s ]
INFO: Run TokenBuild Behavior [ RunTime:0.002000s ]
INFO: Run WriteHtmlCache Behavior [ RunTime:0.002000s ]
INFO: Run ShowRuntime Behavior [ RunTime:0.002000s ]
INFO: [ view_filter ] --END-- [ RunTime:0.010000s ]
INFO: [ view_end ] --START--
INFO: Run ShowPageTrace Behavior [ RunTime:0.002000s ]
INFO: [ view_end ] --END-- [ RunTime:0.002000s ]

[ 2017-06-05T19:00:44+08:00 ] 127.0.0.1 /admin_duidui/admin_y.php/Header/ajax
INFO: [ route_check ] --START--
INFO: Run CheckRoute Behavior [ RunTime:0.003000s ]
INFO: [ route_check ] --END-- [ RunTime:0.004000s ]
INFO: [ app_begin ] --START--
INFO: Run ReadHtmlCache Behavior [ RunTime:0.002000s ]
INFO: [ app_begin ] --END-- [ RunTime:0.002000s ]
SQL: UPDATE `user_admin` SET `lastLoginTime`='2017-06-05 19:00:44',`lastLoginIp`='127.0.0.1',`loginflag`=loginflag+1 WHERE ( username='root' ) [ RunTime:0.002000s ]

[ 2017-06-05T19:01:44+08:00 ] 127.0.0.1 /admin_duidui/admin_y.php/Header/ajax
INFO: [ route_check ] --START--
INFO: Run CheckRoute Behavior [ RunTime:0.002000s ]
INFO: [ route_check ] --END-- [ RunTime:0.002000s ]
INFO: [ app_begin ] --START--
INFO: Run ReadHtmlCache Behavior [ RunTime:0.003001s ]
INFO: [ app_begin ] --END-- [ RunTime:0.003001s ]

[ 2017-06-05T19:07:44+08:00 ] 127.0.0.1 /admin_duidui/admin_y.php/Header/ajax
INFO: [ route_check ] --START--
INFO: Run CheckRoute Behavior [ RunTime:0.003000s ]
INFO: [ route_check ] --END-- [ RunTime:0.003000s ]
INFO: [ app_begin ] --START--
INFO: Run ReadHtmlCache Behavior [ RunTime:0.002000s ]
INFO: [ app_begin ] --END-- [ RunTime:0.002000s ]

[ 2017-06-05T19:11:44+08:00 ] 127.0.0.1 /admin_duidui/admin_y.php/Header/ajax
INFO: [ route_check ] --START--
INFO: Run CheckRoute Behavior [ RunTime:0.003000s ]
INFO: [ route_check ] --END-- [ RunTime:0.003000s ]
INFO: [ app_begin ] --START--
INFO: Run ReadHtmlCache Behavior [ RunTime:0.003000s ]
INFO: [ app_begin ] --END-- [ RunTime:0.004000s ]
SQL: UPDATE `user_admin` SET `lastLoginTime`='2017-06-05 19:11:44',`lastLoginIp`='127.0.0.1',`loginflag`=loginflag+1 WHERE ( username='root' ) [ RunTime:0.000000s ]

[ 2017-06-05T19:13:44+08:00 ] 127.0.0.1 /admin_duidui/admin_y.php/Header/ajax
INFO: [ route_check ] --START--
INFO: Run CheckRoute Behavior [ RunTime:0.003000s ]
INFO: [ route_check ] --END-- [ RunTime:0.003000s ]
INFO: [ app_begin ] --START--
INFO: Run ReadHtmlCache Behavior [ RunTime:0.003000s ]
INFO: [ app_begin ] --END-- [ RunTime:0.003000s ]

[ 2017-06-05T19:19:44+08:00 ] 127.0.0.1 /admin_duidui/admin_y.php/Header/ajax
INFO: [ route_check ] --START--
INFO: Run CheckRoute Behavior [ RunTime:0.002000s ]
INFO: [ route_check ] --END-- [ RunTime:0.002000s ]
INFO: [ app_begin ] --START--
INFO: Run ReadHtmlCache Behavior [ RunTime:0.003001s ]
INFO: [ app_begin ] --END-- [ RunTime:0.003001s ]

[ 2017-06-05T19:22:44+08:00 ] 127.0.0.1 /admin_duidui/admin_y.php/Header/ajax
INFO: [ route_check ] --START--
INFO: Run CheckRoute Behavior [ RunTime:0.003000s ]
INFO: [ route_check ] --END-- [ RunTime:0.003000s ]
INFO: [ app_begin ] --START--
INFO: Run ReadHtmlCache Behavior [ RunTime:0.002000s ]
INFO: [ app_begin ] --END-- [ RunTime:0.002000s ]
SQL: UPDATE `user_admin` SET `lastLoginTime`='2017-06-05 19:22:44',`lastLoginIp`='127.0.0.1',`loginflag`=loginflag+1 WHERE ( username='root' ) [ RunTime:0.001000s ]

[ 2017-06-05T19:25:44+08:00 ] 127.0.0.1 /admin_duidui/admin_y.php/Header/ajax
INFO: [ route_check ] --START--
INFO: Run CheckRoute Behavior [ RunTime:0.002000s ]
INFO: [ route_check ] --END-- [ RunTime:0.002000s ]
INFO: [ app_begin ] --START--
INFO: Run ReadHtmlCache Behavior [ RunTime:0.002000s ]
INFO: [ app_begin ] --END-- [ RunTime:0.002000s ]

[ 2017-06-05T19:31:44+08:00 ] 127.0.0.1 /admin_duidui/admin_y.php/Header/ajax
INFO: [ route_check ] --START--
INFO: Run CheckRoute Behavior [ RunTime:0.003000s ]
INFO: [ route_check ] --END-- [ RunTime:0.004000s ]
INFO: [ app_begin ] --START--
INFO: Run ReadHtmlCache Behavior [ RunTime:0.003000s ]
INFO: [ app_begin ] --END-- [ RunTime:0.004000s ]

[ 2017-06-05T19:33:44+08:00 ] 127.0.0.1 /admin_duidui/admin_y.php/Header/ajax
INFO: [ route_check ] --START--
INFO: Run CheckRoute Behavior [ RunTime:0.002001s ]
INFO: [ route_check ] --END-- [ RunTime:0.003001s ]
INFO: [ app_begin ] --START--
INFO: Run ReadHtmlCache Behavior [ RunTime:0.003000s ]
INFO: [ app_begin ] --END-- [ RunTime:0.003000s ]
SQL: UPDATE `user_admin` SET `lastLoginTime`='2017-06-05 19:33:44',`lastLoginIp`='127.0.0.1',`loginflag`=loginflag+1 WHERE ( username='root' ) [ RunTime:0.000000s ]

[ 2017-06-05T19:37:44+08:00 ] 127.0.0.1 /admin_duidui/admin_y.php/Header/ajax
INFO: [ route_check ] --START--
INFO: Run CheckRoute Behavior [ RunTime:0.003000s ]
INFO: [ route_check ] --END-- [ RunTime:0.003000s ]
INFO: [ app_begin ] --START--
INFO: Run ReadHtmlCache Behavior [ RunTime:0.002000s ]
INFO: [ app_begin ] --END-- [ RunTime:0.003000s ]

[ 2017-06-05T19:43:44+08:00 ] 127.0.0.1 /admin_duidui/admin_y.php/Header/ajax
INFO: [ route_check ] --START--
INFO: Run CheckRoute Behavior [ RunTime:0.003000s ]
INFO: [ route_check ] --END-- [ RunTime:0.003000s ]
INFO: [ app_begin ] --START--
INFO: Run ReadHtmlCache Behavior [ RunTime:0.002000s ]
INFO: [ app_begin ] --END-- [ RunTime:0.002000s ]

[ 2017-06-05T19:44:43+08:00 ] 127.0.0.1 /admin_duidui/admin_y.php/Header/ajax
INFO: [ route_check ] --START--
INFO: Run CheckRoute Behavior [ RunTime:0.003000s ]
INFO: [ route_check ] --END-- [ RunTime:0.003000s ]
INFO: [ app_begin ] --START--
INFO: Run ReadHtmlCache Behavior [ RunTime:0.002000s ]
INFO: [ app_begin ] --END-- [ RunTime:0.002000s ]
SQL: UPDATE `user_admin` SET `lastLoginTime`='2017-06-05 19:44:43',`lastLoginIp`='127.0.0.1',`loginflag`=loginflag+1 WHERE ( username='root' ) [ RunTime:0.000000s ]

[ 2017-06-05T19:44:50+08:00 ] 127.0.0.1 /admin_duidui/admin_y.php/Codelist/index?flag_s=&gateway_s=&name_s=&mbps_s=&ttype_s=&productid_s=&remark_s=&submit_select=%E6%9F%A5%E8%AF%A2%E6%8C%87%E5%AE%9A%E5%8C%B9%E9%85%8D%E5%86%85%E5%AE%B9
INFO: [ route_check ] --START--
INFO: Run CheckRoute Behavior [ RunTime:0.003000s ]
INFO: [ route_check ] --END-- [ RunTime:0.003000s ]
INFO: [ app_begin ] --START--
INFO: Run ReadHtmlCache Behavior [ RunTime:0.002000s ]
INFO: [ app_begin ] --END-- [ RunTime:0.002000s ]
SQL: SELECT COUNT(*) AS tp_count FROM `dh_codelist` LIMIT 1   [ RunTime:0.001000s ]
ERR: Table 'duidui.dh_codelist' doesn't exist
 [ SQL语句 ] : SELECT COUNT(*) AS tp_count FROM `dh_codelist` LIMIT 1  
SQL: SELECT * FROM `dh_codelist` ORDER BY  id asc  LIMIT 0,50   [ RunTime:0.001000s ]
ERR: Table 'duidui.dh_codelist' doesn't exist
 [ SQL语句 ] : SELECT * FROM `dh_codelist` ORDER BY  id asc  LIMIT 0,50  
NOTIC: [2] Invalid argument supplied for foreach() D:\www\www2\admin_duidui\Index\Lib\Action\CodelistAction.class.php 第 177 行.
INFO: [ view_template ] --START--
INFO: Run LocationTemplate Behavior [ RunTime:0.004000s ]
INFO: [ view_template ] --END-- [ RunTime:0.004000s ]
INFO: [ view_parse ] --START--
INFO: Run ParseTemplate Behavior [ RunTime:0.021001s ]
INFO: [ view_parse ] --END-- [ RunTime:0.021001s ]
INFO: [ view_filter ] --START--
INFO: Run ContentReplace Behavior [ RunTime:0.002001s ]
INFO: Run TokenBuild Behavior [ RunTime:0.003000s ]
INFO: Run WriteHtmlCache Behavior [ RunTime:0.002000s ]
INFO: Run ShowRuntime Behavior [ RunTime:0.003000s ]
INFO: [ view_filter ] --END-- [ RunTime:0.010001s ]
INFO: [ view_end ] --START--
INFO: Run ShowPageTrace Behavior [ RunTime:0.002000s ]
INFO: [ view_end ] --END-- [ RunTime:0.002000s ]

[ 2017-06-05T19:44:54+08:00 ] 127.0.0.1 /admin_duidui/admin_y.php/Codelist/index?flag_s=&gateway_s=&name_s=&mbps_s=&ttype_s=&productid_s=&remark_s=&submit_select=%E6%9F%A5%E8%AF%A2%E6%8C%87%E5%AE%9A%E5%8C%B9%E9%85%8D%E5%86%85%E5%AE%B9
INFO: [ route_check ] --START--
INFO: Run CheckRoute Behavior [ RunTime:0.003000s ]
INFO: [ route_check ] --END-- [ RunTime:0.003000s ]
INFO: [ app_begin ] --START--
INFO: Run ReadHtmlCache Behavior [ RunTime:0.002000s ]
INFO: [ app_begin ] --END-- [ RunTime:0.002000s ]
SQL: SELECT COUNT(*) AS tp_count FROM `dh_codelist` LIMIT 1   [ RunTime:0.001000s ]
ERR: Table 'duidui.dh_codelist' doesn't exist
 [ SQL语句 ] : SELECT COUNT(*) AS tp_count FROM `dh_codelist` LIMIT 1  
SQL: SELECT * FROM `dh_codelist` ORDER BY  id asc  LIMIT 0,50   [ RunTime:0.001000s ]
ERR: Table 'duidui.dh_codelist' doesn't exist
 [ SQL语句 ] : SELECT * FROM `dh_codelist` ORDER BY  id asc  LIMIT 0,50  
NOTIC: [2] Invalid argument supplied for foreach() D:\www\www2\admin_duidui\Index\Lib\Action\CodelistAction.class.php 第 177 行.
INFO: [ view_template ] --START--
INFO: Run LocationTemplate Behavior [ RunTime:0.004001s ]
INFO: [ view_template ] --END-- [ RunTime:0.004001s ]
INFO: [ view_parse ] --START--
INFO: Run ParseTemplate Behavior [ RunTime:0.020001s ]
INFO: [ view_parse ] --END-- [ RunTime:0.020001s ]
INFO: [ view_filter ] --START--
INFO: Run ContentReplace Behavior [ RunTime:0.002000s ]
INFO: Run TokenBuild Behavior [ RunTime:0.002000s ]
INFO: Run WriteHtmlCache Behavior [ RunTime:0.003000s ]
INFO: Run ShowRuntime Behavior [ RunTime:0.002000s ]
INFO: [ view_filter ] --END-- [ RunTime:0.009000s ]
INFO: [ view_end ] --START--
INFO: Run ShowPageTrace Behavior [ RunTime:0.003000s ]
INFO: [ view_end ] --END-- [ RunTime:0.003000s ]

[ 2017-06-05T19:45:26+08:00 ] 127.0.0.1 /admin_duidui/admin_y.php/Codelist/addcodelistshow?flag_s=&gateway_s=&name_s=&mbps_s=&ttype_s=&productid_s=&remark_s=
INFO: [ route_check ] --START--
INFO: Run CheckRoute Behavior [ RunTime:0.002000s ]
INFO: [ route_check ] --END-- [ RunTime:0.002000s ]
INFO: [ app_begin ] --START--
INFO: Run ReadHtmlCache Behavior [ RunTime:0.002000s ]
INFO: [ app_begin ] --END-- [ RunTime:0.002000s ]
INFO: [ view_template ] --START--
INFO: Run LocationTemplate Behavior [ RunTime:0.005000s ]
INFO: [ view_template ] --END-- [ RunTime:0.005000s ]
INFO: [ view_parse ] --START--
INFO: Run ParseTemplate Behavior [ RunTime:0.079005s ]
INFO: [ view_parse ] --END-- [ RunTime:0.079005s ]
INFO: [ view_filter ] --START--
INFO: Run ContentReplace Behavior [ RunTime:0.002000s ]
INFO: Run TokenBuild Behavior [ RunTime:0.003000s ]
INFO: Run WriteHtmlCache Behavior [ RunTime:0.006000s ]
INFO: Run ShowRuntime Behavior [ RunTime:0.004001s ]
INFO: [ view_filter ] --END-- [ RunTime:0.015001s ]
INFO: [ view_end ] --START--
INFO: Run ShowPageTrace Behavior [ RunTime:0.004000s ]
INFO: [ view_end ] --END-- [ RunTime:0.004000s ]

[ 2017-06-05T19:45:27+08:00 ] 127.0.0.1 /admin_duidui/admin_y.php/Codelist/index?userxr=root
INFO: [ route_check ] --START--
INFO: Run CheckRoute Behavior [ RunTime:0.003000s ]
INFO: [ route_check ] --END-- [ RunTime:0.003000s ]
INFO: [ app_begin ] --START--
INFO: Run ReadHtmlCache Behavior [ RunTime:0.003000s ]
INFO: [ app_begin ] --END-- [ RunTime:0.003000s ]
SQL: SELECT COUNT(*) AS tp_count FROM `dh_codelist` LIMIT 1   [ RunTime:0.001001s ]
ERR: Table 'duidui.dh_codelist' doesn't exist
 [ SQL语句 ] : SELECT COUNT(*) AS tp_count FROM `dh_codelist` LIMIT 1  
SQL: SELECT * FROM `dh_codelist` ORDER BY  id asc  LIMIT 0,50   [ RunTime:0.001000s ]
ERR: Table 'duidui.dh_codelist' doesn't exist
 [ SQL语句 ] : SELECT * FROM `dh_codelist` ORDER BY  id asc  LIMIT 0,50  
NOTIC: [2] Invalid argument supplied for foreach() D:\www\www2\admin_duidui\Index\Lib\Action\CodelistAction.class.php 第 177 行.
INFO: [ view_template ] --START--
INFO: Run LocationTemplate Behavior [ RunTime:0.004000s ]
INFO: [ view_template ] --END-- [ RunTime:0.004000s ]
INFO: [ view_parse ] --START--
INFO: Run ParseTemplate Behavior [ RunTime:0.019001s ]
INFO: [ view_parse ] --END-- [ RunTime:0.019001s ]
INFO: [ view_filter ] --START--
INFO: Run ContentReplace Behavior [ RunTime:0.002000s ]
INFO: Run TokenBuild Behavior [ RunTime:0.003000s ]
INFO: Run WriteHtmlCache Behavior [ RunTime:0.002000s ]
INFO: Run ShowRuntime Behavior [ RunTime:0.003000s ]
INFO: [ view_filter ] --END-- [ RunTime:0.010000s ]
INFO: [ view_end ] --START--
INFO: Run ShowPageTrace Behavior [ RunTime:0.003001s ]
INFO: [ view_end ] --END-- [ RunTime:0.003001s ]

[ 2017-06-05T19:57:16+08:00 ] 127.0.0.1 /admin_duidui/admin_y.php
INFO: [ app_begin ] --START--
INFO: Run ReadHtmlCache Behavior [ RunTime:0.003000s ]
INFO: [ app_begin ] --END-- [ RunTime:0.003000s ]
INFO: [ view_template ] --START--
INFO: Run LocationTemplate Behavior [ RunTime:0.004000s ]
INFO: [ view_template ] --END-- [ RunTime:0.004000s ]
INFO: [ view_parse ] --START--
INFO: Run ParseTemplate Behavior [ RunTime:0.018001s ]
INFO: [ view_parse ] --END-- [ RunTime:0.018001s ]
INFO: [ view_filter ] --START--
INFO: Run ContentReplace Behavior [ RunTime:0.002000s ]
INFO: Run TokenBuild Behavior [ RunTime:0.003000s ]
INFO: Run WriteHtmlCache Behavior [ RunTime:0.002000s ]
INFO: Run ShowRuntime Behavior [ RunTime:0.002000s ]
INFO: [ view_filter ] --END-- [ RunTime:0.010000s ]
INFO: [ view_end ] --START--
INFO: Run ShowPageTrace Behavior [ RunTime:0.002001s ]
INFO: [ view_end ] --END-- [ RunTime:0.002001s ]

[ 2017-06-05T19:57:17+08:00 ] 127.0.0.1 /admin_duidui/admin_y.php/Header/index
INFO: [ route_check ] --START--
INFO: Run CheckRoute Behavior [ RunTime:0.002001s ]
INFO: [ route_check ] --END-- [ RunTime:0.002001s ]
INFO: [ app_begin ] --START--
INFO: Run ReadHtmlCache Behavior [ RunTime:0.003000s ]
INFO: [ app_begin ] --END-- [ RunTime:0.003000s ]
INFO: [ view_template ] --START--
INFO: Run LocationTemplate Behavior [ RunTime:0.004000s ]
INFO: [ view_template ] --END-- [ RunTime:0.004000s ]
INFO: [ view_parse ] --START--
NOTIC: [8] Undefined variable: tishi D:\www\www2\admin_duidui\Index\Runtime\Cache\e5ff1c65bdd157f7e2dcf878282a73c7.php 第 37 行.
NOTIC: [8] Undefined variable: spectrum D:\www\www2\admin_duidui\Index\Runtime\Cache\e5ff1c65bdd157f7e2dcf878282a73c7.php 第 40 行.
INFO: Run ParseTemplate Behavior [ RunTime:0.018001s ]
INFO: [ view_parse ] --END-- [ RunTime:0.018001s ]
INFO: [ view_filter ] --START--
INFO: Run ContentReplace Behavior [ RunTime:0.003001s ]
INFO: Run TokenBuild Behavior [ RunTime:0.002000s ]
INFO: Run WriteHtmlCache Behavior [ RunTime:0.002000s ]
INFO: Run ShowRuntime Behavior [ RunTime:0.002000s ]
INFO: [ view_filter ] --END-- [ RunTime:0.009001s ]
INFO: [ view_end ] --START--
INFO: Run ShowPageTrace Behavior [ RunTime:0.002000s ]
INFO: [ view_end ] --END-- [ RunTime:0.003000s ]

[ 2017-06-05T19:57:17+08:00 ] 127.0.0.1 /admin_duidui/admin_y.php/Menu/index
INFO: [ route_check ] --START--
INFO: Run CheckRoute Behavior [ RunTime:0.003000s ]
INFO: [ route_check ] --END-- [ RunTime:0.003000s ]
INFO: [ app_begin ] --START--
INFO: Run ReadHtmlCache Behavior [ RunTime:0.002000s ]
INFO: [ app_begin ] --END-- [ RunTime:0.002000s ]
INFO: [ view_template ] --START--
INFO: Run LocationTemplate Behavior [ RunTime:0.005001s ]
INFO: [ view_template ] --END-- [ RunTime:0.005001s ]
INFO: [ view_parse ] --START--
INFO: Run ParseTemplate Behavior [ RunTime:0.024001s ]
INFO: [ view_parse ] --END-- [ RunTime:0.024001s ]
INFO: [ view_filter ] --START--
INFO: Run ContentReplace Behavior [ RunTime:0.006000s ]
INFO: Run TokenBuild Behavior [ RunTime:0.003001s ]
INFO: Run WriteHtmlCache Behavior [ RunTime:0.002000s ]
INFO: Run ShowRuntime Behavior [ RunTime:0.002000s ]
INFO: [ view_filter ] --END-- [ RunTime:0.013001s ]
INFO: [ view_end ] --START--
INFO: Run ShowPageTrace Behavior [ RunTime:0.002000s ]
INFO: [ view_end ] --END-- [ RunTime:0.002000s ]

[ 2017-06-05T19:57:17+08:00 ] 127.0.0.1 /admin_duidui/admin_y.php/Main/index
INFO: [ route_check ] --START--
INFO: Run CheckRoute Behavior [ RunTime:0.003000s ]
INFO: [ route_check ] --END-- [ RunTime:0.003000s ]
INFO: [ app_begin ] --START--
INFO: Run ReadHtmlCache Behavior [ RunTime:0.002000s ]
INFO: [ app_begin ] --END-- [ RunTime:0.002000s ]
SQL: SELECT `lastLoginTime`,`lastLoginIp`,`qq` FROM `user_admin` WHERE ( username='root' ) LIMIT 1   [ RunTime:0.015001s ]
INFO: [ view_template ] --START--
INFO: Run LocationTemplate Behavior [ RunTime:0.003000s ]
INFO: [ view_template ] --END-- [ RunTime:0.003000s ]
INFO: [ view_parse ] --START--
INFO: Run ParseTemplate Behavior [ RunTime:0.023002s ]
INFO: [ view_parse ] --END-- [ RunTime:0.024002s ]
INFO: [ view_filter ] --START--
INFO: Run ContentReplace Behavior [ RunTime:0.003000s ]
INFO: Run TokenBuild Behavior [ RunTime:0.002000s ]
INFO: Run WriteHtmlCache Behavior [ RunTime:0.002000s ]
INFO: Run ShowRuntime Behavior [ RunTime:0.002000s ]
INFO: [ view_filter ] --END-- [ RunTime:0.009000s ]
INFO: [ view_end ] --START--
INFO: Run ShowPageTrace Behavior [ RunTime:0.002000s ]
INFO: [ view_end ] --END-- [ RunTime:0.002000s ]

[ 2017-06-05T22:01:09+08:00 ] 127.0.0.1 /admin_duidui/admin_y.php
INFO: [ app_begin ] --START--
INFO: Run ReadHtmlCache Behavior [ RunTime:0.002000s ]
INFO: [ app_begin ] --END-- [ RunTime:0.002000s ]
INFO: [ view_template ] --START--
INFO: Run LocationTemplate Behavior [ RunTime:0.004001s ]
INFO: [ view_template ] --END-- [ RunTime:0.004001s ]
INFO: [ view_parse ] --START--
INFO: Run ParseTemplate Behavior [ RunTime:0.023001s ]
INFO: [ view_parse ] --END-- [ RunTime:0.023001s ]
INFO: [ view_filter ] --START--
INFO: Run ContentReplace Behavior [ RunTime:0.002000s ]
INFO: Run TokenBuild Behavior [ RunTime:0.003000s ]
INFO: Run WriteHtmlCache Behavior [ RunTime:0.002000s ]
INFO: Run ShowRuntime Behavior [ RunTime:0.003001s ]
INFO: [ view_filter ] --END-- [ RunTime:0.010001s ]
INFO: [ view_end ] --START--
INFO: Run ShowPageTrace Behavior [ RunTime:0.002000s ]
INFO: [ view_end ] --END-- [ RunTime:0.002000s ]

[ 2017-06-05T22:01:10+08:00 ] 127.0.0.1 /admin_duidui/admin_y.php/Menu/index
INFO: [ route_check ] --START--
INFO: Run CheckRoute Behavior [ RunTime:0.004000s ]
INFO: [ route_check ] --END-- [ RunTime:0.004000s ]
INFO: [ app_begin ] --START--
INFO: Run ReadHtmlCache Behavior [ RunTime:0.002000s ]
INFO: [ app_begin ] --END-- [ RunTime:0.002000s ]
INFO: [ view_template ] --START--
INFO: Run LocationTemplate Behavior [ RunTime:0.003001s ]
INFO: [ view_template ] --END-- [ RunTime:0.003001s ]
INFO: [ view_parse ] --START--
INFO: Run ParseTemplate Behavior [ RunTime:0.130007s ]
INFO: [ view_parse ] --END-- [ RunTime:0.132007s ]
INFO: [ view_filter ] --START--
INFO: Run ContentReplace Behavior [ RunTime:0.002000s ]
INFO: Run TokenBuild Behavior [ RunTime:0.002000s ]
INFO: Run WriteHtmlCache Behavior [ RunTime:0.001000s ]
INFO: Run ShowRuntime Behavior [ RunTime:0.002001s ]
INFO: [ view_filter ] --END-- [ RunTime:0.007001s ]
INFO: [ view_end ] --START--
INFO: Run ShowPageTrace Behavior [ RunTime:0.002000s ]
INFO: [ view_end ] --END-- [ RunTime:0.002000s ]

[ 2017-06-05T22:01:10+08:00 ] 127.0.0.1 /admin_duidui/admin_y.php/Main/index
INFO: [ route_check ] --START--
INFO: Run CheckRoute Behavior [ RunTime:0.002001s ]
INFO: [ route_check ] --END-- [ RunTime:0.002001s ]
INFO: [ app_begin ] --START--
INFO: Run ReadHtmlCache Behavior [ RunTime:0.008000s ]
INFO: [ app_begin ] --END-- [ RunTime:0.008000s ]
SQL: SELECT `lastLoginTime`,`lastLoginIp`,`qq` FROM `user_admin` WHERE ( username='root' ) LIMIT 1   [ RunTime:0.001000s ]
INFO: [ view_template ] --START--
INFO: Run LocationTemplate Behavior [ RunTime:0.004000s ]
INFO: [ view_template ] --END-- [ RunTime:0.004000s ]
INFO: [ view_parse ] --START--
INFO: Run ParseTemplate Behavior [ RunTime:0.021002s ]
INFO: [ view_parse ] --END-- [ RunTime:0.021002s ]
INFO: [ view_filter ] --START--
INFO: Run ContentReplace Behavior [ RunTime:0.004000s ]
INFO: Run TokenBuild Behavior [ RunTime:0.003000s ]
INFO: Run WriteHtmlCache Behavior [ RunTime:0.002000s ]
INFO: Run ShowRuntime Behavior [ RunTime:0.003000s ]
INFO: [ view_filter ] --END-- [ RunTime:0.012000s ]
INFO: [ view_end ] --START--
INFO: Run ShowPageTrace Behavior [ RunTime:0.003001s ]
INFO: [ view_end ] --END-- [ RunTime:0.003001s ]

[ 2017-06-05T22:01:10+08:00 ] 127.0.0.1 /admin_duidui/admin_y.php/Header/index
INFO: [ route_check ] --START--
INFO: Run CheckRoute Behavior [ RunTime:0.004001s ]
INFO: [ route_check ] --END-- [ RunTime:0.004001s ]
INFO: [ app_begin ] --START--
INFO: Run ReadHtmlCache Behavior [ RunTime:0.002000s ]
INFO: [ app_begin ] --END-- [ RunTime:0.002000s ]
INFO: [ view_template ] --START--
INFO: Run LocationTemplate Behavior [ RunTime:0.006000s ]
INFO: [ view_template ] --END-- [ RunTime:0.006000s ]
INFO: [ view_parse ] --START--
NOTIC: [8] Undefined variable: tishi D:\www\www2\admin_duidui\Index\Runtime\Cache\e5ff1c65bdd157f7e2dcf878282a73c7.php 第 37 行.
NOTIC: [8] Undefined variable: spectrum D:\www\www2\admin_duidui\Index\Runtime\Cache\e5ff1c65bdd157f7e2dcf878282a73c7.php 第 40 行.
INFO: Run ParseTemplate Behavior [ RunTime:0.021002s ]
INFO: [ view_parse ] --END-- [ RunTime:0.021002s ]
INFO: [ view_filter ] --START--
INFO: Run ContentReplace Behavior [ RunTime:0.002000s ]
INFO: Run TokenBuild Behavior [ RunTime:0.006000s ]
INFO: Run WriteHtmlCache Behavior [ RunTime:0.004000s ]
INFO: Run ShowRuntime Behavior [ RunTime:0.002000s ]
INFO: [ view_filter ] --END-- [ RunTime:0.015000s ]
INFO: [ view_end ] --START--
INFO: Run ShowPageTrace Behavior [ RunTime:0.003001s ]
INFO: [ view_end ] --END-- [ RunTime:0.003001s ]

