
WXPAYLOG_BEGIN-----------------------------------------------------------
2017-02-22 10:45:48    dcrep_dh
get:    /dh_work/interface/rep/dcrep_dh.php?siteid=180002&phone=15210307825&only_orderid=100066876846661453139107&site_orderid=dh20170221214426731250&stat=DELIVRD&ystatus=1
post:    

WXPAYLOG_BEGIN-----------------------------------------------------------
2017-02-22 10:45:56    dcrep_dh
get:    /dh_work/interface/rep/dcrep_dh.php?siteid=180002&phone=15010724109&only_orderid=100066876861701587046446&site_orderid=dh20170221220930775540&stat=DELIVRD&ystatus=1
post:    

WXPAYLOG_BEGIN-----------------------------------------------------------
2017-02-22 11:02:08    dcrep_dh
get:    /dh_work/interface/rep/dcrep_dh.php?siteid=180002&phone=18236137465&only_orderid=100066876879126196246220&site_orderid=dh20170221223832626630&stat=DELIVRD&ystatus=1
post:    

WXPAYLOG_BEGIN-----------------------------------------------------------
2017-02-22 11:03:16    dcrep_dh
get:    /dh_work/interface/rep/dcrep_dh.php?siteid=180002&phone=18236137465&only_orderid=100066876903530829532000&site_orderid=dh20170221231913454870&stat=DELIVRD&ystatus=1
post:    

WXPAYLOG_BEGIN-----------------------------------------------------------
2017-02-22 11:22:24    dcrep_dh
get:    /dh_work/interface/rep/dcrep_dh.php?siteid=180002&phone=15010724109&only_orderid=100066877293612226742696&site_orderid=dh20170222100921263908&stat=DELIVRD&ystatus=1
post:    

WXPAYLOG_BEGIN-----------------------------------------------------------
2017-02-22 12:59:00    dcrep_dh
get:    /dh_work/interface/rep/dcrep_dh.php?siteid=180002&phone=13521878931&only_orderid=100066877376807833046577&site_orderid=dh20170222122800443872&stat=DELIVRD&ystatus=1
post:    

WXPAYLOG_BEGIN-----------------------------------------------------------
2017-02-22 13:48:02    dcrep_dh
get:    /dh_work/interface/rep/dcrep_dh.php?siteid=180002&phone=13126874350&only_orderid=100186877424655824275882&site_orderid=dh20170222134745793306&stat=FAIL&ystatus=3
post:    

WXPAYLOG_BEGIN-----------------------------------------------------------
2017-02-22 13:52:35    dcrep_dh
get:    /dh_work/interface/rep/dcrep_dh.php?siteid=180002&phone=13126874650&only_orderid=100186877427448733587444&site_orderid=dh20170222135224898776&stat=DELIVRD&ystatus=0
post:    

WXPAYLOG_BEGIN-----------------------------------------------------------
2017-02-22 15:51:10    dcrep_dh
get:    /dh_work/interface/rep/dcrep_dh.php?siteid=180002&phone=13126874650&only_orderid=100186877427448733587444&site_orderid=dh20170222135224898776&stat=DELIVRD&ystatus=0
post:    
此订单不存在或已经接收处理

WXPAYLOG_BEGIN-----------------------------------------------------------
2017-02-22 15:51:37    dcrep_dh
get:    /dh_work/interface/rep/dcrep_dh.php?siteid=180002&phone=13126874650&only_orderid=100186877427448733587444&site_orderid=dh20170222135224898776&stat=DELIVRD&ystatus=0
post:    
此订单不存在或已经接收处理

WXPAYLOG_BEGIN-----------------------------------------------------------
2017-02-22 15:55:47    dcrep_dh
get:    /dh_work/interface/rep/dcrep_dh.php?siteid=180002&phone=13126874650&only_orderid=100186877427448733587444&site_orderid=dh20170222135224898776&stat=DELIVRD&ystatus=0
post:    
此订单不存在或已经接收处理

WXPAYLOG_BEGIN-----------------------------------------------------------
2017-02-22 16:04:03    dcrep_dh
get:    /dh_work/interface/rep/dcrep_dh.php?siteid=180002&phone=13126874650&only_orderid=100186877427448733587444&site_orderid=dh20170222135224898776&stat=DELIVRD&ystatus=0
post:    
此订单不存在或已经接收处理

WXPAYLOG_BEGIN-----------------------------------------------------------
2017-02-22 16:10:36    dcrep_dh
get:    /dh_work/interface/rep/dcrep_dh.php?siteid=180002&phone=13126874650&only_orderid=100186877427448733587444&site_orderid=dh20170222135224898776&stat=DELIVRD&ystatus=0
post:    

WXPAYLOG_BEGIN-----------------------------------------------------------
2017-02-22 16:12:41    dcrep_dh
get:    /dh_work/interface/rep/dcrep_dh.php?siteid=180002&phone=13126874650&only_orderid=100186877427448733587444&site_orderid=dh20170222135224898776&stat=DELIVRD&ystatus=0
post:    

WXPAYLOG_BEGIN-----------------------------------------------------------
2017-02-22 16:12:47    dcrep_dh
get:    /dh_work/interface/rep/dcrep_dh.php?siteid=180002&phone=13126874650&only_orderid=100186877427448733587444&site_orderid=dh20170222135224898776&stat=DELIVRD&ystatus=0
post:    
此订单不存在或已经接收处理

WXPAYLOG_BEGIN-----------------------------------------------------------
2017-02-22 16:15:32    dcrep_dh
get:    /dh_work/interface/rep/dcrep_dh.php?siteid=180002&phone=13126874650&only_orderid=100186877427448733587444&site_orderid=dh20170222135224898776&stat=DELIVRD&ystatus=0
post:    

WXPAYLOG_BEGIN-----------------------------------------------------------
2017-02-22 16:15:37    dcrep_dh
get:    /dh_work/interface/rep/dcrep_dh.php?siteid=180002&phone=13126874650&only_orderid=100186877427448733587444&site_orderid=dh20170222135224898776&stat=DELIVRD&ystatus=0
post:    
此订单不存在或已经接收处理

WXPAYLOG_BEGIN-----------------------------------------------------------
2017-02-22 16:16:11    dcrep_dh
get:    /dh_work/interface/rep/dcrep_dh.php?siteid=180002&phone=13126874650&only_orderid=100186877427448733587444&site_orderid=dh20170222135224898776&stat=DELIVRD&ystatus=0
post:    

WXPAYLOG_BEGIN-----------------------------------------------------------
2017-02-22 16:39:36    dcrep_dh
get:    /dh_work/interface/rep/dcrep_dh.php?siteid=180002&phone=13126874650&only_orderid=100186877427448733587444&site_orderid=dh20170222135224898776&stat=DELIVRD&ystatus=0
post:    

WXPAYLOG_BEGIN-----------------------------------------------------------
2017-02-22 16:53:52    dcrep_dh
get:    /dh_work/interface/rep/dcrep_dh.php?siteid=180002&phone=13126874650&only_orderid=100186877427448733587444&site_orderid=dh20170222135224898776&stat=DELIVRD&ystatus=0
post:    

WXPAYLOG_BEGIN-----------------------------------------------------------
2017-02-22 16:55:01    dcrep_dh
get:    /dh_work/interface/rep/dcrep_dh.php?siteid=180002&phone=13126874650&only_orderid=100186877427448733587444&site_orderid=dh20170222135224898776&stat=DELIVRD&ystatus=0
post:    

WXPAYLOG_BEGIN-----------------------------------------------------------
2017-02-22 16:59:08    dcrep_dh
get:    /dh_work/interface/rep/dcrep_dh.php?siteid=180002&phone=13126874650&only_orderid=100186877539372747376537&site_orderid=dh20170222165857665463&stat=DELIVRD&ystatus=0
post:    
