[ 2017-06-28T11:42:55+08:00 ] 127.0.0.1 /admin_duidui/admin_y.php/Login/index
INFO: [ route_check ] --START--
INFO: Run CheckRoute Behavior [ RunTime:0.002000s ]
INFO: [ route_check ] --END-- [ RunTime:0.002000s ]
INFO: [ app_begin ] --START--
INFO: Run ReadHtmlCache Behavior [ RunTime:0.001000s ]
INFO: [ app_begin ] --END-- [ RunTime:0.001000s ]
INFO: [ view_template ] --START--
INFO: Run LocationTemplate Behavior [ RunTime:0.015001s ]
INFO: [ view_template ] --END-- [ RunTime:0.015001s ]
INFO: [ view_parse ] --START--
INFO: Run ParseTemplate Behavior [ RunTime:0.086005s ]
INFO: [ view_parse ] --END-- [ RunTime:0.086005s ]
INFO: [ view_filter ] --START--
INFO: Run ContentReplace Behavior [ RunTime:0.012001s ]
INFO: Run TokenBuild Behavior [ RunTime:0.009000s ]
INFO: Run WriteHtmlCache Behavior [ RunTime:0.002001s ]
INFO: Run ShowRuntime Behavior [ RunTime:0.002000s ]
INFO: [ view_filter ] --END-- [ RunTime:0.025002s ]
INFO: [ view_end ] --START--
INFO: Run ShowPageTrace Behavior [ RunTime:0.004000s ]
INFO: [ view_end ] --END-- [ RunTime:0.005000s ]

[ 2017-06-28T11:43:00+08:00 ] 127.0.0.1 /admin_duidui/admin_y.php/Index/index/userxr/root
INFO: [ route_check ] --START--
INFO: Run CheckRoute Behavior [ RunTime:0.002001s ]
INFO: [ route_check ] --END-- [ RunTime:0.002001s ]
INFO: [ app_begin ] --START--
INFO: Run ReadHtmlCache Behavior [ RunTime:0.001000s ]
INFO: [ app_begin ] --END-- [ RunTime:0.001000s ]
INFO: [ view_template ] --START--
INFO: Run LocationTemplate Behavior [ RunTime:0.002000s ]
INFO: [ view_template ] --END-- [ RunTime:0.002000s ]
INFO: [ view_parse ] --START--
INFO: Run ParseTemplate Behavior [ RunTime:0.035002s ]
INFO: [ view_parse ] --END-- [ RunTime:0.035002s ]
INFO: [ view_filter ] --START--
INFO: Run ContentReplace Behavior [ RunTime:0.001000s ]
INFO: Run TokenBuild Behavior [ RunTime:0.001000s ]
INFO: Run WriteHtmlCache Behavior [ RunTime:0.001000s ]
INFO: Run ShowRuntime Behavior [ RunTime:0.001000s ]
INFO: [ view_filter ] --END-- [ RunTime:0.004000s ]
INFO: [ view_end ] --START--
INFO: Run ShowPageTrace Behavior [ RunTime:0.001000s ]
INFO: [ view_end ] --END-- [ RunTime:0.001000s ]

[ 2017-06-28T11:43:00+08:00 ] 127.0.0.1 /admin_duidui/admin_y.php/Header/index
INFO: [ route_check ] --START--
INFO: Run CheckRoute Behavior [ RunTime:0.001000s ]
INFO: [ route_check ] --END-- [ RunTime:0.001000s ]
INFO: [ app_begin ] --START--
INFO: Run ReadHtmlCache Behavior [ RunTime:0.001000s ]
INFO: [ app_begin ] --END-- [ RunTime:0.001000s ]
INFO: [ view_template ] --START--
INFO: Run LocationTemplate Behavior [ RunTime:0.008001s ]
INFO: [ view_template ] --END-- [ RunTime:0.008001s ]
INFO: [ view_parse ] --START--
NOTIC: [8] Undefined variable: tishi D:\www\www2\admin_duidui\Index\Runtime\Cache\e5ff1c65bdd157f7e2dcf878282a73c7.php 第 37 行.
NOTIC: [8] Undefined variable: spectrum D:\www\www2\admin_duidui\Index\Runtime\Cache\e5ff1c65bdd157f7e2dcf878282a73c7.php 第 40 行.
INFO: Run ParseTemplate Behavior [ RunTime:0.013001s ]
INFO: [ view_parse ] --END-- [ RunTime:0.013001s ]
INFO: [ view_filter ] --START--
INFO: Run ContentReplace Behavior [ RunTime:0.001000s ]
INFO: Run TokenBuild Behavior [ RunTime:0.001000s ]
INFO: Run WriteHtmlCache Behavior [ RunTime:0.001000s ]
INFO: Run ShowRuntime Behavior [ RunTime:0.001000s ]
INFO: [ view_filter ] --END-- [ RunTime:0.004000s ]
INFO: [ view_end ] --START--
INFO: Run ShowPageTrace Behavior [ RunTime:0.001000s ]
INFO: [ view_end ] --END-- [ RunTime:0.001000s ]

[ 2017-06-28T11:43:00+08:00 ] 127.0.0.1 /admin_duidui/admin_y.php/Menu/index
INFO: [ route_check ] --START--
INFO: Run CheckRoute Behavior [ RunTime:0.001000s ]
INFO: [ route_check ] --END-- [ RunTime:0.001000s ]
INFO: [ app_begin ] --START--
INFO: Run ReadHtmlCache Behavior [ RunTime:0.001000s ]
INFO: [ app_begin ] --END-- [ RunTime:0.001000s ]
INFO: [ view_template ] --START--
INFO: Run LocationTemplate Behavior [ RunTime:0.001000s ]
INFO: [ view_template ] --END-- [ RunTime:0.002000s ]
INFO: [ view_parse ] --START--
INFO: Run ParseTemplate Behavior [ RunTime:0.029002s ]
INFO: [ view_parse ] --END-- [ RunTime:0.030002s ]
INFO: [ view_filter ] --START--
INFO: Run ContentReplace Behavior [ RunTime:0.001000s ]
INFO: Run TokenBuild Behavior [ RunTime:0.002000s ]
INFO: Run WriteHtmlCache Behavior [ RunTime:0.002000s ]
INFO: Run ShowRuntime Behavior [ RunTime:0.001000s ]
INFO: [ view_filter ] --END-- [ RunTime:0.006000s ]
INFO: [ view_end ] --START--
INFO: Run ShowPageTrace Behavior [ RunTime:0.001001s ]
INFO: [ view_end ] --END-- [ RunTime:0.002001s ]

[ 2017-06-28T11:43:00+08:00 ] 127.0.0.1 /admin_duidui/admin_y.php/Main/index
INFO: [ route_check ] --START--
INFO: Run CheckRoute Behavior [ RunTime:0.003000s ]
INFO: [ route_check ] --END-- [ RunTime:0.003000s ]
INFO: [ app_begin ] --START--
INFO: Run ReadHtmlCache Behavior [ RunTime:0.001000s ]
INFO: [ app_begin ] --END-- [ RunTime:0.003000s ]
SQL: SELECT `lastLoginTime`,`lastLoginIp`,`qq` FROM `user_admin` WHERE ( username='root' ) LIMIT 1   [ RunTime:0.000000s ]
INFO: [ view_template ] --START--
INFO: Run LocationTemplate Behavior [ RunTime:0.003000s ]
INFO: [ view_template ] --END-- [ RunTime:0.003000s ]
INFO: [ view_parse ] --START--
INFO: Run ParseTemplate Behavior [ RunTime:0.053003s ]
INFO: [ view_parse ] --END-- [ RunTime:0.053003s ]
INFO: [ view_filter ] --START--
INFO: Run ContentReplace Behavior [ RunTime:0.001001s ]
INFO: Run TokenBuild Behavior [ RunTime:0.002000s ]
INFO: Run WriteHtmlCache Behavior [ RunTime:0.002000s ]
INFO: Run ShowRuntime Behavior [ RunTime:0.010000s ]
INFO: [ view_filter ] --END-- [ RunTime:0.015001s ]
INFO: [ view_end ] --START--
INFO: Run ShowPageTrace Behavior [ RunTime:0.002000s ]
INFO: [ view_end ] --END-- [ RunTime:0.002000s ]

[ 2017-06-28T11:43:05+08:00 ] 127.0.0.1 /admin_duidui/admin_y.php/Shopadd/index?userxr=root
INFO: [ route_check ] --START--
INFO: Run CheckRoute Behavior [ RunTime:0.002000s ]
INFO: [ route_check ] --END-- [ RunTime:0.002000s ]
INFO: [ app_begin ] --START--
INFO: Run ReadHtmlCache Behavior [ RunTime:0.001000s ]
INFO: [ app_begin ] --END-- [ RunTime:0.001000s ]
SQL: select id,lianxiren,flag from shop_site where flag='1' [ RunTime:0.057003s ]
NOTIC: [8] Undefined index: name D:\www\www2\admin_duidui\Index\Lib\Action\ShopaddAction.class.php 第 144 行.
NOTIC: [8] Undefined index: name D:\www\www2\admin_duidui\Index\Lib\Action\ShopaddAction.class.php 第 144 行.
NOTIC: [8] Undefined index: name D:\www\www2\admin_duidui\Index\Lib\Action\ShopaddAction.class.php 第 144 行.
NOTIC: [8] Undefined index: name D:\www\www2\admin_duidui\Index\Lib\Action\ShopaddAction.class.php 第 144 行.
NOTIC: [8] Undefined index: name D:\www\www2\admin_duidui\Index\Lib\Action\ShopaddAction.class.php 第 144 行.
NOTIC: [8] Undefined index: name D:\www\www2\admin_duidui\Index\Lib\Action\ShopaddAction.class.php 第 144 行.
NOTIC: [8] Undefined index: name D:\www\www2\admin_duidui\Index\Lib\Action\ShopaddAction.class.php 第 144 行.
SQL: select * from shop_config where flag='1' order by typeid asc [ RunTime:0.014001s ]
SQL: select * from shop_type  [ RunTime:0.006000s ]
SQL: SELECT COUNT(*) AS tp_count FROM `shop_product` LIMIT 1   [ RunTime:0.004001s ]
SQL: SELECT * FROM `shop_product` ORDER BY  id desc  LIMIT 0,50   [ RunTime:0.001000s ]
NOTIC: [8] A non well formed numeric value encountered D:\www\www2\admin_duidui\Index\Lib\Action\ShopaddAction.class.php 第 220 行.
NOTIC: [8] A non well formed numeric value encountered D:\www\www2\admin_duidui\Index\Lib\Action\ShopaddAction.class.php 第 235 行.
NOTIC: [8] A non well formed numeric value encountered D:\www\www2\admin_duidui\Index\Lib\Action\ShopaddAction.class.php 第 220 行.
NOTIC: [8] A non well formed numeric value encountered D:\www\www2\admin_duidui\Index\Lib\Action\ShopaddAction.class.php 第 235 行.
NOTIC: [8] A non well formed numeric value encountered D:\www\www2\admin_duidui\Index\Lib\Action\ShopaddAction.class.php 第 220 行.
NOTIC: [8] A non well formed numeric value encountered D:\www\www2\admin_duidui\Index\Lib\Action\ShopaddAction.class.php 第 235 行.
NOTIC: [8] A non well formed numeric value encountered D:\www\www2\admin_duidui\Index\Lib\Action\ShopaddAction.class.php 第 220 行.
NOTIC: [8] A non well formed numeric value encountered D:\www\www2\admin_duidui\Index\Lib\Action\ShopaddAction.class.php 第 235 行.
NOTIC: [8] A non well formed numeric value encountered D:\www\www2\admin_duidui\Index\Lib\Action\ShopaddAction.class.php 第 220 行.
NOTIC: [8] A non well formed numeric value encountered D:\www\www2\admin_duidui\Index\Lib\Action\ShopaddAction.class.php 第 235 行.
NOTIC: [8] A non well formed numeric value encountered D:\www\www2\admin_duidui\Index\Lib\Action\ShopaddAction.class.php 第 220 行.
NOTIC: [8] A non well formed numeric value encountered D:\www\www2\admin_duidui\Index\Lib\Action\ShopaddAction.class.php 第 235 行.
NOTIC: [8] A non well formed numeric value encountered D:\www\www2\admin_duidui\Index\Lib\Action\ShopaddAction.class.php 第 220 行.
NOTIC: [8] A non well formed numeric value encountered D:\www\www2\admin_duidui\Index\Lib\Action\ShopaddAction.class.php 第 235 行.
NOTIC: [8] A non well formed numeric value encountered D:\www\www2\admin_duidui\Index\Lib\Action\ShopaddAction.class.php 第 220 行.
NOTIC: [8] A non well formed numeric value encountered D:\www\www2\admin_duidui\Index\Lib\Action\ShopaddAction.class.php 第 235 行.
NOTIC: [8] A non well formed numeric value encountered D:\www\www2\admin_duidui\Index\Lib\Action\ShopaddAction.class.php 第 220 行.
NOTIC: [8] A non well formed numeric value encountered D:\www\www2\admin_duidui\Index\Lib\Action\ShopaddAction.class.php 第 235 行.
NOTIC: [8] A non well formed numeric value encountered D:\www\www2\admin_duidui\Index\Lib\Action\ShopaddAction.class.php 第 220 行.
NOTIC: [8] A non well formed numeric value encountered D:\www\www2\admin_duidui\Index\Lib\Action\ShopaddAction.class.php 第 235 行.
NOTIC: [8] A non well formed numeric value encountered D:\www\www2\admin_duidui\Index\Lib\Action\ShopaddAction.class.php 第 220 行.
NOTIC: [8] A non well formed numeric value encountered D:\www\www2\admin_duidui\Index\Lib\Action\ShopaddAction.class.php 第 235 行.
NOTIC: [8] A non well formed numeric value encountered D:\www\www2\admin_duidui\Index\Lib\Action\ShopaddAction.class.php 第 220 行.
NOTIC: [8] A non well formed numeric value encountered D:\www\www2\admin_duidui\Index\Lib\Action\ShopaddAction.class.php 第 235 行.
NOTIC: [8] A non well formed numeric value encountered D:\www\www2\admin_duidui\Index\Lib\Action\ShopaddAction.class.php 第 220 行.
NOTIC: [8] A non well formed numeric value encountered D:\www\www2\admin_duidui\Index\Lib\Action\ShopaddAction.class.php 第 235 行.
NOTIC: [8] A non well formed numeric value encountered D:\www\www2\admin_duidui\Index\Lib\Action\ShopaddAction.class.php 第 220 行.
NOTIC: [8] A non well formed numeric value encountered D:\www\www2\admin_duidui\Index\Lib\Action\ShopaddAction.class.php 第 235 行.
NOTIC: [8] A non well formed numeric value encountered D:\www\www2\admin_duidui\Index\Lib\Action\ShopaddAction.class.php 第 220 行.
NOTIC: [8] A non well formed numeric value encountered D:\www\www2\admin_duidui\Index\Lib\Action\ShopaddAction.class.php 第 235 行.
INFO: [ view_template ] --START--
INFO: Run LocationTemplate Behavior [ RunTime:0.002000s ]
INFO: [ view_template ] --END-- [ RunTime:0.002000s ]
INFO: [ view_parse ] --START--
INFO: Run ParseTemplate Behavior [ RunTime:0.091005s ]
INFO: [ view_parse ] --END-- [ RunTime:0.091005s ]
INFO: [ view_filter ] --START--
INFO: Run ContentReplace Behavior [ RunTime:0.002000s ]
INFO: Run TokenBuild Behavior [ RunTime:0.002001s ]
INFO: Run WriteHtmlCache Behavior [ RunTime:0.001000s ]
INFO: Run ShowRuntime Behavior [ RunTime:0.002000s ]
INFO: [ view_filter ] --END-- [ RunTime:0.007001s ]
INFO: [ view_end ] --START--
INFO: Run ShowPageTrace Behavior [ RunTime:0.003000s ]
INFO: [ view_end ] --END-- [ RunTime:0.003000s ]

[ 2017-06-28T11:43:12+08:00 ] 127.0.0.1 /admin_duidui/admin_y.php/Header/ajax
INFO: [ route_check ] --START--
INFO: Run CheckRoute Behavior [ RunTime:0.001000s ]
INFO: [ route_check ] --END-- [ RunTime:0.001000s ]
INFO: [ app_begin ] --START--
INFO: Run ReadHtmlCache Behavior [ RunTime:0.001000s ]
INFO: [ app_begin ] --END-- [ RunTime:0.001000s ]

[ 2017-06-28T11:43:12+08:00 ] 127.0.0.1 /admin_duidui/admin_y.php/Header/ajax
INFO: [ route_check ] --START--
INFO: Run CheckRoute Behavior [ RunTime:0.001000s ]
INFO: [ route_check ] --END-- [ RunTime:0.001000s ]
INFO: [ app_begin ] --START--
INFO: Run ReadHtmlCache Behavior [ RunTime:0.002000s ]
INFO: [ app_begin ] --END-- [ RunTime:0.002000s ]
SQL: UPDATE `user_admin` SET `lastLoginTime`='2017-06-28 11:43:12',`lastLoginIp`='127.0.0.1',`loginflag`=loginflag+1 WHERE ( username='root' ) [ RunTime:0.001000s ]

[ 2017-06-28T11:43:16+08:00 ] 127.0.0.1 /admin_duidui/admin_y.php/Shopadd/index?userxr=root
INFO: [ route_check ] --START--
INFO: Run CheckRoute Behavior [ RunTime:0.002000s ]
INFO: [ route_check ] --END-- [ RunTime:0.002000s ]
INFO: [ app_begin ] --START--
INFO: Run ReadHtmlCache Behavior [ RunTime:0.001000s ]
INFO: [ app_begin ] --END-- [ RunTime:0.001000s ]
SQL: select id,lianxiren,flag from shop_site where flag='1' [ RunTime:0.001000s ]
NOTIC: [8] Undefined index: name D:\www\www2\admin_duidui\Index\Lib\Action\ShopaddAction.class.php 第 144 行.
NOTIC: [8] Undefined index: name D:\www\www2\admin_duidui\Index\Lib\Action\ShopaddAction.class.php 第 144 行.
NOTIC: [8] Undefined index: name D:\www\www2\admin_duidui\Index\Lib\Action\ShopaddAction.class.php 第 144 行.
NOTIC: [8] Undefined index: name D:\www\www2\admin_duidui\Index\Lib\Action\ShopaddAction.class.php 第 144 行.
NOTIC: [8] Undefined index: name D:\www\www2\admin_duidui\Index\Lib\Action\ShopaddAction.class.php 第 144 行.
NOTIC: [8] Undefined index: name D:\www\www2\admin_duidui\Index\Lib\Action\ShopaddAction.class.php 第 144 行.
NOTIC: [8] Undefined index: name D:\www\www2\admin_duidui\Index\Lib\Action\ShopaddAction.class.php 第 144 行.
SQL: select * from shop_config where flag='1' order by typeid asc [ RunTime:0.000000s ]
SQL: select * from shop_type  [ RunTime:0.001000s ]
SQL: SELECT COUNT(*) AS tp_count FROM `shop_product` LIMIT 1   [ RunTime:0.000000s ]
SQL: SELECT * FROM `shop_product` ORDER BY  id desc  LIMIT 0,50   [ RunTime:0.001000s ]
NOTIC: [8] A non well formed numeric value encountered D:\www\www2\admin_duidui\Index\Lib\Action\ShopaddAction.class.php 第 220 行.
NOTIC: [8] A non well formed numeric value encountered D:\www\www2\admin_duidui\Index\Lib\Action\ShopaddAction.class.php 第 235 行.
NOTIC: [8] A non well formed numeric value encountered D:\www\www2\admin_duidui\Index\Lib\Action\ShopaddAction.class.php 第 220 行.
NOTIC: [8] A non well formed numeric value encountered D:\www\www2\admin_duidui\Index\Lib\Action\ShopaddAction.class.php 第 235 行.
NOTIC: [8] A non well formed numeric value encountered D:\www\www2\admin_duidui\Index\Lib\Action\ShopaddAction.class.php 第 220 行.
NOTIC: [8] A non well formed numeric value encountered D:\www\www2\admin_duidui\Index\Lib\Action\ShopaddAction.class.php 第 235 行.
NOTIC: [8] A non well formed numeric value encountered D:\www\www2\admin_duidui\Index\Lib\Action\ShopaddAction.class.php 第 220 行.
NOTIC: [8] A non well formed numeric value encountered D:\www\www2\admin_duidui\Index\Lib\Action\ShopaddAction.class.php 第 235 行.
NOTIC: [8] A non well formed numeric value encountered D:\www\www2\admin_duidui\Index\Lib\Action\ShopaddAction.class.php 第 220 行.
NOTIC: [8] A non well formed numeric value encountered D:\www\www2\admin_duidui\Index\Lib\Action\ShopaddAction.class.php 第 235 行.
NOTIC: [8] A non well formed numeric value encountered D:\www\www2\admin_duidui\Index\Lib\Action\ShopaddAction.class.php 第 220 行.
NOTIC: [8] A non well formed numeric value encountered D:\www\www2\admin_duidui\Index\Lib\Action\ShopaddAction.class.php 第 235 行.
NOTIC: [8] A non well formed numeric value encountered D:\www\www2\admin_duidui\Index\Lib\Action\ShopaddAction.class.php 第 220 行.
NOTIC: [8] A non well formed numeric value encountered D:\www\www2\admin_duidui\Index\Lib\Action\ShopaddAction.class.php 第 235 行.
NOTIC: [8] A non well formed numeric value encountered D:\www\www2\admin_duidui\Index\Lib\Action\ShopaddAction.class.php 第 220 行.
NOTIC: [8] A non well formed numeric value encountered D:\www\www2\admin_duidui\Index\Lib\Action\ShopaddAction.class.php 第 235 行.
NOTIC: [8] A non well formed numeric value encountered D:\www\www2\admin_duidui\Index\Lib\Action\ShopaddAction.class.php 第 220 行.
NOTIC: [8] A non well formed numeric value encountered D:\www\www2\admin_duidui\Index\Lib\Action\ShopaddAction.class.php 第 235 行.
NOTIC: [8] A non well formed numeric value encountered D:\www\www2\admin_duidui\Index\Lib\Action\ShopaddAction.class.php 第 220 行.
NOTIC: [8] A non well formed numeric value encountered D:\www\www2\admin_duidui\Index\Lib\Action\ShopaddAction.class.php 第 235 行.
NOTIC: [8] A non well formed numeric value encountered D:\www\www2\admin_duidui\Index\Lib\Action\ShopaddAction.class.php 第 220 行.
NOTIC: [8] A non well formed numeric value encountered D:\www\www2\admin_duidui\Index\Lib\Action\ShopaddAction.class.php 第 235 行.
NOTIC: [8] A non well formed numeric value encountered D:\www\www2\admin_duidui\Index\Lib\Action\ShopaddAction.class.php 第 220 行.
NOTIC: [8] A non well formed numeric value encountered D:\www\www2\admin_duidui\Index\Lib\Action\ShopaddAction.class.php 第 235 行.
NOTIC: [8] A non well formed numeric value encountered D:\www\www2\admin_duidui\Index\Lib\Action\ShopaddAction.class.php 第 220 行.
NOTIC: [8] A non well formed numeric value encountered D:\www\www2\admin_duidui\Index\Lib\Action\ShopaddAction.class.php 第 235 行.
NOTIC: [8] A non well formed numeric value encountered D:\www\www2\admin_duidui\Index\Lib\Action\ShopaddAction.class.php 第 220 行.
NOTIC: [8] A non well formed numeric value encountered D:\www\www2\admin_duidui\Index\Lib\Action\ShopaddAction.class.php 第 235 行.
NOTIC: [8] A non well formed numeric value encountered D:\www\www2\admin_duidui\Index\Lib\Action\ShopaddAction.class.php 第 220 行.
NOTIC: [8] A non well formed numeric value encountered D:\www\www2\admin_duidui\Index\Lib\Action\ShopaddAction.class.php 第 235 行.
INFO: [ view_template ] --START--
INFO: Run LocationTemplate Behavior [ RunTime:0.001000s ]
INFO: [ view_template ] --END-- [ RunTime:0.001000s ]
INFO: [ view_parse ] --START--
INFO: Run ParseTemplate Behavior [ RunTime:0.015001s ]
INFO: [ view_parse ] --END-- [ RunTime:0.016001s ]
INFO: [ view_filter ] --START--
INFO: Run ContentReplace Behavior [ RunTime:0.001000s ]
INFO: Run TokenBuild Behavior [ RunTime:0.001000s ]
INFO: Run WriteHtmlCache Behavior [ RunTime:0.001000s ]
INFO: Run ShowRuntime Behavior [ RunTime:0.001000s ]
INFO: [ view_filter ] --END-- [ RunTime:0.004000s ]
INFO: [ view_end ] --START--
INFO: Run ShowPageTrace Behavior [ RunTime:0.001000s ]
INFO: [ view_end ] --END-- [ RunTime:0.001000s ]

[ 2017-06-28T11:43:17+08:00 ] 127.0.0.1 /admin_duidui/admin_y.php/Shopadd/updateshow?userxr=root
INFO: [ route_check ] --START--
INFO: Run CheckRoute Behavior [ RunTime:0.001000s ]
INFO: [ route_check ] --END-- [ RunTime:0.001000s ]
INFO: [ app_begin ] --START--
INFO: Run ReadHtmlCache Behavior [ RunTime:0.001000s ]
INFO: [ app_begin ] --END-- [ RunTime:0.001000s ]
SQL: select * from shop_product where id='28' [ RunTime:0.000000s ]
NOTIC: [8] Undefined variable: optionhottypeid D:\www\www2\admin_duidui\Index\Lib\Action\ShopaddAction.class.php 第 628 行.
SQL: select id,lianxiren,flag from shop_site where flag='1' [ RunTime:0.001000s ]
NOTIC: [8] Undefined index: name D:\www\www2\admin_duidui\Index\Lib\Action\ShopaddAction.class.php 第 659 行.
NOTIC: [8] Undefined index: name D:\www\www2\admin_duidui\Index\Lib\Action\ShopaddAction.class.php 第 659 行.
NOTIC: [8] Undefined index: name D:\www\www2\admin_duidui\Index\Lib\Action\ShopaddAction.class.php 第 659 行.
NOTIC: [8] Undefined index: name D:\www\www2\admin_duidui\Index\Lib\Action\ShopaddAction.class.php 第 659 行.
NOTIC: [8] Undefined index: name D:\www\www2\admin_duidui\Index\Lib\Action\ShopaddAction.class.php 第 659 行.
NOTIC: [8] Undefined index: name D:\www\www2\admin_duidui\Index\Lib\Action\ShopaddAction.class.php 第 659 行.
NOTIC: [8] Undefined index: name D:\www\www2\admin_duidui\Index\Lib\Action\ShopaddAction.class.php 第 659 行.
SQL: select typeid,name,flag from shop_config where flag=1 order by typeid asc [ RunTime:0.000000s ]
SQL: select type,childtype,xushi,name from shop_type order by id asc [ RunTime:0.001000s ]
INFO: [ view_template ] --START--
INFO: Run LocationTemplate Behavior [ RunTime:0.001000s ]
INFO: [ view_template ] --END-- [ RunTime:0.001000s ]
INFO: [ view_parse ] --START--
NOTIC: [8] Undefined index: start_datetime_his D:\www\www2\admin_duidui\Index\Runtime\Cache\d60c44a9d0d13295044c0055f44f3d86.php 第 102 行.
NOTIC: [8] Undefined index: youxiaoqi D:\www\www2\admin_duidui\Index\Runtime\Cache\d60c44a9d0d13295044c0055f44f3d86.php 第 171 行.
INFO: Run ParseTemplate Behavior [ RunTime:0.013001s ]
INFO: [ view_parse ] --END-- [ RunTime:0.013001s ]
INFO: [ view_filter ] --START--
INFO: Run ContentReplace Behavior [ RunTime:0.001000s ]
INFO: Run TokenBuild Behavior [ RunTime:0.001000s ]
INFO: Run WriteHtmlCache Behavior [ RunTime:0.001000s ]
INFO: Run ShowRuntime Behavior [ RunTime:0.001000s ]
INFO: [ view_filter ] --END-- [ RunTime:0.004000s ]
INFO: [ view_end ] --START--
INFO: Run ShowPageTrace Behavior [ RunTime:0.001000s ]
INFO: [ view_end ] --END-- [ RunTime:0.001000s ]

[ 2017-06-28T11:47:13+08:00 ] 127.0.0.1 /admin_duidui/admin_y.php/Shopadd/index?userxr=root
INFO: [ route_check ] --START--
INFO: Run CheckRoute Behavior [ RunTime:0.002000s ]
INFO: [ route_check ] --END-- [ RunTime:0.003001s ]
INFO: [ app_begin ] --START--
INFO: Run ReadHtmlCache Behavior [ RunTime:0.001000s ]
INFO: [ app_begin ] --END-- [ RunTime:0.002000s ]
SQL: select id,lianxiren,flag from shop_site where flag='1' [ RunTime:0.000000s ]
NOTIC: [8] Undefined index: name D:\www\www2\admin_duidui\Index\Lib\Action\ShopaddAction.class.php 第 144 行.
NOTIC: [8] Undefined index: name D:\www\www2\admin_duidui\Index\Lib\Action\ShopaddAction.class.php 第 144 行.
NOTIC: [8] Undefined index: name D:\www\www2\admin_duidui\Index\Lib\Action\ShopaddAction.class.php 第 144 行.
NOTIC: [8] Undefined index: name D:\www\www2\admin_duidui\Index\Lib\Action\ShopaddAction.class.php 第 144 行.
NOTIC: [8] Undefined index: name D:\www\www2\admin_duidui\Index\Lib\Action\ShopaddAction.class.php 第 144 行.
NOTIC: [8] Undefined index: name D:\www\www2\admin_duidui\Index\Lib\Action\ShopaddAction.class.php 第 144 行.
NOTIC: [8] Undefined index: name D:\www\www2\admin_duidui\Index\Lib\Action\ShopaddAction.class.php 第 144 行.
SQL: select * from shop_config where flag='1' order by typeid asc [ RunTime:0.001000s ]
SQL: select * from shop_type  [ RunTime:0.000000s ]
SQL: SELECT COUNT(*) AS tp_count FROM `shop_product` LIMIT 1   [ RunTime:0.001000s ]
SQL: SELECT * FROM `shop_product` ORDER BY  id desc  LIMIT 0,50   [ RunTime:0.001000s ]
NOTIC: [8] A non well formed numeric value encountered D:\www\www2\admin_duidui\Index\Lib\Action\ShopaddAction.class.php 第 220 行.
NOTIC: [8] A non well formed numeric value encountered D:\www\www2\admin_duidui\Index\Lib\Action\ShopaddAction.class.php 第 235 行.
NOTIC: [8] A non well formed numeric value encountered D:\www\www2\admin_duidui\Index\Lib\Action\ShopaddAction.class.php 第 220 行.
NOTIC: [8] A non well formed numeric value encountered D:\www\www2\admin_duidui\Index\Lib\Action\ShopaddAction.class.php 第 235 行.
NOTIC: [8] A non well formed numeric value encountered D:\www\www2\admin_duidui\Index\Lib\Action\ShopaddAction.class.php 第 220 行.
NOTIC: [8] A non well formed numeric value encountered D:\www\www2\admin_duidui\Index\Lib\Action\ShopaddAction.class.php 第 235 行.
NOTIC: [8] A non well formed numeric value encountered D:\www\www2\admin_duidui\Index\Lib\Action\ShopaddAction.class.php 第 220 行.
NOTIC: [8] A non well formed numeric value encountered D:\www\www2\admin_duidui\Index\Lib\Action\ShopaddAction.class.php 第 235 行.
NOTIC: [8] A non well formed numeric value encountered D:\www\www2\admin_duidui\Index\Lib\Action\ShopaddAction.class.php 第 220 行.
NOTIC: [8] A non well formed numeric value encountered D:\www\www2\admin_duidui\Index\Lib\Action\ShopaddAction.class.php 第 235 行.
NOTIC: [8] A non well formed numeric value encountered D:\www\www2\admin_duidui\Index\Lib\Action\ShopaddAction.class.php 第 220 行.
NOTIC: [8] A non well formed numeric value encountered D:\www\www2\admin_duidui\Index\Lib\Action\ShopaddAction.class.php 第 235 行.
NOTIC: [8] A non well formed numeric value encountered D:\www\www2\admin_duidui\Index\Lib\Action\ShopaddAction.class.php 第 220 行.
NOTIC: [8] A non well formed numeric value encountered D:\www\www2\admin_duidui\Index\Lib\Action\ShopaddAction.class.php 第 235 行.
NOTIC: [8] A non well formed numeric value encountered D:\www\www2\admin_duidui\Index\Lib\Action\ShopaddAction.class.php 第 220 行.
NOTIC: [8] A non well formed numeric value encountered D:\www\www2\admin_duidui\Index\Lib\Action\ShopaddAction.class.php 第 235 行.
NOTIC: [8] A non well formed numeric value encountered D:\www\www2\admin_duidui\Index\Lib\Action\ShopaddAction.class.php 第 220 行.
NOTIC: [8] A non well formed numeric value encountered D:\www\www2\admin_duidui\Index\Lib\Action\ShopaddAction.class.php 第 235 行.
NOTIC: [8] A non well formed numeric value encountered D:\www\www2\admin_duidui\Index\Lib\Action\ShopaddAction.class.php 第 220 行.
NOTIC: [8] A non well formed numeric value encountered D:\www\www2\admin_duidui\Index\Lib\Action\ShopaddAction.class.php 第 235 行.
NOTIC: [8] A non well formed numeric value encountered D:\www\www2\admin_duidui\Index\Lib\Action\ShopaddAction.class.php 第 220 行.
NOTIC: [8] A non well formed numeric value encountered D:\www\www2\admin_duidui\Index\Lib\Action\ShopaddAction.class.php 第 235 行.
NOTIC: [8] A non well formed numeric value encountered D:\www\www2\admin_duidui\Index\Lib\Action\ShopaddAction.class.php 第 220 行.
NOTIC: [8] A non well formed numeric value encountered D:\www\www2\admin_duidui\Index\Lib\Action\ShopaddAction.class.php 第 235 行.
NOTIC: [8] A non well formed numeric value encountered D:\www\www2\admin_duidui\Index\Lib\Action\ShopaddAction.class.php 第 220 行.
NOTIC: [8] A non well formed numeric value encountered D:\www\www2\admin_duidui\Index\Lib\Action\ShopaddAction.class.php 第 235 行.
NOTIC: [8] A non well formed numeric value encountered D:\www\www2\admin_duidui\Index\Lib\Action\ShopaddAction.class.php 第 220 行.
NOTIC: [8] A non well formed numeric value encountered D:\www\www2\admin_duidui\Index\Lib\Action\ShopaddAction.class.php 第 235 行.
NOTIC: [8] A non well formed numeric value encountered D:\www\www2\admin_duidui\Index\Lib\Action\ShopaddAction.class.php 第 220 行.
NOTIC: [8] A non well formed numeric value encountered D:\www\www2\admin_duidui\Index\Lib\Action\ShopaddAction.class.php 第 235 行.
INFO: [ view_template ] --START--
INFO: Run LocationTemplate Behavior [ RunTime:0.003000s ]
INFO: [ view_template ] --END-- [ RunTime:0.003000s ]
INFO: [ view_parse ] --START--
INFO: Run ParseTemplate Behavior [ RunTime:0.019001s ]
INFO: [ view_parse ] --END-- [ RunTime:0.019001s ]
INFO: [ view_filter ] --START--
INFO: Run ContentReplace Behavior [ RunTime:0.001000s ]
INFO: Run TokenBuild Behavior [ RunTime:0.002000s ]
INFO: Run WriteHtmlCache Behavior [ RunTime:0.001000s ]
INFO: Run ShowRuntime Behavior [ RunTime:0.002001s ]
INFO: [ view_filter ] --END-- [ RunTime:0.007001s ]
INFO: [ view_end ] --START--
INFO: Run ShowPageTrace Behavior [ RunTime:0.002000s ]
INFO: [ view_end ] --END-- [ RunTime:0.002000s ]

[ 2017-06-28T11:47:15+08:00 ] 127.0.0.1 /admin_duidui/admin_y.php/Shopadd/addshow?userxr=root
INFO: [ route_check ] --START--
INFO: Run CheckRoute Behavior [ RunTime:0.001000s ]
INFO: [ route_check ] --END-- [ RunTime:0.001000s ]
INFO: [ app_begin ] --START--
INFO: Run ReadHtmlCache Behavior [ RunTime:0.001000s ]
INFO: [ app_begin ] --END-- [ RunTime:0.001000s ]
NOTIC: [8] Undefined variable: flag_s D:\www\www2\admin_duidui\Index\Lib\Action\ShopaddAction.class.php 第 271 行.
NOTIC: [8] Undefined variable: flag_s D:\www\www2\admin_duidui\Index\Lib\Action\ShopaddAction.class.php 第 271 行.
SQL: select id,lianxiren,flag from shop_site where flag='1' [ RunTime:0.001000s ]
SQL: select typeid,name,flag from shop_config where flag=1 order by typeid asc [ RunTime:0.000000s ]
SQL: select childtype,xushi,name from shop_type order by id asc [ RunTime:0.000000s ]
INFO: [ view_template ] --START--
INFO: Run LocationTemplate Behavior [ RunTime:0.001000s ]
INFO: [ view_template ] --END-- [ RunTime:0.001000s ]
INFO: [ view_parse ] --START--
INFO: Run ParseTemplate Behavior [ RunTime:0.012000s ]
INFO: [ view_parse ] --END-- [ RunTime:0.012000s ]
INFO: [ view_filter ] --START--
INFO: Run ContentReplace Behavior [ RunTime:0.000000s ]
INFO: Run TokenBuild Behavior [ RunTime:0.000000s ]
INFO: Run WriteHtmlCache Behavior [ RunTime:0.001000s ]
INFO: Run ShowRuntime Behavior [ RunTime:0.001001s ]
INFO: [ view_filter ] --END-- [ RunTime:0.003001s ]
INFO: [ view_end ] --START--
INFO: Run ShowPageTrace Behavior [ RunTime:0.001000s ]
INFO: [ view_end ] --END-- [ RunTime:0.001000s ]

[ 2017-06-28T11:47:46+08:00 ] 127.0.0.1 /admin_duidui/admin_y.php/Shopadd/index?userxr=root
INFO: [ route_check ] --START--
INFO: Run CheckRoute Behavior [ RunTime:0.001000s ]
INFO: [ route_check ] --END-- [ RunTime:0.001000s ]
INFO: [ app_begin ] --START--
INFO: Run ReadHtmlCache Behavior [ RunTime:0.001000s ]
INFO: [ app_begin ] --END-- [ RunTime:0.001000s ]
SQL: select id,lianxiren,flag from shop_site where flag='1' [ RunTime:0.001000s ]
NOTIC: [8] Undefined index: name D:\www\www2\admin_duidui\Index\Lib\Action\ShopaddAction.class.php 第 144 行.
NOTIC: [8] Undefined index: name D:\www\www2\admin_duidui\Index\Lib\Action\ShopaddAction.class.php 第 144 行.
NOTIC: [8] Undefined index: name D:\www\www2\admin_duidui\Index\Lib\Action\ShopaddAction.class.php 第 144 行.
NOTIC: [8] Undefined index: name D:\www\www2\admin_duidui\Index\Lib\Action\ShopaddAction.class.php 第 144 行.
NOTIC: [8] Undefined index: name D:\www\www2\admin_duidui\Index\Lib\Action\ShopaddAction.class.php 第 144 行.
NOTIC: [8] Undefined index: name D:\www\www2\admin_duidui\Index\Lib\Action\ShopaddAction.class.php 第 144 行.
NOTIC: [8] Undefined index: name D:\www\www2\admin_duidui\Index\Lib\Action\ShopaddAction.class.php 第 144 行.
SQL: select * from shop_config where flag='1' order by typeid asc [ RunTime:0.001000s ]
SQL: select * from shop_type  [ RunTime:0.000000s ]
SQL: SELECT COUNT(*) AS tp_count FROM `shop_product` LIMIT 1   [ RunTime:0.000000s ]
SQL: SELECT * FROM `shop_product` ORDER BY  id desc  LIMIT 0,50   [ RunTime:0.001000s ]
NOTIC: [8] A non well formed numeric value encountered D:\www\www2\admin_duidui\Index\Lib\Action\ShopaddAction.class.php 第 220 行.
NOTIC: [8] A non well formed numeric value encountered D:\www\www2\admin_duidui\Index\Lib\Action\ShopaddAction.class.php 第 235 行.
NOTIC: [8] A non well formed numeric value encountered D:\www\www2\admin_duidui\Index\Lib\Action\ShopaddAction.class.php 第 220 行.
NOTIC: [8] A non well formed numeric value encountered D:\www\www2\admin_duidui\Index\Lib\Action\ShopaddAction.class.php 第 235 行.
NOTIC: [8] A non well formed numeric value encountered D:\www\www2\admin_duidui\Index\Lib\Action\ShopaddAction.class.php 第 220 行.
NOTIC: [8] A non well formed numeric value encountered D:\www\www2\admin_duidui\Index\Lib\Action\ShopaddAction.class.php 第 235 行.
NOTIC: [8] A non well formed numeric value encountered D:\www\www2\admin_duidui\Index\Lib\Action\ShopaddAction.class.php 第 220 行.
NOTIC: [8] A non well formed numeric value encountered D:\www\www2\admin_duidui\Index\Lib\Action\ShopaddAction.class.php 第 235 行.
NOTIC: [8] A non well formed numeric value encountered D:\www\www2\admin_duidui\Index\Lib\Action\ShopaddAction.class.php 第 220 行.
NOTIC: [8] A non well formed numeric value encountered D:\www\www2\admin_duidui\Index\Lib\Action\ShopaddAction.class.php 第 235 行.
NOTIC: [8] A non well formed numeric value encountered D:\www\www2\admin_duidui\Index\Lib\Action\ShopaddAction.class.php 第 220 行.
NOTIC: [8] A non well formed numeric value encountered D:\www\www2\admin_duidui\Index\Lib\Action\ShopaddAction.class.php 第 235 行.
NOTIC: [8] A non well formed numeric value encountered D:\www\www2\admin_duidui\Index\Lib\Action\ShopaddAction.class.php 第 220 行.
NOTIC: [8] A non well formed numeric value encountered D:\www\www2\admin_duidui\Index\Lib\Action\ShopaddAction.class.php 第 235 行.
NOTIC: [8] A non well formed numeric value encountered D:\www\www2\admin_duidui\Index\Lib\Action\ShopaddAction.class.php 第 220 行.
NOTIC: [8] A non well formed numeric value encountered D:\www\www2\admin_duidui\Index\Lib\Action\ShopaddAction.class.php 第 235 行.
NOTIC: [8] A non well formed numeric value encountered D:\www\www2\admin_duidui\Index\Lib\Action\ShopaddAction.class.php 第 220 行.
NOTIC: [8] A non well formed numeric value encountered D:\www\www2\admin_duidui\Index\Lib\Action\ShopaddAction.class.php 第 235 行.
NOTIC: [8] A non well formed numeric value encountered D:\www\www2\admin_duidui\Index\Lib\Action\ShopaddAction.class.php 第 220 行.
NOTIC: [8] A non well formed numeric value encountered D:\www\www2\admin_duidui\Index\Lib\Action\ShopaddAction.class.php 第 235 行.
NOTIC: [8] A non well formed numeric value encountered D:\www\www2\admin_duidui\Index\Lib\Action\ShopaddAction.class.php 第 220 行.
NOTIC: [8] A non well formed numeric value encountered D:\www\www2\admin_duidui\Index\Lib\Action\ShopaddAction.class.php 第 235 行.
NOTIC: [8] A non well formed numeric value encountered D:\www\www2\admin_duidui\Index\Lib\Action\ShopaddAction.class.php 第 220 行.
NOTIC: [8] A non well formed numeric value encountered D:\www\www2\admin_duidui\Index\Lib\Action\ShopaddAction.class.php 第 235 行.
NOTIC: [8] A non well formed numeric value encountered D:\www\www2\admin_duidui\Index\Lib\Action\ShopaddAction.class.php 第 220 行.
NOTIC: [8] A non well formed numeric value encountered D:\www\www2\admin_duidui\Index\Lib\Action\ShopaddAction.class.php 第 235 行.
NOTIC: [8] A non well formed numeric value encountered D:\www\www2\admin_duidui\Index\Lib\Action\ShopaddAction.class.php 第 220 行.
NOTIC: [8] A non well formed numeric value encountered D:\www\www2\admin_duidui\Index\Lib\Action\ShopaddAction.class.php 第 235 行.
NOTIC: [8] A non well formed numeric value encountered D:\www\www2\admin_duidui\Index\Lib\Action\ShopaddAction.class.php 第 220 行.
NOTIC: [8] A non well formed numeric value encountered D:\www\www2\admin_duidui\Index\Lib\Action\ShopaddAction.class.php 第 235 行.
INFO: [ view_template ] --START--
INFO: Run LocationTemplate Behavior [ RunTime:0.001000s ]
INFO: [ view_template ] --END-- [ RunTime:0.001000s ]
INFO: [ view_parse ] --START--
INFO: Run ParseTemplate Behavior [ RunTime:0.015001s ]
INFO: [ view_parse ] --END-- [ RunTime:0.015001s ]
INFO: [ view_filter ] --START--
INFO: Run ContentReplace Behavior [ RunTime:0.001000s ]
INFO: Run TokenBuild Behavior [ RunTime:0.001000s ]
INFO: Run WriteHtmlCache Behavior [ RunTime:0.001000s ]
INFO: Run ShowRuntime Behavior [ RunTime:0.001000s ]
INFO: [ view_filter ] --END-- [ RunTime:0.004000s ]
INFO: [ view_end ] --START--
INFO: Run ShowPageTrace Behavior [ RunTime:0.001000s ]
INFO: [ view_end ] --END-- [ RunTime:0.001000s ]

[ 2017-06-28T11:47:48+08:00 ] 127.0.0.1 /admin_duidui/admin_y.php/Shopadd/updateshow?userxr=root
INFO: [ route_check ] --START--
INFO: Run CheckRoute Behavior [ RunTime:0.001000s ]
INFO: [ route_check ] --END-- [ RunTime:0.001000s ]
INFO: [ app_begin ] --START--
INFO: Run ReadHtmlCache Behavior [ RunTime:0.001001s ]
INFO: [ app_begin ] --END-- [ RunTime:0.001001s ]
SQL: select * from shop_product where id='28' [ RunTime:0.000000s ]
NOTIC: [8] Undefined variable: optionhottypeid D:\www\www2\admin_duidui\Index\Lib\Action\ShopaddAction.class.php 第 628 行.
SQL: select id,lianxiren,flag from shop_site where flag='1' [ RunTime:0.001000s ]
NOTIC: [8] Undefined index: name D:\www\www2\admin_duidui\Index\Lib\Action\ShopaddAction.class.php 第 659 行.
NOTIC: [8] Undefined index: name D:\www\www2\admin_duidui\Index\Lib\Action\ShopaddAction.class.php 第 659 行.
NOTIC: [8] Undefined index: name D:\www\www2\admin_duidui\Index\Lib\Action\ShopaddAction.class.php 第 659 行.
NOTIC: [8] Undefined index: name D:\www\www2\admin_duidui\Index\Lib\Action\ShopaddAction.class.php 第 659 行.
NOTIC: [8] Undefined index: name D:\www\www2\admin_duidui\Index\Lib\Action\ShopaddAction.class.php 第 659 行.
NOTIC: [8] Undefined index: name D:\www\www2\admin_duidui\Index\Lib\Action\ShopaddAction.class.php 第 659 行.
NOTIC: [8] Undefined index: name D:\www\www2\admin_duidui\Index\Lib\Action\ShopaddAction.class.php 第 659 行.
SQL: select typeid,name,flag from shop_config where flag=1 order by typeid asc [ RunTime:0.000000s ]
SQL: select type,childtype,xushi,name from shop_type order by id asc [ RunTime:0.001000s ]
INFO: [ view_template ] --START--
INFO: Run LocationTemplate Behavior [ RunTime:0.002000s ]
INFO: [ view_template ] --END-- [ RunTime:0.002000s ]
INFO: [ view_parse ] --START--
NOTIC: [8] Undefined index: start_datetime_his D:\www\www2\admin_duidui\Index\Runtime\Cache\d60c44a9d0d13295044c0055f44f3d86.php 第 102 行.
NOTIC: [8] Undefined index: youxiaoqi D:\www\www2\admin_duidui\Index\Runtime\Cache\d60c44a9d0d13295044c0055f44f3d86.php 第 171 行.
INFO: Run ParseTemplate Behavior [ RunTime:0.012001s ]
INFO: [ view_parse ] --END-- [ RunTime:0.012001s ]
INFO: [ view_filter ] --START--
INFO: Run ContentReplace Behavior [ RunTime:0.001000s ]
INFO: Run TokenBuild Behavior [ RunTime:0.001000s ]
INFO: Run WriteHtmlCache Behavior [ RunTime:0.001000s ]
INFO: Run ShowRuntime Behavior [ RunTime:0.001000s ]
INFO: [ view_filter ] --END-- [ RunTime:0.005000s ]
INFO: [ view_end ] --START--
INFO: Run ShowPageTrace Behavior [ RunTime:0.001000s ]
INFO: [ view_end ] --END-- [ RunTime:0.002000s ]

[ 2017-06-28T11:49:00+08:00 ] 127.0.0.1 /admin_duidui/admin_y.php/Header/ajax
INFO: [ route_check ] --START--
INFO: Run CheckRoute Behavior [ RunTime:0.001000s ]
INFO: [ route_check ] --END-- [ RunTime:0.001000s ]
INFO: [ app_begin ] --START--
INFO: Run ReadHtmlCache Behavior [ RunTime:0.001000s ]
INFO: [ app_begin ] --END-- [ RunTime:0.001000s ]

[ 2017-06-28T11:54:01+08:00 ] 127.0.0.1 /admin_duidui/admin_y.php/Header/ajax
INFO: [ route_check ] --START--
INFO: Run CheckRoute Behavior [ RunTime:0.003000s ]
INFO: [ route_check ] --END-- [ RunTime:0.003000s ]
INFO: [ app_begin ] --START--
INFO: Run ReadHtmlCache Behavior [ RunTime:0.001000s ]
INFO: [ app_begin ] --END-- [ RunTime:0.001000s ]
SQL: UPDATE `user_admin` SET `lastLoginTime`='2017-06-28 11:54:01',`lastLoginIp`='127.0.0.1',`loginflag`=loginflag+1 WHERE ( username='root' ) [ RunTime:0.001001s ]

[ 2017-06-28T11:55:00+08:00 ] 127.0.0.1 /admin_duidui/admin_y.php/Header/ajax
INFO: [ route_check ] --START--
INFO: Run CheckRoute Behavior [ RunTime:0.002000s ]
INFO: [ route_check ] --END-- [ RunTime:0.002000s ]
INFO: [ app_begin ] --START--
INFO: Run ReadHtmlCache Behavior [ RunTime:0.002000s ]
INFO: [ app_begin ] --END-- [ RunTime:0.002000s ]

[ 2017-06-28T12:01:00+08:00 ] 127.0.0.1 /admin_duidui/admin_y.php/Header/ajax
INFO: [ route_check ] --START--
INFO: Run CheckRoute Behavior [ RunTime:0.002000s ]
INFO: [ route_check ] --END-- [ RunTime:0.002000s ]
INFO: [ app_begin ] --START--
INFO: Run ReadHtmlCache Behavior [ RunTime:0.002000s ]
INFO: [ app_begin ] --END-- [ RunTime:0.002000s ]

[ 2017-06-28T12:05:00+08:00 ] 127.0.0.1 /admin_duidui/admin_y.php/Header/ajax
INFO: [ route_check ] --START--
INFO: Run CheckRoute Behavior [ RunTime:0.003000s ]
INFO: [ route_check ] --END-- [ RunTime:0.003000s ]
INFO: [ app_begin ] --START--
INFO: Run ReadHtmlCache Behavior [ RunTime:0.002000s ]
INFO: [ app_begin ] --END-- [ RunTime:0.002000s ]
SQL: UPDATE `user_admin` SET `lastLoginTime`='2017-06-28 12:05:00',`lastLoginIp`='127.0.0.1',`loginflag`=loginflag+1 WHERE ( username='root' ) [ RunTime:0.001000s ]

[ 2017-06-28T12:07:00+08:00 ] 127.0.0.1 /admin_duidui/admin_y.php/Header/ajax
INFO: [ route_check ] --START--
INFO: Run CheckRoute Behavior [ RunTime:0.001000s ]
INFO: [ route_check ] --END-- [ RunTime:0.001000s ]
INFO: [ app_begin ] --START--
INFO: Run ReadHtmlCache Behavior [ RunTime:0.001000s ]
INFO: [ app_begin ] --END-- [ RunTime:0.002000s ]

[ 2017-06-28T12:13:00+08:00 ] 127.0.0.1 /admin_duidui/admin_y.php/Header/ajax
INFO: [ route_check ] --START--
INFO: Run CheckRoute Behavior [ RunTime:0.002000s ]
INFO: [ route_check ] --END-- [ RunTime:0.002000s ]
INFO: [ app_begin ] --START--
INFO: Run ReadHtmlCache Behavior [ RunTime:0.001000s ]
INFO: [ app_begin ] --END-- [ RunTime:0.001000s ]

[ 2017-06-28T12:16:00+08:00 ] 127.0.0.1 /admin_duidui/admin_y.php/Header/ajax
INFO: [ route_check ] --START--
INFO: Run CheckRoute Behavior [ RunTime:0.002000s ]
INFO: [ route_check ] --END-- [ RunTime:0.002000s ]
INFO: [ app_begin ] --START--
INFO: Run ReadHtmlCache Behavior [ RunTime:0.001000s ]
INFO: [ app_begin ] --END-- [ RunTime:0.001000s ]
SQL: UPDATE `user_admin` SET `lastLoginTime`='2017-06-28 12:16:00',`lastLoginIp`='127.0.0.1',`loginflag`=loginflag+1 WHERE ( username='root' ) [ RunTime:0.001000s ]

[ 2017-06-28T12:19:00+08:00 ] 127.0.0.1 /admin_duidui/admin_y.php/Header/ajax
INFO: [ route_check ] --START--
INFO: Run CheckRoute Behavior [ RunTime:0.002000s ]
INFO: [ route_check ] --END-- [ RunTime:0.002000s ]
INFO: [ app_begin ] --START--
INFO: Run ReadHtmlCache Behavior [ RunTime:0.001000s ]
INFO: [ app_begin ] --END-- [ RunTime:0.001000s ]

[ 2017-06-28T12:25:00+08:00 ] 127.0.0.1 /admin_duidui/admin_y.php/Header/ajax
INFO: [ route_check ] --START--
INFO: Run CheckRoute Behavior [ RunTime:0.002000s ]
INFO: [ route_check ] --END-- [ RunTime:0.002000s ]
INFO: [ app_begin ] --START--
INFO: Run ReadHtmlCache Behavior [ RunTime:0.001000s ]
INFO: [ app_begin ] --END-- [ RunTime:0.001000s ]

[ 2017-06-28T12:27:00+08:00 ] 127.0.0.1 /admin_duidui/admin_y.php/Header/ajax
INFO: [ route_check ] --START--
INFO: Run CheckRoute Behavior [ RunTime:0.001000s ]
INFO: [ route_check ] --END-- [ RunTime:0.002000s ]
INFO: [ app_begin ] --START--
INFO: Run ReadHtmlCache Behavior [ RunTime:0.001000s ]
INFO: [ app_begin ] --END-- [ RunTime:0.001000s ]
SQL: UPDATE `user_admin` SET `lastLoginTime`='2017-06-28 12:27:00',`lastLoginIp`='127.0.0.1',`loginflag`=loginflag+1 WHERE ( username='root' ) [ RunTime:0.001000s ]

[ 2017-06-28T12:31:00+08:00 ] 127.0.0.1 /admin_duidui/admin_y.php/Header/ajax
INFO: [ route_check ] --START--
INFO: Run CheckRoute Behavior [ RunTime:0.002001s ]
INFO: [ route_check ] --END-- [ RunTime:0.002001s ]
INFO: [ app_begin ] --START--
INFO: Run ReadHtmlCache Behavior [ RunTime:0.002000s ]
INFO: [ app_begin ] --END-- [ RunTime:0.002000s ]

[ 2017-06-28T12:37:00+08:00 ] 127.0.0.1 /admin_duidui/admin_y.php/Header/ajax
INFO: [ route_check ] --START--
INFO: Run CheckRoute Behavior [ RunTime:0.027002s ]
INFO: [ route_check ] --END-- [ RunTime:0.028002s ]
INFO: [ app_begin ] --START--
INFO: Run ReadHtmlCache Behavior [ RunTime:0.001000s ]
INFO: [ app_begin ] --END-- [ RunTime:0.001000s ]

[ 2017-06-28T12:38:00+08:00 ] 127.0.0.1 /admin_duidui/admin_y.php/Header/ajax
INFO: [ route_check ] --START--
INFO: Run CheckRoute Behavior [ RunTime:0.001000s ]
INFO: [ route_check ] --END-- [ RunTime:0.002000s ]
INFO: [ app_begin ] --START--
INFO: Run ReadHtmlCache Behavior [ RunTime:0.001000s ]
INFO: [ app_begin ] --END-- [ RunTime:0.001000s ]
SQL: UPDATE `user_admin` SET `lastLoginTime`='2017-06-28 12:38:00',`lastLoginIp`='127.0.0.1',`loginflag`=loginflag+1 WHERE ( username='root' ) [ RunTime:0.001000s ]

[ 2017-06-28T12:43:00+08:00 ] 127.0.0.1 /admin_duidui/admin_y.php/Header/ajax
INFO: [ route_check ] --START--
INFO: Run CheckRoute Behavior [ RunTime:0.002001s ]
INFO: [ route_check ] --END-- [ RunTime:0.002001s ]
INFO: [ app_begin ] --START--
INFO: Run ReadHtmlCache Behavior [ RunTime:0.001000s ]
INFO: [ app_begin ] --END-- [ RunTime:0.001000s ]

[ 2017-06-28T12:49:00+08:00 ] 127.0.0.1 /admin_duidui/admin_y.php/Header/ajax
INFO: [ route_check ] --START--
INFO: Run CheckRoute Behavior [ RunTime:0.002000s ]
INFO: [ route_check ] --END-- [ RunTime:0.002000s ]
INFO: [ app_begin ] --START--
INFO: Run ReadHtmlCache Behavior [ RunTime:0.001001s ]
INFO: [ app_begin ] --END-- [ RunTime:0.001001s ]
SQL: UPDATE `user_admin` SET `lastLoginTime`='2017-06-28 12:49:00',`lastLoginIp`='127.0.0.1',`loginflag`=loginflag+1 WHERE ( username='root' ) [ RunTime:0.001000s ]

[ 2017-06-28T12:49:00+08:00 ] 127.0.0.1 /admin_duidui/admin_y.php/Header/ajax
INFO: [ route_check ] --START--
INFO: Run CheckRoute Behavior [ RunTime:0.002000s ]
INFO: [ route_check ] --END-- [ RunTime:0.002000s ]
INFO: [ app_begin ] --START--
INFO: Run ReadHtmlCache Behavior [ RunTime:0.002001s ]
INFO: [ app_begin ] --END-- [ RunTime:0.002001s ]

[ 2017-06-28T12:55:00+08:00 ] 127.0.0.1 /admin_duidui/admin_y.php/Header/ajax
INFO: [ route_check ] --START--
INFO: Run CheckRoute Behavior [ RunTime:0.002000s ]
INFO: [ route_check ] --END-- [ RunTime:0.002000s ]
INFO: [ app_begin ] --START--
INFO: Run ReadHtmlCache Behavior [ RunTime:0.001000s ]
INFO: [ app_begin ] --END-- [ RunTime:0.002000s ]

[ 2017-06-28T13:00:00+08:00 ] 127.0.0.1 /admin_duidui/admin_y.php/Header/ajax
INFO: [ route_check ] --START--
INFO: Run CheckRoute Behavior [ RunTime:0.002000s ]
INFO: [ route_check ] --END-- [ RunTime:0.002000s ]
INFO: [ app_begin ] --START--
INFO: Run ReadHtmlCache Behavior [ RunTime:0.001000s ]
INFO: [ app_begin ] --END-- [ RunTime:0.001000s ]
SQL: UPDATE `user_admin` SET `lastLoginTime`='2017-06-28 13:00:00',`lastLoginIp`='127.0.0.1',`loginflag`=loginflag+1 WHERE ( username='root' ) [ RunTime:0.001000s ]

[ 2017-06-28T13:01:00+08:00 ] 127.0.0.1 /admin_duidui/admin_y.php/Header/ajax
INFO: [ route_check ] --START--
INFO: Run CheckRoute Behavior [ RunTime:0.002000s ]
INFO: [ route_check ] --END-- [ RunTime:0.002000s ]
INFO: [ app_begin ] --START--
INFO: Run ReadHtmlCache Behavior [ RunTime:0.001000s ]
INFO: [ app_begin ] --END-- [ RunTime:0.001000s ]

[ 2017-06-28T13:07:00+08:00 ] 127.0.0.1 /admin_duidui/admin_y.php/Header/ajax
INFO: [ route_check ] --START--
INFO: Run CheckRoute Behavior [ RunTime:0.002001s ]
INFO: [ route_check ] --END-- [ RunTime:0.002001s ]
INFO: [ app_begin ] --START--
INFO: Run ReadHtmlCache Behavior [ RunTime:0.002000s ]
INFO: [ app_begin ] --END-- [ RunTime:0.002000s ]

[ 2017-06-28T13:11:00+08:00 ] 127.0.0.1 /admin_duidui/admin_y.php/Header/ajax
INFO: [ route_check ] --START--
INFO: Run CheckRoute Behavior [ RunTime:0.002000s ]
INFO: [ route_check ] --END-- [ RunTime:0.002000s ]
INFO: [ app_begin ] --START--
INFO: Run ReadHtmlCache Behavior [ RunTime:0.002000s ]
INFO: [ app_begin ] --END-- [ RunTime:0.002000s ]
SQL: UPDATE `user_admin` SET `lastLoginTime`='2017-06-28 13:11:00',`lastLoginIp`='127.0.0.1',`loginflag`=loginflag+1 WHERE ( username='root' ) [ RunTime:0.002000s ]

[ 2017-06-28T13:13:00+08:00 ] 127.0.0.1 /admin_duidui/admin_y.php/Header/ajax
INFO: [ route_check ] --START--
INFO: Run CheckRoute Behavior [ RunTime:0.001000s ]
INFO: [ route_check ] --END-- [ RunTime:0.001000s ]
INFO: [ app_begin ] --START--
INFO: Run ReadHtmlCache Behavior [ RunTime:0.001000s ]
INFO: [ app_begin ] --END-- [ RunTime:0.001000s ]

[ 2017-06-28T13:19:00+08:00 ] 127.0.0.1 /admin_duidui/admin_y.php/Header/ajax
INFO: [ route_check ] --START--
INFO: Run CheckRoute Behavior [ RunTime:0.002000s ]
INFO: [ route_check ] --END-- [ RunTime:0.002000s ]
INFO: [ app_begin ] --START--
INFO: Run ReadHtmlCache Behavior [ RunTime:0.001000s ]
INFO: [ app_begin ] --END-- [ RunTime:0.001000s ]

[ 2017-06-28T13:22:00+08:00 ] 127.0.0.1 /admin_duidui/admin_y.php/Header/ajax
INFO: [ route_check ] --START--
INFO: Run CheckRoute Behavior [ RunTime:0.002000s ]
INFO: [ route_check ] --END-- [ RunTime:0.002000s ]
INFO: [ app_begin ] --START--
INFO: Run ReadHtmlCache Behavior [ RunTime:0.001000s ]
INFO: [ app_begin ] --END-- [ RunTime:0.001000s ]
SQL: UPDATE `user_admin` SET `lastLoginTime`='2017-06-28 13:22:00',`lastLoginIp`='127.0.0.1',`loginflag`=loginflag+1 WHERE ( username='root' ) [ RunTime:0.000000s ]

[ 2017-06-28T13:25:00+08:00 ] 127.0.0.1 /admin_duidui/admin_y.php/Header/ajax
INFO: [ route_check ] --START--
INFO: Run CheckRoute Behavior [ RunTime:0.002000s ]
INFO: [ route_check ] --END-- [ RunTime:0.002000s ]
INFO: [ app_begin ] --START--
INFO: Run ReadHtmlCache Behavior [ RunTime:0.002000s ]
INFO: [ app_begin ] --END-- [ RunTime:0.002000s ]

[ 2017-06-28T13:31:00+08:00 ] 127.0.0.1 /admin_duidui/admin_y.php/Header/ajax
INFO: [ route_check ] --START--
INFO: Run CheckRoute Behavior [ RunTime:0.002000s ]
INFO: [ route_check ] --END-- [ RunTime:0.003000s ]
INFO: [ app_begin ] --START--
INFO: Run ReadHtmlCache Behavior [ RunTime:0.001000s ]
INFO: [ app_begin ] --END-- [ RunTime:0.001000s ]

[ 2017-06-28T13:33:00+08:00 ] 127.0.0.1 /admin_duidui/admin_y.php/Header/ajax
INFO: [ route_check ] --START--
INFO: Run CheckRoute Behavior [ RunTime:0.001000s ]
INFO: [ route_check ] --END-- [ RunTime:0.001000s ]
INFO: [ app_begin ] --START--
INFO: Run ReadHtmlCache Behavior [ RunTime:0.001000s ]
INFO: [ app_begin ] --END-- [ RunTime:0.001000s ]
SQL: UPDATE `user_admin` SET `lastLoginTime`='2017-06-28 13:33:00',`lastLoginIp`='127.0.0.1',`loginflag`=loginflag+1 WHERE ( username='root' ) [ RunTime:0.002000s ]

[ 2017-06-28T13:37:00+08:00 ] 127.0.0.1 /admin_duidui/admin_y.php/Header/ajax
INFO: [ route_check ] --START--
INFO: Run CheckRoute Behavior [ RunTime:0.002000s ]
INFO: [ route_check ] --END-- [ RunTime:0.002000s ]
INFO: [ app_begin ] --START--
INFO: Run ReadHtmlCache Behavior [ RunTime:0.001000s ]
INFO: [ app_begin ] --END-- [ RunTime:0.001000s ]

[ 2017-06-28T13:43:00+08:00 ] 127.0.0.1 /admin_duidui/admin_y.php/Header/ajax
INFO: [ route_check ] --START--
INFO: Run CheckRoute Behavior [ RunTime:0.002001s ]
INFO: [ route_check ] --END-- [ RunTime:0.002001s ]
INFO: [ app_begin ] --START--
INFO: Run ReadHtmlCache Behavior [ RunTime:0.002000s ]
INFO: [ app_begin ] --END-- [ RunTime:0.002000s ]

[ 2017-06-28T13:44:00+08:00 ] 127.0.0.1 /admin_duidui/admin_y.php/Header/ajax
INFO: [ route_check ] --START--
INFO: Run CheckRoute Behavior [ RunTime:0.001001s ]
INFO: [ route_check ] --END-- [ RunTime:0.001001s ]
INFO: [ app_begin ] --START--
INFO: Run ReadHtmlCache Behavior [ RunTime:0.001000s ]
INFO: [ app_begin ] --END-- [ RunTime:0.001000s ]
SQL: UPDATE `user_admin` SET `lastLoginTime`='2017-06-28 13:44:00',`lastLoginIp`='127.0.0.1',`loginflag`=loginflag+1 WHERE ( username='root' ) [ RunTime:0.000000s ]

[ 2017-06-28T13:49:01+08:00 ] 127.0.0.1 /admin_duidui/admin_y.php/Header/ajax
INFO: [ route_check ] --START--
INFO: Run CheckRoute Behavior [ RunTime:0.002000s ]
INFO: [ route_check ] --END-- [ RunTime:0.002000s ]
INFO: [ app_begin ] --START--
INFO: Run ReadHtmlCache Behavior [ RunTime:0.001000s ]
INFO: [ app_begin ] --END-- [ RunTime:0.001000s ]

[ 2017-06-28T13:55:01+08:00 ] 127.0.0.1 /admin_duidui/admin_y.php/Header/ajax
INFO: [ route_check ] --START--
INFO: Run CheckRoute Behavior [ RunTime:0.003001s ]
INFO: [ route_check ] --END-- [ RunTime:0.003001s ]
INFO: [ app_begin ] --START--
INFO: Run ReadHtmlCache Behavior [ RunTime:0.002000s ]
INFO: [ app_begin ] --END-- [ RunTime:0.002000s ]
SQL: UPDATE `user_admin` SET `lastLoginTime`='2017-06-28 13:55:01',`lastLoginIp`='127.0.0.1',`loginflag`=loginflag+1 WHERE ( username='root' ) [ RunTime:0.000000s ]

[ 2017-06-28T13:55:01+08:00 ] 127.0.0.1 /admin_duidui/admin_y.php/Header/ajax
INFO: [ route_check ] --START--
INFO: Run CheckRoute Behavior [ RunTime:0.006001s ]
INFO: [ route_check ] --END-- [ RunTime:0.006001s ]
INFO: [ app_begin ] --START--
INFO: Run ReadHtmlCache Behavior [ RunTime:0.002000s ]
INFO: [ app_begin ] --END-- [ RunTime:0.002000s ]

[ 2017-06-28T14:01:01+08:00 ] 127.0.0.1 /admin_duidui/admin_y.php/Header/ajax
INFO: [ route_check ] --START--
INFO: Run CheckRoute Behavior [ RunTime:0.003001s ]
INFO: [ route_check ] --END-- [ RunTime:0.003001s ]
INFO: [ app_begin ] --START--
INFO: Run ReadHtmlCache Behavior [ RunTime:0.002000s ]
INFO: [ app_begin ] --END-- [ RunTime:0.002000s ]

[ 2017-06-28T14:06:01+08:00 ] 127.0.0.1 /admin_duidui/admin_y.php/Header/ajax
INFO: [ route_check ] --START--
INFO: Run CheckRoute Behavior [ RunTime:0.003000s ]
INFO: [ route_check ] --END-- [ RunTime:0.003000s ]
INFO: [ app_begin ] --START--
INFO: Run ReadHtmlCache Behavior [ RunTime:0.001000s ]
INFO: [ app_begin ] --END-- [ RunTime:0.001000s ]
SQL: UPDATE `user_admin` SET `lastLoginTime`='2017-06-28 14:06:01',`lastLoginIp`='127.0.0.1',`loginflag`=loginflag+1 WHERE ( username='root' ) [ RunTime:0.002001s ]

[ 2017-06-28T14:07:01+08:00 ] 127.0.0.1 /admin_duidui/admin_y.php/Header/ajax
INFO: [ route_check ] --START--
INFO: Run CheckRoute Behavior [ RunTime:0.001000s ]
INFO: [ route_check ] --END-- [ RunTime:0.001000s ]
INFO: [ app_begin ] --START--
INFO: Run ReadHtmlCache Behavior [ RunTime:0.002000s ]
INFO: [ app_begin ] --END-- [ RunTime:0.002000s ]

[ 2017-06-28T14:13:01+08:00 ] 127.0.0.1 /admin_duidui/admin_y.php/Header/ajax
INFO: [ route_check ] --START--
INFO: Run CheckRoute Behavior [ RunTime:0.002000s ]
INFO: [ route_check ] --END-- [ RunTime:0.002000s ]
INFO: [ app_begin ] --START--
INFO: Run ReadHtmlCache Behavior [ RunTime:0.002000s ]
INFO: [ app_begin ] --END-- [ RunTime:0.002000s ]

[ 2017-06-28T14:17:01+08:00 ] 127.0.0.1 /admin_duidui/admin_y.php/Header/ajax
INFO: [ route_check ] --START--
INFO: Run CheckRoute Behavior [ RunTime:0.002000s ]
INFO: [ route_check ] --END-- [ RunTime:0.002000s ]
INFO: [ app_begin ] --START--
INFO: Run ReadHtmlCache Behavior [ RunTime:0.002000s ]
INFO: [ app_begin ] --END-- [ RunTime:0.002000s ]
SQL: UPDATE `user_admin` SET `lastLoginTime`='2017-06-28 14:17:01',`lastLoginIp`='127.0.0.1',`loginflag`=loginflag+1 WHERE ( username='root' ) [ RunTime:0.001000s ]

[ 2017-06-28T14:19:01+08:00 ] 127.0.0.1 /admin_duidui/admin_y.php/Header/ajax
INFO: [ route_check ] --START--
INFO: Run CheckRoute Behavior [ RunTime:0.001000s ]
INFO: [ route_check ] --END-- [ RunTime:0.001000s ]
INFO: [ app_begin ] --START--
INFO: Run ReadHtmlCache Behavior [ RunTime:0.001000s ]
INFO: [ app_begin ] --END-- [ RunTime:0.001000s ]

[ 2017-06-28T14:25:01+08:00 ] 127.0.0.1 /admin_duidui/admin_y.php/Header/ajax
INFO: [ route_check ] --START--
INFO: Run CheckRoute Behavior [ RunTime:0.003001s ]
INFO: [ route_check ] --END-- [ RunTime:0.003001s ]
INFO: [ app_begin ] --START--
INFO: Run ReadHtmlCache Behavior [ RunTime:0.001000s ]
INFO: [ app_begin ] --END-- [ RunTime:0.001000s ]

[ 2017-06-28T14:28:01+08:00 ] 127.0.0.1 /admin_duidui/admin_y.php/Header/ajax
INFO: [ route_check ] --START--
INFO: Run CheckRoute Behavior [ RunTime:0.002000s ]
INFO: [ route_check ] --END-- [ RunTime:0.002000s ]
INFO: [ app_begin ] --START--
INFO: Run ReadHtmlCache Behavior [ RunTime:0.002001s ]
INFO: [ app_begin ] --END-- [ RunTime:0.002001s ]
SQL: UPDATE `user_admin` SET `lastLoginTime`='2017-06-28 14:28:01',`lastLoginIp`='127.0.0.1',`loginflag`=loginflag+1 WHERE ( username='root' ) [ RunTime:0.000000s ]

[ 2017-06-28T14:31:01+08:00 ] 127.0.0.1 /admin_duidui/admin_y.php/Header/ajax
INFO: [ route_check ] --START--
INFO: Run CheckRoute Behavior [ RunTime:0.003000s ]
INFO: [ route_check ] --END-- [ RunTime:0.003000s ]
INFO: [ app_begin ] --START--
INFO: Run ReadHtmlCache Behavior [ RunTime:0.002000s ]
INFO: [ app_begin ] --END-- [ RunTime:0.002000s ]

[ 2017-06-28T14:37:01+08:00 ] 127.0.0.1 /admin_duidui/admin_y.php/Header/ajax
INFO: [ route_check ] --START--
INFO: Run CheckRoute Behavior [ RunTime:0.003000s ]
INFO: [ route_check ] --END-- [ RunTime:0.003000s ]
INFO: [ app_begin ] --START--
INFO: Run ReadHtmlCache Behavior [ RunTime:0.001000s ]
INFO: [ app_begin ] --END-- [ RunTime:0.001000s ]

[ 2017-06-28T14:39:01+08:00 ] 127.0.0.1 /admin_duidui/admin_y.php/Header/ajax
INFO: [ route_check ] --START--
INFO: Run CheckRoute Behavior [ RunTime:0.001000s ]
INFO: [ route_check ] --END-- [ RunTime:0.001000s ]
INFO: [ app_begin ] --START--
INFO: Run ReadHtmlCache Behavior [ RunTime:0.001000s ]
INFO: [ app_begin ] --END-- [ RunTime:0.001000s ]
SQL: UPDATE `user_admin` SET `lastLoginTime`='2017-06-28 14:39:01',`lastLoginIp`='127.0.0.1',`loginflag`=loginflag+1 WHERE ( username='root' ) [ RunTime:0.001000s ]

[ 2017-06-28T14:43:01+08:00 ] 127.0.0.1 /admin_duidui/admin_y.php/Header/ajax
INFO: [ route_check ] --START--
INFO: Run CheckRoute Behavior [ RunTime:0.002000s ]
INFO: [ route_check ] --END-- [ RunTime:0.002000s ]
INFO: [ app_begin ] --START--
INFO: Run ReadHtmlCache Behavior [ RunTime:0.002001s ]
INFO: [ app_begin ] --END-- [ RunTime:0.002001s ]

[ 2017-06-28T14:49:01+08:00 ] 127.0.0.1 /admin_duidui/admin_y.php/Header/ajax
INFO: [ route_check ] --START--
INFO: Run CheckRoute Behavior [ RunTime:0.002000s ]
INFO: [ route_check ] --END-- [ RunTime:0.002000s ]
INFO: [ app_begin ] --START--
INFO: Run ReadHtmlCache Behavior [ RunTime:0.001000s ]
INFO: [ app_begin ] --END-- [ RunTime:0.002000s ]

[ 2017-06-28T14:50:01+08:00 ] 127.0.0.1 /admin_duidui/admin_y.php/Header/ajax
INFO: [ route_check ] --START--
INFO: Run CheckRoute Behavior [ RunTime:0.002000s ]
INFO: [ route_check ] --END-- [ RunTime:0.002000s ]
INFO: [ app_begin ] --START--
INFO: Run ReadHtmlCache Behavior [ RunTime:0.001000s ]
INFO: [ app_begin ] --END-- [ RunTime:0.001000s ]
SQL: UPDATE `user_admin` SET `lastLoginTime`='2017-06-28 14:50:01',`lastLoginIp`='127.0.0.1',`loginflag`=loginflag+1 WHERE ( username='root' ) [ RunTime:0.001000s ]

[ 2017-06-28T14:55:01+08:00 ] 127.0.0.1 /admin_duidui/admin_y.php/Header/ajax
INFO: [ route_check ] --START--
INFO: Run CheckRoute Behavior [ RunTime:0.003000s ]
INFO: [ route_check ] --END-- [ RunTime:0.003000s ]
INFO: [ app_begin ] --START--
INFO: Run ReadHtmlCache Behavior [ RunTime:0.001000s ]
INFO: [ app_begin ] --END-- [ RunTime:0.002000s ]

[ 2017-06-28T15:01:01+08:00 ] 127.0.0.1 /admin_duidui/admin_y.php/Header/ajax
INFO: [ route_check ] --START--
INFO: Run CheckRoute Behavior [ RunTime:0.002001s ]
INFO: [ route_check ] --END-- [ RunTime:0.002001s ]
INFO: [ app_begin ] --START--
INFO: Run ReadHtmlCache Behavior [ RunTime:0.002000s ]
INFO: [ app_begin ] --END-- [ RunTime:0.002000s ]
SQL: UPDATE `user_admin` SET `lastLoginTime`='2017-06-28 15:01:01',`lastLoginIp`='127.0.0.1',`loginflag`=loginflag+1 WHERE ( username='root' ) [ RunTime:0.002000s ]

[ 2017-06-28T15:01:01+08:00 ] 127.0.0.1 /admin_duidui/admin_y.php/Header/ajax
INFO: [ route_check ] --START--
INFO: Run CheckRoute Behavior [ RunTime:0.002000s ]
INFO: [ route_check ] --END-- [ RunTime:0.002000s ]
INFO: [ app_begin ] --START--
INFO: Run ReadHtmlCache Behavior [ RunTime:0.001000s ]
INFO: [ app_begin ] --END-- [ RunTime:0.002000s ]

[ 2017-06-28T15:07:01+08:00 ] 127.0.0.1 /admin_duidui/admin_y.php/Header/ajax
INFO: [ route_check ] --START--
INFO: Run CheckRoute Behavior [ RunTime:0.005000s ]
INFO: [ route_check ] --END-- [ RunTime:0.005000s ]
INFO: [ app_begin ] --START--
INFO: Run ReadHtmlCache Behavior [ RunTime:0.001000s ]
INFO: [ app_begin ] --END-- [ RunTime:0.001000s ]

[ 2017-06-28T15:12:01+08:00 ] 127.0.0.1 /admin_duidui/admin_y.php/Header/ajax
INFO: [ route_check ] --START--
INFO: Run CheckRoute Behavior [ RunTime:0.002000s ]
INFO: [ route_check ] --END-- [ RunTime:0.002000s ]
INFO: [ app_begin ] --START--
INFO: Run ReadHtmlCache Behavior [ RunTime:0.002000s ]
INFO: [ app_begin ] --END-- [ RunTime:0.002000s ]
SQL: UPDATE `user_admin` SET `lastLoginTime`='2017-06-28 15:12:01',`lastLoginIp`='127.0.0.1',`loginflag`=loginflag+1 WHERE ( username='root' ) [ RunTime:0.000000s ]

[ 2017-06-28T15:13:01+08:00 ] 127.0.0.1 /admin_duidui/admin_y.php/Header/ajax
INFO: [ route_check ] --START--
INFO: Run CheckRoute Behavior [ RunTime:0.003000s ]
INFO: [ route_check ] --END-- [ RunTime:0.003000s ]
INFO: [ app_begin ] --START--
INFO: Run ReadHtmlCache Behavior [ RunTime:0.001001s ]
INFO: [ app_begin ] --END-- [ RunTime:0.001001s ]

[ 2017-06-28T15:19:01+08:00 ] 127.0.0.1 /admin_duidui/admin_y.php/Header/ajax
INFO: [ route_check ] --START--
INFO: Run CheckRoute Behavior [ RunTime:0.002000s ]
INFO: [ route_check ] --END-- [ RunTime:0.002000s ]
INFO: [ app_begin ] --START--
INFO: Run ReadHtmlCache Behavior [ RunTime:0.002000s ]
INFO: [ app_begin ] --END-- [ RunTime:0.002000s ]

[ 2017-06-28T15:23:01+08:00 ] 127.0.0.1 /admin_duidui/admin_y.php/Header/ajax
INFO: [ route_check ] --START--
INFO: Run CheckRoute Behavior [ RunTime:0.002000s ]
INFO: [ route_check ] --END-- [ RunTime:0.002000s ]
INFO: [ app_begin ] --START--
INFO: Run ReadHtmlCache Behavior [ RunTime:0.002000s ]
INFO: [ app_begin ] --END-- [ RunTime:0.002000s ]
SQL: UPDATE `user_admin` SET `lastLoginTime`='2017-06-28 15:23:01',`lastLoginIp`='127.0.0.1',`loginflag`=loginflag+1 WHERE ( username='root' ) [ RunTime:0.001000s ]

[ 2017-06-28T15:25:01+08:00 ] 127.0.0.1 /admin_duidui/admin_y.php/Header/ajax
INFO: [ route_check ] --START--
INFO: Run CheckRoute Behavior [ RunTime:0.001000s ]
INFO: [ route_check ] --END-- [ RunTime:0.001000s ]
INFO: [ app_begin ] --START--
INFO: Run ReadHtmlCache Behavior [ RunTime:0.001000s ]
INFO: [ app_begin ] --END-- [ RunTime:0.001000s ]

[ 2017-06-28T15:31:01+08:00 ] 127.0.0.1 /admin_duidui/admin_y.php/Header/ajax
INFO: [ route_check ] --START--
INFO: Run CheckRoute Behavior [ RunTime:0.002001s ]
INFO: [ route_check ] --END-- [ RunTime:0.002001s ]
INFO: [ app_begin ] --START--
INFO: Run ReadHtmlCache Behavior [ RunTime:0.061003s ]
INFO: [ app_begin ] --END-- [ RunTime:0.061003s ]

[ 2017-06-28T15:34:01+08:00 ] 127.0.0.1 /admin_duidui/admin_y.php/Header/ajax
INFO: [ route_check ] --START--
INFO: Run CheckRoute Behavior [ RunTime:0.002001s ]
INFO: [ route_check ] --END-- [ RunTime:0.002001s ]
INFO: [ app_begin ] --START--
INFO: Run ReadHtmlCache Behavior [ RunTime:0.002000s ]
INFO: [ app_begin ] --END-- [ RunTime:0.002000s ]
SQL: UPDATE `user_admin` SET `lastLoginTime`='2017-06-28 15:34:01',`lastLoginIp`='127.0.0.1',`loginflag`=loginflag+1 WHERE ( username='root' ) [ RunTime:0.002000s ]

[ 2017-06-28T15:37:01+08:00 ] 127.0.0.1 /admin_duidui/admin_y.php/Header/ajax
INFO: [ route_check ] --START--
INFO: Run CheckRoute Behavior [ RunTime:0.002000s ]
INFO: [ route_check ] --END-- [ RunTime:0.002000s ]
INFO: [ app_begin ] --START--
INFO: Run ReadHtmlCache Behavior [ RunTime:0.002000s ]
INFO: [ app_begin ] --END-- [ RunTime:0.002000s ]

[ 2017-06-28T15:43:01+08:00 ] 127.0.0.1 /admin_duidui/admin_y.php/Header/ajax
INFO: [ route_check ] --START--
INFO: Run CheckRoute Behavior [ RunTime:0.002000s ]
INFO: [ route_check ] --END-- [ RunTime:0.002000s ]
INFO: [ app_begin ] --START--
INFO: Run ReadHtmlCache Behavior [ RunTime:0.002000s ]
INFO: [ app_begin ] --END-- [ RunTime:0.002000s ]

[ 2017-06-28T15:45:01+08:00 ] 127.0.0.1 /admin_duidui/admin_y.php/Header/ajax
INFO: [ route_check ] --START--
INFO: Run CheckRoute Behavior [ RunTime:0.001000s ]
INFO: [ route_check ] --END-- [ RunTime:0.001000s ]
INFO: [ app_begin ] --START--
INFO: Run ReadHtmlCache Behavior [ RunTime:0.001000s ]
INFO: [ app_begin ] --END-- [ RunTime:0.002000s ]
SQL: UPDATE `user_admin` SET `lastLoginTime`='2017-06-28 15:45:01',`lastLoginIp`='127.0.0.1',`loginflag`=loginflag+1 WHERE ( username='root' ) [ RunTime:0.001000s ]

[ 2017-06-28T15:49:01+08:00 ] 127.0.0.1 /admin_duidui/admin_y.php/Header/ajax
INFO: [ route_check ] --START--
INFO: Run CheckRoute Behavior [ RunTime:0.002000s ]
INFO: [ route_check ] --END-- [ RunTime:0.002000s ]
INFO: [ app_begin ] --START--
INFO: Run ReadHtmlCache Behavior [ RunTime:0.002000s ]
INFO: [ app_begin ] --END-- [ RunTime:0.002000s ]

[ 2017-06-28T15:55:01+08:00 ] 127.0.0.1 /admin_duidui/admin_y.php/Header/ajax
INFO: [ route_check ] --START--
INFO: Run CheckRoute Behavior [ RunTime:0.002000s ]
INFO: [ route_check ] --END-- [ RunTime:0.002000s ]
INFO: [ app_begin ] --START--
INFO: Run ReadHtmlCache Behavior [ RunTime:0.001000s ]
INFO: [ app_begin ] --END-- [ RunTime:0.001000s ]

[ 2017-06-28T15:56:01+08:00 ] 127.0.0.1 /admin_duidui/admin_y.php/Header/ajax
INFO: [ route_check ] --START--
INFO: Run CheckRoute Behavior [ RunTime:0.002000s ]
INFO: [ route_check ] --END-- [ RunTime:0.002000s ]
INFO: [ app_begin ] --START--
INFO: Run ReadHtmlCache Behavior [ RunTime:0.001000s ]
INFO: [ app_begin ] --END-- [ RunTime:0.001000s ]
SQL: UPDATE `user_admin` SET `lastLoginTime`='2017-06-28 15:56:01',`lastLoginIp`='127.0.0.1',`loginflag`=loginflag+1 WHERE ( username='root' ) [ RunTime:0.000000s ]

[ 2017-06-28T16:01:01+08:00 ] 127.0.0.1 /admin_duidui/admin_y.php/Header/ajax
INFO: [ route_check ] --START--
INFO: Run CheckRoute Behavior [ RunTime:0.004000s ]
INFO: [ route_check ] --END-- [ RunTime:0.004000s ]
INFO: [ app_begin ] --START--
INFO: Run ReadHtmlCache Behavior [ RunTime:0.003001s ]
INFO: [ app_begin ] --END-- [ RunTime:0.003001s ]

[ 2017-06-28T16:07:01+08:00 ] 127.0.0.1 /admin_duidui/admin_y.php/Header/ajax
INFO: [ route_check ] --START--
INFO: Run CheckRoute Behavior [ RunTime:0.002000s ]
INFO: [ route_check ] --END-- [ RunTime:0.002000s ]
INFO: [ app_begin ] --START--
INFO: Run ReadHtmlCache Behavior [ RunTime:0.002000s ]
INFO: [ app_begin ] --END-- [ RunTime:0.002000s ]

[ 2017-06-28T16:07:01+08:00 ] 127.0.0.1 /admin_duidui/admin_y.php/Header/ajax
INFO: [ route_check ] --START--
INFO: Run CheckRoute Behavior [ RunTime:0.002001s ]
INFO: [ route_check ] --END-- [ RunTime:0.002001s ]
INFO: [ app_begin ] --START--
INFO: Run ReadHtmlCache Behavior [ RunTime:0.002000s ]
INFO: [ app_begin ] --END-- [ RunTime:0.002000s ]
SQL: UPDATE `user_admin` SET `lastLoginTime`='2017-06-28 16:07:01',`lastLoginIp`='127.0.0.1',`loginflag`=loginflag+1 WHERE ( username='root' ) [ RunTime:0.001001s ]

[ 2017-06-28T16:13:01+08:00 ] 127.0.0.1 /admin_duidui/admin_y.php/Header/ajax
INFO: [ route_check ] --START--
INFO: Run CheckRoute Behavior [ RunTime:0.002000s ]
INFO: [ route_check ] --END-- [ RunTime:0.002000s ]
INFO: [ app_begin ] --START--
INFO: Run ReadHtmlCache Behavior [ RunTime:0.002000s ]
INFO: [ app_begin ] --END-- [ RunTime:0.002000s ]

[ 2017-06-28T16:18:01+08:00 ] 127.0.0.1 /admin_duidui/admin_y.php/Header/ajax
INFO: [ route_check ] --START--
INFO: Run CheckRoute Behavior [ RunTime:0.002000s ]
INFO: [ route_check ] --END-- [ RunTime:0.002000s ]
INFO: [ app_begin ] --START--
INFO: Run ReadHtmlCache Behavior [ RunTime:0.002000s ]
INFO: [ app_begin ] --END-- [ RunTime:0.002000s ]
SQL: UPDATE `user_admin` SET `lastLoginTime`='2017-06-28 16:18:01',`lastLoginIp`='127.0.0.1',`loginflag`=loginflag+1 WHERE ( username='root' ) [ RunTime:0.000000s ]

[ 2017-06-28T16:19:01+08:00 ] 127.0.0.1 /admin_duidui/admin_y.php/Header/ajax
INFO: [ route_check ] --START--
INFO: Run CheckRoute Behavior [ RunTime:0.001000s ]
INFO: [ route_check ] --END-- [ RunTime:0.001000s ]
INFO: [ app_begin ] --START--
INFO: Run ReadHtmlCache Behavior [ RunTime:0.001000s ]
INFO: [ app_begin ] --END-- [ RunTime:0.001000s ]

[ 2017-06-28T16:25:01+08:00 ] 127.0.0.1 /admin_duidui/admin_y.php/Header/ajax
INFO: [ route_check ] --START--
INFO: Run CheckRoute Behavior [ RunTime:0.002000s ]
INFO: [ route_check ] --END-- [ RunTime:0.002000s ]
INFO: [ app_begin ] --START--
INFO: Run ReadHtmlCache Behavior [ RunTime:0.002000s ]
INFO: [ app_begin ] --END-- [ RunTime:0.002000s ]

[ 2017-06-28T16:29:01+08:00 ] 127.0.0.1 /admin_duidui/admin_y.php/Header/ajax
INFO: [ route_check ] --START--
INFO: Run CheckRoute Behavior [ RunTime:0.003000s ]
INFO: [ route_check ] --END-- [ RunTime:0.003000s ]
INFO: [ app_begin ] --START--
INFO: Run ReadHtmlCache Behavior [ RunTime:0.001000s ]
INFO: [ app_begin ] --END-- [ RunTime:0.001000s ]
SQL: UPDATE `user_admin` SET `lastLoginTime`='2017-06-28 16:29:01',`lastLoginIp`='127.0.0.1',`loginflag`=loginflag+1 WHERE ( username='root' ) [ RunTime:0.001000s ]

[ 2017-06-28T16:31:01+08:00 ] 127.0.0.1 /admin_duidui/admin_y.php/Header/ajax
INFO: [ route_check ] --START--
INFO: Run CheckRoute Behavior [ RunTime:0.002000s ]
INFO: [ route_check ] --END-- [ RunTime:0.002000s ]
INFO: [ app_begin ] --START--
INFO: Run ReadHtmlCache Behavior [ RunTime:0.001000s ]
INFO: [ app_begin ] --END-- [ RunTime:0.001000s ]

[ 2017-06-28T16:37:01+08:00 ] 127.0.0.1 /admin_duidui/admin_y.php/Header/ajax
INFO: [ route_check ] --START--
INFO: Run CheckRoute Behavior [ RunTime:0.003000s ]
INFO: [ route_check ] --END-- [ RunTime:0.003000s ]
INFO: [ app_begin ] --START--
INFO: Run ReadHtmlCache Behavior [ RunTime:0.002000s ]
INFO: [ app_begin ] --END-- [ RunTime:0.002000s ]

[ 2017-06-28T16:40:01+08:00 ] 127.0.0.1 /admin_duidui/admin_y.php/Header/ajax
INFO: [ route_check ] --START--
INFO: Run CheckRoute Behavior [ RunTime:0.003000s ]
INFO: [ route_check ] --END-- [ RunTime:0.003000s ]
INFO: [ app_begin ] --START--
INFO: Run ReadHtmlCache Behavior [ RunTime:0.001000s ]
INFO: [ app_begin ] --END-- [ RunTime:0.001000s ]
SQL: UPDATE `user_admin` SET `lastLoginTime`='2017-06-28 16:40:01',`lastLoginIp`='127.0.0.1',`loginflag`=loginflag+1 WHERE ( username='root' ) [ RunTime:0.001000s ]

[ 2017-06-28T16:43:01+08:00 ] 127.0.0.1 /admin_duidui/admin_y.php/Header/ajax
INFO: [ route_check ] --START--
INFO: Run CheckRoute Behavior [ RunTime:0.002000s ]
INFO: [ route_check ] --END-- [ RunTime:0.002000s ]
INFO: [ app_begin ] --START--
INFO: Run ReadHtmlCache Behavior [ RunTime:0.001000s ]
INFO: [ app_begin ] --END-- [ RunTime:0.001000s ]

[ 2017-06-28T16:49:01+08:00 ] 127.0.0.1 /admin_duidui/admin_y.php/Header/ajax
INFO: [ route_check ] --START--
INFO: Run CheckRoute Behavior [ RunTime:0.002000s ]
INFO: [ route_check ] --END-- [ RunTime:0.002000s ]
INFO: [ app_begin ] --START--
INFO: Run ReadHtmlCache Behavior [ RunTime:0.001000s ]
INFO: [ app_begin ] --END-- [ RunTime:0.001000s ]

[ 2017-06-28T16:51:01+08:00 ] 127.0.0.1 /admin_duidui/admin_y.php/Header/ajax
INFO: [ route_check ] --START--
INFO: Run CheckRoute Behavior [ RunTime:0.001000s ]
INFO: [ route_check ] --END-- [ RunTime:0.001000s ]
INFO: [ app_begin ] --START--
INFO: Run ReadHtmlCache Behavior [ RunTime:0.001000s ]
INFO: [ app_begin ] --END-- [ RunTime:0.001000s ]
SQL: UPDATE `user_admin` SET `lastLoginTime`='2017-06-28 16:51:01',`lastLoginIp`='127.0.0.1',`loginflag`=loginflag+1 WHERE ( username='root' ) [ RunTime:0.000000s ]

[ 2017-06-28T16:55:01+08:00 ] 127.0.0.1 /admin_duidui/admin_y.php/Header/ajax
INFO: [ route_check ] --START--
INFO: Run CheckRoute Behavior [ RunTime:0.002000s ]
INFO: [ route_check ] --END-- [ RunTime:0.002000s ]
INFO: [ app_begin ] --START--
INFO: Run ReadHtmlCache Behavior [ RunTime:0.002000s ]
INFO: [ app_begin ] --END-- [ RunTime:0.002000s ]

[ 2017-06-28T17:01:01+08:00 ] 127.0.0.1 /admin_duidui/admin_y.php/Header/ajax
INFO: [ route_check ] --START--
INFO: Run CheckRoute Behavior [ RunTime:0.003000s ]
INFO: [ route_check ] --END-- [ RunTime:0.003000s ]
INFO: [ app_begin ] --START--
INFO: Run ReadHtmlCache Behavior [ RunTime:0.002000s ]
INFO: [ app_begin ] --END-- [ RunTime:0.002000s ]

[ 2017-06-28T17:02:01+08:00 ] 127.0.0.1 /admin_duidui/admin_y.php/Header/ajax
INFO: [ route_check ] --START--
INFO: Run CheckRoute Behavior [ RunTime:0.001000s ]
INFO: [ route_check ] --END-- [ RunTime:0.001000s ]
INFO: [ app_begin ] --START--
INFO: Run ReadHtmlCache Behavior [ RunTime:0.001000s ]
INFO: [ app_begin ] --END-- [ RunTime:0.001000s ]
SQL: UPDATE `user_admin` SET `lastLoginTime`='2017-06-28 17:02:01',`lastLoginIp`='127.0.0.1',`loginflag`=loginflag+1 WHERE ( username='root' ) [ RunTime:0.002000s ]

[ 2017-06-28T17:07:01+08:00 ] 127.0.0.1 /admin_duidui/admin_y.php/Header/ajax
INFO: [ route_check ] --START--
INFO: Run CheckRoute Behavior [ RunTime:0.002001s ]
INFO: [ route_check ] --END-- [ RunTime:0.002001s ]
INFO: [ app_begin ] --START--
INFO: Run ReadHtmlCache Behavior [ RunTime:0.002000s ]
INFO: [ app_begin ] --END-- [ RunTime:0.002000s ]

[ 2017-06-28T17:13:01+08:00 ] 127.0.0.1 /admin_duidui/admin_y.php/Header/ajax
INFO: [ route_check ] --START--
INFO: Run CheckRoute Behavior [ RunTime:0.002000s ]
INFO: [ route_check ] --END-- [ RunTime:0.003000s ]
INFO: [ app_begin ] --START--
INFO: Run ReadHtmlCache Behavior [ RunTime:0.001000s ]
INFO: [ app_begin ] --END-- [ RunTime:0.001000s ]
SQL: UPDATE `user_admin` SET `lastLoginTime`='2017-06-28 17:13:01',`lastLoginIp`='127.0.0.1',`loginflag`=loginflag+1 WHERE ( username='root' ) [ RunTime:0.000000s ]

[ 2017-06-28T17:13:01+08:00 ] 127.0.0.1 /admin_duidui/admin_y.php/Header/ajax
INFO: [ route_check ] --START--
INFO: Run CheckRoute Behavior [ RunTime:0.003000s ]
INFO: [ route_check ] --END-- [ RunTime:0.003000s ]
INFO: [ app_begin ] --START--
INFO: Run ReadHtmlCache Behavior [ RunTime:0.001000s ]
INFO: [ app_begin ] --END-- [ RunTime:0.001000s ]

[ 2017-06-28T17:19:01+08:00 ] 127.0.0.1 /admin_duidui/admin_y.php/Header/ajax
INFO: [ route_check ] --START--
INFO: Run CheckRoute Behavior [ RunTime:0.002000s ]
INFO: [ route_check ] --END-- [ RunTime:0.002000s ]
INFO: [ app_begin ] --START--
INFO: Run ReadHtmlCache Behavior [ RunTime:0.001000s ]
INFO: [ app_begin ] --END-- [ RunTime:0.001000s ]

[ 2017-06-28T17:24:01+08:00 ] 127.0.0.1 /admin_duidui/admin_y.php/Header/ajax
INFO: [ route_check ] --START--
INFO: Run CheckRoute Behavior [ RunTime:0.002000s ]
INFO: [ route_check ] --END-- [ RunTime:0.002000s ]
INFO: [ app_begin ] --START--
INFO: Run ReadHtmlCache Behavior [ RunTime:0.002000s ]
INFO: [ app_begin ] --END-- [ RunTime:0.002000s ]
SQL: UPDATE `user_admin` SET `lastLoginTime`='2017-06-28 17:24:01',`lastLoginIp`='127.0.0.1',`loginflag`=loginflag+1 WHERE ( username='root' ) [ RunTime:0.000000s ]

[ 2017-06-28T17:25:01+08:00 ] 127.0.0.1 /admin_duidui/admin_y.php/Header/ajax
INFO: [ route_check ] --START--
INFO: Run CheckRoute Behavior [ RunTime:0.002001s ]
INFO: [ route_check ] --END-- [ RunTime:0.002001s ]
INFO: [ app_begin ] --START--
INFO: Run ReadHtmlCache Behavior [ RunTime:0.002000s ]
INFO: [ app_begin ] --END-- [ RunTime:0.002000s ]

[ 2017-06-28T17:31:01+08:00 ] 127.0.0.1 /admin_duidui/admin_y.php/Header/ajax
INFO: [ route_check ] --START--
INFO: Run CheckRoute Behavior [ RunTime:0.003000s ]
INFO: [ route_check ] --END-- [ RunTime:0.003000s ]
INFO: [ app_begin ] --START--
INFO: Run ReadHtmlCache Behavior [ RunTime:0.001000s ]
INFO: [ app_begin ] --END-- [ RunTime:0.002000s ]

[ 2017-06-28T17:35:01+08:00 ] 127.0.0.1 /admin_duidui/admin_y.php/Header/ajax
INFO: [ route_check ] --START--
INFO: Run CheckRoute Behavior [ RunTime:0.002000s ]
INFO: [ route_check ] --END-- [ RunTime:0.002000s ]
INFO: [ app_begin ] --START--
INFO: Run ReadHtmlCache Behavior [ RunTime:0.002000s ]
INFO: [ app_begin ] --END-- [ RunTime:0.002000s ]
SQL: UPDATE `user_admin` SET `lastLoginTime`='2017-06-28 17:35:01',`lastLoginIp`='127.0.0.1',`loginflag`=loginflag+1 WHERE ( username='root' ) [ RunTime:0.002000s ]

[ 2017-06-28T17:37:01+08:00 ] 127.0.0.1 /admin_duidui/admin_y.php/Header/ajax
INFO: [ route_check ] --START--
INFO: Run CheckRoute Behavior [ RunTime:0.004000s ]
INFO: [ route_check ] --END-- [ RunTime:0.004000s ]
INFO: [ app_begin ] --START--
INFO: Run ReadHtmlCache Behavior [ RunTime:0.003000s ]
INFO: [ app_begin ] --END-- [ RunTime:0.003000s ]

[ 2017-06-28T17:43:01+08:00 ] 127.0.0.1 /admin_duidui/admin_y.php/Header/ajax
INFO: [ route_check ] --START--
INFO: Run CheckRoute Behavior [ RunTime:0.003000s ]
INFO: [ route_check ] --END-- [ RunTime:0.003000s ]
INFO: [ app_begin ] --START--
INFO: Run ReadHtmlCache Behavior [ RunTime:0.003000s ]
INFO: [ app_begin ] --END-- [ RunTime:0.003000s ]

[ 2017-06-28T17:46:01+08:00 ] 127.0.0.1 /admin_duidui/admin_y.php/Header/ajax
INFO: [ route_check ] --START--
INFO: Run CheckRoute Behavior [ RunTime:0.003000s ]
INFO: [ route_check ] --END-- [ RunTime:0.003000s ]
INFO: [ app_begin ] --START--
INFO: Run ReadHtmlCache Behavior [ RunTime:0.003000s ]
INFO: [ app_begin ] --END-- [ RunTime:0.003000s ]
SQL: UPDATE `user_admin` SET `lastLoginTime`='2017-06-28 17:46:01',`lastLoginIp`='127.0.0.1',`loginflag`=loginflag+1 WHERE ( username='root' ) [ RunTime:0.001000s ]

[ 2017-06-28T17:49:01+08:00 ] 127.0.0.1 /admin_duidui/admin_y.php/Header/ajax
INFO: [ route_check ] --START--
INFO: Run CheckRoute Behavior [ RunTime:0.003000s ]
INFO: [ route_check ] --END-- [ RunTime:0.003000s ]
INFO: [ app_begin ] --START--
INFO: Run ReadHtmlCache Behavior [ RunTime:0.002001s ]
INFO: [ app_begin ] --END-- [ RunTime:0.002001s ]

[ 2017-06-28T17:55:01+08:00 ] 127.0.0.1 /admin_duidui/admin_y.php/Header/ajax
INFO: [ route_check ] --START--
INFO: Run CheckRoute Behavior [ RunTime:0.003001s ]
INFO: [ route_check ] --END-- [ RunTime:0.003001s ]
INFO: [ app_begin ] --START--
INFO: Run ReadHtmlCache Behavior [ RunTime:0.003000s ]
INFO: [ app_begin ] --END-- [ RunTime:0.003000s ]

[ 2017-06-28T17:57:01+08:00 ] 127.0.0.1 /admin_duidui/admin_y.php/Header/ajax
INFO: [ route_check ] --START--
INFO: Run CheckRoute Behavior [ RunTime:0.003001s ]
INFO: [ route_check ] --END-- [ RunTime:0.003001s ]
INFO: [ app_begin ] --START--
INFO: Run ReadHtmlCache Behavior [ RunTime:0.002000s ]
INFO: [ app_begin ] --END-- [ RunTime:0.002000s ]
SQL: UPDATE `user_admin` SET `lastLoginTime`='2017-06-28 17:57:01',`lastLoginIp`='127.0.0.1',`loginflag`=loginflag+1 WHERE ( username='root' ) [ RunTime:0.000000s ]

[ 2017-06-28T18:01:01+08:00 ] 127.0.0.1 /admin_duidui/admin_y.php/Header/ajax
INFO: [ route_check ] --START--
INFO: Run CheckRoute Behavior [ RunTime:0.003000s ]
INFO: [ route_check ] --END-- [ RunTime:0.003000s ]
INFO: [ app_begin ] --START--
INFO: Run ReadHtmlCache Behavior [ RunTime:0.002001s ]
INFO: [ app_begin ] --END-- [ RunTime:0.002001s ]

[ 2017-06-28T18:07:01+08:00 ] 127.0.0.1 /admin_duidui/admin_y.php/Header/ajax
INFO: [ route_check ] --START--
INFO: Run CheckRoute Behavior [ RunTime:0.002000s ]
INFO: [ route_check ] --END-- [ RunTime:0.002000s ]
INFO: [ app_begin ] --START--
INFO: Run ReadHtmlCache Behavior [ RunTime:0.003000s ]
INFO: [ app_begin ] --END-- [ RunTime:0.003000s ]

[ 2017-06-28T18:08:01+08:00 ] 127.0.0.1 /admin_duidui/admin_y.php/Header/ajax
INFO: [ route_check ] --START--
INFO: Run CheckRoute Behavior [ RunTime:0.001000s ]
INFO: [ route_check ] --END-- [ RunTime:0.001000s ]
INFO: [ app_begin ] --START--
INFO: Run ReadHtmlCache Behavior [ RunTime:0.001000s ]
INFO: [ app_begin ] --END-- [ RunTime:0.001000s ]
SQL: UPDATE `user_admin` SET `lastLoginTime`='2017-06-28 18:08:01',`lastLoginIp`='127.0.0.1',`loginflag`=loginflag+1 WHERE ( username='root' ) [ RunTime:0.002000s ]

[ 2017-06-28T18:13:01+08:00 ] 127.0.0.1 /admin_duidui/admin_y.php/Header/ajax
INFO: [ route_check ] --START--
INFO: Run CheckRoute Behavior [ RunTime:0.002000s ]
INFO: [ route_check ] --END-- [ RunTime:0.003000s ]
INFO: [ app_begin ] --START--
INFO: Run ReadHtmlCache Behavior [ RunTime:0.001000s ]
INFO: [ app_begin ] --END-- [ RunTime:0.001000s ]

[ 2017-06-28T18:19:01+08:00 ] 127.0.0.1 /admin_duidui/admin_y.php/Header/ajax
INFO: [ route_check ] --START--
INFO: Run CheckRoute Behavior [ RunTime:0.005000s ]
INFO: [ route_check ] --END-- [ RunTime:0.006000s ]
INFO: [ app_begin ] --START--
INFO: Run ReadHtmlCache Behavior [ RunTime:0.002000s ]
INFO: [ app_begin ] --END-- [ RunTime:0.002000s ]
SQL: UPDATE `user_admin` SET `lastLoginTime`='2017-06-28 18:19:01',`lastLoginIp`='127.0.0.1',`loginflag`=loginflag+1 WHERE ( username='root' ) [ RunTime:0.000000s ]

[ 2017-06-28T18:19:01+08:00 ] 127.0.0.1 /admin_duidui/admin_y.php/Header/ajax
INFO: [ route_check ] --START--
INFO: Run CheckRoute Behavior [ RunTime:0.001000s ]
INFO: [ route_check ] --END-- [ RunTime:0.001000s ]
INFO: [ app_begin ] --START--
INFO: Run ReadHtmlCache Behavior [ RunTime:0.001000s ]
INFO: [ app_begin ] --END-- [ RunTime:0.001000s ]

[ 2017-06-28T18:25:01+08:00 ] 127.0.0.1 /admin_duidui/admin_y.php/Header/ajax
INFO: [ route_check ] --START--
INFO: Run CheckRoute Behavior [ RunTime:0.003000s ]
INFO: [ route_check ] --END-- [ RunTime:0.003000s ]
INFO: [ app_begin ] --START--
INFO: Run ReadHtmlCache Behavior [ RunTime:0.002000s ]
INFO: [ app_begin ] --END-- [ RunTime:0.002000s ]

[ 2017-06-28T18:30:01+08:00 ] 127.0.0.1 /admin_duidui/admin_y.php/Header/ajax
INFO: [ route_check ] --START--
INFO: Run CheckRoute Behavior [ RunTime:0.002001s ]
INFO: [ route_check ] --END-- [ RunTime:0.002001s ]
INFO: [ app_begin ] --START--
INFO: Run ReadHtmlCache Behavior [ RunTime:0.001000s ]
INFO: [ app_begin ] --END-- [ RunTime:0.001000s ]
SQL: UPDATE `user_admin` SET `lastLoginTime`='2017-06-28 18:30:01',`lastLoginIp`='127.0.0.1',`loginflag`=loginflag+1 WHERE ( username='root' ) [ RunTime:0.000000s ]

[ 2017-06-28T18:31:01+08:00 ] 127.0.0.1 /admin_duidui/admin_y.php/Header/ajax
INFO: [ route_check ] --START--
INFO: Run CheckRoute Behavior [ RunTime:0.001000s ]
INFO: [ route_check ] --END-- [ RunTime:0.001000s ]
INFO: [ app_begin ] --START--
INFO: Run ReadHtmlCache Behavior [ RunTime:0.001000s ]
INFO: [ app_begin ] --END-- [ RunTime:0.001000s ]

[ 2017-06-28T18:37:01+08:00 ] 127.0.0.1 /admin_duidui/admin_y.php/Header/ajax
INFO: [ route_check ] --START--
INFO: Run CheckRoute Behavior [ RunTime:0.002000s ]
INFO: [ route_check ] --END-- [ RunTime:0.002000s ]
INFO: [ app_begin ] --START--
INFO: Run ReadHtmlCache Behavior [ RunTime:0.002000s ]
INFO: [ app_begin ] --END-- [ RunTime:0.002000s ]

